Warning: invail json [type=single_answer] [answer=] [filePath=md_old/101.md]
Warning: invail json [type=single_answer] [answer=] [filePath=md_old/102.md]
Warning: invail json [type=single_answer] [answer=] [filePath=md_old/103.md]
Warning: invail json [type=single_answer] [answer=] [filePath=md_old/104.md]
Warning: invail json [type=single_answer] [answer=] [filePath=md_old/107.md]
Warning: invail json [type=single_answer] [answer=] [filePath=md_old/108.md]
Warning: invail json [type=single_answer] [answer=] [filePath=md_old/109.md]
Warning: invail json [type=single_answer] [answer=] [filePath=md_old/110.md]
Warning: invail json [type=single_answer] [answer=] [filePath=md_old/111.md]
Warning: invail json [type=single_answer] [answer=] [filePath=md_old/112.md]
Warning: invail json [type=single_answer] [answer=] [filePath=md_old/114.md]
Warning: invail json [type=single_answer] [answer=] [filePath=md_old/115.md]
Warning: invail json [type=single_answer] [answer=] [filePath=md_old/116.md]
Warning: invail json [type=single_answer] [answer=] [filePath=md_old/118.md]
Warning: invail json [type=single_answer] [answer=] [filePath=md_old/119.md]
Warning: invail json [type=single_answer] [answer=] [filePath=md_old/121.md]
Warning: invail json [type=single_answer] [answer=] [filePath=md_old/122.md]
Error: key "'degree_of_difficulty'" not found [filePath=md_old/123.md]
Warning: invail json [type=single_answer] [answer=] [filePath=md_old/124.md]
Warning: invail json [type=single_answer] [answer=] [filePath=md_old/125.md]
Warning: invail json [type=single_answer] [answer=] [filePath=md_old/126.md]
Warning: invail json [type=single_answer] [answer=] [filePath=md_old/127.md]
Warning: invail json [type=single_answer] [answer=] [filePath=md_old/128.md]
Warning: invail json [type=single_answer] [answer=] [filePath=md_old/129.md]
Warning: invail json [type=single_answer] [answer=] [filePath=md_old/130.md]
Error: key "'degree_of_difficulty'" not found [filePath=md_old/131.md]
Warning: invail json [type=single_answer] [answer=] [filePath=md_old/133.md]
Warning: invail json [type=single_answer] [answer=] [filePath=md_old/134.md]
Warning: invail json [type=single_answer] [answer=] [filePath=md_old/135.md]
Warning: invail json [type=single_answer] [answer=] [filePath=md_old/136.md]
Warning: invail json [type=single_answer] [answer=] [filePath=md_old/137.md]
Warning: invail json [type=single_answer] [answer=] [filePath=md_old/138.md]
Warning: invail json [type=single_answer] [answer=] [filePath=md_old/139.md]
Error: key "'degree_of_difficulty'" not found [filePath=md_old/140.md]
Warning: invail json [type=single_answer] [answer=] [filePath=md_old/142.md]
Warning: invail json [type=single_answer] [answer=] [filePath=md_old/143.md]
Warning: invail json [type=single_answer] [answer=] [filePath=md_old/144.md]
Warning: invail json [type=single_answer] [answer=] [filePath=md_old/145.md]
Warning: invail json [type=single_answer] [answer=] [filePath=md_old/146.md]
Warning: invail json [type=single_answer] [answer=] [filePath=md_old/147.md]
Warning: invail json [type=single_answer] [answer=] [filePath=md_old/148.md]
Warning: invail json [type=single_answer] [answer=] [filePath=md_old/149.md]
Warning: invail json [type=single_answer] [answer=] [filePath=md_old/150.md]
Error: key "'degree_of_difficulty'" not found [filePath=md_old/151.md]
Warning: invail json [type=single_answer] [answer=] [filePath=md_old/152.md]
Warning: invail json [type=single_answer] [answer=] [filePath=md_old/153.md]
Warning: invail json [type=single_answer] [answer=] [filePath=md_old/154.md]
Warning: invail json [type=single_answer] [answer=] [filePath=md_old/155.md]
Warning: invail json [type=single_answer] [answer=] [filePath=md_old/156.md]
Warning: invail json [type=single_answer] [answer=] [filePath=md_old/158.md]
Warning: invail json [type=single_answer] [answer=] [filePath=md_old/159.md]
Warning: invail json [type=single_answer] [answer=] [filePath=md_old/160.md]
Warning: invail json [type=single_answer] [answer=] [filePath=md_old/161.md]
Warning: invail json [type=single_answer] [answer=] [filePath=md_old/162.md]
Warning: invail json [type=single_answer] [answer=] [filePath=md_old/163.md]
Warning: invail json [type=single_answer] [answer=] [filePath=md_old/164.md]
Warning: invail json [type=single_answer] [answer=] [filePath=md_old/165.md]
Warning: invail json [type=single_answer] [answer=] [filePath=md_old/166.md]
Warning: invail json [type=single_answer] [answer=] [filePath=md_old/167.md]
Warning: invail json [type=single_answer] [answer=] [filePath=md_old/169.md]
Warning: invail json [type=single_answer] [answer=] [filePath=md_old/170.md]
Warning: invail json [type=single_answer] [answer=] [filePath=md_old/171.md]
Warning: invail json [type=single_answer] [answer=] [filePath=md_old/172.md]
Warning: invail json [type=single_answer] [answer=] [filePath=md_old/173.md]
Warning: invail json [type=single_answer] [answer=] [filePath=md_old/174.md]
Warning: invail json [type=single_answer] [answer=] [filePath=md_old/175.md]
Warning: invail json [type=single_answer] [answer=] [filePath=md_old/177.md]
Warning: invail json [type=single_answer] [answer=] [filePath=md_old/178.md]
Warning: invail json [type=single_answer] [answer=] [filePath=md_old/179.md]
Warning: invail json [type=single_answer] [answer=] [filePath=md_old/180.md]
Warning: invail json [type=single_answer] [answer=] [filePath=md_old/181.md]
Warning: invail json [type=single_answer] [answer=] [filePath=md_old/182.md]
Warning: invail json [type=single_answer] [answer=] [filePath=md_old/183.md]
Warning: invail json [type=single_answer] [answer=] [filePath=md_old/184.md]
Warning: invail json [type=single_answer] [answer=] [filePath=md_old/185.md]
Warning: invail json [type=single_answer] [answer=] [filePath=md_old/187.md]
Warning: invail json [type=single_answer] [answer=] [filePath=md_old/188.md]
Warning: invail json [type=single_answer] [answer=] [filePath=md_old/189.md]
Warning: invail json [type=single_answer] [answer=] [filePath=md_old/190.md]
Warning: invail json [type=single_answer] [answer=] [filePath=md_old/191.md]
Warning: invail json [type=single_answer] [answer=] [filePath=md_old/192.md]
Warning: invail json [type=single_answer] [answer=] [filePath=md_old/193.md]
Warning: invail json [type=single_answer] [answer=] [filePath=md_old/194.md]
Warning: invail json [type=single_answer] [answer=] [filePath=md_old/196.md]
Warning: invail json [type=single_answer] [answer=] [filePath=md_old/197.md]
Warning: invail json [type=single_answer] [answer=] [filePath=md_old/198.md]
Warning: invail json [type=single_answer] [answer=] [filePath=md_old/199.md]
Warning: invail json [type=single_answer] [answer=] [filePath=md_old/200.md]
Warning: invail json [type=single_answer] [answer=] [filePath=md_old/201.md]
Warning: invail json [type=single_answer] [answer=] [filePath=md_old/202.md]
Warning: invail json [type=single_answer] [answer=] [filePath=md_old/203.md]
Warning: invail json [type=single_answer] [answer=] [filePath=md_old/204.md]
Warning: invail json [type=single_answer] [answer=] [filePath=md_old/205.md]
Warning: invail json [type=single_answer] [answer=] [filePath=md_old/206.md]
Warning: invail json [type=single_answer] [answer=] [filePath=md_old/207.md]
Warning: invail json [type=single_answer] [answer=] [filePath=md_old/208.md]
Warning: invail json [type=single_answer] [answer=] [filePath=md_old/209.md]
Error: key "'degree_of_difficulty'" not found [filePath=md_old/210.md]
Error: key "'degree_of_difficulty'" not found [filePath=md_old/211.md]
Warning: invail json [type=single_answer] [answer=] [filePath=md_old/212.md]
Warning: invail json [type=single_answer] [answer=] [filePath=md_old/213.md]
Warning: invail json [type=single_answer] [answer=] [filePath=md_old/214.md]
Warning: invail json [type=single_answer] [answer=] [filePath=md_old/217.md]
Warning: invail json [type=single_answer] [answer=] [filePath=md_old/218.md]
Warning: invail json [type=single_answer] [answer=] [filePath=md_old/219.md]
Warning: invail json [type=single_answer] [answer=] [filePath=md_old/220.md]
Warning: invail json [type=single_answer] [answer=] [filePath=md_old/221.md]
Warning: invail json [type=single_answer] [answer=] [filePath=md_old/222.md]
Warning: invail json [type=single_answer] [answer=] [filePath=md_old/223.md]
Warning: invail json [type=single_answer] [answer=] [filePath=md_old/224.md]
Warning: invail json [type=single_answer] [answer=] [filePath=md_old/226.md]
Warning: invail json [type=single_answer] [answer=] [filePath=md_old/227.md]
Warning: invail json [type=single_answer] [answer=] [filePath=md_old/228.md]
Warning: invail json [type=single_answer] [answer=] [filePath=md_old/229.md]
Warning: invail json [type=single_answer] [answer=] [filePath=md_old/232.md]
Warning: invail json [type=single_answer] [answer=] [filePath=md_old/233.md]
Warning: invail json [type=single_answer] [answer=] [filePath=md_old/234.md]
Warning: invail json [type=single_answer] [answer=] [filePath=md_old/235.md]
Warning: invail json [type=single_answer] [answer=] [filePath=md_old/236.md]
Warning: invail json [type=single_answer] [answer=] [filePath=md_old/237.md]
Warning: invail json [type=single_answer] [answer=] [filePath=md_old/238.md]
Warning: invail json [type=single_answer] [answer=] [filePath=md_old/239.md]
Warning: invail json [type=single_answer] [answer=] [filePath=md_old/240.md]
Warning: invail json [type=single_answer] [answer=] [filePath=md_old/241.md]
Warning: invail json [type=single_answer] [answer=] [filePath=md_old/242.md]
Warning: invail json [type=single_answer] [answer=] [filePath=md_old/245.md]
Warning: invail json [type=single_answer] [answer=] [filePath=md_old/247.md]
Warning: invail json [type=single_answer] [answer=] [filePath=md_old/248.md]
Warning: invail json [type=single_answer] [answer=] [filePath=md_old/249.md]
Warning: invail json [type=single_answer] [answer=] [filePath=md_old/250.md]
Warning: invail json [type=single_answer] [answer=] [filePath=md_old/251.md]
Warning: invail json [type=single_answer] [answer=] [filePath=md_old/252.md]
Warning: invail json [type=single_answer] [answer=] [filePath=md_old/253.md]
Warning: invail json [type=single_answer] [answer=] [filePath=md_old/254.md]
Warning: invail json [type=single_answer] [answer=] [filePath=md_old/255.md]
Warning: invail json [type=single_answer] [answer=] [filePath=md_old/256.md]
Warning: invail json [type=single_answer] [answer=] [filePath=md_old/257.md]
Warning: invail json [type=single_answer] [answer=] [filePath=md_old/258.md]
Warning: invail json [type=single_answer] [answer=] [filePath=md_old/259.md]
Warning: invail json [type=single_answer] [answer=] [filePath=md_old/260.md]
Warning: invail json [type=single_answer] [answer=] [filePath=md_old/261.md]
Warning: invail json [type=single_answer] [answer=] [filePath=md_old/262.md]
Warning: invail json [type=single_answer] [answer=] [filePath=md_old/263.md]
Warning: invail json [type=single_answer] [answer=] [filePath=md_old/264.md]
Warning: invail json [type=single_answer] [answer=] [filePath=md_old/265.md]
Warning: invail json [type=single_answer] [answer=] [filePath=md_old/270.md]
Warning: invail json [type=single_answer] [answer=] [filePath=md_old/271.md]
Warning: invail json [type=single_answer] [answer=] [filePath=md_old/272.md]
Warning: invail json [type=single_answer] [answer=] [filePath=md_old/273.md]
Warning: invail json [type=single_answer] [answer=] [filePath=md_old/274.md]
Warning: invail json [type=single_answer] [answer=] [filePath=md_old/275.md]
Warning: invail json [type=single_answer] [answer=] [filePath=md_old/276.md]
Warning: invail json [type=single_answer] [answer=] [filePath=md_old/277.md]
Warning: invail json [type=single_answer] [answer=] [filePath=md_old/278.md]
Warning: invail json [type=single_answer] [answer=] [filePath=md_old/279.md]
Warning: invail json [type=single_answer] [answer=] [filePath=md_old/280.md]
Warning: invail json [type=single_answer] [answer=] [filePath=md_old/281.md]
Warning: invail json [type=single_answer] [answer=] [filePath=md_old/282.md]
Warning: invail json [type=single_answer] [answer=] [filePath=md_old/283.md]
Warning: invail json [type=single_answer] [answer=] [filePath=md_old/287.md]
Warning: invail json [type=single_answer] [answer=] [filePath=md_old/288.md]
Warning: invail json [type=single_answer] [answer=] [filePath=md_old/289.md]
Warning: invail json [type=single_answer] [answer=] [filePath=md_old/290.md]
Warning: invail json [type=single_answer] [answer=] [filePath=md_old/291.md]
Warning: invail json [type=single_answer] [answer=] [filePath=md_old/292.md]
Warning: invail json [type=single_answer] [answer=] [filePath=md_old/293.md]
Warning: invail json [type=single_answer] [answer=] [filePath=md_old/294.md]
Warning: invail json [type=single_answer] [answer=] [filePath=md_old/295.md]
Warning: invail json [type=single_answer] [answer=] [filePath=md_old/296.md]
Warning: invail json [type=single_answer] [answer=] [filePath=md_old/297.md]
Warning: invail json [type=single_answer] [answer=] [filePath=md_old/298.md]
Warning: invail json [type=single_answer] [answer=] [filePath=md_old/299.md]
Warning: invail json [type=single_answer] [answer=] [filePath=md_old/300.md]
Warning: invail json [type=single_answer] [answer=] [filePath=md_old/301.md]
Error: key "'degree_of_difficulty'" not found [filePath=md_old/302.md]
Warning: invail json [type=single_answer] [answer=] [filePath=md_old/303.md]
Warning: invail json [type=single_answer] [answer=] [filePath=md_old/307.md]
Warning: invail json [type=single_answer] [answer=] [filePath=md_old/308.md]
Error: key "'degree_of_difficulty'" not found [filePath=md_old/312.md]
Error: key "'degree_of_difficulty'" not found [filePath=md_old/313.md]
Warning: invail json [type=multi_answer] [answer=] [filePath=md_old/547.md]
Warning: invail json [type=multi_answer] [answer=] [filePath=md_old/548.md]
Warning: invail json [type=multi_answer] [answer=] [filePath=md_old/549.md]
Warning: invail json [type=multi_answer] [answer=] [filePath=md_old/550.md]
Error: key "'degree_of_difficulty'" not found [filePath=md_old/551.md]
Warning: invail json [type=true_false] [answer=] [filePath=md_old/597.md]
Warning: invail json [type=true_false] [answer=] [filePath=md_old/598.md]
Warning: invail json [type=true_false] [answer=] [filePath=md_old/599.md]
Warning: invail json [type=true_false] [answer=] [filePath=md_old/600.md]
Warning: invail json [type=true_false] [answer=] [filePath=md_old/601.md]
Warning: invail json [type=true_false] [answer=] [filePath=md_old/602.md]
Warning: invail json [type=true_false] [answer=] [filePath=md_old/603.md]
Warning: invail json [type=single_answer] [answer=] [filePath=md_old/606.md]
Warning: invail json [type=single_answer] [answer=] [filePath=md_old/607.md]
Warning: invail json [type=single_answer] [answer=] [filePath=md_old/608.md]
Warning: invail json [type=single_answer] [answer=] [filePath=md_old/609.md]
Warning: invail json [type=single_answer] [answer=] [filePath=md_old/610.md]
Warning: invail json [type=single_answer] [answer=] [filePath=md_old/611.md]
Warning: invail json [type=single_answer] [answer=] [filePath=md_old/612.md]
Warning: invail json [type=single_answer] [answer=] [filePath=md_old/613.md]
Warning: invail json [type=single_answer] [answer=] [filePath=md_old/614.md]
Warning: invail json [type=single_answer] [answer=] [filePath=md_old/615.md]
Warning: invail json [type=single_answer] [answer=] [filePath=md_old/616.md]
Warning: invail json [type=single_answer] [answer=] [filePath=md_old/617.md]
Warning: invail json [type=single_answer] [answer=] [filePath=md_old/618.md]
Warning: invail json [type=single_answer] [answer=] [filePath=md_old/619.md]
Warning: invail json [type=single_answer] [answer=] [filePath=md_old/620.md]
Warning: invail json [type=single_answer] [answer=] [filePath=md_old/621.md]
Warning: invail json [type=single_answer] [answer=] [filePath=md_old/622.md]
Warning: invail json [type=single_answer] [answer=] [filePath=md_old/623.md]
Warning: invail json [type=single_answer] [answer=] [filePath=md_old/660.md]
Warning: invail json [type=single_answer] [answer=] [filePath=md_old/661.md]
Warning: invail json [type=single_answer] [answer=] [filePath=md_old/662.md]
Warning: invail json [type=single_answer] [answer=] [filePath=md_old/663.md]
Warning: invail json [type=single_answer] [answer=] [filePath=md_old/664.md]
Warning: invail json [type=single_answer] [answer=] [filePath=md_old/665.md]
Error: key "'degree_of_difficulty'" not found [filePath=md_old/666.md]
Warning: invail json [type=single_answer] [answer=] [filePath=md_old/667.md]
Warning: invail json [type=single_answer] [answer=] [filePath=md_old/668.md]
Warning: invail json [type=single_answer] [answer=] [filePath=md_old/669.md]
Warning: invail json [type=single_answer] [answer=] [filePath=md_old/670.md]
Warning: invail json [type=single_answer] [answer=] [filePath=md_old/672.md]
Warning: invail json [type=single_answer] [answer=] [filePath=md_old/673.md]
Warning: invail json [type=single_answer] [answer=] [filePath=md_old/674.md]
Warning: invail json [type=single_answer] [answer=] [filePath=md_old/675.md]
Warning: invail json [type=single_answer] [answer=] [filePath=md_old/676.md]
Warning: invail json [type=single_answer] [answer=] [filePath=md_old/677.md]
Warning: invail json [type=single_answer] [answer=] [filePath=md_old/678.md]
Error: key "'degree_of_difficulty'" not found [filePath=md_old/679.md]
Warning: invail json [type=single_answer] [answer=] [filePath=md_old/680.md]
Warning: invail json [type=single_answer] [answer=] [filePath=md_old/681.md]
Warning: invail json [type=single_answer] [answer=] [filePath=md_old/682.md]
Warning: invail json [type=single_answer] [answer=] [filePath=md_old/685.md]
Warning: invail json [type=single_answer] [answer=] [filePath=md_old/686.md]
Warning: invail json [type=single_answer] [answer=] [filePath=md_old/687.md]
Warning: invail json [type=single_answer] [answer=] [filePath=md_old/688.md]
Warning: invail json [type=single_answer] [answer=] [filePath=md_old/689.md]
Warning: invail json [type=single_answer] [answer=] [filePath=md_old/690.md]
Warning: invail json [type=single_answer] [answer=] [filePath=md_old/691.md]
Warning: invail json [type=single_answer] [answer=] [filePath=md_old/692.md]
Warning: invail json [type=single_answer] [answer=] [filePath=md_old/693.md]
Warning: invail json [type=single_answer] [answer=] [filePath=md_old/694.md]
Warning: invail json [type=single_answer] [answer=] [filePath=md_old/695.md]
Warning: invail json [type=single_answer] [answer=] [filePath=md_old/696.md]
Warning: invail json [type=single_answer] [answer=] [filePath=md_old/697.md]
Warning: invail json [type=single_answer] [answer=] [filePath=md_old/698.md]
Warning: invail json [type=single_answer] [answer=] [filePath=md_old/699.md]
Warning: invail json [type=single_answer] [answer=] [filePath=md_old/700.md]
Warning: invail json [type=true_false] [answer=] [filePath=md_old/1/1.md]
Warning: invail json [type=true_false] [answer=] [filePath=md_old/1/10.md]
Warning: invail json [type=single_answer] [answer=] [filePath=md_old/1/100.md]
Warning: invail json [type=true_false] [answer=] [filePath=md_old/1/11.md]
Warning: invail json [type=true_false] [answer=] [filePath=md_old/1/12.md]
Warning: invail json [type=true_false] [answer=] [filePath=md_old/1/13.md]
Warning: invail json [type=true_false] [answer=] [filePath=md_old/1/14.md]
Warning: invail json [type=true_false] [answer=] [filePath=md_old/1/15.md]
Warning: invail json [type=true_false] [answer=] [filePath=md_old/1/17.md]
Warning: invail json [type=true_false] [answer=] [filePath=md_old/1/18.md]
Warning: invail json [type=true_false] [answer=] [filePath=md_old/1/19.md]
Warning: invail json [type=true_false] [answer=] [filePath=md_old/1/20.md]
Warning: invail json [type=true_false] [answer=] [filePath=md_old/1/21.md]
Warning: invail json [type=true_false] [answer=] [filePath=md_old/1/22.md]
Warning: invail json [type=true_false] [answer=] [filePath=md_old/1/23.md]
Warning: invail json [type=true_false] [answer=] [filePath=md_old/1/24.md]
Warning: invail json [type=true_false] [answer=] [filePath=md_old/1/27.md]
Warning: invail json [type=true_false] [answer=] [filePath=md_old/1/28.md]
Warning: invail json [type=true_false] [answer=] [filePath=md_old/1/29.md]
Warning: invail json [type=true_false] [answer=] [filePath=md_old/1/3.md]
Warning: invail json [type=true_false] [answer=] [filePath=md_old/1/30.md]
Warning: invail json [type=true_false] [answer=] [filePath=md_old/1/31.md]
Warning: invail json [type=true_false] [answer=] [filePath=md_old/1/32.md]
Warning: invail json [type=true_false] [answer=] [filePath=md_old/1/33.md]
Warning: invail json [type=true_false] [answer=] [filePath=md_old/1/34.md]
Warning: invail json [type=true_false] [answer=] [filePath=md_old/1/35.md]
Warning: invail json [type=true_false] [answer=] [filePath=md_old/1/36.md]
Warning: invail json [type=true_false] [answer=] [filePath=md_old/1/37.md]
Warning: invail json [type=true_false] [answer=] [filePath=md_old/1/38.md]
Warning: invail json [type=true_false] [answer=] [filePath=md_old/1/39.md]
Warning: invail json [type=true_false] [answer=] [filePath=md_old/1/4.md]
Warning: invail json [type=true_false] [answer=] [filePath=md_old/1/42.md]
Warning: invail json [type=true_false] [answer=] [filePath=md_old/1/44.md]
Warning: invail json [type=true_false] [answer=] [filePath=md_old/1/45.md]
Warning: invail json [type=true_false] [answer=] [filePath=md_old/1/46.md]
Warning: invail json [type=true_false] [answer=] [filePath=md_old/1/47.md]
Warning: invail json [type=true_false] [answer=] [filePath=md_old/1/48.md]
Warning: invail json [type=true_false] [answer=] [filePath=md_old/1/49.md]
Warning: invail json [type=true_false] [answer=] [filePath=md_old/1/5.md]
Warning: invail json [type=true_false] [answer=] [filePath=md_old/1/50.md]
Warning: invail json [type=true_false] [answer=] [filePath=md_old/1/51.md]
Warning: invail json [type=true_false] [answer=] [filePath=md_old/1/52.md]
Warning: invail json [type=true_false] [answer=] [filePath=md_old/1/53.md]
Warning: invail json [type=true_false] [answer=] [filePath=md_old/1/54.md]
Warning: invail json [type=true_false] [answer=] [filePath=md_old/1/55.md]
Warning: invail json [type=true_false] [answer=] [filePath=md_old/1/56.md]
Warning: invail json [type=true_false] [answer=] [filePath=md_old/1/57.md]
Warning: invail json [type=true_false] [answer=] [filePath=md_old/1/58.md]
Warning: invail json [type=true_false] [answer=] [filePath=md_old/1/59.md]
Warning: invail json [type=true_false] [answer=] [filePath=md_old/1/6.md]
Warning: invail json [type=true_false] [answer=] [filePath=md_old/1/60.md]
Warning: invail json [type=true_false] [answer=] [filePath=md_old/1/61.md]
Warning: invail json [type=true_false] [answer=] [filePath=md_old/1/62.md]
Warning: invail json [type=true_false] [answer=] [filePath=md_old/1/64.md]
Warning: invail json [type=true_false] [answer=] [filePath=md_old/1/65.md]
Warning: invail json [type=true_false] [answer=] [filePath=md_old/1/67.md]
Warning: invail json [type=true_false] [answer=] [filePath=md_old/1/68.md]
Warning: invail json [type=true_false] [answer=] [filePath=md_old/1/69.md]
Warning: invail json [type=true_false] [answer=] [filePath=md_old/1/7.md]
Warning: invail json [type=true_false] [answer=] [filePath=md_old/1/70.md]
Warning: invail json [type=true_false] [answer=] [filePath=md_old/1/71.md]
Warning: invail json [type=true_false] [answer=] [filePath=md_old/1/72.md]
Warning: invail json [type=true_false] [answer=] [filePath=md_old/1/73.md]
Warning: invail json [type=true_false] [answer=] [filePath=md_old/1/74.md]
Warning: invail json [type=true_false] [answer=] [filePath=md_old/1/75.md]
Warning: invail json [type=true_false] [answer=] [filePath=md_old/1/76.md]
Warning: invail json [type=true_false] [answer=] [filePath=md_old/1/77.md]
Warning: invail json [type=true_false] [answer=] [filePath=md_old/1/78.md]
Warning: invail json [type=true_false] [answer=] [filePath=md_old/1/79.md]
Warning: invail json [type=true_false] [answer=] [filePath=md_old/1/8.md]
Warning: invail json [type=true_false] [answer=] [filePath=md_old/1/82.md]
Warning: invail json [type=true_false] [answer=] [filePath=md_old/1/83.md]
Warning: invail json [type=true_false] [answer=] [filePath=md_old/1/84.md]
Warning: invail json [type=true_false] [answer=] [filePath=md_old/1/85.md]
Warning: invail json [type=true_false] [answer=] [filePath=md_old/1/86.md]
Warning: invail json [type=true_false] [answer=] [filePath=md_old/1/87.md]
Warning: invail json [type=true_false] [answer=] [filePath=md_old/1/88.md]
Warning: invail json [type=true_false] [answer=] [filePath=md_old/1/89.md]
Warning: invail json [type=true_false] [answer=] [filePath=md_old/1/9.md]
Warning: invail json [type=single_answer] [answer=] [filePath=md_old/1/92.md]
Warning: invail json [type=single_answer] [answer=] [filePath=md_old/1/93.md]
Warning: invail json [type=single_answer] [answer=] [filePath=md_old/1/94.md]
Warning: invail json [type=single_answer] [answer=] [filePath=md_old/1/95.md]
Warning: invail json [type=single_answer] [answer=] [filePath=md_old/1/96.md]
Warning: invail json [type=single_answer] [answer=] [filePath=md_old/1/97.md]
Warning: invail json [type=single_answer] [answer=] [filePath=md_old/1/98.md]
Warning: invail json [type=single_answer] [answer=] [filePath=md_old/1/99.md]
Error: key "'degree_of_difficulty'" not found [filePath=md_old/10/930.md]
Error: parse option error [line=- ( ) B.] [filePath=md_old/10/936.md]
Error: parse option error [line=- ( ) D.] [filePath=md_old/10/967.md]
