2019-08-28 19:36:39 [INFO] pandownload version: 2.1.3
2019-08-28 19:36:41 [INFO] aria2 websocket connection opened (127.0.0.1:36816)
2019-08-28 19:36:41 [INFO] aria2 version: 1.34.0
2019-08-28 19:36:41 [INFO] aria2 json-rpc path: http://token:pandownload@127.0.0.1:36816/jsonrpc
2019-08-28 19:36:41 [INFO] create main window
2019-08-28 19:36:41 [INFO] verify cookie (615)
2019-08-28 19:36:43 [INFO] user login success (3145349758): 无名倒人
2019-08-28 21:20:12 [WARN] request error (0x200000001): https://pan.baidu.com/api/quota {"errno":1,"request_id":5563703305123138797}
2019-08-28 21:37:06 [WARN] request error (0x100000007): https://pan.baidu.com/api/quota 
2019-08-28 21:37:38 [WARN] request error (0x100000006): https://pan.baidu.com/api/quota 
2019-08-28 21:37:58 [WARN] request error (0x100000006): https://pan.baidu.com/api/quota 
2019-08-28 21:38:18 [WARN] request error (0x100000006): https://pan.baidu.com/api/quota 
2019-08-28 21:38:38 [WARN] request error (0x100000006): https://pan.baidu.com/api/quota 
2019-08-28 21:38:58 [WARN] request error (0x100000006): https://pan.baidu.com/api/quota 
2019-08-28 21:39:18 [WARN] request error (0x100000006): https://pan.baidu.com/api/quota 
2019-08-28 22:20:38 [WARN] request error (0x100000023): https://pan.baidu.com/api/quota 
2019-08-29 00:22:39 [WARN] request error (0x100000023): https://pan.baidu.com/api/quota 
2019-08-29 09:45:36 [WARN] request error (0x200000001): https://pan.baidu.com/api/quota {"errno":1,"request_id":5575708800192462950}
2019-08-29 10:48:10 [WARN] request error (0x200000001): https://pan.baidu.com/api/quota {"errno":1,"request_id":5576716642987507084}
2019-08-29 15:07:28 [WARN] request error (0x10000001c): https://pan.baidu.com/api/quota 
2019-08-29 15:11:29 [WARN] ID#8 - No URI available.(24) FILE="D:/下载/2020徐涛考研政治/03.强化班/思修/04.中国精神【关注微信公众号 考研资料大全解 全年资料免费更新】.mp4" SIZE="338248928"
2019-08-29 15:11:33 [WARN] ID#2 - No URI available.(24) FILE="D:/下载/2020徐涛考研政治/03.强化班/思修/10.法治道路与思维、法律权利和义务-1【关注微信公众号 考研资料大全解 全年资料免费更新】.flv" SIZE="336510936"
2019-08-29 15:11:46 [WARN] ID#7 - No URI available.(24) FILE="D:/下载/2020徐涛考研政治/03.强化班/思修/05.践行社会主义核心价值观【关注微信公众号 考研资料大全解 全年资料免费更新】.mp4" SIZE="304922829"
2019-08-29 15:11:47 [WARN] ID#1 - No URI available.(24) FILE="D:/下载/2020徐涛考研政治/03.强化班/思修/11.法治道路与思维、法律权利和义务-1.【关注微信公众号 考研资料大全解 全年资料免费更新】.flv" SIZE="286523885"
2019-08-29 15:11:47 [WARN] ID#5 - No URI available.(24) FILE="D:/下载/2020徐涛考研政治/03.强化班/思修/07.道德传承与实践-2【关注微信公众号 考研资料大全解 全年资料免费更新】.flv" SIZE="309604487"
2019-08-29 15:11:47 [WARN] ID#6 - No URI available.(24) FILE="D:/下载/2020徐涛考研政治/03.强化班/思修/06.道德传承与实践-1【关注微信公众号 考研资料大全解 全年资料免费更新】.flv" SIZE="293022133"
2019-08-29 15:11:48 [WARN] ID#4 - No URI available.(24) FILE="D:/下载/2020徐涛考研政治/03.强化班/思修/08.中国特色社会主义法律体系和法治体系-1【关注微信公众号 考研资料大全解 全年资料免费更新】.flv" SIZE="244931076"
2019-08-29 15:12:11 [WARN] ID#3 - No URI available.(24) FILE="D:/下载/2020徐涛考研政治/03.强化班/思修/09.中国特色社会主义法律体系和法治体系-2【关注微信公众号 考研资料大全解 全年资料免费更新】.flv" SIZE="295488234"
2019-08-29 15:12:38 [WARN] ID#9 - No URI available.(24) FILE="D:/下载/2020徐涛考研政治/03.强化班/思修/03.人生理想【关注微信公众号 考研资料大全解 全年资料免费更新】.mp4" SIZE="271280399"
2019-08-29 15:18:10 [WARN] ID#4 - No URI available.(24) FILE="D:/下载/2020徐涛考研政治/03.强化班/思修/08.中国特色社会主义法律体系和法治体系-1【关注微信公众号 考研资料大全解 全年资料免费更新】.flv" SIZE="244931076"
2019-08-29 15:18:52 [WARN] ID#7 - No URI available.(24) FILE="D:/下载/2020徐涛考研政治/03.强化班/思修/05.践行社会主义核心价值观【关注微信公众号 考研资料大全解 全年资料免费更新】.mp4" SIZE="304922829"
2019-08-29 15:19:06 [WARN] ID#6 - No URI available.(24) FILE="D:/下载/2020徐涛考研政治/03.强化班/思修/06.道德传承与实践-1【关注微信公众号 考研资料大全解 全年资料免费更新】.flv" SIZE="293022133"
2019-08-29 15:19:14 [WARN] ID#2 - No URI available.(24) FILE="D:/下载/2020徐涛考研政治/03.强化班/思修/10.法治道路与思维、法律权利和义务-1【关注微信公众号 考研资料大全解 全年资料免费更新】.flv" SIZE="336510936"
2019-08-29 15:20:12 [WARN] ID#8 - Timeout.(2) FILE="D:/下载/2020徐涛考研政治/03.强化班/思修/04.中国精神【关注微信公众号 考研资料大全解 全年资料免费更新】.mp4" SIZE="338248928"
2019-08-29 15:21:46 [WARN] ID#3 - No URI available.(24) FILE="D:/下载/2020徐涛考研政治/03.强化班/思修/09.中国特色社会主义法律体系和法治体系-2【关注微信公众号 考研资料大全解 全年资料免费更新】.flv" SIZE="295488234"
2019-08-29 15:23:51 [WARN] ID#1 - No URI available.(24) FILE="D:/下载/2020徐涛考研政治/03.强化班/思修/11.法治道路与思维、法律权利和义务-1.【关注微信公众号 考研资料大全解 全年资料免费更新】.flv" SIZE="286523885"
2019-08-29 15:24:25 [WARN] ID#5 - No URI available.(24) FILE="D:/下载/2020徐涛考研政治/03.强化班/思修/07.道德传承与实践-2【关注微信公众号 考研资料大全解 全年资料免费更新】.flv" SIZE="309604487"
2019-08-29 15:29:04 [WARN] ID#10 - No URI available.(2) FILE="D:/下载/2020徐涛考研政治/03.强化班/思修/02.人生的青春之问-2【关注微信公众号 考研资料大全解 全年资料免费更新】.mp4" SIZE="184187039"
2019-08-29 15:32:38 [WARN] ID#9 - Failed to receive data, cause: Error: 指定的句柄无效
(80090301)(1) FILE="D:/下载/2020徐涛考研政治/03.强化班/思修/03.人生理想【关注微信公众号 考研资料大全解 全年资料免费更新】.mp4" SIZE="271280399"
2019-08-29 15:36:18 [WARN] request error (0x100000023): https://pan.baidu.com/api/quota 
2019-08-29 15:37:43 [WARN] request error (0x100000023): https://pan.baidu.com/api/quota 
2019-08-29 15:53:34 [WARN] ID#11 - No URI available.(2) FILE="D:/下载/2020徐涛考研政治/03.强化班/思修/01.人生的青春之问-1【关注微信公众号 考研资料大全解 全年资料免费更新】.mp4" SIZE="303844304"
2019-08-29 15:54:29 [WARN] ID#12 - No URI available.(2) FILE="D:/下载/2020徐涛考研政治/03.强化班/史纲/21.社会主义建设成就与改革开放【关注微信公众号 考研资料大全解 全年资料免费更新】.mp4" SIZE="445962582"
2019-08-29 15:56:33 [WARN] ID#2 - No URI available.(2) FILE="D:/下载/2020徐涛考研政治/03.强化班/思修/10.法治道路与思维、法律权利和义务-1【关注微信公众号 考研资料大全解 全年资料免费更新】.flv" SIZE="336510936"
2019-08-29 16:02:04 [WARN] ID#18 - No URI available.(2) FILE="D:/下载/2020徐涛考研政治/03.强化班/史纲/15.抗日战争（下）-1【关注微信公众号 考研资料大全解 全年资料免费更新】.mp4" SIZE="567199604"
2019-08-29 16:02:06 [WARN] ID#17 - No URI available.(2) FILE="D:/下载/2020徐涛考研政治/03.强化班/史纲/16.抗日战争（下）-2【关注微信公众号 考研资料大全解 全年资料免费更新】.mp4" SIZE="354382597"
2019-08-29 16:03:09 [WARN] ID#15 - No URI available.(2) FILE="D:/下载/2020徐涛考研政治/03.强化班/史纲/18.解放战争与建立新中国-2【关注微信公众号 考研资料大全解 全年资料免费更新】.mp4" SIZE="312915350"
2019-08-29 16:04:00 [WARN] ID#13 - No URI available.(2) FILE="D:/下载/2020徐涛考研政治/03.强化班/史纲/20.社会主义改造-2【关注微信公众号 考研资料大全解 全年资料免费更新】.mp4" SIZE="345925728"
2019-08-29 16:05:50 [WARN] ID#14 - No URI available.(2) FILE="D:/下载/2020徐涛考研政治/03.强化班/史纲/19.社会主义改造-1【关注微信公众号 考研资料大全解 全年资料免费更新】.mp4" SIZE="408434791"
2019-08-29 16:09:46 [WARN] ID#16 - No URI available.(2) FILE="D:/下载/2020徐涛考研政治/03.强化班/史纲/17.解放战争与建立新中国-1【关注微信公众号 考研资料大全解 全年资料免费更新】.mp4" SIZE="345566988"
2019-08-29 16:10:47 [WARN] ID#19 - Failed to receive data, cause: Error: 指定的句柄无效
(80090301)(1) FILE="D:/下载/2020徐涛考研政治/03.强化班/史纲/14.抗日战争（上）-2【关注微信公众号 考研资料大全解 全年资料免费更新】.mp4" SIZE="310981368"
2019-08-29 16:13:28 [WARN] request error (0x10000001c): https://pan.baidu.com/api/quota 
2019-08-29 16:21:03 [WARN] ID#12 - Failed to receive data, cause: Error: 指定的句柄无效
(80090301)(1) FILE="D:/下载/2020徐涛考研政治/03.强化班/史纲/21.社会主义建设成就与改革开放【关注微信公众号 考研资料大全解 全年资料免费更新】.mp4" SIZE="445962582"
2019-08-29 16:24:51 [WARN] ID#17 - Timeout.(2) FILE="D:/下载/2020徐涛考研政治/03.强化班/史纲/16.抗日战争（下）-2【关注微信公众号 考研资料大全解 全年资料免费更新】.mp4" SIZE="354382597"
2019-08-29 16:29:45 [WARN] ID#20 - No URI available.(1) FILE="D:/下载/2020徐涛考研政治/03.强化班/史纲/13.抗日战争（上）-1【关注微信公众号 考研资料大全解 全年资料免费更新】.mp4" SIZE="236484173"
2019-08-29 16:32:13 [WARN] ID#18 - No URI available.(2) FILE="D:/下载/2020徐涛考研政治/03.强化班/史纲/15.抗日战争（下）-1【关注微信公众号 考研资料大全解 全年资料免费更新】.mp4" SIZE="567199604"
2019-08-29 16:43:50 [WARN] ID#21 - Timeout.(2) FILE="D:/下载/2020徐涛考研政治/03.强化班/史纲/12.大革命的失败与土地革命的兴起-2【关注微信公众号 考研资料大全解 全年资料免费更新】.mp4" SIZE="351649213"
2019-08-29 16:44:36 [WARN] ID#22 - No URI available.(2) FILE="D:/下载/2020徐涛考研政治/03.强化班/史纲/11.大革命的失败与土地革命的兴起-1【关注微信公众号 考研资料大全解 全年资料免费更新】.mp4" SIZE="225293472"
2019-08-29 16:49:50 [WARN] ID#13 - Timeout.(2) FILE="D:/下载/2020徐涛考研政治/03.强化班/史纲/20.社会主义改造-2【关注微信公众号 考研资料大全解 全年资料免费更新】.mp4" SIZE="345925728"
2019-08-29 16:51:54 [WARN] request error (0x10000001c): https://pan.baidu.com/api/quota 
2019-08-29 16:52:32 [WARN] ID#24 - No URI available.(2) FILE="D:/下载/2020徐涛考研政治/03.强化班/史纲/09.中国共产党的诞生-1【关注微信公众号 考研资料大全解 全年资料免费更新】.mp4" SIZE="341195505"
2019-08-29 17:01:06 [WARN] ID#18 - Timeout.(2) FILE="D:/下载/2020徐涛考研政治/03.强化班/史纲/15.抗日战争（下）-1【关注微信公众号 考研资料大全解 全年资料免费更新】.mp4" SIZE="567199604"
2019-08-29 17:01:34 [WARN] ID#23 - No URI available.(1) FILE="D:/下载/2020徐涛考研政治/03.强化班/史纲/10.中国共产党的诞生-2【关注微信公众号 考研资料大全解 全年资料免费更新】.mp4" SIZE="391121508"
2019-08-29 17:04:09 [WARN] ID#25 - Timeout.(2) FILE="D:/下载/2020徐涛考研政治/03.强化班/史纲/08.马克思主义的传播-2【关注微信公众号 考研资料大全解 全年资料免费更新】.mp4" SIZE="289675524"
2019-08-29 17:05:32 [WARN] ID#28 - Failed to receive data, cause: Error: 指定的句柄无效
(80090301)(1) FILE="D:/下载/2020徐涛考研政治/03.强化班/史纲/05.辛亥革命-1【关注微信公众号 考研资料大全解 全年资料免费更新】.mp4" SIZE="449858721"
2019-08-29 17:07:09 [WARN] ID#27 - No URI available.(2) FILE="D:/下载/2020徐涛考研政治/03.强化班/史纲/06.辛亥革命-2【关注微信公众号 考研资料大全解 全年资料免费更新】.mp4" SIZE="517526044"
2019-08-29 17:11:00 [WARN] ID#29 - Timeout.(2) FILE="D:/下载/2020徐涛考研政治/03.强化班/史纲/04.各阶层的探索-2【关注微信公众号 考研资料大全解 全年资料免费更新】.mp4" SIZE="536642863"
2019-08-29 17:12:14 [WARN] ID#26 - Got EOF from the server.(1) FILE="D:/下载/2020徐涛考研政治/03.强化班/史纲/07.马克思主义的传播-1【关注微信公众号 考研资料大全解 全年资料免费更新】.mp4" SIZE="284472298"
2019-08-29 17:17:20 [WARN] ID#21 - Timeout.(2) FILE="D:/下载/2020徐涛考研政治/03.强化班/史纲/12.大革命的失败与土地革命的兴起-2【关注微信公众号 考研资料大全解 全年资料免费更新】.mp4" SIZE="351649213"
2019-08-29 17:19:52 [WARN] ID#24 - Timeout.(2) FILE="D:/下载/2020徐涛考研政治/03.强化班/史纲/09.中国共产党的诞生-1【关注微信公众号 考研资料大全解 全年资料免费更新】.mp4" SIZE="341195505"
2019-08-29 17:24:12 [WARN] ID#28 - No URI available.(2) FILE="D:/下载/2020徐涛考研政治/03.强化班/史纲/05.辛亥革命-1【关注微信公众号 考研资料大全解 全年资料免费更新】.mp4" SIZE="449858721"
2019-08-29 17:24:23 [WARN] request error (0x10000001c): https://pan.baidu.com/api/quota 
2019-08-29 17:26:52 [WARN] ID#31 - No URI available.(2) FILE="D:/下载/2020徐涛考研政治/03.强化班/史纲/02.反侵略斗争-2【关注微信公众号 考研资料大全解 全年资料免费更新】.mp4" SIZE="593105166"
2019-08-29 17:30:59 [WARN] ID#29 - Timeout.(2) FILE="D:/下载/2020徐涛考研政治/03.强化班/史纲/04.各阶层的探索-2【关注微信公众号 考研资料大全解 全年资料免费更新】.mp4" SIZE="536642863"
2019-08-29 17:33:11 [WARN] ID#30 - No URI available.(2) FILE="D:/下载/2020徐涛考研政治/03.强化班/史纲/03.各阶层的探索-1【关注微信公众号 考研资料大全解 全年资料免费更新】.mp4" SIZE="490192269"
2019-08-29 17:35:04 [WARN] ID#27 - Timeout.(2) FILE="D:/下载/2020徐涛考研政治/03.强化班/史纲/06.辛亥革命-2【关注微信公众号 考研资料大全解 全年资料免费更新】.mp4" SIZE="517526044"
2019-08-29 17:36:42 [WARN] ID#23 - No URI available.(2) FILE="D:/下载/2020徐涛考研政治/03.强化班/史纲/10.中国共产党的诞生-2【关注微信公众号 考研资料大全解 全年资料免费更新】.mp4" SIZE="391121508"
2019-08-29 17:45:00 [WARN] request error (0x10000001c): https://pan.baidu.com/api/quota 
2019-08-29 17:45:13 [WARN] ID#28 - No URI available.(2) FILE="D:/下载/2020徐涛考研政治/03.强化班/史纲/05.辛亥革命-1【关注微信公众号 考研资料大全解 全年资料免费更新】.mp4" SIZE="449858721"
2019-08-29 17:45:13 [WARN] ID#33 - No URI available.(2) FILE="D:/下载/2020徐涛考研政治/03.强化班/毛中特强化【沪江版推荐】/22-新时代的内外条件和领导核心-2【关注微信公众号 考研资料大全解 全年资料免费更新】.mp4" SIZE="268259514"
2019-08-29 17:46:44 [WARN] ID#31 - No URI available.(2) FILE="D:/下载/2020徐涛考研政治/03.强化班/史纲/02.反侵略斗争-2【关注微信公众号 考研资料大全解 全年资料免费更新】.mp4" SIZE="593105166"
2019-08-29 17:48:58 [WARN] ID#29 - No URI available.(2) FILE="D:/下载/2020徐涛考研政治/03.强化班/史纲/04.各阶层的探索-2【关注微信公众号 考研资料大全解 全年资料免费更新】.mp4" SIZE="536642863"
2019-08-29 17:50:45 [WARN] ID#34 - Timeout.(2) FILE="D:/下载/2020徐涛考研政治/03.强化班/毛中特强化【沪江版推荐】/21-新时代的内外条件和领导核心-1【关注微信公众号 考研资料大全解 全年资料免费更新】.mp4" SIZE="289803975"
2019-08-29 17:51:02 [WARN] request error (0x100000023): https://pan.baidu.com/rest/2.0/membership/speeds/freqctrl?method=get 
2019-08-29 17:51:10 [WARN] ID#32 - No URI available.(1) FILE="D:/下载/2020徐涛考研政治/03.强化班/史纲/01.反侵略斗争-1【关注微信公众号 考研资料大全解 全年资料免费更新】.mp4" SIZE="466700956"
2019-08-29 17:55:20 [WARN] ID#35 - Timeout.(2) FILE="D:/下载/2020徐涛考研政治/03.强化班/毛中特强化【沪江版推荐】/20-“四个全面”战略布局-3【关注微信公众号 考研资料大全解 全年资料免费更新】.mp4" SIZE="262277168"
2019-08-29 17:58:27 [WARN] request error (0x10000001c): https://pan.baidu.com/api/quota 
2019-08-29 17:59:17 [WARN] ID#30 - Timeout.(2) FILE="D:/下载/2020徐涛考研政治/03.强化班/史纲/03.各阶层的探索-1【关注微信公众号 考研资料大全解 全年资料免费更新】.mp4" SIZE="490192269"
2019-08-29 18:09:32 [WARN] ID#31 - Failed to receive data, cause: Error: 指定的句柄无效
(80090301)(1) FILE="D:/下载/2020徐涛考研政治/03.强化班/史纲/02.反侵略斗争-2【关注微信公众号 考研资料大全解 全年资料免费更新】.mp4" SIZE="593105166"
2019-08-29 18:10:38 [WARN] ID#33 - No URI available.(1) FILE="D:/下载/2020徐涛考研政治/03.强化班/毛中特强化【沪江版推荐】/22-新时代的内外条件和领导核心-2【关注微信公众号 考研资料大全解 全年资料免费更新】.mp4" SIZE="268259514"
2019-08-29 18:14:31 [WARN] ID#36 - No URI available.(2) FILE="D:/下载/2020徐涛考研政治/03.强化班/毛中特强化【沪江版推荐】/19-“四个全面”战略布局-2【关注微信公众号 考研资料大全解 全年资料免费更新】.mp4" SIZE="409927904"
2019-08-29 18:14:37 [WARN] ID#37 - No URI available.(2) FILE="D:/下载/2020徐涛考研政治/03.强化班/毛中特强化【沪江版推荐】/18-“四个全面”战略布局-1【关注微信公众号 考研资料大全解 全年资料免费更新】.mp4" SIZE="319361041"
2019-08-29 18:18:38 [WARN] ID#32 - No URI available.(1) FILE="D:/下载/2020徐涛考研政治/03.强化班/史纲/01.反侵略斗争-1【关注微信公众号 考研资料大全解 全年资料免费更新】.mp4" SIZE="466700956"
2019-08-29 18:23:34 [WARN] ID#39 - No URI available.(2) FILE="D:/下载/2020徐涛考研政治/03.强化班/毛中特强化【沪江版推荐】/16-“五位一体”总体布局（下）-1【关注微信公众号 考研资料大全解 全年资料免费更新】.mp4" SIZE="253985533"
2019-08-29 18:32:31 [WARN] ID#38 - No URI available.(1) FILE="D:/下载/2020徐涛考研政治/03.强化班/毛中特强化【沪江版推荐】/17-“五位一体”总体布局（下）-2【关注微信公众号 考研资料大全解 全年资料免费更新】.mp4" SIZE="277802050"
2019-08-29 18:33:50 [WARN] ID#30 - No URI available.(1) FILE="D:/下载/2020徐涛考研政治/03.强化班/史纲/03.各阶层的探索-1【关注微信公众号 考研资料大全解 全年资料免费更新】.mp4" SIZE="490192269"
2019-08-29 18:37:37 [WARN] ID#37 - No URI available.(2) FILE="D:/下载/2020徐涛考研政治/03.强化班/毛中特强化【沪江版推荐】/18-“四个全面”战略布局-1【关注微信公众号 考研资料大全解 全年资料免费更新】.mp4" SIZE="319361041"
2019-08-29 18:41:15 [WARN] ID#32 - Failed to receive data, cause: Error: 指定的句柄无效
(80090301)(1) FILE="D:/下载/2020徐涛考研政治/03.强化班/史纲/01.反侵略斗争-1【关注微信公众号 考研资料大全解 全年资料免费更新】.mp4" SIZE="466700956"
2019-08-29 18:42:49 [WARN] ID#41 - Timeout.(2) FILE="D:/下载/2020徐涛考研政治/03.强化班/毛中特强化【沪江版推荐】/14-“五位一体”总体布局（上）-3【关注微信公众号 考研资料大全解 全年资料免费更新】.mp4" SIZE="539450043"
2019-08-29 18:46:31 [WARN] ID#42 - No URI available.(2) FILE="D:/下载/2020徐涛考研政治/03.强化班/毛中特强化【沪江版推荐】/13-“五位一体”总体布局（上）-2【关注微信公众号 考研资料大全解 全年资料免费更新】.mp4" SIZE="249245070"
2019-08-29 18:46:38 [WARN] ID#43 - No URI available.(2) FILE="D:/下载/2020徐涛考研政治/03.强化班/毛中特强化【沪江版推荐】/12-“五位一体”总体布局（上）-1【关注微信公众号 考研资料大全解 全年资料免费更新】.mp4" SIZE="253613036"
2019-08-29 18:46:57 [WARN] ID#36 - No URI available.(2) FILE="D:/下载/2020徐涛考研政治/03.强化班/毛中特强化【沪江版推荐】/19-“四个全面”战略布局-2【关注微信公众号 考研资料大全解 全年资料免费更新】.mp4" SIZE="409927904"
2019-08-29 18:48:46 [WARN] ID#40 - No URI available.(2) FILE="D:/下载/2020徐涛考研政治/03.强化班/毛中特强化【沪江版推荐】/15.“五位一体”总体布局（上）-4【关注微信公众号 考研资料大全解 全年资料免费更新】.mp4" SIZE="610721651"
2019-08-29 18:49:08 [WARN] request error (0x10000001c): https://pan.baidu.com/api/quota 
2019-08-29 18:49:57 [WARN] request error (0x100000038): https://pan.baidu.com/api/quota 
2019-08-29 18:51:32 [WARN] request error (0x10000001c): https://pan.baidu.com/api/quota 
2019-08-29 18:53:41 [WARN] ID#44 - No URI available.(2) FILE="D:/下载/2020徐涛考研政治/03.强化班/毛中特强化【沪江版推荐】/11-新时代的总任务【关注微信公众号 考研资料大全解 全年资料免费更新】.mp4" SIZE="435801893"
2019-08-29 18:58:17 [WARN] request error (0x100000006): https://pan.baidu.com/api/quota 
2019-08-29 19:03:30 [WARN] request error (0x10000001c): https://pan.baidu.com/share/autoincre 
2019-08-29 19:03:44 [WARN] request error (0x10000001c): https://pan.baidu.com/api/quota 
2019-08-29 19:08:09 [WARN] ID#8 - Timeout.(2) FILE="D:/下载/2020XT政治/05.毛中特【完】/18.“四个全面”战略布局-2【更新公众号【研学公子】，QQ群869706208全年更新赠送】.mp4" SIZE="207548597"
2019-08-29 19:17:18 [WARN] ID#4 - No URI available.(2) FILE="D:/下载/2020XT政治/06.刷题班【九月更新】/2020徐涛优题库习题版 解析分册【微信公众号【研学公子】，免费更新赠送】.pdf" SIZE="194454941"
2019-08-29 19:17:50 [WARN] ID#5 - Failed to receive data, cause: Error: 指定的句柄无效
(80090301)(1) FILE="D:/下载/2020XT政治/05.毛中特【完】/21.新时代的内外条件和领导核心-2【更新公众号【研学公子】，QQ群869706208全年更新赠送】.mp4" SIZE="135240013"
2019-08-29 19:18:30 [WARN] ID#6 - No URI available.(2) FILE="D:/下载/2020XT政治/05.毛中特【完】/20.新时代的内外条件和领导核心-1【更新公众号【研学公子】，QQ群869706208全年更新赠送】.mp4" SIZE="147498372"
2019-08-29 19:18:30 [WARN] ID#7 - Timeout.(2) FILE="D:/下载/2020XT政治/05.毛中特【完】/19.“四个全面”战略布局-3【更新公众号【研学公子】，QQ群869706208全年更新赠送】.mp4" SIZE="128405100"
2019-08-29 19:18:59 [WARN] ID#9 - Timeout.(2) FILE="D:/下载/2020XT政治/05.毛中特【完】/17.“四个全面”战略布局-1【更新公众号【研学公子】，QQ群869706208全年更新赠送】.mp4" SIZE="163902205"
2019-08-29 19:23:05 [WARN] request error (0x10000001c): https://pan.baidu.com/api/quota 
2019-08-29 19:23:21 [WARN] ID#10 - No URI available.(2) FILE="D:/下载/2020XT政治/05.毛中特【完】/16.“五位一体”总体布局（下）-2【更新公众号【研学公子】，QQ群869706208全年更新赠送】.mp4" SIZE="142006212"
2019-08-29 19:24:01 [WARN] ID#3 - No URI available.(2) FILE="D:/下载/2020XT政治/06.刷题班【九月更新】/2020徐涛优题库习题版 试题分册【微信公众号【研学公子】，免费更新赠送】.pdf" SIZE="120305529"
2019-08-29 19:24:40 [WARN] ID#8 - Timeout.(2) FILE="D:/下载/2020XT政治/05.毛中特【完】/18.“四个全面”战略布局-2【更新公众号【研学公子】，QQ群869706208全年更新赠送】.mp4" SIZE="207548597"
2019-08-29 19:25:17 [WARN] ID#1 - No URI available.(2) FILE="D:/下载/jsjwl_5_jb51.net.rar" SIZE="148525579"
2019-08-29 19:25:44 [WARN] request error (0x10000001c): https://pan.baidu.com/api/quota 
2019-08-29 19:31:25 [WARN] ID#12 - Timeout.(2) FILE="D:/下载/2020XT政治/05.毛中特【完】/15-“五位一体”总体布局（上）-4【更新公众号【研学公子】，QQ群869706208全年更新赠送】.mp4" SIZE="337340845"
2019-08-29 19:35:02 [WARN] request error (0x10000001c): https://pan.baidu.com/api/quota 
2019-08-29 19:38:43 [WARN] ID#14 - No URI available.(2) FILE="D:/下载/2020XT政治/05.毛中特【完】/13.五位一体”总体布局（上）-2【更新公众号【研学公子】，QQ群869706208全年更新赠送】.mp4" SIZE="125608337"
2019-08-29 19:44:51 [WARN] ID#13 - No URI available.(2) FILE="D:/下载/2020XT政治/05.毛中特【完】/14.五位一体”总体布局（上）-3【更新公众号【研学公子】，QQ群869706208全年更新赠送】.mp4" SIZE="276347100"
2019-08-29 19:45:02 [WARN] ID#8 - No URI available.(2) FILE="D:/下载/2020XT政治/05.毛中特【完】/18.“四个全面”战略布局-2【更新公众号【研学公子】，QQ群869706208全年更新赠送】.mp4" SIZE="207548597"
2019-08-29 19:47:56 [WARN] request error (0x10000001c): https://pan.baidu.com/share/list 
2019-08-29 19:57:21 [WARN] ID#17 - No URI available.(2) FILE="D:/下载/2020XT政治/05.毛中特【完】/10.新时代、新思想【更新公众号【研学公子】，QQ群869706208全年更新赠送】.mp4" SIZE="240807071"
2019-08-29 19:58:10 [WARN] ID#20 - Timeout.(2) FILE="D:/下载/2020XT政治/05.毛中特【完】/07.邓小平理论-1【更新公众号【研学公子】，QQ群869706208全年更新赠送】.mp4" SIZE="275206039"
2019-08-29 20:00:57 [WARN] ID#19 - No URI available.(1) FILE="D:/下载/2020XT政治/05.毛中特【完】/08.邓小平理论-2【更新公众号【研学公子】，QQ群869706208全年更新赠送】.mp4" SIZE="219672896"
2019-08-29 20:11:53 [WARN] ID#23 - Timeout.(2) FILE="D:/下载/2020XT政治/05.毛中特【完】/04.毛泽东思想（上）-2【更新公众号【研学公子】，QQ群869706208全年更新赠送】.mp4" SIZE="314994122"
2019-08-29 20:19:00 [WARN] ID#24 - No URI available.(2) FILE="D:/下载/2020XT政治/05.毛中特【完】/03.毛泽东思想（上）-1【更新公众号【研学公子】，QQ群869706208全年更新赠送】.mp4" SIZE="298983197"
2019-08-29 20:22:31 [WARN] request error (0x10000001c): https://pan.baidu.com/api/quota 
2019-08-29 20:24:13 [WARN] request error (0x10000001c): https://pan.baidu.com/api/quota 
2019-08-29 20:32:50 [WARN] ID#33 - Failed to receive data, cause: Error: 指定的句柄无效
(80090301)(1) FILE="D:/下载/2020XT政治/04.史纲强化【完】/15.抗日战争（下）-1【更新公众号【研学公子】，QQ群869706208全年更新赠送】.mp4" SIZE="567199604"
2019-08-29 20:33:07 [WARN] ID#27 - Got EOF from the server.(1) FILE="D:/下载/2020XT政治/04.史纲强化【完】/21.社会主义建设成就与改革开放【更新公众号【研学公子】，QQ群869706208全年更新赠送】.mp4" SIZE="445962582"
2019-08-29 20:33:12 [WARN] ID#30 - Got EOF from the server.(1) FILE="D:/下载/2020XT政治/04.史纲强化【完】/18.解放战争与建立新中国-2【更新公众号【研学公子】，QQ群869706208全年更新赠送】.mp4" SIZE="312915350"
2019-08-29 20:36:16 [WARN] ID#32 - Failed to receive data, cause: Error: 指定的句柄无效
(80090301)(1) FILE="D:/下载/2020XT政治/04.史纲强化【完】/16.抗日战争（下）-2【更新公众号【研学公子】，QQ群869706208全年更新赠送】.mp4" SIZE="354382597"
2019-08-29 20:36:51 [WARN] ID#31 - No URI available.(1) FILE="D:/下载/2020XT政治/04.史纲强化【完】/17.解放战争与建立新中国-1【更新公众号【研学公子】，QQ群869706208全年更新赠送】.mp4" SIZE="345566988"
2019-08-29 20:37:07 [WARN] ID#23 - No URI available.(2) FILE="D:/下载/2020XT政治/05.毛中特【完】/04.毛泽东思想（上）-2【更新公众号【研学公子】，QQ群869706208全年更新赠送】.mp4" SIZE="314994122"
2019-08-29 20:37:13 [WARN] request error (0x10000001c): https://pan.baidu.com/api/quota 
2019-08-29 20:38:35 [WARN] ID#29 - Timeout.(2) FILE="D:/下载/2020XT政治/04.史纲强化【完】/19.社会主义改造-1【更新公众号【研学公子】，QQ群869706208全年更新赠送】.mp4" SIZE="408434791"
2019-08-29 20:39:10 [WARN] ID#28 - Timeout.(2) FILE="D:/下载/2020XT政治/04.史纲强化【完】/20.社会主义改造-2【更新公众号【研学公子】，QQ群869706208全年更新赠送】.mp4" SIZE="345925728"
2019-08-29 20:41:42 [WARN] request error (0x10000001c): https://pan.baidu.com/api/quota 
2019-08-29 20:43:09 [WARN] request error (0x10000001c): https://pan.baidu.com/api/quota 
2019-08-29 20:43:22 [WARN] ID#35 - No URI available.(2) FILE="D:/下载/2020XT政治/04.史纲强化【完】/13.抗日战争（上）-1【更新公众号【研学公子】，QQ群869706208全年更新赠送】.mp4" SIZE="236484173"
2019-08-29 20:43:43 [WARN] request error (0x10000001c): https://pan.baidu.com/rest/2.0/membership/speeds/freqctrl?method=get 
2019-08-29 20:43:59 [WARN] request error (0x10000001c): https://pan.baidu.com/api/quota 
2019-08-29 20:44:05 [WARN] ID#30 - Timeout.(2) FILE="D:/下载/2020XT政治/04.史纲强化【完】/18.解放战争与建立新中国-2【更新公众号【研学公子】，QQ群869706208全年更新赠送】.mp4" SIZE="312915350"
2019-08-29 20:51:12 [WARN] ID#33 - Timeout.(2) FILE="D:/下载/2020XT政治/04.史纲强化【完】/15.抗日战争（下）-1【更新公众号【研学公子】，QQ群869706208全年更新赠送】.mp4" SIZE="567199604"
2019-08-29 20:51:58 [WARN] ID#34 - Got EOF from the server.(1) FILE="D:/下载/2020XT政治/04.史纲强化【完】/14.抗日战争（上）-2【更新公众号【研学公子】，QQ群869706208全年更新赠送】.mp4" SIZE="310981368"
2019-08-29 20:52:54 [WARN] ID#36 - No URI available.(2) FILE="D:/下载/2020XT政治/04.史纲强化【完】/12.大革命的失败与土地革命的兴起-2【更新公众号【研学公子】，QQ群869706208全年更新赠送】.mp4" SIZE="351649213"
2019-08-29 20:55:26 [WARN] ID#27 - No URI available.(2) FILE="D:/下载/2020XT政治/04.史纲强化【完】/21.社会主义建设成就与改革开放【更新公众号【研学公子】，QQ群869706208全年更新赠送】.mp4" SIZE="445962582"
2019-08-29 20:57:15 [WARN] request error (0x10000001c): https://pan.baidu.com/api/quota 
2019-08-29 20:57:57 [WARN] ID#32 - No URI available.(1) FILE="D:/下载/2020XT政治/04.史纲强化【完】/16.抗日战争（下）-2【更新公众号【研学公子】，QQ群869706208全年更新赠送】.mp4" SIZE="354382597"
2019-08-29 20:58:13 [WARN] ID#31 - Timeout.(2) FILE="D:/下载/2020XT政治/04.史纲强化【完】/17.解放战争与建立新中国-1【更新公众号【研学公子】，QQ群869706208全年更新赠送】.mp4" SIZE="345566988"
2019-08-29 20:59:54 [WARN] ID#29 - No URI available.(2) FILE="D:/下载/2020XT政治/04.史纲强化【完】/19.社会主义改造-1【更新公众号【研学公子】，QQ群869706208全年更新赠送】.mp4" SIZE="408434791"
2019-08-29 21:08:26 [WARN] ID#28 - No URI available.(2) FILE="D:/下载/2020XT政治/04.史纲强化【完】/20.社会主义改造-2【更新公众号【研学公子】，QQ群869706208全年更新赠送】.mp4" SIZE="345925728"
2019-08-29 21:13:48 [WARN] request error (0x10000001c): https://pan.baidu.com/rest/2.0/membership/speeds/freqctrl?method=get 
2019-08-29 21:17:36 [WARN] ID#27 - No URI available.(2) FILE="D:/下载/2020XT政治/04.史纲强化【完】/21.社会主义建设成就与改革开放【更新公众号【研学公子】，QQ群869706208全年更新赠送】.mp4" SIZE="445962582"
2019-08-29 21:17:38 [WARN] ID#36 - Timeout.(2) FILE="D:/下载/2020XT政治/04.史纲强化【完】/12.大革命的失败与土地革命的兴起-2【更新公众号【研学公子】，QQ群869706208全年更新赠送】.mp4" SIZE="351649213"
2019-08-29 21:17:46 [WARN] request error (0x10000001c): https://pan.baidu.com/api/quota 
2019-08-29 21:19:35 [WARN] ID#37 - No URI available.(2) FILE="D:/下载/2020XT政治/04.史纲强化【完】/11.大革命的失败与土地革命的兴起-1【更新公众号【研学公子】，QQ群869706208全年更新赠送】.mp4" SIZE="225293472"
2019-08-29 21:20:33 [WARN] ID#33 - No URI available.(2) FILE="D:/下载/2020XT政治/04.史纲强化【完】/15.抗日战争（下）-1【更新公众号【研学公子】，QQ群869706208全年更新赠送】.mp4" SIZE="567199604"
2019-08-29 21:23:36 [WARN] ID#38 - Timeout.(2) FILE="D:/下载/2020XT政治/04.史纲强化【完】/10.中国共产党的诞生-2【更新公众号【研学公子】，QQ群869706208全年更新赠送】.mp4" SIZE="391121508"
2019-08-29 21:23:53 [WARN] ID#39 - Timeout.(2) FILE="D:/下载/2020XT政治/04.史纲强化【完】/09.中国共产党的诞生-1【更新公众号【研学公子】，QQ群869706208全年更新赠送】.mp4" SIZE="341195505"
2019-08-29 21:25:20 [WARN] ID#31 - No URI available.(2) FILE="D:/下载/2020XT政治/04.史纲强化【完】/17.解放战争与建立新中国-1【更新公众号【研学公子】，QQ群869706208全年更新赠送】.mp4" SIZE="345566988"
2019-08-29 21:37:48 [WARN] ID#42 - Failed to receive data, cause: Error: 指定的句柄无效
(80090301)(1) FILE="D:/下载/2020XT政治/04.史纲强化【完】/06.辛亥革命-2【更新公众号【研学公子】，QQ群869706208全年更新赠送】.mp4" SIZE="517526044"
2019-08-29 21:42:36 [WARN] ID#40 - No URI available.(2) FILE="D:/下载/2020XT政治/04.史纲强化【完】/08.马克思主义的传播-2【更新公众号【研学公子】，QQ群869706208全年更新赠送】.mp4" SIZE="289675524"
2019-08-29 21:42:46 [WARN] ID#41 - No URI available.(1) FILE="D:/下载/2020XT政治/04.史纲强化【完】/07.马克思主义的传播-1【更新公众号【研学公子】，QQ群869706208全年更新赠送】.mp4" SIZE="284472298"
2019-08-29 21:43:28 [WARN] ID#43 - No URI available.(2) FILE="D:/下载/2020XT政治/04.史纲强化【完】/05.辛亥革命-1【更新公众号【研学公子】，QQ群869706208全年更新赠送】.mp4" SIZE="449858721"
2019-08-29 21:43:43 [WARN] ID#44 - Timeout.(2) FILE="D:/下载/2020XT政治/04.史纲强化【完】/04.各阶层的探索-2【更新公众号【研学公子】，QQ群869706208全年更新赠送】.mp4" SIZE="536642863"
2019-08-29 21:44:26 [WARN] ID#36 - No URI available.(2) FILE="D:/下载/2020XT政治/04.史纲强化【完】/12.大革命的失败与土地革命的兴起-2【更新公众号【研学公子】，QQ群869706208全年更新赠送】.mp4" SIZE="351649213"
2019-08-29 21:50:46 [WARN] request error (0x100000006): https://pan.baidu.com/api/quota 
2019-08-29 21:56:59 [WARN] ID#46 - Failed to receive data, cause: Error: 指定的句柄无效
(80090301)(1) FILE="D:/下载/2020XT政治/04.史纲强化【完】/02.反侵略斗争-2【更新公众号【研学公子】，QQ群869706208全年更新赠送】.mp4" SIZE="593105166"
2019-08-29 21:58:02 [WARN] ID#39 - No URI available.(1) FILE="D:/下载/2020XT政治/04.史纲强化【完】/09.中国共产党的诞生-1【更新公众号【研学公子】，QQ群869706208全年更新赠送】.mp4" SIZE="341195505"
2019-08-29 21:58:06 [WARN] ID#38 - No URI available.(1) FILE="D:/下载/2020XT政治/04.史纲强化【完】/10.中国共产党的诞生-2【更新公众号【研学公子】，QQ群869706208全年更新赠送】.mp4" SIZE="391121508"
2019-08-29 22:01:26 [WARN] ID#45 - No URI available.(1) FILE="D:/下载/2020XT政治/04.史纲强化【完】/03.各阶层的探索-1【更新公众号【研学公子】，QQ群869706208全年更新赠送】.mp4" SIZE="490192269"
2019-08-29 22:07:52 [WARN] ID#43 - Timeout.(2) FILE="D:/下载/2020XT政治/04.史纲强化【完】/05.辛亥革命-1【更新公众号【研学公子】，QQ群869706208全年更新赠送】.mp4" SIZE="449858721"
2019-08-29 22:10:02 [WARN] ID#42 - Timeout.(2) FILE="D:/下载/2020XT政治/04.史纲强化【完】/06.辛亥革命-2【更新公众号【研学公子】，QQ群869706208全年更新赠送】.mp4" SIZE="517526044"
2019-08-29 22:10:40 [WARN] ID#44 - No URI available.(2) FILE="D:/下载/2020XT政治/04.史纲强化【完】/04.各阶层的探索-2【更新公众号【研学公子】，QQ群869706208全年更新赠送】.mp4" SIZE="536642863"
2019-08-29 22:13:36 [WARN] ID#47 - Timeout.(2) FILE="D:/下载/2020XT政治/04.史纲强化【完】/01.反侵略斗争-1【更新公众号【研学公子】，QQ群869706208全年更新赠送】.mp4" SIZE="466700956"
2019-08-29 22:16:46 [WARN] ID#41 - No URI available.(1) FILE="D:/下载/2020XT政治/04.史纲强化【完】/07.马克思主义的传播-1【更新公众号【研学公子】，QQ群869706208全年更新赠送】.mp4" SIZE="284472298"
2019-08-29 22:17:04 [WARN] request error (0x10000001c): https://pan.baidu.com/api/quota 
2019-08-29 22:19:47 [WARN] request error (0x10000001c): https://pan.baidu.com/api/quota 
2019-08-29 22:25:43 [WARN] ID#46 - Timeout.(2) FILE="D:/下载/2020XT政治/04.史纲强化【完】/02.反侵略斗争-2【更新公众号【研学公子】，QQ群869706208全年更新赠送】.mp4" SIZE="593105166"
2019-08-29 22:34:19 [WARN] ID#43 - Failed to receive data, cause: Error: 指定的句柄无效
(80090301)(1) FILE="D:/下载/2020XT政治/04.史纲强化【完】/05.辛亥革命-1【更新公众号【研学公子】，QQ群869706208全年更新赠送】.mp4" SIZE="449858721"
2019-08-29 22:35:18 [WARN] ID#45 - No URI available.(1) FILE="D:/下载/2020XT政治/04.史纲强化【完】/03.各阶层的探索-1【更新公众号【研学公子】，QQ群869706208全年更新赠送】.mp4" SIZE="490192269"
2019-08-29 22:38:41 [WARN] ID#44 - No URI available.(2) FILE="D:/下载/2020XT政治/04.史纲强化【完】/04.各阶层的探索-2【更新公众号【研学公子】，QQ群869706208全年更新赠送】.mp4" SIZE="536642863"
2019-08-29 22:50:25 [WARN] ID#48 - No URI available.(2) FILE="D:/下载/2020XT政治/03思修强化班/11.【更新公众号【研学公子】，QQ群869706208全年更新赠送】.flv" SIZE="286523885"
2019-08-29 22:50:25 [WARN] ID#49 - No URI available.(2) FILE="D:/下载/2020XT政治/03思修强化班/10.【更新公众号【研学公子】，QQ群869706208全年更新赠送】.flv" SIZE="336510936"
2019-08-29 22:59:45 [WARN] request error (0x10000001c): https://pan.baidu.com/api/quota 
2019-08-29 23:01:19 [WARN] ID#46 - No URI available.(2) FILE="D:/下载/2020XT政治/04.史纲强化【完】/02.反侵略斗争-2【更新公众号【研学公子】，QQ群869706208全年更新赠送】.mp4" SIZE="593105166"
2019-08-29 23:02:24 [WARN] request error (0x10000001c): https://pan.baidu.com/api/quota 
2019-08-29 23:05:07 [WARN] ID#52 - No URI available.(2) FILE="D:/下载/2020XT政治/03思修强化班/07.【更新公众号【研学公子】，QQ群869706208全年更新赠送】.flv" SIZE="309604487"
2019-08-29 23:08:11 [WARN] ID#54 - No URI available.(1) FILE="D:/下载/2020XT政治/03思修强化班/05.【更新公众号【研学公子】，QQ群869706208全年更新赠送】.mp4" SIZE="357875040"
2019-08-29 23:08:12 [WARN] ID#53 - No URI available.(1) FILE="D:/下载/2020XT政治/03思修强化班/06.【更新公众号【研学公子】，QQ群869706208全年更新赠送】.mp4" SIZE="414920718"
2019-08-29 23:14:53 [WARN] ID#58 - Timeout.(2) FILE="D:/下载/2020XT政治/03思修强化班/01【更新公众号【研学公子】，QQ群869706208全年更新赠送】.mp4" SIZE="303844304"
2019-08-29 23:14:54 [WARN] ID#57 - No URI available.(2) FILE="D:/下载/2020XT政治/03思修强化班/02.【更新公众号【研学公子】，QQ群869706208全年更新赠送】.mp4" SIZE="216788690"
2019-08-29 23:15:27 [WARN] ID#56 - No URI available.(2) FILE="D:/下载/2020XT政治/03思修强化班/03【更新公众号【研学公子】，QQ群869706208全年更新赠送】.mp4" SIZE="271280399"
2019-08-29 23:17:49 [WARN] ID#55 - No URI available.(1) FILE="D:/下载/2020XT政治/03思修强化班/04【更新公众号【研学公子】，QQ群869706208全年更新赠送】.mp4" SIZE="336366556"
2019-08-29 23:21:56 [WARN] ID#59 - Timeout.(2) FILE="D:/下载/2020XT政治/02.马原强化【完】/31.社会主义社会与共产主义社会【更新公众号【研学公子】，QQ群869706208全年更新赠送】.mp4" SIZE="423516351"
2019-08-29 23:26:43 [WARN] request error (0x100000006): https://pan.baidu.com/api/quota 
2019-08-29 23:33:40 [WARN] ID#54 - No URI available.(1) FILE="D:/下载/2020XT政治/03思修强化班/05.【更新公众号【研学公子】，QQ群869706208全年更新赠送】.mp4" SIZE="357875040"
2019-08-29 23:36:04 [WARN] request error (0x10000001c): https://pan.baidu.com/api/report/user 
2019-08-29 23:37:53 [WARN] ID#61 - Timeout.(2) FILE="D:/下载/2020XT政治/02.马原强化【完】/29.垄断资本主义发展-1【更新公众号【研学公子】，QQ群869706208全年更新赠送】.mp4" SIZE="419983232"
2019-08-30 00:00:50 [WARN] ID#68 - CUID#4694 - Name resolution for d1.baidupcs.com failed:Could not contact DNS servers(19) FILE="D:/下载/2020XT政治/02.马原强化【完】/22.商品的两因素与生产商品劳动的二重性【更新公众号【研学公子】，QQ群869706208全年更新赠送】.mp4" SIZE="527792744"
2019-08-30 00:00:50 [WARN] ID#75 - CUID#4808 - Name resolution for d1.baidupcs.com failed:Could not contact DNS servers(19) FILE="D:/下载/2020XT政治/02.马原强化【完】/15.认识的本质、过程和规律-2【更新公众号【研学公子】，QQ群869706208全年更新赠送】.mp4" SIZE="627500145"
2019-08-30 00:00:50 [WARN] ID#76 - CUID#4836 - Name resolution for d1.baidupcs.com failed:Could not contact DNS servers(19) FILE="D:/下载/2020XT政治/02.马原强化【完】/14.认识的本质、过程和规律-1【更新公众号【研学公子】，QQ群869706208全年更新赠送】.mp4" SIZE="204983513"
2019-08-30 00:00:50 [WARN] ID#61 - No URI available.(19) FILE="D:/下载/2020XT政治/02.马原强化【完】/29.垄断资本主义发展-1【更新公众号【研学公子】，QQ群869706208全年更新赠送】.mp4" SIZE="419983232"
2019-08-30 00:00:50 [WARN] ID#65 - No URI available.(19) FILE="D:/下载/2020XT政治/02.马原强化【完】/25.剩余价值的生产与积累-1【更新公众号【研学公子】，QQ群869706208全年更新赠送】.mp4" SIZE="397548703"
2019-08-30 00:00:50 [WARN] ID#71 - No URI available.(19) FILE="D:/下载/2020XT政治/02.马原强化【完】/19.社会基本矛盾-2【更新公众号【研学公子】，QQ群869706208全年更新赠送】.mp4" SIZE="215617042"
2019-08-30 00:00:50 [WARN] ID#69 - CUID#4741 - Name resolution for d1.baidupcs.com failed:Could not contact DNS servers(19) FILE="D:/下载/2020XT政治/02.马原强化【完】/21.社会形态更替与历史创造者-2【更新公众号【研学公子】，QQ群869706208全年更新赠送】.mp4" SIZE="402315600"
2019-08-30 00:00:50 [WARN] ID#73 - CUID#4790 - Name resolution for d1.baidupcs.com failed:Could not contact DNS servers(19) FILE="D:/下载/2020XT政治/02.马原强化【完】/17.真理与谬误-2【更新公众号【研学公子】，QQ群869706208全年更新赠送】.mp4" SIZE="278205585"
2019-08-30 00:00:51 [WARN] ID#72 - CUID#4780 - Name resolution for d1.baidupcs.com failed:Could not contact DNS servers(19) FILE="D:/下载/2020XT政治/02.马原强化【完】/18.社会基本矛盾-1【更新公众号【研学公子】，QQ群869706208全年更新赠送】.mp4" SIZE="281882971"
2019-08-30 00:00:51 [WARN] ID#74 - CUID#4801 - Name resolution for d1.baidupcs.com failed:Could not contact DNS servers(19) FILE="D:/下载/2020XT政治/02.马原强化【完】/16.真理与谬误-1【更新公众号【研学公子】，QQ群869706208全年更新赠送】.mp4" SIZE="365035141"
2019-08-30 00:00:56 [WARN] request error (0x100000006): https://pan.baidu.com/api/quota 
2019-08-30 00:14:50 [WARN] request error (0x10000001c): https://pan.baidu.com/api/quota 
2019-08-30 00:30:20 [WARN] ID#75 - Got EOF from the server.(1) FILE="D:/下载/2020XT政治/02.马原强化【完】/15.认识的本质、过程和规律-2【更新公众号【研学公子】，QQ群869706208全年更新赠送】.mp4" SIZE="627500145"
