2019-06-02 22:14:50 [INFO] pandownload version: 2.1.0
2019-06-02 22:15:01 [INFO] aria2 websocket connection opened (127.0.0.1:6808)
2019-06-02 22:15:01 [INFO] aria2 version: 1.34.0
2019-06-02 22:15:01 [INFO] aria2 json-rpc path: http://token:pandownload@127.0.0.1:6808/jsonrpc
2019-06-02 22:15:01 [INFO] create main window
2019-06-02 22:15:01 [INFO] verify cookie (384)
2019-06-02 22:15:02 [INFO] user login success (3145349758): 无名倒人
2019-06-02 22:21:13 [WARN] request error (0x100000006): https://pan.baidu.com/api/quota 
2019-06-02 22:28:05 [WARN] request error (0x10000001c): https://pan.baidu.com/api/quota 
2019-06-02 22:30:42 [WARN] ID#9 - The response status is not successful. status=403(22) FILE="C:/Users/Administrator/Downloads/高等数学习题全解指南 下册.pdf" SIZE="47143955"
2019-06-02 22:31:33 [WARN] ID#9 - The response status is not successful. status=403(22) FILE="C:/Users/Administrator/Downloads/高等数学习题全解指南 下册.pdf" SIZE="47143955"
2019-06-02 22:32:24 [WARN] request error (0x10000001c): https://pan.baidu.com/api/quota 
2019-06-03 06:26:58 [WARN] request error (0x200000001): https://pan.baidu.com/api/quota {"errno":1,"request_id":3554733994484851891}
2019-06-03 10:13:42 [WARN] request error (0x10000001c): https://pan.baidu.com/api/quota 
2019-06-03 14:58:56 [WARN] request error (0x100000006): https://pan.baidu.com/api/quota 
2019-06-03 15:14:58 [WARN] request error (0x100000006): https://pan.baidu.com/api/quota 
2019-06-03 15:15:31 [WARN] request error (0x100000006): https://pan.baidu.com/api/quota 
2019-06-03 15:15:51 [WARN] request error (0x100000006): https://pan.baidu.com/api/quota 
2019-06-03 17:22:23 [INFO] close main window
2019-06-03 17:22:23 [WARN] aria2 websocket connection closed (127.0.0.1:6808), code: 1000 (Normal close), reason: aria2 shutdown
2019-06-03 17:22:24 [INFO] websocket client stop
2019-06-03 17:22:24 [INFO] exit
