2019-06-05 00:04:56 [INFO] pandownload version: 2.1.0
2019-06-05 00:05:00 [INFO] aria2 websocket connection opened (127.0.0.1:6808)
2019-06-05 00:05:01 [INFO] aria2 version: 1.34.0
2019-06-05 00:05:01 [INFO] aria2 json-rpc path: http://token:pandownload@127.0.0.1:6808/jsonrpc
2019-06-05 00:05:01 [INFO] create main window
2019-06-05 00:05:01 [INFO] verify cookie (384)
2019-06-05 00:05:52 [INFO] user login success (3145349758): 无名倒人
2019-06-05 00:06:31 [WARN] ID#6 - The response status is not successful. status=403(22) FILE="C:/Users/Administrator/Downloads/大学生数学竞赛/[最终整理版]-[1-6届大学生数学竞赛试题-解答(非数学类)].zip" SIZE="4282981"
2019-06-05 00:08:03 [WARN] request error (0x10000001c): https://pan.baidu.com/api/quota 
2019-06-05 00:14:34 [WARN] script log (默认): {"error_code":31526,"error_msg":"user is not authorized, hitcode:118","request_id":3595122239341101869}
2019-06-05 00:14:34 [WARN] ID#1 - user is not authorized, hitcode:118(-3) FILE="C:/Users/Administrator/Downloads/大学生数学竞赛习题精讲 陈兆斗等编.pdf" SIZE="22627693"
2019-06-05 00:14:35 [WARN] script log (默认): {"error_code":31526,"error_msg":"user is not authorized, hitcode:118","request_id":3595122507785238258}
2019-06-05 00:14:35 [WARN] ID#1 - user is not authorized, hitcode:118(-3) FILE="C:/Users/Administrator/Downloads/大学生数学竞赛习题精讲 陈兆斗等编.pdf" SIZE="22627693"
2019-06-05 00:14:36 [WARN] script log (默认): {"error_code":31526,"error_msg":"user is not authorized, hitcode:118","request_id":3595122776276510001}
2019-06-05 00:14:36 [WARN] ID#1 - user is not authorized, hitcode:118(-3) FILE="C:/Users/Administrator/Downloads/大学生数学竞赛习题精讲 陈兆斗等编.pdf" SIZE="22627693"
2019-06-05 00:14:38 [WARN] script log (默认): {"error_code":31526,"error_msg":"user is not authorized, hitcode:118","request_id":3595123044776085003}
2019-06-05 00:14:38 [WARN] ID#2 - user is not authorized, hitcode:118(-3) FILE="C:/Users/Administrator/Downloads/陈启浩.  高等数学精题精讲精练.  机械工业出版社.2013.pdf" SIZE="74405871"
2019-06-05 00:14:39 [WARN] script log (默认): {"error_code":31526,"error_msg":"user is not authorized, hitcode:118","request_id":3595123313100393786}
2019-06-05 00:14:39 [WARN] ID#2 - user is not authorized, hitcode:118(-3) FILE="C:/Users/Administrator/Downloads/陈启浩.  高等数学精题精讲精练.  机械工业出版社.2013.pdf" SIZE="74405871"
2019-06-05 00:14:40 [WARN] script log (默认): {"error_code":31526,"error_msg":"user is not authorized, hitcode:118","request_id":3595123581605816684}
2019-06-05 00:14:40 [WARN] ID#2 - user is not authorized, hitcode:118(-3) FILE="C:/Users/Administrator/Downloads/陈启浩.  高等数学精题精讲精练.  机械工业出版社.2013.pdf" SIZE="74405871"
2019-06-05 00:47:57 [WARN] request error (0x10000001c): https://pan.baidu.com/api/quota 
2019-06-05 00:48:47 [WARN] request error (0x10000001c): https://pan.baidu.com/api/quota 
2019-06-05 03:52:26 [WARN] request error (0x100000006): https://pan.baidu.com/api/quota 
2019-06-05 04:17:22 [WARN] ID#2 - No URI available.(1) FILE="C:/Users/Administrator/Downloads/飞瀑怒潮Niagara.1953.XviD.DVDRip.avi" SIZE="1467418624"
2019-06-05 04:18:40 [WARN] ID#2 - Timeout.(2) FILE="C:/Users/Administrator/Downloads/飞瀑怒潮Niagara.1953.XviD.DVDRip.avi" SIZE="1467418624"
2019-06-05 04:19:51 [WARN] ID#2 - Timeout.(2) FILE="C:/Users/Administrator/Downloads/飞瀑怒潮Niagara.1953.XviD.DVDRip.avi" SIZE="1467418624"
2019-06-05 04:40:19 [WARN] ID#2 - Timeout.(2) FILE="C:/Users/Administrator/Downloads/飞瀑怒潮Niagara.1953.XviD.DVDRip.avi" SIZE="1467418624"
2019-06-05 04:41:36 [WARN] ID#2 - Timeout.(2) FILE="C:/Users/Administrator/Downloads/飞瀑怒潮Niagara.1953.XviD.DVDRip.avi" SIZE="1467418624"
2019-06-05 04:43:50 [WARN] ID#1 - Timeout.(2) FILE="C:/Users/Administrator/Downloads/Z 飞瀑怒潮（英语.1953年）领衔主演.1080p.bluray.x264-hd4u.mkv" SIZE="7042442752"
2019-06-05 05:14:25 [WARN] request error (0x100000023): https://pan.baidu.com/api/quota 
2019-06-05 05:15:37 [WARN] request error (0x10000001c): https://pan.baidu.com/api/quota 
2019-06-05 05:16:02 [WARN] request error (0x100000023): https://pan.baidu.com/api/quota 
2019-06-05 09:48:23 [WARN] request error (0x100000023): https://pan.baidu.com/api/quota 
2019-06-05 09:49:13 [WARN] request error (0x10000001c): https://pan.baidu.com/api/quota 
2019-06-05 09:49:56 [WARN] request error (0x100000023): https://pan.baidu.com/api/quota 
2019-06-05 11:20:03 [WARN] request error (0x10000001c): https://pan.baidu.com/api/quota 
2019-06-05 13:32:01 [WARN] request error (0x200000001): https://pan.baidu.com/api/quota {"errno":1,"request_id":3607965171693833989}
2019-06-05 14:30:16 [WARN] request error (0x200000001): https://pan.baidu.com/api/quota {"errno":1,"request_id":3608903493214199892}
2019-06-05 15:00:42 [INFO] close main window
2019-06-05 15:00:42 [WARN] aria2 websocket connection closed (127.0.0.1:6808), code: 1000 (Normal close), reason: aria2 shutdown
2019-06-05 15:00:43 [INFO] websocket client stop
2019-06-05 15:00:43 [INFO] exit
