2019-08-30 01:47:36 [INFO] pandownload version: 2.1.3
2019-08-30 01:47:38 [INFO] aria2 websocket connection opened (127.0.0.1:36835)
2019-08-30 01:47:38 [INFO] aria2 version: 1.34.0
2019-08-30 01:47:38 [INFO] aria2 json-rpc path: http://token:pandownload@127.0.0.1:36835/jsonrpc
2019-08-30 01:47:38 [INFO] create main window
2019-08-30 01:47:38 [INFO] verify cookie (615)
2019-08-30 01:47:40 [INFO] user login success (3145349758): 无名倒人
2019-08-30 02:10:36 [WARN] request error (0x10000001c): https://pan.baidu.com/api/quota 
2019-08-30 02:11:41 [WARN] request error (0x10000001c): https://pan.baidu.com/api/quota 
2019-08-30 02:11:46 [WARN] ID#88 - Timeout.(2) FILE="D:/下载/2020XT政治/02.马原强化【完】/02.导论和哲学基本问题-2【更新公众号【研学公子】，QQ群869706208全年更新赠送】.mp4" SIZE="307107916"
2019-08-30 02:59:38 [WARN] ID#102 - No URI available.(22) FILE="D:/下载/2020XT政治/01.基础阶段【新版】/当代时政【更新公众号【研学公子】，QQ群869706208全年更新赠送】.mp4" SIZE="864780909"
2019-08-30 02:59:38 [WARN] ID#102 - 下载链接过期或系统时间不正确，请删除任务重新下载(-5) FILE="D:/下载/2020XT政治/01.基础阶段【新版】/当代时政【更新公众号【研学公子】，QQ群869706208全年更新赠送】.mp4" SIZE="864780909"
2019-08-30 03:00:57 [WARN] ID#102 - 下载链接过期或系统时间不正确，请删除任务重新下载(-5) FILE="D:/下载/2020XT政治/01.基础阶段【新版】/当代时政【更新公众号【研学公子】，QQ群869706208全年更新赠送】.mp4" SIZE="864780909"
2019-08-30 03:36:48 [WARN] ID#102 - 下载链接过期或系统时间不正确，请删除任务重新下载(-5) FILE="D:/下载/2020XT政治/01.基础阶段【新版】/当代时政【更新公众号【研学公子】，QQ群869706208全年更新赠送】.mp4" SIZE="864780909"
2019-08-30 03:41:44 [WARN] ID#102 - 下载链接过期或系统时间不正确，请删除任务重新下载(-5) FILE="D:/下载/2020XT政治/01.基础阶段【新版】/当代时政【更新公众号【研学公子】，QQ群869706208全年更新赠送】.mp4" SIZE="864780909"
2019-08-30 03:44:57 [WARN] ID#118 - Failed to receive data, cause: Error: 指定的句柄无效
(80090301)(1) FILE="D:/下载/03.2020强化班-张宇/03.2020概率强化班-张宇/04.第四讲/四、数字特征03.mp4" SIZE="505596923"
2019-08-30 03:44:58 [WARN] ID#102 - 下载链接过期或系统时间不正确，请删除任务重新下载(-5) FILE="D:/下载/2020XT政治/01.基础阶段【新版】/当代时政【更新公众号【研学公子】，QQ群869706208全年更新赠送】.mp4" SIZE="864780909"
2019-08-30 03:51:54 [WARN] ID#119 - Timeout.(2) FILE="D:/下载/03.2020强化班-张宇/03.2020概率强化班-张宇/04.第四讲/四、数字特征02.mp4" SIZE="473881183"
2019-08-30 03:51:55 [WARN] ID#119 - 下载链接过期或系统时间不正确，请删除任务重新下载(-5) FILE="D:/下载/03.2020强化班-张宇/03.2020概率强化班-张宇/04.第四讲/四、数字特征02.mp4" SIZE="473881183"
2019-08-30 03:51:55 [WARN] ID#128 - 下载链接过期或系统时间不正确，请删除任务重新下载(-5) FILE="D:/下载/03.2020强化班-张宇/03.2020概率强化班-张宇/03.第三讲/三、01判分布（多维随机变量）.mp4" SIZE="274131177"
2019-08-30 03:51:55 [WARN] ID#129 - 下载链接过期或系统时间不正确，请删除任务重新下载(-5) FILE="D:/下载/03.2020强化班-张宇/03.2020概率强化班-张宇/02.第二讲/二、04求函数分布02(一维随机变量).mp4" SIZE="286710546"
2019-08-30 03:51:55 [WARN] ID#130 - 下载链接过期或系统时间不正确，请删除任务重新下载(-5) FILE="D:/下载/03.2020强化班-张宇/03.2020概率强化班-张宇/02.第二讲/二、04求函数分布01（一维随机变量）.mp4" SIZE="331119703"
2019-08-30 03:51:56 [WARN] ID#131 - 下载链接过期或系统时间不正确，请删除任务重新下载(-5) FILE="D:/下载/03.2020强化班-张宇/03.2020概率强化班-张宇/02.第二讲/二、03用分布（一维随机变量）.mp4" SIZE="244238357"
2019-08-30 03:51:56 [WARN] ID#132 - 下载链接过期或系统时间不正确，请删除任务重新下载(-5) FILE="D:/下载/03.2020强化班-张宇/03.2020概率强化班-张宇/02.第二讲/二、02求分布05（一维随机变量）.mp4" SIZE="391748206"
2019-08-30 03:51:56 [WARN] ID#133 - 下载链接过期或系统时间不正确，请删除任务重新下载(-5) FILE="D:/下载/03.2020强化班-张宇/03.2020概率强化班-张宇/02.第二讲/二、02求分布04（一维随机变量）.mp4" SIZE="365396134"
2019-08-30 03:51:56 [WARN] ID#134 - 下载链接过期或系统时间不正确，请删除任务重新下载(-5) FILE="D:/下载/03.2020强化班-张宇/03.2020概率强化班-张宇/02.第二讲/二、02求分布03（一维随机变量）.mp4" SIZE="387541885"
2019-08-30 03:51:57 [WARN] ID#135 - 下载链接过期或系统时间不正确，请删除任务重新下载(-5) FILE="D:/下载/03.2020强化班-张宇/03.2020概率强化班-张宇/02.第二讲/二、02求分布02（一维随机变量）.mp4" SIZE="441538184"
2019-08-30 03:51:57 [WARN] ID#136 - 下载链接过期或系统时间不正确，请删除任务重新下载(-5) FILE="D:/下载/03.2020强化班-张宇/03.2020概率强化班-张宇/02.第二讲/二、02求分布01（一维随机变量）.mp4" SIZE="315524433"
2019-08-30 03:51:57 [WARN] ID#137 - 下载链接过期或系统时间不正确，请删除任务重新下载(-5) FILE="D:/下载/03.2020强化班-张宇/03.2020概率强化班-张宇/02.第二讲/二、01判分布（一维随机变量）.mp4" SIZE="518502200"
2019-08-30 03:51:58 [WARN] ID#138 - 下载链接过期或系统时间不正确，请删除任务重新下载(-5) FILE="D:/下载/03.2020强化班-张宇/03.2020概率强化班-张宇/01.第一讲/一、04事件的独立性 .mp4" SIZE="460673002"
2019-08-30 03:51:58 [WARN] ID#139 - 下载链接过期或系统时间不正确，请删除任务重新下载(-5) FILE="D:/下载/03.2020强化班-张宇/03.2020概率强化班-张宇/01.第一讲/一、03重要公式求概率03.mp4" SIZE="246164355"
2019-08-30 03:51:58 [WARN] ID#140 - 下载链接过期或系统时间不正确，请删除任务重新下载(-5) FILE="D:/下载/03.2020强化班-张宇/03.2020概率强化班-张宇/01.第一讲/一、03重要公式求概率02.mp4" SIZE="405103840"
2019-08-30 03:51:58 [WARN] ID#141 - 下载链接过期或系统时间不正确，请删除任务重新下载(-5) FILE="D:/下载/03.2020强化班-张宇/03.2020概率强化班-张宇/01.第一讲/一、03重要公式求概率01.mp4" SIZE="392728554"
2019-08-30 03:51:59 [WARN] ID#142 - 下载链接过期或系统时间不正确，请删除任务重新下载(-5) FILE="D:/下载/03.2020强化班-张宇/03.2020概率强化班-张宇/01.第一讲/一、02几何概型求概率.mp4" SIZE="193069492"
2019-08-30 03:51:59 [WARN] ID#143 - 下载链接过期或系统时间不正确，请删除任务重新下载(-5) FILE="D:/下载/03.2020强化班-张宇/03.2020概率强化班-张宇/01.第一讲/一、01古典概型求概率02.mp4" SIZE="326166455"
2019-08-30 03:51:59 [WARN] ID#144 - 下载链接过期或系统时间不正确，请删除任务重新下载(-5) FILE="D:/下载/03.2020强化班-张宇/03.2020概率强化班-张宇/01.第一讲/一、01古典概型求概率01.mp4" SIZE="449761325"
2019-08-30 03:51:59 [WARN] ID#145 - 下载链接过期或系统时间不正确，请删除任务重新下载(-5) FILE="D:/下载/03.2020强化班-张宇/02.2020线代强化班-张宇（完）/06.第六讲/第六讲 04正定二次型.mp4" SIZE="144371031"
2019-08-30 03:52:00 [WARN] ID#146 - 下载链接过期或系统时间不正确，请删除任务重新下载(-5) FILE="D:/下载/03.2020强化班-张宇/02.2020线代强化班-张宇（完）/06.第六讲/第六讲 03实对称矩阵的合同.mp4" SIZE="211757777"
2019-08-30 03:52:00 [WARN] ID#147 - 下载链接过期或系统时间不正确，请删除任务重新下载(-5) FILE="D:/下载/03.2020强化班-张宇/02.2020线代强化班-张宇（完）/06.第六讲/第六讲 02正交变换法.mp4" SIZE="444496528"
2019-08-30 03:52:02 [WARN] ID#148 - 下载链接过期或系统时间不正确，请删除任务重新下载(-5) FILE="D:/下载/03.2020强化班-张宇/02.2020线代强化班-张宇（完）/06.第六讲/第六讲 01配方法.mp4" SIZE="317806333"
2019-08-30 03:52:03 [WARN] ID#120 - No URI available.(2) FILE="D:/下载/03.2020强化班-张宇/03.2020概率强化班-张宇/04.第四讲/四、数字特征01.mp4" SIZE="551582231"
2019-08-30 03:52:03 [WARN] ID#149 - 下载链接过期或系统时间不正确，请删除任务重新下载(-5) FILE="D:/下载/03.2020强化班-张宇/02.2020线代强化班-张宇（完）/05.第五讲/第五讲 04实对称矩阵与正交矩阵.mp4" SIZE="332329468"
2019-08-30 03:52:04 [WARN] ID#119 - 下载链接过期或系统时间不正确，请删除任务重新下载(-5) FILE="D:/下载/03.2020强化班-张宇/03.2020概率强化班-张宇/04.第四讲/四、数字特征02.mp4" SIZE="473881183"
2019-08-30 03:52:04 [WARN] ID#150 - 下载链接过期或系统时间不正确，请删除任务重新下载(-5) FILE="D:/下载/03.2020强化班-张宇/02.2020线代强化班-张宇（完）/05.第五讲/第五讲 03 A相似于B.mp4" SIZE="404683908"
2019-08-30 03:52:04 [WARN] ID#120 - 下载链接过期或系统时间不正确，请删除任务重新下载(-5) FILE="D:/下载/03.2020强化班-张宇/03.2020概率强化班-张宇/04.第四讲/四、数字特征01.mp4" SIZE="551582231"
2019-08-30 03:52:04 [WARN] ID#151 - 下载链接过期或系统时间不正确，请删除任务重新下载(-5) FILE="D:/下载/03.2020强化班-张宇/02.2020线代强化班-张宇（完）/05.第五讲/第五讲 02 A的相似对角化.mp4" SIZE="400405723"
2019-08-30 03:52:04 [WARN] ID#128 - 下载链接过期或系统时间不正确，请删除任务重新下载(-5) FILE="D:/下载/03.2020强化班-张宇/03.2020概率强化班-张宇/03.第三讲/三、01判分布（多维随机变量）.mp4" SIZE="274131177"
2019-08-30 03:52:04 [WARN] ID#152 - 下载链接过期或系统时间不正确，请删除任务重新下载(-5) FILE="D:/下载/03.2020强化班-张宇/02.2020线代强化班-张宇（完）/05.第五讲/第五讲 01 A的特征值与特征向量02.mp4" SIZE="396489219"
2019-08-30 03:52:04 [WARN] ID#129 - 下载链接过期或系统时间不正确，请删除任务重新下载(-5) FILE="D:/下载/03.2020强化班-张宇/03.2020概率强化班-张宇/02.第二讲/二、04求函数分布02(一维随机变量).mp4" SIZE="286710546"
2019-08-30 03:52:04 [WARN] ID#153 - 下载链接过期或系统时间不正确，请删除任务重新下载(-5) FILE="D:/下载/03.2020强化班-张宇/02.2020线代强化班-张宇（完）/05.第五讲/第五讲 01 A的特征值与特征向量01.mp4" SIZE="479360368"
2019-08-30 03:52:05 [WARN] ID#130 - 下载链接过期或系统时间不正确，请删除任务重新下载(-5) FILE="D:/下载/03.2020强化班-张宇/03.2020概率强化班-张宇/02.第二讲/二、04求函数分布01（一维随机变量）.mp4" SIZE="331119703"
2019-08-30 03:52:05 [WARN] ID#154 - 下载链接过期或系统时间不正确，请删除任务重新下载(-5) FILE="D:/下载/03.2020强化班-张宇/02.2020线代强化班-张宇（完）/04.第四讲/第四讲02抽象型向量关系.mp4" SIZE="143005499"
2019-08-30 03:52:05 [WARN] ID#131 - 下载链接过期或系统时间不正确，请删除任务重新下载(-5) FILE="D:/下载/03.2020强化班-张宇/03.2020概率强化班-张宇/02.第二讲/二、03用分布（一维随机变量）.mp4" SIZE="244238357"
2019-08-30 03:52:05 [WARN] ID#155 - 下载链接过期或系统时间不正确，请删除任务重新下载(-5) FILE="D:/下载/03.2020强化班-张宇/02.2020线代强化班-张宇（完）/04.第四讲/第四讲01具体型向量关系.mp4" SIZE="513261389"
2019-08-30 03:52:05 [WARN] ID#132 - 下载链接过期或系统时间不正确，请删除任务重新下载(-5) FILE="D:/下载/03.2020强化班-张宇/03.2020概率强化班-张宇/02.第二讲/二、02求分布05（一维随机变量）.mp4" SIZE="391748206"
2019-08-30 03:52:05 [WARN] ID#156 - 下载链接过期或系统时间不正确，请删除任务重新下载(-5) FILE="D:/下载/03.2020强化班-张宇/02.2020线代强化班-张宇（完）/04.第四讲/第四讲 04向量空间（仅数一）.mp4" SIZE="88050887"
2019-08-30 03:52:05 [WARN] ID#133 - 下载链接过期或系统时间不正确，请删除任务重新下载(-5) FILE="D:/下载/03.2020强化班-张宇/03.2020概率强化班-张宇/02.第二讲/二、02求分布04（一维随机变量）.mp4" SIZE="365396134"
2019-08-30 03:52:05 [WARN] ID#157 - 下载链接过期或系统时间不正确，请删除任务重新下载(-5) FILE="D:/下载/03.2020强化班-张宇/02.2020线代强化班-张宇（完）/04.第四讲/第四讲 03 向量组等价.mp4" SIZE="91804448"
2019-08-30 03:52:06 [WARN] ID#134 - 下载链接过期或系统时间不正确，请删除任务重新下载(-5) FILE="D:/下载/03.2020强化班-张宇/03.2020概率强化班-张宇/02.第二讲/二、02求分布03（一维随机变量）.mp4" SIZE="387541885"
2019-08-30 03:52:06 [WARN] ID#158 - 下载链接过期或系统时间不正确，请删除任务重新下载(-5) FILE="D:/下载/03.2020强化班-张宇/02.2020线代强化班-张宇（完）/03.第三讲/第三讲 03线性方程组的几何意义.mp4" SIZE="180367524"
2019-08-30 03:52:06 [WARN] ID#135 - 下载链接过期或系统时间不正确，请删除任务重新下载(-5) FILE="D:/下载/03.2020强化班-张宇/03.2020概率强化班-张宇/02.第二讲/二、02求分布02（一维随机变量）.mp4" SIZE="441538184"
2019-08-30 03:52:06 [WARN] ID#159 - 下载链接过期或系统时间不正确，请删除任务重新下载(-5) FILE="D:/下载/03.2020强化班-张宇/02.2020线代强化班-张宇（完）/03.第三讲/第三讲 02抽象型方程组.mp4" SIZE="515513170"
2019-08-30 03:52:06 [WARN] ID#136 - 下载链接过期或系统时间不正确，请删除任务重新下载(-5) FILE="D:/下载/03.2020强化班-张宇/03.2020概率强化班-张宇/02.第二讲/二、02求分布01（一维随机变量）.mp4" SIZE="315524433"
2019-08-30 03:52:06 [WARN] ID#160 - 下载链接过期或系统时间不正确，请删除任务重新下载(-5) FILE="D:/下载/03.2020强化班-张宇/02.2020线代强化班-张宇（完）/03.第三讲/第三讲 01具体型方程组03.mp4" SIZE="527046414"
2019-08-30 03:52:06 [WARN] ID#137 - 下载链接过期或系统时间不正确，请删除任务重新下载(-5) FILE="D:/下载/03.2020强化班-张宇/03.2020概率强化班-张宇/02.第二讲/二、01判分布（一维随机变量）.mp4" SIZE="518502200"
2019-08-30 03:52:06 [WARN] ID#161 - 下载链接过期或系统时间不正确，请删除任务重新下载(-5) FILE="D:/下载/03.2020强化班-张宇/02.2020线代强化班-张宇（完）/03.第三讲/第三讲 01具体型方程组02.mp4" SIZE="478766199"
2019-08-30 03:52:07 [WARN] ID#138 - 下载链接过期或系统时间不正确，请删除任务重新下载(-5) FILE="D:/下载/03.2020强化班-张宇/03.2020概率强化班-张宇/01.第一讲/一、04事件的独立性 .mp4" SIZE="460673002"
2019-08-30 03:52:07 [WARN] ID#162 - 下载链接过期或系统时间不正确，请删除任务重新下载(-5) FILE="D:/下载/03.2020强化班-张宇/02.2020线代强化班-张宇（完）/03.第三讲/第三讲 01具体型方程组01.mp4" SIZE="382598860"
2019-08-30 03:52:07 [WARN] ID#139 - 下载链接过期或系统时间不正确，请删除任务重新下载(-5) FILE="D:/下载/03.2020强化班-张宇/03.2020概率强化班-张宇/01.第一讲/一、03重要公式求概率03.mp4" SIZE="246164355"
2019-08-30 03:52:07 [WARN] ID#163 - 下载链接过期或系统时间不正确，请删除任务重新下载(-5) FILE="D:/下载/03.2020强化班-张宇/02.2020线代强化班-张宇（完）/02.第二讲/第二讲 04 矩阵的秩02.mp4" SIZE="308963860"
2019-08-30 03:52:07 [WARN] ID#140 - 下载链接过期或系统时间不正确，请删除任务重新下载(-5) FILE="D:/下载/03.2020强化班-张宇/03.2020概率强化班-张宇/01.第一讲/一、03重要公式求概率02.mp4" SIZE="405103840"
2019-08-30 03:52:07 [WARN] ID#164 - 下载链接过期或系统时间不正确，请删除任务重新下载(-5) FILE="D:/下载/03.2020强化班-张宇/02.2020线代强化班-张宇（完）/02.第二讲/第二讲 04 矩阵的秩01.mp4" SIZE="354938548"
2019-08-30 03:52:07 [WARN] ID#141 - 下载链接过期或系统时间不正确，请删除任务重新下载(-5) FILE="D:/下载/03.2020强化班-张宇/03.2020概率强化班-张宇/01.第一讲/一、03重要公式求概率01.mp4" SIZE="392728554"
2019-08-30 03:52:07 [WARN] ID#165 - 下载链接过期或系统时间不正确，请删除任务重新下载(-5) FILE="D:/下载/03.2020强化班-张宇/02.2020线代强化班-张宇（完）/02.第二讲/第二讲 03 矩阵方程.mp4" SIZE="223240368"
2019-08-30 03:52:08 [WARN] ID#142 - 下载链接过期或系统时间不正确，请删除任务重新下载(-5) FILE="D:/下载/03.2020强化班-张宇/03.2020概率强化班-张宇/01.第一讲/一、02几何概型求概率.mp4" SIZE="193069492"
2019-08-30 03:52:08 [WARN] ID#166 - 下载链接过期或系统时间不正确，请删除任务重新下载(-5) FILE="D:/下载/03.2020强化班-张宇/02.2020线代强化班-张宇（完）/02.第二讲/第二讲 02 求矩阵A的逆02.mp4" SIZE="470565138"
2019-08-30 03:52:08 [WARN] ID#143 - 下载链接过期或系统时间不正确，请删除任务重新下载(-5) FILE="D:/下载/03.2020强化班-张宇/03.2020概率强化班-张宇/01.第一讲/一、01古典概型求概率02.mp4" SIZE="326166455"
2019-08-30 03:52:08 [WARN] ID#167 - 下载链接过期或系统时间不正确，请删除任务重新下载(-5) FILE="D:/下载/03.2020强化班-张宇/02.2020线代强化班-张宇（完）/02.第二讲/第二讲 02 矩阵A的伴随01.mp4" SIZE="367637097"
2019-08-30 03:52:08 [WARN] ID#144 - 下载链接过期或系统时间不正确，请删除任务重新下载(-5) FILE="D:/下载/03.2020强化班-张宇/03.2020概率强化班-张宇/01.第一讲/一、01古典概型求概率01.mp4" SIZE="449761325"
2019-08-30 03:52:08 [WARN] ID#168 - 下载链接过期或系统时间不正确，请删除任务重新下载(-5) FILE="D:/下载/03.2020强化班-张宇/02.2020线代强化班-张宇（完）/02.第二讲/第二讲 02 初等矩阵03.mp4" SIZE="389070094"
2019-08-30 03:52:08 [WARN] ID#145 - 下载链接过期或系统时间不正确，请删除任务重新下载(-5) FILE="D:/下载/03.2020强化班-张宇/02.2020线代强化班-张宇（完）/06.第六讲/第六讲 04正定二次型.mp4" SIZE="144371031"
2019-08-30 03:52:08 [WARN] ID#169 - 下载链接过期或系统时间不正确，请删除任务重新下载(-5) FILE="D:/下载/03.2020强化班-张宇/02.2020线代强化班-张宇（完）/02.第二讲/第二讲 01 求矩阵A的n次方.mp4" SIZE="377741940"
2019-08-30 03:52:08 [WARN] ID#146 - 下载链接过期或系统时间不正确，请删除任务重新下载(-5) FILE="D:/下载/03.2020强化班-张宇/02.2020线代强化班-张宇（完）/06.第六讲/第六讲 03实对称矩阵的合同.mp4" SIZE="211757777"
2019-08-30 03:52:08 [WARN] ID#170 - 下载链接过期或系统时间不正确，请删除任务重新下载(-5) FILE="D:/下载/03.2020强化班-张宇/02.2020线代强化班-张宇（完）/01.第一讲/第一讲 行列式05.mp4" SIZE="493626607"
2019-08-30 03:52:09 [WARN] request error (0x10000001c): https://pan.baidu.com/api/quota 
2019-08-30 03:52:11 [WARN] ID#147 - 下载链接过期或系统时间不正确，请删除任务重新下载(-5) FILE="D:/下载/03.2020强化班-张宇/02.2020线代强化班-张宇（完）/06.第六讲/第六讲 02正交变换法.mp4" SIZE="444496528"
2019-08-30 03:52:11 [WARN] ID#171 - 下载链接过期或系统时间不正确，请删除任务重新下载(-5) FILE="D:/下载/03.2020强化班-张宇/02.2020线代强化班-张宇（完）/01.第一讲/第一讲 行列式04.mp4" SIZE="355647640"
2019-08-30 03:52:11 [WARN] ID#148 - 下载链接过期或系统时间不正确，请删除任务重新下载(-5) FILE="D:/下载/03.2020强化班-张宇/02.2020线代强化班-张宇（完）/06.第六讲/第六讲 01配方法.mp4" SIZE="317806333"
2019-08-30 03:52:11 [WARN] ID#172 - 下载链接过期或系统时间不正确，请删除任务重新下载(-5) FILE="D:/下载/03.2020强化班-张宇/02.2020线代强化班-张宇（完）/01.第一讲/第一讲 行列式03.mp4" SIZE="347471654"
2019-08-30 03:52:12 [WARN] ID#149 - 下载链接过期或系统时间不正确，请删除任务重新下载(-5) FILE="D:/下载/03.2020强化班-张宇/02.2020线代强化班-张宇（完）/05.第五讲/第五讲 04实对称矩阵与正交矩阵.mp4" SIZE="332329468"
2019-08-30 03:52:12 [WARN] ID#173 - 下载链接过期或系统时间不正确，请删除任务重新下载(-5) FILE="D:/下载/03.2020强化班-张宇/02.2020线代强化班-张宇（完）/01.第一讲/第一讲 行列式02.mp4" SIZE="298318320"
2019-08-30 03:52:12 [WARN] ID#150 - 下载链接过期或系统时间不正确，请删除任务重新下载(-5) FILE="D:/下载/03.2020强化班-张宇/02.2020线代强化班-张宇（完）/05.第五讲/第五讲 03 A相似于B.mp4" SIZE="404683908"
2019-08-30 03:52:12 [WARN] ID#174 - 下载链接过期或系统时间不正确，请删除任务重新下载(-5) FILE="D:/下载/03.2020强化班-张宇/02.2020线代强化班-张宇（完）/01.第一讲/第一讲 行列式01.mp4" SIZE="495158452"
2019-08-30 03:52:12 [WARN] ID#151 - 下载链接过期或系统时间不正确，请删除任务重新下载(-5) FILE="D:/下载/03.2020强化班-张宇/02.2020线代强化班-张宇（完）/05.第五讲/第五讲 02 A的相似对角化.mp4" SIZE="400405723"
2019-08-30 03:52:12 [WARN] ID#175 - 下载链接过期或系统时间不正确，请删除任务重新下载(-5) FILE="D:/下载/03.2020强化班-张宇/02.2020线代强化班-张宇（完）/00.综述/综述.mp4" SIZE="287189053"
2019-08-30 03:52:13 [WARN] ID#152 - 下载链接过期或系统时间不正确，请删除任务重新下载(-5) FILE="D:/下载/03.2020强化班-张宇/02.2020线代强化班-张宇（完）/05.第五讲/第五讲 01 A的特征值与特征向量02.mp4" SIZE="396489219"
2019-08-30 03:52:13 [WARN] ID#176 - 下载链接过期或系统时间不正确，请删除任务重新下载(-5) FILE="D:/下载/03.2020强化班-张宇/01.2020高数强化班-张宇（完）/08.第八讲/第八讲 05第二型曲面积分（仅数一）.mp4" SIZE="380970107"
2019-08-30 03:52:14 [WARN] ID#153 - 下载链接过期或系统时间不正确，请删除任务重新下载(-5) FILE="D:/下载/03.2020强化班-张宇/02.2020线代强化班-张宇（完）/05.第五讲/第五讲 01 A的特征值与特征向量01.mp4" SIZE="479360368"
2019-08-30 03:52:14 [WARN] ID#177 - 下载链接过期或系统时间不正确，请删除任务重新下载(-5) FILE="D:/下载/03.2020强化班-张宇/01.2020高数强化班-张宇（完）/08.第八讲/第八讲 04第二型曲线积分02（仅数一）.mp4" SIZE="287443480"
2019-08-30 03:52:14 [WARN] ID#154 - 下载链接过期或系统时间不正确，请删除任务重新下载(-5) FILE="D:/下载/03.2020强化班-张宇/02.2020线代强化班-张宇（完）/04.第四讲/第四讲02抽象型向量关系.mp4" SIZE="143005499"
2019-08-30 03:52:14 [WARN] ID#178 - 下载链接过期或系统时间不正确，请删除任务重新下载(-5) FILE="D:/下载/03.2020强化班-张宇/01.2020高数强化班-张宇（完）/08.第八讲/第八讲 04第二型曲线积分01（仅数一）.mp4" SIZE="248105608"
2019-08-30 03:52:14 [WARN] ID#155 - 下载链接过期或系统时间不正确，请删除任务重新下载(-5) FILE="D:/下载/03.2020强化班-张宇/02.2020线代强化班-张宇（完）/04.第四讲/第四讲01具体型向量关系.mp4" SIZE="513261389"
2019-08-30 03:52:14 [WARN] ID#179 - 下载链接过期或系统时间不正确，请删除任务重新下载(-5) FILE="D:/下载/03.2020强化班-张宇/01.2020高数强化班-张宇（完）/08.第八讲/第八讲 03第一型曲线、曲面积分（仅数一）.mp4" SIZE="347522251"
2019-08-30 03:52:14 [WARN] ID#156 - 下载链接过期或系统时间不正确，请删除任务重新下载(-5) FILE="D:/下载/03.2020强化班-张宇/02.2020线代强化班-张宇（完）/04.第四讲/第四讲 04向量空间（仅数一）.mp4" SIZE="88050887"
2019-08-30 03:52:14 [WARN] ID#180 - 下载链接过期或系统时间不正确，请删除任务重新下载(-5) FILE="D:/下载/03.2020强化班-张宇/01.2020高数强化班-张宇（完）/08.第八讲/第八讲 02三重积分02（仅数一）  .mp4" SIZE="350543440"
2019-08-30 03:52:15 [WARN] ID#157 - 下载链接过期或系统时间不正确，请删除任务重新下载(-5) FILE="D:/下载/03.2020强化班-张宇/02.2020线代强化班-张宇（完）/04.第四讲/第四讲 03 向量组等价.mp4" SIZE="91804448"
2019-08-30 03:52:15 [WARN] ID#181 - 下载链接过期或系统时间不正确，请删除任务重新下载(-5) FILE="D:/下载/03.2020强化班-张宇/01.2020高数强化班-张宇（完）/08.第八讲/第八讲 02三重积分01（仅数一）.mp4" SIZE="301530848"
2019-08-30 03:52:15 [WARN] ID#158 - 下载链接过期或系统时间不正确，请删除任务重新下载(-5) FILE="D:/下载/03.2020强化班-张宇/02.2020线代强化班-张宇（完）/03.第三讲/第三讲 03线性方程组的几何意义.mp4" SIZE="180367524"
2019-08-30 03:52:15 [WARN] ID#182 - 下载链接过期或系统时间不正确，请删除任务重新下载(-5) FILE="D:/下载/03.2020强化班-张宇/01.2020高数强化班-张宇（完）/08.第八讲/第八讲 01预备知识02（仅数一）.mp4" SIZE="301361103"
2019-08-30 03:52:15 [WARN] ID#159 - 下载链接过期或系统时间不正确，请删除任务重新下载(-5) FILE="D:/下载/03.2020强化班-张宇/02.2020线代强化班-张宇（完）/03.第三讲/第三讲 02抽象型方程组.mp4" SIZE="515513170"
2019-08-30 03:52:15 [WARN] ID#183 - 下载链接过期或系统时间不正确，请删除任务重新下载(-5) FILE="D:/下载/03.2020强化班-张宇/01.2020高数强化班-张宇（完）/08.第八讲/第八讲 01预备知识01（仅数一）.mp4" SIZE="377927716"
2019-08-30 03:52:15 [WARN] ID#160 - 下载链接过期或系统时间不正确，请删除任务重新下载(-5) FILE="D:/下载/03.2020强化班-张宇/02.2020线代强化班-张宇（完）/03.第三讲/第三讲 01具体型方程组03.mp4" SIZE="527046414"
2019-08-30 03:52:15 [WARN] ID#184 - 下载链接过期或系统时间不正确，请删除任务重新下载(-5) FILE="D:/下载/03.2020强化班-张宇/01.2020高数强化班-张宇（完）/07.第七讲/07.第七讲 05傅里叶级数（仅数一）.mp4" SIZE="233766431"
2019-08-30 03:52:16 [WARN] ID#161 - 下载链接过期或系统时间不正确，请删除任务重新下载(-5) FILE="D:/下载/03.2020强化班-张宇/02.2020线代强化班-张宇（完）/03.第三讲/第三讲 01具体型方程组02.mp4" SIZE="478766199"
2019-08-30 03:52:16 [WARN] ID#185 - 下载链接过期或系统时间不正确，请删除任务重新下载(-5) FILE="D:/下载/03.2020强化班-张宇/01.2020高数强化班-张宇（完）/07.第七讲/06.第七讲 04求和问题（仅数一数三）.mp4" SIZE="472134702"
2019-08-30 03:52:16 [WARN] ID#162 - 下载链接过期或系统时间不正确，请删除任务重新下载(-5) FILE="D:/下载/03.2020强化班-张宇/02.2020线代强化班-张宇（完）/03.第三讲/第三讲 01具体型方程组01.mp4" SIZE="382598860"
2019-08-30 03:52:16 [WARN] ID#186 - 下载链接过期或系统时间不正确，请删除任务重新下载(-5) FILE="D:/下载/03.2020强化班-张宇/01.2020高数强化班-张宇（完）/07.第七讲/05.第七讲 03展开问题（仅数一数三）.mp4" SIZE="248769523"
2019-08-30 03:52:16 [WARN] ID#163 - 下载链接过期或系统时间不正确，请删除任务重新下载(-5) FILE="D:/下载/03.2020强化班-张宇/02.2020线代强化班-张宇（完）/02.第二讲/第二讲 04 矩阵的秩02.mp4" SIZE="308963860"
2019-08-30 03:52:16 [WARN] ID#187 - 下载链接过期或系统时间不正确，请删除任务重新下载(-5) FILE="D:/下载/03.2020强化班-张宇/01.2020高数强化班-张宇（完）/07.第七讲/04.第七讲 02幂级数（仅数一数三）.mp4" SIZE="280468529"
2019-08-30 03:52:16 [WARN] ID#164 - 下载链接过期或系统时间不正确，请删除任务重新下载(-5) FILE="D:/下载/03.2020强化班-张宇/02.2020线代强化班-张宇（完）/02.第二讲/第二讲 04 矩阵的秩01.mp4" SIZE="354938548"
2019-08-30 03:52:16 [WARN] ID#188 - 下载链接过期或系统时间不正确，请删除任务重新下载(-5) FILE="D:/下载/03.2020强化班-张宇/01.2020高数强化班-张宇（完）/07.第七讲/03.第七讲&01数项级数03（仅数一数三）.mp4" SIZE="323716008"
2019-08-30 03:52:17 [WARN] ID#165 - 下载链接过期或系统时间不正确，请删除任务重新下载(-5) FILE="D:/下载/03.2020强化班-张宇/02.2020线代强化班-张宇（完）/02.第二讲/第二讲 03 矩阵方程.mp4" SIZE="223240368"
2019-08-30 03:52:17 [WARN] ID#189 - 下载链接过期或系统时间不正确，请删除任务重新下载(-5) FILE="D:/下载/03.2020强化班-张宇/01.2020高数强化班-张宇（完）/07.第七讲/02.第七讲&01数项级数02（仅数一数三）.mp4" SIZE="273185162"
2019-08-30 03:52:17 [WARN] ID#166 - 下载链接过期或系统时间不正确，请删除任务重新下载(-5) FILE="D:/下载/03.2020强化班-张宇/02.2020线代强化班-张宇（完）/02.第二讲/第二讲 02 求矩阵A的逆02.mp4" SIZE="470565138"
2019-08-30 03:52:17 [WARN] ID#190 - 下载链接过期或系统时间不正确，请删除任务重新下载(-5) FILE="D:/下载/03.2020强化班-张宇/01.2020高数强化班-张宇（完）/07.第七讲/01.第七讲 01数项级数01（仅数一数三）.mp4" SIZE="458784487"
2019-08-30 03:52:17 [WARN] ID#167 - 下载链接过期或系统时间不正确，请删除任务重新下载(-5) FILE="D:/下载/03.2020强化班-张宇/02.2020线代强化班-张宇（完）/02.第二讲/第二讲 02 矩阵A的伴随01.mp4" SIZE="367637097"
2019-08-30 03:52:17 [WARN] ID#191 - 下载链接过期或系统时间不正确，请删除任务重新下载(-5) FILE="D:/下载/03.2020强化班-张宇/01.2020高数强化班-张宇（完）/06.第六讲/06.第六讲 05差分方程（仅数三）.mp4" SIZE="196735399"
2019-08-30 03:52:17 [WARN] ID#168 - 下载链接过期或系统时间不正确，请删除任务重新下载(-5) FILE="D:/下载/03.2020强化班-张宇/02.2020线代强化班-张宇（完）/02.第二讲/第二讲 02 初等矩阵03.mp4" SIZE="389070094"
2019-08-30 03:52:17 [WARN] ID#192 - 下载链接过期或系统时间不正确，请删除任务重新下载(-5) FILE="D:/下载/03.2020强化班-张宇/01.2020高数强化班-张宇（完）/06.第六讲/05.第六讲 04微分方程的应用.mp4" SIZE="391903461"
2019-08-30 03:52:18 [WARN] ID#169 - 下载链接过期或系统时间不正确，请删除任务重新下载(-5) FILE="D:/下载/03.2020强化班-张宇/02.2020线代强化班-张宇（完）/02.第二讲/第二讲 01 求矩阵A的n次方.mp4" SIZE="377741940"
2019-08-30 03:52:18 [WARN] ID#193 - 下载链接过期或系统时间不正确，请删除任务重新下载(-5) FILE="D:/下载/03.2020强化班-张宇/01.2020高数强化班-张宇（完）/06.第六讲/04.第六讲 03高阶常系数线性微分方程求解.mp4" SIZE="469196915"
2019-08-30 03:52:18 [WARN] ID#170 - 下载链接过期或系统时间不正确，请删除任务重新下载(-5) FILE="D:/下载/03.2020强化班-张宇/02.2020线代强化班-张宇（完）/01.第一讲/第一讲 行列式05.mp4" SIZE="493626607"
2019-08-30 03:52:18 [WARN] ID#194 - 下载链接过期或系统时间不正确，请删除任务重新下载(-5) FILE="D:/下载/03.2020强化班-张宇/01.2020高数强化班-张宇（完）/06.第六讲/03.第六讲 02二阶可降阶微分方程求解.mp4" SIZE="335824557"
2019-08-30 03:52:18 [WARN] ID#171 - 下载链接过期或系统时间不正确，请删除任务重新下载(-5) FILE="D:/下载/03.2020强化班-张宇/02.2020线代强化班-张宇（完）/01.第一讲/第一讲 行列式04.mp4" SIZE="355647640"
2019-08-30 03:52:18 [WARN] ID#195 - 下载链接过期或系统时间不正确，请删除任务重新下载(-5) FILE="D:/下载/03.2020强化班-张宇/01.2020高数强化班-张宇（完）/06.第六讲/02.第六讲 01一阶微分方程求解02.mp4" SIZE="295718713"
2019-08-30 03:52:18 [WARN] ID#172 - 下载链接过期或系统时间不正确，请删除任务重新下载(-5) FILE="D:/下载/03.2020强化班-张宇/02.2020线代强化班-张宇（完）/01.第一讲/第一讲 行列式03.mp4" SIZE="347471654"
2019-08-30 03:52:18 [WARN] ID#196 - 下载链接过期或系统时间不正确，请删除任务重新下载(-5) FILE="D:/下载/03.2020强化班-张宇/01.2020高数强化班-张宇（完）/06.第六讲/01.第六讲 01一阶微分方程求解01.mp4" SIZE="314705019"
2019-08-30 03:52:18 [WARN] ID#173 - 下载链接过期或系统时间不正确，请删除任务重新下载(-5) FILE="D:/下载/03.2020强化班-张宇/02.2020线代强化班-张宇（完）/01.第一讲/第一讲 行列式02.mp4" SIZE="298318320"
2019-08-30 03:52:18 [WARN] ID#197 - 下载链接过期或系统时间不正确，请删除任务重新下载(-5) FILE="D:/下载/03.2020强化班-张宇/01.2020高数强化班-张宇（完）/05.第五讲/03.第五讲 02二重积分计算02.mp4" SIZE="381972905"
2019-08-30 03:52:19 [WARN] ID#174 - 下载链接过期或系统时间不正确，请删除任务重新下载(-5) FILE="D:/下载/03.2020强化班-张宇/02.2020线代强化班-张宇（完）/01.第一讲/第一讲 行列式01.mp4" SIZE="495158452"
2019-08-30 03:52:19 [WARN] ID#198 - 下载链接过期或系统时间不正确，请删除任务重新下载(-5) FILE="D:/下载/03.2020强化班-张宇/01.2020高数强化班-张宇（完）/05.第五讲/02.第五讲 02二重积分计算01.mp4" SIZE="479772925"
2019-08-30 03:52:19 [WARN] ID#175 - 下载链接过期或系统时间不正确，请删除任务重新下载(-5) FILE="D:/下载/03.2020强化班-张宇/02.2020线代强化班-张宇（完）/00.综述/综述.mp4" SIZE="287189053"
2019-08-30 03:52:19 [WARN] ID#199 - 下载链接过期或系统时间不正确，请删除任务重新下载(-5) FILE="D:/下载/03.2020强化班-张宇/01.2020高数强化班-张宇（完）/05.第五讲/01.第五讲 01二重积分概念.mp4" SIZE="518149425"
2019-08-30 03:52:19 [WARN] ID#176 - 下载链接过期或系统时间不正确，请删除任务重新下载(-5) FILE="D:/下载/03.2020强化班-张宇/01.2020高数强化班-张宇（完）/08.第八讲/第八讲 05第二型曲面积分（仅数一）.mp4" SIZE="380970107"
2019-08-30 03:52:19 [WARN] ID#200 - 下载链接过期或系统时间不正确，请删除任务重新下载(-5) FILE="D:/下载/03.2020强化班-张宇/01.2020高数强化班-张宇（完）/04.第四讲/07.第四讲 05偏微分方程.mp4" SIZE="332486000"
2019-08-30 03:52:19 [WARN] ID#177 - 下载链接过期或系统时间不正确，请删除任务重新下载(-5) FILE="D:/下载/03.2020强化班-张宇/01.2020高数强化班-张宇（完）/08.第八讲/第八讲 04第二型曲线积分02（仅数一）.mp4" SIZE="287443480"
2019-08-30 03:52:19 [WARN] ID#201 - 下载链接过期或系统时间不正确，请删除任务重新下载(-5) FILE="D:/下载/03.2020强化班-张宇/01.2020高数强化班-张宇（完）/04.第四讲/06.第四讲 04多元函数的极、最值02.mp4" SIZE="249997637"
2019-08-30 03:52:20 [WARN] ID#178 - 下载链接过期或系统时间不正确，请删除任务重新下载(-5) FILE="D:/下载/03.2020强化班-张宇/01.2020高数强化班-张宇（完）/08.第八讲/第八讲 04第二型曲线积分01（仅数一）.mp4" SIZE="248105608"
2019-08-30 03:52:20 [WARN] ID#202 - 下载链接过期或系统时间不正确，请删除任务重新下载(-5) FILE="D:/下载/03.2020强化班-张宇/01.2020高数强化班-张宇（完）/04.第四讲/05.第四讲 04多元函数的极、最值01.mp4" SIZE="314686846"
2019-08-30 03:52:20 [WARN] ID#179 - 下载链接过期或系统时间不正确，请删除任务重新下载(-5) FILE="D:/下载/03.2020强化班-张宇/01.2020高数强化班-张宇（完）/08.第八讲/第八讲 03第一型曲线、曲面积分（仅数一）.mp4" SIZE="347522251"
2019-08-30 03:52:20 [WARN] ID#203 - 下载链接过期或系统时间不正确，请删除任务重新下载(-5) FILE="D:/下载/03.2020强化班-张宇/01.2020高数强化班-张宇（完）/04.第四讲/04.第四讲 03隐函数求导法.mp4" SIZE="439354739"
2019-08-30 03:52:20 [WARN] ID#180 - 下载链接过期或系统时间不正确，请删除任务重新下载(-5) FILE="D:/下载/03.2020强化班-张宇/01.2020高数强化班-张宇（完）/08.第八讲/第八讲 02三重积分02（仅数一）  .mp4" SIZE="350543440"
2019-08-30 03:52:20 [WARN] ID#204 - 下载链接过期或系统时间不正确，请删除任务重新下载(-5) FILE="D:/下载/03.2020强化班-张宇/01.2020高数强化班-张宇（完）/04.第四讲/03.第四讲 02复合函数求导法.mp4" SIZE="388568906"
2019-08-30 03:52:20 [WARN] ID#181 - 下载链接过期或系统时间不正确，请删除任务重新下载(-5) FILE="D:/下载/03.2020强化班-张宇/01.2020高数强化班-张宇（完）/08.第八讲/第八讲 02三重积分01（仅数一）.mp4" SIZE="301530848"
2019-08-30 03:52:20 [WARN] ID#205 - 下载链接过期或系统时间不正确，请删除任务重新下载(-5) FILE="D:/下载/03.2020强化班-张宇/01.2020高数强化班-张宇（完）/04.第四讲/02.第四讲 01概念02.mp4" SIZE="480054370"
2019-08-30 03:52:21 [WARN] ID#182 - 下载链接过期或系统时间不正确，请删除任务重新下载(-5) FILE="D:/下载/03.2020强化班-张宇/01.2020高数强化班-张宇（完）/08.第八讲/第八讲 01预备知识02（仅数一）.mp4" SIZE="301361103"
2019-08-30 03:52:21 [WARN] ID#206 - 下载链接过期或系统时间不正确，请删除任务重新下载(-5) FILE="D:/下载/03.2020强化班-张宇/01.2020高数强化班-张宇（完）/04.第四讲/01.第四讲 01概念01.mp4" SIZE="391316066"
2019-08-30 03:52:21 [WARN] ID#183 - 下载链接过期或系统时间不正确，请删除任务重新下载(-5) FILE="D:/下载/03.2020强化班-张宇/01.2020高数强化班-张宇（完）/08.第八讲/第八讲 01预备知识01（仅数一）.mp4" SIZE="377927716"
2019-08-30 03:52:21 [WARN] ID#207 - 下载链接过期或系统时间不正确，请删除任务重新下载(-5) FILE="D:/下载/03.2020强化班-张宇/01.2020高数强化班-张宇（完）/03.第三讲/14.第三讲 06物理应用（数一数二）.mp4" SIZE="458194145"
2019-08-30 03:52:22 [WARN] ID#184 - 下载链接过期或系统时间不正确，请删除任务重新下载(-5) FILE="D:/下载/03.2020强化班-张宇/01.2020高数强化班-张宇（完）/07.第七讲/07.第七讲 05傅里叶级数（仅数一）.mp4" SIZE="233766431"
2019-08-30 03:52:22 [WARN] ID#208 - 下载链接过期或系统时间不正确，请删除任务重新下载(-5) FILE="D:/下载/03.2020强化班-张宇/01.2020高数强化班-张宇（完）/03.第三讲/13.第三讲 06经济应用（数三）.mp4" SIZE="82295167"
2019-08-30 03:52:22 [WARN] ID#185 - 下载链接过期或系统时间不正确，请删除任务重新下载(-5) FILE="D:/下载/03.2020强化班-张宇/01.2020高数强化班-张宇（完）/07.第七讲/06.第七讲 04求和问题（仅数一数三）.mp4" SIZE="472134702"
2019-08-30 03:52:22 [WARN] ID#209 - 下载链接过期或系统时间不正确，请删除任务重新下载(-5) FILE="D:/下载/03.2020强化班-张宇/01.2020高数强化班-张宇（完）/03.第三讲/12.第三讲 06几何应用03.mp4" SIZE="364990158"
2019-08-30 03:52:22 [WARN] ID#186 - 下载链接过期或系统时间不正确，请删除任务重新下载(-5) FILE="D:/下载/03.2020强化班-张宇/01.2020高数强化班-张宇（完）/07.第七讲/05.第七讲 03展开问题（仅数一数三）.mp4" SIZE="248769523"
2019-08-30 03:52:22 [WARN] ID#210 - 下载链接过期或系统时间不正确，请删除任务重新下载(-5) FILE="D:/下载/03.2020强化班-张宇/01.2020高数强化班-张宇（完）/03.第三讲/11.第三讲 06几何应用02.mp4" SIZE="380706433"
2019-08-30 03:52:23 [WARN] ID#187 - 下载链接过期或系统时间不正确，请删除任务重新下载(-5) FILE="D:/下载/03.2020强化班-张宇/01.2020高数强化班-张宇（完）/07.第七讲/04.第七讲 02幂级数（仅数一数三）.mp4" SIZE="280468529"
2019-08-30 03:52:23 [WARN] ID#211 - 下载链接过期或系统时间不正确，请删除任务重新下载(-5) FILE="D:/下载/03.2020强化班-张宇/01.2020高数强化班-张宇（完）/03.第三讲/10.第三讲 06 几何应用01.mp4" SIZE="167572916"
2019-08-30 03:52:23 [WARN] ID#188 - 下载链接过期或系统时间不正确，请删除任务重新下载(-5) FILE="D:/下载/03.2020强化班-张宇/01.2020高数强化班-张宇（完）/07.第七讲/03.第七讲&01数项级数03（仅数一数三）.mp4" SIZE="323716008"
2019-08-30 03:52:23 [WARN] ID#212 - 下载链接过期或系统时间不正确，请删除任务重新下载(-5) FILE="D:/下载/03.2020强化班-张宇/01.2020高数强化班-张宇（完）/03.第三讲/09.第三讲&05积分等式与不等式02.mp4" SIZE="315502369"
2019-08-30 03:52:23 [WARN] ID#189 - 下载链接过期或系统时间不正确，请删除任务重新下载(-5) FILE="D:/下载/03.2020强化班-张宇/01.2020高数强化班-张宇（完）/07.第七讲/02.第七讲&01数项级数02（仅数一数三）.mp4" SIZE="273185162"
2019-08-30 03:52:23 [WARN] ID#213 - 下载链接过期或系统时间不正确，请删除任务重新下载(-5) FILE="D:/下载/03.2020强化班-张宇/01.2020高数强化班-张宇（完）/03.第三讲/08.第三讲 05积分等式与不等式01.mp4" SIZE="316290471"
2019-08-30 03:52:24 [WARN] ID#190 - 下载链接过期或系统时间不正确，请删除任务重新下载(-5) FILE="D:/下载/03.2020强化班-张宇/01.2020高数强化班-张宇（完）/07.第七讲/01.第七讲 01数项级数01（仅数一数三）.mp4" SIZE="458784487"
2019-08-30 03:52:24 [WARN] ID#214 - 下载链接过期或系统时间不正确，请删除任务重新下载(-5) FILE="D:/下载/03.2020强化班-张宇/01.2020高数强化班-张宇（完）/03.第三讲/07.第三讲 04变限积分的计算.mp4" SIZE="306841857"
2019-08-30 03:52:24 [WARN] ID#191 - 下载链接过期或系统时间不正确，请删除任务重新下载(-5) FILE="D:/下载/03.2020强化班-张宇/01.2020高数强化班-张宇（完）/06.第六讲/06.第六讲 05差分方程（仅数三）.mp4" SIZE="196735399"
2019-08-30 03:52:24 [WARN] ID#215 - 下载链接过期或系统时间不正确，请删除任务重新下载(-5) FILE="D:/下载/03.2020强化班-张宇/01.2020高数强化班-张宇（完）/03.第三讲/06.第三讲 03定积分的计算02.mp4" SIZE="226607071"
2019-08-30 03:52:24 [WARN] ID#192 - 下载链接过期或系统时间不正确，请删除任务重新下载(-5) FILE="D:/下载/03.2020强化班-张宇/01.2020高数强化班-张宇（完）/06.第六讲/05.第六讲 04微分方程的应用.mp4" SIZE="391903461"
2019-08-30 03:52:24 [WARN] ID#216 - 下载链接过期或系统时间不正确，请删除任务重新下载(-5) FILE="D:/下载/03.2020强化班-张宇/01.2020高数强化班-张宇（完）/03.第三讲/05.第三讲 03定积分的计算01.mp4" SIZE="387499859"
2019-08-30 03:52:24 [WARN] ID#193 - 下载链接过期或系统时间不正确，请删除任务重新下载(-5) FILE="D:/下载/03.2020强化班-张宇/01.2020高数强化班-张宇（完）/06.第六讲/04.第六讲 03高阶常系数线性微分方程求解.mp4" SIZE="469196915"
2019-08-30 03:52:24 [WARN] ID#217 - 下载链接过期或系统时间不正确，请删除任务重新下载(-5) FILE="D:/下载/03.2020强化班-张宇/01.2020高数强化班-张宇（完）/03.第三讲/04.第三讲 02不定积分的计算02.mp4" SIZE="293604052"
2019-08-30 03:52:25 [WARN] ID#194 - 下载链接过期或系统时间不正确，请删除任务重新下载(-5) FILE="D:/下载/03.2020强化班-张宇/01.2020高数强化班-张宇（完）/06.第六讲/03.第六讲 02二阶可降阶微分方程求解.mp4" SIZE="335824557"
2019-08-30 03:52:25 [WARN] ID#218 - 下载链接过期或系统时间不正确，请删除任务重新下载(-5) FILE="D:/下载/03.2020强化班-张宇/01.2020高数强化班-张宇（完）/03.第三讲/03.第三讲 02不定积分的计算01.mp4" SIZE="276178267"
2019-08-30 03:52:25 [WARN] ID#195 - 下载链接过期或系统时间不正确，请删除任务重新下载(-5) FILE="D:/下载/03.2020强化班-张宇/01.2020高数强化班-张宇（完）/06.第六讲/02.第六讲 01一阶微分方程求解02.mp4" SIZE="295718713"
2019-08-30 03:52:25 [WARN] ID#219 - 下载链接过期或系统时间不正确，请删除任务重新下载(-5) FILE="D:/下载/03.2020强化班-张宇/01.2020高数强化班-张宇（完）/03.第三讲/02.第三讲 01概念与性质02.mp4" SIZE="612740730"
2019-08-30 03:52:25 [WARN] ID#196 - 下载链接过期或系统时间不正确，请删除任务重新下载(-5) FILE="D:/下载/03.2020强化班-张宇/01.2020高数强化班-张宇（完）/06.第六讲/01.第六讲 01一阶微分方程求解01.mp4" SIZE="314705019"
2019-08-30 03:52:25 [WARN] ID#220 - 下载链接过期或系统时间不正确，请删除任务重新下载(-5) FILE="D:/下载/03.2020强化班-张宇/01.2020高数强化班-张宇（完）/03.第三讲/01.第三讲 01概念与性质01.mp4" SIZE="543174215"
2019-08-30 03:52:25 [WARN] ID#197 - 下载链接过期或系统时间不正确，请删除任务重新下载(-5) FILE="D:/下载/03.2020强化班-张宇/01.2020高数强化班-张宇（完）/05.第五讲/03.第五讲 02二重积分计算02.mp4" SIZE="381972905"
2019-08-30 03:52:25 [WARN] ID#221 - 下载链接过期或系统时间不正确，请删除任务重新下载(-5) FILE="D:/下载/03.2020强化班-张宇/01.2020高数强化班-张宇（完）/02.第二讲/11.第二讲 05物理应用（仅数一数二）.mp4" SIZE="94362238"
2019-08-30 03:52:26 [WARN] ID#198 - 下载链接过期或系统时间不正确，请删除任务重新下载(-5) FILE="D:/下载/03.2020强化班-张宇/01.2020高数强化班-张宇（完）/05.第五讲/02.第五讲 02二重积分计算01.mp4" SIZE="479772925"
2019-08-30 03:52:26 [WARN] ID#222 - 下载链接过期或系统时间不正确，请删除任务重新下载(-5) FILE="D:/下载/03.2020强化班-张宇/01.2020高数强化班-张宇（完）/02.第二讲/10.第二讲 05经济应用（仅数三）.mp4" SIZE="147230020"
2019-08-30 03:52:26 [WARN] ID#199 - 下载链接过期或系统时间不正确，请删除任务重新下载(-5) FILE="D:/下载/03.2020强化班-张宇/01.2020高数强化班-张宇（完）/05.第五讲/01.第五讲 01二重积分概念.mp4" SIZE="518149425"
2019-08-30 03:52:26 [WARN] ID#223 - 下载链接过期或系统时间不正确，请删除任务重新下载(-5) FILE="D:/下载/03.2020强化班-张宇/01.2020高数强化班-张宇（完）/02.第二讲/09.第二讲 04中值定理02.mp4" SIZE="799538874"
2019-08-30 03:52:26 [WARN] ID#200 - 下载链接过期或系统时间不正确，请删除任务重新下载(-5) FILE="D:/下载/03.2020强化班-张宇/01.2020高数强化班-张宇（完）/04.第四讲/07.第四讲 05偏微分方程.mp4" SIZE="332486000"
2019-08-30 03:52:26 [WARN] ID#224 - 下载链接过期或系统时间不正确，请删除任务重新下载(-5) FILE="D:/下载/03.2020强化班-张宇/01.2020高数强化班-张宇（完）/02.第二讲/08.第二讲 04中值定理01.mp4" SIZE="324362789"
2019-08-30 03:52:26 [WARN] ID#201 - 下载链接过期或系统时间不正确，请删除任务重新下载(-5) FILE="D:/下载/03.2020强化班-张宇/01.2020高数强化班-张宇（完）/04.第四讲/06.第四讲 04多元函数的极、最值02.mp4" SIZE="249997637"
2019-08-30 03:52:26 [WARN] ID#225 - 下载链接过期或系统时间不正确，请删除任务重新下载(-5) FILE="D:/下载/03.2020强化班-张宇/01.2020高数强化班-张宇（完）/02.第二讲/07.第二讲 04等式问题.mp4" SIZE="119696969"
2019-08-30 03:52:27 [WARN] ID#202 - 下载链接过期或系统时间不正确，请删除任务重新下载(-5) FILE="D:/下载/03.2020强化班-张宇/01.2020高数强化班-张宇（完）/04.第四讲/05.第四讲 04多元函数的极、最值01.mp4" SIZE="314686846"
2019-08-30 03:52:27 [WARN] ID#226 - 下载链接过期或系统时间不正确，请删除任务重新下载(-5) FILE="D:/下载/03.2020强化班-张宇/01.2020高数强化班-张宇（完）/02.第二讲/06.第二讲 04不等式问题.mp4" SIZE="444395975"
2019-08-30 03:52:27 [WARN] ID#203 - 下载链接过期或系统时间不正确，请删除任务重新下载(-5) FILE="D:/下载/03.2020强化班-张宇/01.2020高数强化班-张宇（完）/04.第四讲/04.第四讲 03隐函数求导法.mp4" SIZE="439354739"
2019-08-30 03:52:27 [WARN] ID#227 - 下载链接过期或系统时间不正确，请删除任务重新下载(-5) FILE="D:/下载/03.2020强化班-张宇/01.2020高数强化班-张宇（完）/02.第二讲/05.第二讲 03导数的几何应用02.mp4" SIZE="350729548"
2019-08-30 03:52:27 [WARN] ID#204 - 下载链接过期或系统时间不正确，请删除任务重新下载(-5) FILE="D:/下载/03.2020强化班-张宇/01.2020高数强化班-张宇（完）/04.第四讲/03.第四讲 02复合函数求导法.mp4" SIZE="388568906"
2019-08-30 03:52:27 [WARN] ID#228 - 下载链接过期或系统时间不正确，请删除任务重新下载(-5) FILE="D:/下载/03.2020强化班-张宇/01.2020高数强化班-张宇（完）/02.第二讲/04.第二讲 03导数的几何应用01.mp4" SIZE="664639076"
2019-08-30 03:52:27 [WARN] ID#205 - 下载链接过期或系统时间不正确，请删除任务重新下载(-5) FILE="D:/下载/03.2020强化班-张宇/01.2020高数强化班-张宇（完）/04.第四讲/02.第四讲 01概念02.mp4" SIZE="480054370"
2019-08-30 03:52:27 [WARN] ID#229 - 下载链接过期或系统时间不正确，请删除任务重新下载(-5) FILE="D:/下载/03.2020强化班-张宇/01.2020高数强化班-张宇（完）/02.第二讲/03.第二讲 02导数的计算02.mp4" SIZE="343587404"
2019-08-30 03:52:28 [WARN] ID#206 - 下载链接过期或系统时间不正确，请删除任务重新下载(-5) FILE="D:/下载/03.2020强化班-张宇/01.2020高数强化班-张宇（完）/04.第四讲/01.第四讲 01概念01.mp4" SIZE="391316066"
2019-08-30 03:52:28 [WARN] ID#230 - 下载链接过期或系统时间不正确，请删除任务重新下载(-5) FILE="D:/下载/03.2020强化班-张宇/01.2020高数强化班-张宇（完）/02.第二讲/02.第二讲 02导数的计算01.mp4" SIZE="488615426"
2019-08-30 03:52:28 [WARN] ID#207 - 下载链接过期或系统时间不正确，请删除任务重新下载(-5) FILE="D:/下载/03.2020强化班-张宇/01.2020高数强化班-张宇（完）/03.第三讲/14.第三讲 06物理应用（数一数二）.mp4" SIZE="458194145"
2019-08-30 03:52:28 [WARN] ID#231 - 下载链接过期或系统时间不正确，请删除任务重新下载(-5) FILE="D:/下载/03.2020强化班-张宇/01.2020高数强化班-张宇（完）/02.第二讲/01.第二讲 01导数的定义.mp4" SIZE="554890320"
2019-08-30 03:52:28 [WARN] ID#208 - 下载链接过期或系统时间不正确，请删除任务重新下载(-5) FILE="D:/下载/03.2020强化班-张宇/01.2020高数强化班-张宇（完）/03.第三讲/13.第三讲 06经济应用（数三）.mp4" SIZE="82295167"
2019-08-30 03:52:28 [WARN] ID#232 - 下载链接过期或系统时间不正确，请删除任务重新下载(-5) FILE="D:/下载/03.2020强化班-张宇/01.2020高数强化班-张宇（完）/01.第一讲/12.第一讲 06 数列极限的存在性与计算04.mp4" SIZE="521351159"
2019-08-30 03:52:29 [WARN] ID#209 - 下载链接过期或系统时间不正确，请删除任务重新下载(-5) FILE="D:/下载/03.2020强化班-张宇/01.2020高数强化班-张宇（完）/03.第三讲/12.第三讲 06几何应用03.mp4" SIZE="364990158"
2019-08-30 03:52:29 [WARN] ID#233 - 下载链接过期或系统时间不正确，请删除任务重新下载(-5) FILE="D:/下载/03.2020强化班-张宇/01.2020高数强化班-张宇（完）/01.第一讲/11.第一讲 06 数列极限的存在性与计算03.mp4" SIZE="303326497"
2019-08-30 03:52:29 [WARN] ID#210 - 下载链接过期或系统时间不正确，请删除任务重新下载(-5) FILE="D:/下载/03.2020强化班-张宇/01.2020高数强化班-张宇（完）/03.第三讲/11.第三讲 06几何应用02.mp4" SIZE="380706433"
2019-08-30 03:52:29 [WARN] ID#234 - 下载链接过期或系统时间不正确，请删除任务重新下载(-5) FILE="D:/下载/03.2020强化班-张宇/01.2020高数强化班-张宇（完）/01.第一讲/10.第一讲 06 数列极限的存在性与计算02.mp4" SIZE="477866536"
2019-08-30 03:52:29 [WARN] ID#211 - 下载链接过期或系统时间不正确，请删除任务重新下载(-5) FILE="D:/下载/03.2020强化班-张宇/01.2020高数强化班-张宇（完）/03.第三讲/10.第三讲 06 几何应用01.mp4" SIZE="167572916"
2019-08-30 03:52:29 [WARN] ID#235 - 下载链接过期或系统时间不正确，请删除任务重新下载(-5) FILE="D:/下载/03.2020强化班-张宇/01.2020高数强化班-张宇（完）/01.第一讲/09.第一讲 06 数列极限的存在性与计算01.mp4" SIZE="686792286"
2019-08-30 03:52:29 [WARN] ID#212 - 下载链接过期或系统时间不正确，请删除任务重新下载(-5) FILE="D:/下载/03.2020强化班-张宇/01.2020高数强化班-张宇（完）/03.第三讲/09.第三讲&05积分等式与不等式02.mp4" SIZE="315502369"
2019-08-30 03:52:29 [WARN] ID#236 - 下载链接过期或系统时间不正确，请删除任务重新下载(-5) FILE="D:/下载/03.2020强化班-张宇/01.2020高数强化班-张宇（完）/01.第一讲/08.第一讲05数列极限的定义及使用.mp4" SIZE="74335096"
2019-08-30 03:52:30 [WARN] ID#213 - 下载链接过期或系统时间不正确，请删除任务重新下载(-5) FILE="D:/下载/03.2020强化班-张宇/01.2020高数强化班-张宇（完）/03.第三讲/08.第三讲 05积分等式与不等式01.mp4" SIZE="316290471"
2019-08-30 03:52:30 [WARN] ID#237 - 下载链接过期或系统时间不正确，请删除任务重新下载(-5) FILE="D:/下载/03.2020强化班-张宇/01.2020高数强化班-张宇（完）/01.第一讲/07.第一讲04 函数极限的应用.mp4" SIZE="176022215"
2019-08-30 03:52:30 [WARN] ID#214 - 下载链接过期或系统时间不正确，请删除任务重新下载(-5) FILE="D:/下载/03.2020强化班-张宇/01.2020高数强化班-张宇（完）/03.第三讲/07.第三讲 04变限积分的计算.mp4" SIZE="306841857"
2019-08-30 03:52:30 [WARN] ID#238 - 下载链接过期或系统时间不正确，请删除任务重新下载(-5) FILE="D:/下载/03.2020强化班-张宇/01.2020高数强化班-张宇（完）/01.第一讲/06.第一讲 03函数极限的存在性.mp4" SIZE="503908500"
2019-08-30 03:52:30 [WARN] ID#215 - 下载链接过期或系统时间不正确，请删除任务重新下载(-5) FILE="D:/下载/03.2020强化班-张宇/01.2020高数强化班-张宇（完）/03.第三讲/06.第三讲 03定积分的计算02.mp4" SIZE="226607071"
2019-08-30 03:52:30 [WARN] ID#239 - 下载链接过期或系统时间不正确，请删除任务重新下载(-5) FILE="D:/下载/03.2020强化班-张宇/01.2020高数强化班-张宇（完）/01.第一讲/05.第一讲 02函数极限的计算03.mp4" SIZE="431006510"
2019-08-30 03:52:31 [WARN] ID#216 - 下载链接过期或系统时间不正确，请删除任务重新下载(-5) FILE="D:/下载/03.2020强化班-张宇/01.2020高数强化班-张宇（完）/03.第三讲/05.第三讲 03定积分的计算01.mp4" SIZE="387499859"
2019-08-30 03:52:31 [WARN] ID#240 - 下载链接过期或系统时间不正确，请删除任务重新下载(-5) FILE="D:/下载/03.2020强化班-张宇/01.2020高数强化班-张宇（完）/01.第一讲/04.第一讲 02函数极限的计算02.mp4" SIZE="451048021"
2019-08-30 03:52:31 [WARN] ID#217 - 下载链接过期或系统时间不正确，请删除任务重新下载(-5) FILE="D:/下载/03.2020强化班-张宇/01.2020高数强化班-张宇（完）/03.第三讲/04.第三讲 02不定积分的计算02.mp4" SIZE="293604052"
2019-08-30 03:52:31 [WARN] ID#241 - 下载链接过期或系统时间不正确，请删除任务重新下载(-5) FILE="D:/下载/03.2020强化班-张宇/01.2020高数强化班-张宇（完）/01.第一讲/03.第一讲 02函数极限的计算01.mp4" SIZE="248495080"
2019-08-30 03:52:31 [WARN] ID#218 - 下载链接过期或系统时间不正确，请删除任务重新下载(-5) FILE="D:/下载/03.2020强化班-张宇/01.2020高数强化班-张宇（完）/03.第三讲/03.第三讲 02不定积分的计算01.mp4" SIZE="276178267"
2019-08-30 03:52:31 [WARN] ID#242 - 下载链接过期或系统时间不正确，请删除任务重新下载(-5) FILE="D:/下载/03.2020强化班-张宇/01.2020高数强化班-张宇（完）/01.第一讲/02.第一讲 01 函数极限的定义及使用02.mp4" SIZE="293592541"
2019-08-30 03:52:31 [WARN] ID#219 - 下载链接过期或系统时间不正确，请删除任务重新下载(-5) FILE="D:/下载/03.2020强化班-张宇/01.2020高数强化班-张宇（完）/03.第三讲/02.第三讲 01概念与性质02.mp4" SIZE="612740730"
2019-08-30 03:52:31 [WARN] ID#243 - 下载链接过期或系统时间不正确，请删除任务重新下载(-5) FILE="D:/下载/03.2020强化班-张宇/01.2020高数强化班-张宇（完）/01.第一讲/01.第一讲 01 函数极限的定义及使用01.mp4" SIZE="314469732"
2019-08-30 03:52:33 [WARN] ID#220 - 下载链接过期或系统时间不正确，请删除任务重新下载(-5) FILE="D:/下载/03.2020强化班-张宇/01.2020高数强化班-张宇（完）/03.第三讲/01.第三讲 01概念与性质01.mp4" SIZE="543174215"
2019-08-30 03:52:33 [WARN] ID#244 - 下载链接过期或系统时间不正确，请删除任务重新下载(-5) FILE="D:/下载/03.2020强化班-张宇/01.2020高数强化班-张宇（完）/00.综述/综述.mp4" SIZE="140239657"
2019-08-30 03:52:33 [WARN] ID#221 - 下载链接过期或系统时间不正确，请删除任务重新下载(-5) FILE="D:/下载/03.2020强化班-张宇/01.2020高数强化班-张宇（完）/02.第二讲/11.第二讲 05物理应用（仅数一数二）.mp4" SIZE="94362238"
2019-08-30 03:52:33 [WARN] ID#245 - 下载链接过期或系统时间不正确，请删除任务重新下载(-5) FILE="D:/下载/03.2020强化班-张宇/官网说明.jpg" SIZE="16776"
2019-08-30 03:52:33 [WARN] ID#222 - 下载链接过期或系统时间不正确，请删除任务重新下载(-5) FILE="D:/下载/03.2020强化班-张宇/01.2020高数强化班-张宇（完）/02.第二讲/10.第二讲 05经济应用（仅数三）.mp4" SIZE="147230020"
2019-08-30 03:52:33 [WARN] ID#246 - 下载链接过期或系统时间不正确，请删除任务重新下载(-5) FILE="D:/下载/03.2020强化班-张宇/2020张宇闭关修炼-试题分册（即2020强化班讲义）.pdf" SIZE="129552256"
2019-08-30 03:52:34 [WARN] ID#223 - 下载链接过期或系统时间不正确，请删除任务重新下载(-5) FILE="D:/下载/03.2020强化班-张宇/01.2020高数强化班-张宇（完）/02.第二讲/09.第二讲 04中值定理02.mp4" SIZE="799538874"
2019-08-30 03:52:34 [WARN] ID#247 - 下载链接过期或系统时间不正确，请删除任务重新下载(-5) FILE="D:/下载/03.2020强化班-张宇/2020张宇闭关修炼-解析分册（即2020强化班讲义）.pdf" SIZE="188933496"
2019-08-30 03:52:34 [WARN] ID#224 - 下载链接过期或系统时间不正确，请删除任务重新下载(-5) FILE="D:/下载/03.2020强化班-张宇/01.2020高数强化班-张宇（完）/02.第二讲/08.第二讲 04中值定理01.mp4" SIZE="324362789"
2019-08-30 03:52:34 [WARN] ID#225 - 下载链接过期或系统时间不正确，请删除任务重新下载(-5) FILE="D:/下载/03.2020强化班-张宇/01.2020高数强化班-张宇（完）/02.第二讲/07.第二讲 04等式问题.mp4" SIZE="119696969"
2019-08-30 03:52:34 [WARN] ID#226 - 下载链接过期或系统时间不正确，请删除任务重新下载(-5) FILE="D:/下载/03.2020强化班-张宇/01.2020高数强化班-张宇（完）/02.第二讲/06.第二讲 04不等式问题.mp4" SIZE="444395975"
2019-08-30 03:52:35 [WARN] ID#227 - 下载链接过期或系统时间不正确，请删除任务重新下载(-5) FILE="D:/下载/03.2020强化班-张宇/01.2020高数强化班-张宇（完）/02.第二讲/05.第二讲 03导数的几何应用02.mp4" SIZE="350729548"
2019-08-30 03:52:35 [WARN] ID#228 - 下载链接过期或系统时间不正确，请删除任务重新下载(-5) FILE="D:/下载/03.2020强化班-张宇/01.2020高数强化班-张宇（完）/02.第二讲/04.第二讲 03导数的几何应用01.mp4" SIZE="664639076"
2019-08-30 03:52:35 [WARN] ID#229 - 下载链接过期或系统时间不正确，请删除任务重新下载(-5) FILE="D:/下载/03.2020强化班-张宇/01.2020高数强化班-张宇（完）/02.第二讲/03.第二讲 02导数的计算02.mp4" SIZE="343587404"
2019-08-30 03:52:35 [WARN] ID#230 - 下载链接过期或系统时间不正确，请删除任务重新下载(-5) FILE="D:/下载/03.2020强化班-张宇/01.2020高数强化班-张宇（完）/02.第二讲/02.第二讲 02导数的计算01.mp4" SIZE="488615426"
2019-08-30 03:52:36 [WARN] ID#231 - 下载链接过期或系统时间不正确，请删除任务重新下载(-5) FILE="D:/下载/03.2020强化班-张宇/01.2020高数强化班-张宇（完）/02.第二讲/01.第二讲 01导数的定义.mp4" SIZE="554890320"
2019-08-30 03:52:36 [WARN] ID#232 - 下载链接过期或系统时间不正确，请删除任务重新下载(-5) FILE="D:/下载/03.2020强化班-张宇/01.2020高数强化班-张宇（完）/01.第一讲/12.第一讲 06 数列极限的存在性与计算04.mp4" SIZE="521351159"
2019-08-30 03:52:36 [WARN] ID#233 - 下载链接过期或系统时间不正确，请删除任务重新下载(-5) FILE="D:/下载/03.2020强化班-张宇/01.2020高数强化班-张宇（完）/01.第一讲/11.第一讲 06 数列极限的存在性与计算03.mp4" SIZE="303326497"
2019-08-30 03:52:37 [WARN] ID#234 - 下载链接过期或系统时间不正确，请删除任务重新下载(-5) FILE="D:/下载/03.2020强化班-张宇/01.2020高数强化班-张宇（完）/01.第一讲/10.第一讲 06 数列极限的存在性与计算02.mp4" SIZE="477866536"
2019-08-30 03:52:37 [WARN] ID#235 - 下载链接过期或系统时间不正确，请删除任务重新下载(-5) FILE="D:/下载/03.2020强化班-张宇/01.2020高数强化班-张宇（完）/01.第一讲/09.第一讲 06 数列极限的存在性与计算01.mp4" SIZE="686792286"
2019-08-30 03:52:37 [WARN] ID#236 - 下载链接过期或系统时间不正确，请删除任务重新下载(-5) FILE="D:/下载/03.2020强化班-张宇/01.2020高数强化班-张宇（完）/01.第一讲/08.第一讲05数列极限的定义及使用.mp4" SIZE="74335096"
2019-08-30 03:52:37 [WARN] ID#237 - 下载链接过期或系统时间不正确，请删除任务重新下载(-5) FILE="D:/下载/03.2020强化班-张宇/01.2020高数强化班-张宇（完）/01.第一讲/07.第一讲04 函数极限的应用.mp4" SIZE="176022215"
2019-08-30 03:52:38 [WARN] ID#238 - 下载链接过期或系统时间不正确，请删除任务重新下载(-5) FILE="D:/下载/03.2020强化班-张宇/01.2020高数强化班-张宇（完）/01.第一讲/06.第一讲 03函数极限的存在性.mp4" SIZE="503908500"
2019-08-30 03:52:38 [WARN] ID#239 - 下载链接过期或系统时间不正确，请删除任务重新下载(-5) FILE="D:/下载/03.2020强化班-张宇/01.2020高数强化班-张宇（完）/01.第一讲/05.第一讲 02函数极限的计算03.mp4" SIZE="431006510"
2019-08-30 03:52:38 [WARN] ID#240 - 下载链接过期或系统时间不正确，请删除任务重新下载(-5) FILE="D:/下载/03.2020强化班-张宇/01.2020高数强化班-张宇（完）/01.第一讲/04.第一讲 02函数极限的计算02.mp4" SIZE="451048021"
2019-08-30 03:52:38 [WARN] ID#241 - 下载链接过期或系统时间不正确，请删除任务重新下载(-5) FILE="D:/下载/03.2020强化班-张宇/01.2020高数强化班-张宇（完）/01.第一讲/03.第一讲 02函数极限的计算01.mp4" SIZE="248495080"
2019-08-30 03:52:39 [WARN] ID#242 - 下载链接过期或系统时间不正确，请删除任务重新下载(-5) FILE="D:/下载/03.2020强化班-张宇/01.2020高数强化班-张宇（完）/01.第一讲/02.第一讲 01 函数极限的定义及使用02.mp4" SIZE="293592541"
2019-08-30 03:52:39 [WARN] ID#243 - 下载链接过期或系统时间不正确，请删除任务重新下载(-5) FILE="D:/下载/03.2020强化班-张宇/01.2020高数强化班-张宇（完）/01.第一讲/01.第一讲 01 函数极限的定义及使用01.mp4" SIZE="314469732"
2019-08-30 03:52:39 [WARN] ID#244 - 下载链接过期或系统时间不正确，请删除任务重新下载(-5) FILE="D:/下载/03.2020强化班-张宇/01.2020高数强化班-张宇（完）/00.综述/综述.mp4" SIZE="140239657"
2019-08-30 03:52:39 [WARN] ID#245 - 下载链接过期或系统时间不正确，请删除任务重新下载(-5) FILE="D:/下载/03.2020强化班-张宇/官网说明.jpg" SIZE="16776"
2019-08-30 03:52:40 [WARN] ID#246 - 下载链接过期或系统时间不正确，请删除任务重新下载(-5) FILE="D:/下载/03.2020强化班-张宇/2020张宇闭关修炼-试题分册（即2020强化班讲义）.pdf" SIZE="129552256"
2019-08-30 03:52:40 [WARN] ID#247 - 下载链接过期或系统时间不正确，请删除任务重新下载(-5) FILE="D:/下载/03.2020强化班-张宇/2020张宇闭关修炼-解析分册（即2020强化班讲义）.pdf" SIZE="188933496"
2019-08-30 03:53:18 [WARN] ID#121 - Failed to receive data, cause: Error: 指定的句柄无效
(80090301)(1) FILE="D:/下载/03.2020强化班-张宇/03.2020概率强化班-张宇/04.第四讲/四、数字特征 04.mp4" SIZE="510204725"
2019-08-30 03:53:18 [WARN] ID#120 - 下载链接过期或系统时间不正确，请删除任务重新下载(-5) FILE="D:/下载/03.2020强化班-张宇/03.2020概率强化班-张宇/04.第四讲/四、数字特征01.mp4" SIZE="551582231"
2019-08-30 03:53:19 [WARN] ID#121 - 下载链接过期或系统时间不正确，请删除任务重新下载(-5) FILE="D:/下载/03.2020强化班-张宇/03.2020概率强化班-张宇/04.第四讲/四、数字特征 04.mp4" SIZE="510204725"
2019-08-30 03:53:19 [WARN] ID#128 - 下载链接过期或系统时间不正确，请删除任务重新下载(-5) FILE="D:/下载/03.2020强化班-张宇/03.2020概率强化班-张宇/03.第三讲/三、01判分布（多维随机变量）.mp4" SIZE="274131177"
2019-08-30 03:53:19 [WARN] ID#129 - 下载链接过期或系统时间不正确，请删除任务重新下载(-5) FILE="D:/下载/03.2020强化班-张宇/03.2020概率强化班-张宇/02.第二讲/二、04求函数分布02(一维随机变量).mp4" SIZE="286710546"
2019-08-30 03:53:19 [WARN] ID#130 - 下载链接过期或系统时间不正确，请删除任务重新下载(-5) FILE="D:/下载/03.2020强化班-张宇/03.2020概率强化班-张宇/02.第二讲/二、04求函数分布01（一维随机变量）.mp4" SIZE="331119703"
2019-08-30 03:53:20 [WARN] ID#131 - 下载链接过期或系统时间不正确，请删除任务重新下载(-5) FILE="D:/下载/03.2020强化班-张宇/03.2020概率强化班-张宇/02.第二讲/二、03用分布（一维随机变量）.mp4" SIZE="244238357"
2019-08-30 03:53:20 [WARN] ID#132 - 下载链接过期或系统时间不正确，请删除任务重新下载(-5) FILE="D:/下载/03.2020强化班-张宇/03.2020概率强化班-张宇/02.第二讲/二、02求分布05（一维随机变量）.mp4" SIZE="391748206"
2019-08-30 03:53:20 [WARN] ID#133 - 下载链接过期或系统时间不正确，请删除任务重新下载(-5) FILE="D:/下载/03.2020强化班-张宇/03.2020概率强化班-张宇/02.第二讲/二、02求分布04（一维随机变量）.mp4" SIZE="365396134"
2019-08-30 03:53:20 [WARN] ID#134 - 下载链接过期或系统时间不正确，请删除任务重新下载(-5) FILE="D:/下载/03.2020强化班-张宇/03.2020概率强化班-张宇/02.第二讲/二、02求分布03（一维随机变量）.mp4" SIZE="387541885"
2019-08-30 03:53:21 [WARN] ID#135 - 下载链接过期或系统时间不正确，请删除任务重新下载(-5) FILE="D:/下载/03.2020强化班-张宇/03.2020概率强化班-张宇/02.第二讲/二、02求分布02（一维随机变量）.mp4" SIZE="441538184"
2019-08-30 03:53:21 [WARN] ID#136 - 下载链接过期或系统时间不正确，请删除任务重新下载(-5) FILE="D:/下载/03.2020强化班-张宇/03.2020概率强化班-张宇/02.第二讲/二、02求分布01（一维随机变量）.mp4" SIZE="315524433"
2019-08-30 03:53:21 [WARN] ID#137 - 下载链接过期或系统时间不正确，请删除任务重新下载(-5) FILE="D:/下载/03.2020强化班-张宇/03.2020概率强化班-张宇/02.第二讲/二、01判分布（一维随机变量）.mp4" SIZE="518502200"
2019-08-30 03:53:21 [WARN] ID#138 - 下载链接过期或系统时间不正确，请删除任务重新下载(-5) FILE="D:/下载/03.2020强化班-张宇/03.2020概率强化班-张宇/01.第一讲/一、04事件的独立性 .mp4" SIZE="460673002"
2019-08-30 03:53:22 [WARN] ID#139 - 下载链接过期或系统时间不正确，请删除任务重新下载(-5) FILE="D:/下载/03.2020强化班-张宇/03.2020概率强化班-张宇/01.第一讲/一、03重要公式求概率03.mp4" SIZE="246164355"
2019-08-30 03:53:22 [WARN] ID#140 - 下载链接过期或系统时间不正确，请删除任务重新下载(-5) FILE="D:/下载/03.2020强化班-张宇/03.2020概率强化班-张宇/01.第一讲/一、03重要公式求概率02.mp4" SIZE="405103840"
2019-08-30 03:53:22 [WARN] ID#141 - 下载链接过期或系统时间不正确，请删除任务重新下载(-5) FILE="D:/下载/03.2020强化班-张宇/03.2020概率强化班-张宇/01.第一讲/一、03重要公式求概率01.mp4" SIZE="392728554"
2019-08-30 03:53:23 [WARN] ID#142 - 下载链接过期或系统时间不正确，请删除任务重新下载(-5) FILE="D:/下载/03.2020强化班-张宇/03.2020概率强化班-张宇/01.第一讲/一、02几何概型求概率.mp4" SIZE="193069492"
2019-08-30 03:53:23 [WARN] ID#143 - 下载链接过期或系统时间不正确，请删除任务重新下载(-5) FILE="D:/下载/03.2020强化班-张宇/03.2020概率强化班-张宇/01.第一讲/一、01古典概型求概率02.mp4" SIZE="326166455"
2019-08-30 03:53:23 [WARN] ID#144 - 下载链接过期或系统时间不正确，请删除任务重新下载(-5) FILE="D:/下载/03.2020强化班-张宇/03.2020概率强化班-张宇/01.第一讲/一、01古典概型求概率01.mp4" SIZE="449761325"
2019-08-30 03:53:23 [WARN] ID#145 - 下载链接过期或系统时间不正确，请删除任务重新下载(-5) FILE="D:/下载/03.2020强化班-张宇/02.2020线代强化班-张宇（完）/06.第六讲/第六讲 04正定二次型.mp4" SIZE="144371031"
2019-08-30 03:53:24 [WARN] ID#146 - 下载链接过期或系统时间不正确，请删除任务重新下载(-5) FILE="D:/下载/03.2020强化班-张宇/02.2020线代强化班-张宇（完）/06.第六讲/第六讲 03实对称矩阵的合同.mp4" SIZE="211757777"
2019-08-30 03:53:24 [WARN] ID#147 - 下载链接过期或系统时间不正确，请删除任务重新下载(-5) FILE="D:/下载/03.2020强化班-张宇/02.2020线代强化班-张宇（完）/06.第六讲/第六讲 02正交变换法.mp4" SIZE="444496528"
2019-08-30 03:53:25 [WARN] ID#148 - 下载链接过期或系统时间不正确，请删除任务重新下载(-5) FILE="D:/下载/03.2020强化班-张宇/02.2020线代强化班-张宇（完）/06.第六讲/第六讲 01配方法.mp4" SIZE="317806333"
2019-08-30 03:53:25 [WARN] ID#149 - 下载链接过期或系统时间不正确，请删除任务重新下载(-5) FILE="D:/下载/03.2020强化班-张宇/02.2020线代强化班-张宇（完）/05.第五讲/第五讲 04实对称矩阵与正交矩阵.mp4" SIZE="332329468"
2019-08-30 03:53:26 [WARN] ID#150 - 下载链接过期或系统时间不正确，请删除任务重新下载(-5) FILE="D:/下载/03.2020强化班-张宇/02.2020线代强化班-张宇（完）/05.第五讲/第五讲 03 A相似于B.mp4" SIZE="404683908"
2019-08-30 03:53:26 [WARN] ID#151 - 下载链接过期或系统时间不正确，请删除任务重新下载(-5) FILE="D:/下载/03.2020强化班-张宇/02.2020线代强化班-张宇（完）/05.第五讲/第五讲 02 A的相似对角化.mp4" SIZE="400405723"
2019-08-30 03:53:26 [WARN] ID#152 - 下载链接过期或系统时间不正确，请删除任务重新下载(-5) FILE="D:/下载/03.2020强化班-张宇/02.2020线代强化班-张宇（完）/05.第五讲/第五讲 01 A的特征值与特征向量02.mp4" SIZE="396489219"
2019-08-30 03:53:26 [WARN] ID#153 - 下载链接过期或系统时间不正确，请删除任务重新下载(-5) FILE="D:/下载/03.2020强化班-张宇/02.2020线代强化班-张宇（完）/05.第五讲/第五讲 01 A的特征值与特征向量01.mp4" SIZE="479360368"
2019-08-30 03:53:27 [WARN] ID#154 - 下载链接过期或系统时间不正确，请删除任务重新下载(-5) FILE="D:/下载/03.2020强化班-张宇/02.2020线代强化班-张宇（完）/04.第四讲/第四讲02抽象型向量关系.mp4" SIZE="143005499"
2019-08-30 03:53:27 [WARN] ID#155 - 下载链接过期或系统时间不正确，请删除任务重新下载(-5) FILE="D:/下载/03.2020强化班-张宇/02.2020线代强化班-张宇（完）/04.第四讲/第四讲01具体型向量关系.mp4" SIZE="513261389"
2019-08-30 03:53:27 [WARN] ID#156 - 下载链接过期或系统时间不正确，请删除任务重新下载(-5) FILE="D:/下载/03.2020强化班-张宇/02.2020线代强化班-张宇（完）/04.第四讲/第四讲 04向量空间（仅数一）.mp4" SIZE="88050887"
2019-08-30 03:53:27 [WARN] ID#157 - 下载链接过期或系统时间不正确，请删除任务重新下载(-5) FILE="D:/下载/03.2020强化班-张宇/02.2020线代强化班-张宇（完）/04.第四讲/第四讲 03 向量组等价.mp4" SIZE="91804448"
2019-08-30 03:53:28 [WARN] ID#158 - 下载链接过期或系统时间不正确，请删除任务重新下载(-5) FILE="D:/下载/03.2020强化班-张宇/02.2020线代强化班-张宇（完）/03.第三讲/第三讲 03线性方程组的几何意义.mp4" SIZE="180367524"
2019-08-30 03:53:28 [WARN] ID#159 - 下载链接过期或系统时间不正确，请删除任务重新下载(-5) FILE="D:/下载/03.2020强化班-张宇/02.2020线代强化班-张宇（完）/03.第三讲/第三讲 02抽象型方程组.mp4" SIZE="515513170"
2019-08-30 03:53:28 [WARN] ID#160 - 下载链接过期或系统时间不正确，请删除任务重新下载(-5) FILE="D:/下载/03.2020强化班-张宇/02.2020线代强化班-张宇（完）/03.第三讲/第三讲 01具体型方程组03.mp4" SIZE="527046414"
2019-08-30 03:53:28 [WARN] ID#161 - 下载链接过期或系统时间不正确，请删除任务重新下载(-5) FILE="D:/下载/03.2020强化班-张宇/02.2020线代强化班-张宇（完）/03.第三讲/第三讲 01具体型方程组02.mp4" SIZE="478766199"
2019-08-30 03:53:29 [WARN] ID#162 - 下载链接过期或系统时间不正确，请删除任务重新下载(-5) FILE="D:/下载/03.2020强化班-张宇/02.2020线代强化班-张宇（完）/03.第三讲/第三讲 01具体型方程组01.mp4" SIZE="382598860"
2019-08-30 03:53:29 [WARN] ID#163 - 下载链接过期或系统时间不正确，请删除任务重新下载(-5) FILE="D:/下载/03.2020强化班-张宇/02.2020线代强化班-张宇（完）/02.第二讲/第二讲 04 矩阵的秩02.mp4" SIZE="308963860"
2019-08-30 03:53:29 [WARN] ID#164 - 下载链接过期或系统时间不正确，请删除任务重新下载(-5) FILE="D:/下载/03.2020强化班-张宇/02.2020线代强化班-张宇（完）/02.第二讲/第二讲 04 矩阵的秩01.mp4" SIZE="354938548"
2019-08-30 03:53:29 [WARN] ID#165 - 下载链接过期或系统时间不正确，请删除任务重新下载(-5) FILE="D:/下载/03.2020强化班-张宇/02.2020线代强化班-张宇（完）/02.第二讲/第二讲 03 矩阵方程.mp4" SIZE="223240368"
2019-08-30 03:53:30 [WARN] ID#166 - 下载链接过期或系统时间不正确，请删除任务重新下载(-5) FILE="D:/下载/03.2020强化班-张宇/02.2020线代强化班-张宇（完）/02.第二讲/第二讲 02 求矩阵A的逆02.mp4" SIZE="470565138"
2019-08-30 03:53:30 [WARN] ID#167 - 下载链接过期或系统时间不正确，请删除任务重新下载(-5) FILE="D:/下载/03.2020强化班-张宇/02.2020线代强化班-张宇（完）/02.第二讲/第二讲 02 矩阵A的伴随01.mp4" SIZE="367637097"
2019-08-30 03:53:30 [WARN] ID#168 - 下载链接过期或系统时间不正确，请删除任务重新下载(-5) FILE="D:/下载/03.2020强化班-张宇/02.2020线代强化班-张宇（完）/02.第二讲/第二讲 02 初等矩阵03.mp4" SIZE="389070094"
2019-08-30 03:53:30 [WARN] ID#169 - 下载链接过期或系统时间不正确，请删除任务重新下载(-5) FILE="D:/下载/03.2020强化班-张宇/02.2020线代强化班-张宇（完）/02.第二讲/第二讲 01 求矩阵A的n次方.mp4" SIZE="377741940"
2019-08-30 03:53:31 [WARN] ID#170 - 下载链接过期或系统时间不正确，请删除任务重新下载(-5) FILE="D:/下载/03.2020强化班-张宇/02.2020线代强化班-张宇（完）/01.第一讲/第一讲 行列式05.mp4" SIZE="493626607"
2019-08-30 03:53:31 [WARN] ID#171 - 下载链接过期或系统时间不正确，请删除任务重新下载(-5) FILE="D:/下载/03.2020强化班-张宇/02.2020线代强化班-张宇（完）/01.第一讲/第一讲 行列式04.mp4" SIZE="355647640"
2019-08-30 03:53:31 [WARN] ID#172 - 下载链接过期或系统时间不正确，请删除任务重新下载(-5) FILE="D:/下载/03.2020强化班-张宇/02.2020线代强化班-张宇（完）/01.第一讲/第一讲 行列式03.mp4" SIZE="347471654"
2019-08-30 03:53:31 [WARN] ID#173 - 下载链接过期或系统时间不正确，请删除任务重新下载(-5) FILE="D:/下载/03.2020强化班-张宇/02.2020线代强化班-张宇（完）/01.第一讲/第一讲 行列式02.mp4" SIZE="298318320"
2019-08-30 03:53:32 [WARN] ID#174 - 下载链接过期或系统时间不正确，请删除任务重新下载(-5) FILE="D:/下载/03.2020强化班-张宇/02.2020线代强化班-张宇（完）/01.第一讲/第一讲 行列式01.mp4" SIZE="495158452"
2019-08-30 03:53:32 [WARN] ID#175 - 下载链接过期或系统时间不正确，请删除任务重新下载(-5) FILE="D:/下载/03.2020强化班-张宇/02.2020线代强化班-张宇（完）/00.综述/综述.mp4" SIZE="287189053"
2019-08-30 03:53:32 [WARN] ID#176 - 下载链接过期或系统时间不正确，请删除任务重新下载(-5) FILE="D:/下载/03.2020强化班-张宇/01.2020高数强化班-张宇（完）/08.第八讲/第八讲 05第二型曲面积分（仅数一）.mp4" SIZE="380970107"
2019-08-30 03:53:33 [WARN] ID#177 - 下载链接过期或系统时间不正确，请删除任务重新下载(-5) FILE="D:/下载/03.2020强化班-张宇/01.2020高数强化班-张宇（完）/08.第八讲/第八讲 04第二型曲线积分02（仅数一）.mp4" SIZE="287443480"
2019-08-30 03:53:33 [WARN] ID#178 - 下载链接过期或系统时间不正确，请删除任务重新下载(-5) FILE="D:/下载/03.2020强化班-张宇/01.2020高数强化班-张宇（完）/08.第八讲/第八讲 04第二型曲线积分01（仅数一）.mp4" SIZE="248105608"
2019-08-30 03:53:33 [WARN] ID#179 - 下载链接过期或系统时间不正确，请删除任务重新下载(-5) FILE="D:/下载/03.2020强化班-张宇/01.2020高数强化班-张宇（完）/08.第八讲/第八讲 03第一型曲线、曲面积分（仅数一）.mp4" SIZE="347522251"
2019-08-30 03:53:33 [WARN] ID#180 - 下载链接过期或系统时间不正确，请删除任务重新下载(-5) FILE="D:/下载/03.2020强化班-张宇/01.2020高数强化班-张宇（完）/08.第八讲/第八讲 02三重积分02（仅数一）  .mp4" SIZE="350543440"
2019-08-30 03:53:34 [WARN] ID#181 - 下载链接过期或系统时间不正确，请删除任务重新下载(-5) FILE="D:/下载/03.2020强化班-张宇/01.2020高数强化班-张宇（完）/08.第八讲/第八讲 02三重积分01（仅数一）.mp4" SIZE="301530848"
2019-08-30 03:53:34 [WARN] ID#182 - 下载链接过期或系统时间不正确，请删除任务重新下载(-5) FILE="D:/下载/03.2020强化班-张宇/01.2020高数强化班-张宇（完）/08.第八讲/第八讲 01预备知识02（仅数一）.mp4" SIZE="301361103"
2019-08-30 03:53:34 [WARN] ID#183 - 下载链接过期或系统时间不正确，请删除任务重新下载(-5) FILE="D:/下载/03.2020强化班-张宇/01.2020高数强化班-张宇（完）/08.第八讲/第八讲 01预备知识01（仅数一）.mp4" SIZE="377927716"
2019-08-30 03:53:35 [WARN] ID#184 - 下载链接过期或系统时间不正确，请删除任务重新下载(-5) FILE="D:/下载/03.2020强化班-张宇/01.2020高数强化班-张宇（完）/07.第七讲/07.第七讲 05傅里叶级数（仅数一）.mp4" SIZE="233766431"
2019-08-30 03:53:35 [WARN] ID#185 - 下载链接过期或系统时间不正确，请删除任务重新下载(-5) FILE="D:/下载/03.2020强化班-张宇/01.2020高数强化班-张宇（完）/07.第七讲/06.第七讲 04求和问题（仅数一数三）.mp4" SIZE="472134702"
2019-08-30 03:53:36 [WARN] ID#186 - 下载链接过期或系统时间不正确，请删除任务重新下载(-5) FILE="D:/下载/03.2020强化班-张宇/01.2020高数强化班-张宇（完）/07.第七讲/05.第七讲 03展开问题（仅数一数三）.mp4" SIZE="248769523"
2019-08-30 03:53:36 [WARN] ID#187 - 下载链接过期或系统时间不正确，请删除任务重新下载(-5) FILE="D:/下载/03.2020强化班-张宇/01.2020高数强化班-张宇（完）/07.第七讲/04.第七讲 02幂级数（仅数一数三）.mp4" SIZE="280468529"
2019-08-30 03:53:36 [WARN] ID#188 - 下载链接过期或系统时间不正确，请删除任务重新下载(-5) FILE="D:/下载/03.2020强化班-张宇/01.2020高数强化班-张宇（完）/07.第七讲/03.第七讲&01数项级数03（仅数一数三）.mp4" SIZE="323716008"
2019-08-30 03:53:36 [WARN] ID#189 - 下载链接过期或系统时间不正确，请删除任务重新下载(-5) FILE="D:/下载/03.2020强化班-张宇/01.2020高数强化班-张宇（完）/07.第七讲/02.第七讲&01数项级数02（仅数一数三）.mp4" SIZE="273185162"
2019-08-30 03:53:37 [WARN] ID#190 - 下载链接过期或系统时间不正确，请删除任务重新下载(-5) FILE="D:/下载/03.2020强化班-张宇/01.2020高数强化班-张宇（完）/07.第七讲/01.第七讲 01数项级数01（仅数一数三）.mp4" SIZE="458784487"
2019-08-30 03:53:37 [WARN] ID#191 - 下载链接过期或系统时间不正确，请删除任务重新下载(-5) FILE="D:/下载/03.2020强化班-张宇/01.2020高数强化班-张宇（完）/06.第六讲/06.第六讲 05差分方程（仅数三）.mp4" SIZE="196735399"
2019-08-30 03:53:37 [WARN] ID#192 - 下载链接过期或系统时间不正确，请删除任务重新下载(-5) FILE="D:/下载/03.2020强化班-张宇/01.2020高数强化班-张宇（完）/06.第六讲/05.第六讲 04微分方程的应用.mp4" SIZE="391903461"
2019-08-30 03:53:38 [WARN] ID#193 - 下载链接过期或系统时间不正确，请删除任务重新下载(-5) FILE="D:/下载/03.2020强化班-张宇/01.2020高数强化班-张宇（完）/06.第六讲/04.第六讲 03高阶常系数线性微分方程求解.mp4" SIZE="469196915"
2019-08-30 03:53:38 [WARN] ID#194 - 下载链接过期或系统时间不正确，请删除任务重新下载(-5) FILE="D:/下载/03.2020强化班-张宇/01.2020高数强化班-张宇（完）/06.第六讲/03.第六讲 02二阶可降阶微分方程求解.mp4" SIZE="335824557"
2019-08-30 03:53:38 [WARN] ID#195 - 下载链接过期或系统时间不正确，请删除任务重新下载(-5) FILE="D:/下载/03.2020强化班-张宇/01.2020高数强化班-张宇（完）/06.第六讲/02.第六讲 01一阶微分方程求解02.mp4" SIZE="295718713"
2019-08-30 03:53:39 [WARN] ID#196 - 下载链接过期或系统时间不正确，请删除任务重新下载(-5) FILE="D:/下载/03.2020强化班-张宇/01.2020高数强化班-张宇（完）/06.第六讲/01.第六讲 01一阶微分方程求解01.mp4" SIZE="314705019"
2019-08-30 03:53:39 [WARN] ID#197 - 下载链接过期或系统时间不正确，请删除任务重新下载(-5) FILE="D:/下载/03.2020强化班-张宇/01.2020高数强化班-张宇（完）/05.第五讲/03.第五讲 02二重积分计算02.mp4" SIZE="381972905"
2019-08-30 03:53:39 [WARN] ID#198 - 下载链接过期或系统时间不正确，请删除任务重新下载(-5) FILE="D:/下载/03.2020强化班-张宇/01.2020高数强化班-张宇（完）/05.第五讲/02.第五讲 02二重积分计算01.mp4" SIZE="479772925"
2019-08-30 03:53:39 [WARN] ID#199 - 下载链接过期或系统时间不正确，请删除任务重新下载(-5) FILE="D:/下载/03.2020强化班-张宇/01.2020高数强化班-张宇（完）/05.第五讲/01.第五讲 01二重积分概念.mp4" SIZE="518149425"
2019-08-30 03:53:40 [WARN] ID#200 - 下载链接过期或系统时间不正确，请删除任务重新下载(-5) FILE="D:/下载/03.2020强化班-张宇/01.2020高数强化班-张宇（完）/04.第四讲/07.第四讲 05偏微分方程.mp4" SIZE="332486000"
2019-08-30 03:53:40 [WARN] ID#201 - 下载链接过期或系统时间不正确，请删除任务重新下载(-5) FILE="D:/下载/03.2020强化班-张宇/01.2020高数强化班-张宇（完）/04.第四讲/06.第四讲 04多元函数的极、最值02.mp4" SIZE="249997637"
2019-08-30 03:53:40 [WARN] ID#202 - 下载链接过期或系统时间不正确，请删除任务重新下载(-5) FILE="D:/下载/03.2020强化班-张宇/01.2020高数强化班-张宇（完）/04.第四讲/05.第四讲 04多元函数的极、最值01.mp4" SIZE="314686846"
2019-08-30 03:53:41 [WARN] ID#203 - 下载链接过期或系统时间不正确，请删除任务重新下载(-5) FILE="D:/下载/03.2020强化班-张宇/01.2020高数强化班-张宇（完）/04.第四讲/04.第四讲 03隐函数求导法.mp4" SIZE="439354739"
2019-08-30 03:53:41 [WARN] ID#204 - 下载链接过期或系统时间不正确，请删除任务重新下载(-5) FILE="D:/下载/03.2020强化班-张宇/01.2020高数强化班-张宇（完）/04.第四讲/03.第四讲 02复合函数求导法.mp4" SIZE="388568906"
2019-08-30 03:53:41 [WARN] ID#205 - 下载链接过期或系统时间不正确，请删除任务重新下载(-5) FILE="D:/下载/03.2020强化班-张宇/01.2020高数强化班-张宇（完）/04.第四讲/02.第四讲 01概念02.mp4" SIZE="480054370"
2019-08-30 03:53:41 [WARN] ID#206 - 下载链接过期或系统时间不正确，请删除任务重新下载(-5) FILE="D:/下载/03.2020强化班-张宇/01.2020高数强化班-张宇（完）/04.第四讲/01.第四讲 01概念01.mp4" SIZE="391316066"
2019-08-30 03:53:42 [WARN] ID#207 - 下载链接过期或系统时间不正确，请删除任务重新下载(-5) FILE="D:/下载/03.2020强化班-张宇/01.2020高数强化班-张宇（完）/03.第三讲/14.第三讲 06物理应用（数一数二）.mp4" SIZE="458194145"
2019-08-30 03:53:42 [WARN] ID#208 - 下载链接过期或系统时间不正确，请删除任务重新下载(-5) FILE="D:/下载/03.2020强化班-张宇/01.2020高数强化班-张宇（完）/03.第三讲/13.第三讲 06经济应用（数三）.mp4" SIZE="82295167"
2019-08-30 03:53:42 [WARN] ID#209 - 下载链接过期或系统时间不正确，请删除任务重新下载(-5) FILE="D:/下载/03.2020强化班-张宇/01.2020高数强化班-张宇（完）/03.第三讲/12.第三讲 06几何应用03.mp4" SIZE="364990158"
2019-08-30 03:53:42 [WARN] ID#210 - 下载链接过期或系统时间不正确，请删除任务重新下载(-5) FILE="D:/下载/03.2020强化班-张宇/01.2020高数强化班-张宇（完）/03.第三讲/11.第三讲 06几何应用02.mp4" SIZE="380706433"
2019-08-30 03:53:43 [WARN] ID#211 - 下载链接过期或系统时间不正确，请删除任务重新下载(-5) FILE="D:/下载/03.2020强化班-张宇/01.2020高数强化班-张宇（完）/03.第三讲/10.第三讲 06 几何应用01.mp4" SIZE="167572916"
2019-08-30 03:53:43 [WARN] ID#212 - 下载链接过期或系统时间不正确，请删除任务重新下载(-5) FILE="D:/下载/03.2020强化班-张宇/01.2020高数强化班-张宇（完）/03.第三讲/09.第三讲&05积分等式与不等式02.mp4" SIZE="315502369"
2019-08-30 03:53:43 [WARN] ID#213 - 下载链接过期或系统时间不正确，请删除任务重新下载(-5) FILE="D:/下载/03.2020强化班-张宇/01.2020高数强化班-张宇（完）/03.第三讲/08.第三讲 05积分等式与不等式01.mp4" SIZE="316290471"
2019-08-30 03:53:43 [WARN] ID#214 - 下载链接过期或系统时间不正确，请删除任务重新下载(-5) FILE="D:/下载/03.2020强化班-张宇/01.2020高数强化班-张宇（完）/03.第三讲/07.第三讲 04变限积分的计算.mp4" SIZE="306841857"
2019-08-30 03:53:44 [WARN] ID#215 - 下载链接过期或系统时间不正确，请删除任务重新下载(-5) FILE="D:/下载/03.2020强化班-张宇/01.2020高数强化班-张宇（完）/03.第三讲/06.第三讲 03定积分的计算02.mp4" SIZE="226607071"
2019-08-30 03:53:44 [WARN] ID#216 - 下载链接过期或系统时间不正确，请删除任务重新下载(-5) FILE="D:/下载/03.2020强化班-张宇/01.2020高数强化班-张宇（完）/03.第三讲/05.第三讲 03定积分的计算01.mp4" SIZE="387499859"
2019-08-30 03:53:44 [WARN] ID#217 - 下载链接过期或系统时间不正确，请删除任务重新下载(-5) FILE="D:/下载/03.2020强化班-张宇/01.2020高数强化班-张宇（完）/03.第三讲/04.第三讲 02不定积分的计算02.mp4" SIZE="293604052"
2019-08-30 03:53:45 [WARN] ID#218 - 下载链接过期或系统时间不正确，请删除任务重新下载(-5) FILE="D:/下载/03.2020强化班-张宇/01.2020高数强化班-张宇（完）/03.第三讲/03.第三讲 02不定积分的计算01.mp4" SIZE="276178267"
2019-08-30 03:53:45 [WARN] ID#219 - 下载链接过期或系统时间不正确，请删除任务重新下载(-5) FILE="D:/下载/03.2020强化班-张宇/01.2020高数强化班-张宇（完）/03.第三讲/02.第三讲 01概念与性质02.mp4" SIZE="612740730"
2019-08-30 03:53:45 [WARN] ID#220 - 下载链接过期或系统时间不正确，请删除任务重新下载(-5) FILE="D:/下载/03.2020强化班-张宇/01.2020高数强化班-张宇（完）/03.第三讲/01.第三讲 01概念与性质01.mp4" SIZE="543174215"
2019-08-30 03:53:45 [WARN] ID#221 - 下载链接过期或系统时间不正确，请删除任务重新下载(-5) FILE="D:/下载/03.2020强化班-张宇/01.2020高数强化班-张宇（完）/02.第二讲/11.第二讲 05物理应用（仅数一数二）.mp4" SIZE="94362238"
2019-08-30 03:53:46 [WARN] ID#222 - 下载链接过期或系统时间不正确，请删除任务重新下载(-5) FILE="D:/下载/03.2020强化班-张宇/01.2020高数强化班-张宇（完）/02.第二讲/10.第二讲 05经济应用（仅数三）.mp4" SIZE="147230020"
2019-08-30 03:53:46 [WARN] ID#223 - 下载链接过期或系统时间不正确，请删除任务重新下载(-5) FILE="D:/下载/03.2020强化班-张宇/01.2020高数强化班-张宇（完）/02.第二讲/09.第二讲 04中值定理02.mp4" SIZE="799538874"
2019-08-30 03:53:47 [WARN] ID#224 - 下载链接过期或系统时间不正确，请删除任务重新下载(-5) FILE="D:/下载/03.2020强化班-张宇/01.2020高数强化班-张宇（完）/02.第二讲/08.第二讲 04中值定理01.mp4" SIZE="324362789"
2019-08-30 03:53:47 [WARN] ID#225 - 下载链接过期或系统时间不正确，请删除任务重新下载(-5) FILE="D:/下载/03.2020强化班-张宇/01.2020高数强化班-张宇（完）/02.第二讲/07.第二讲 04等式问题.mp4" SIZE="119696969"
2019-08-30 03:53:47 [WARN] ID#226 - 下载链接过期或系统时间不正确，请删除任务重新下载(-5) FILE="D:/下载/03.2020强化班-张宇/01.2020高数强化班-张宇（完）/02.第二讲/06.第二讲 04不等式问题.mp4" SIZE="444395975"
2019-08-30 03:53:48 [WARN] ID#227 - 下载链接过期或系统时间不正确，请删除任务重新下载(-5) FILE="D:/下载/03.2020强化班-张宇/01.2020高数强化班-张宇（完）/02.第二讲/05.第二讲 03导数的几何应用02.mp4" SIZE="350729548"
2019-08-30 03:53:48 [WARN] ID#228 - 下载链接过期或系统时间不正确，请删除任务重新下载(-5) FILE="D:/下载/03.2020强化班-张宇/01.2020高数强化班-张宇（完）/02.第二讲/04.第二讲 03导数的几何应用01.mp4" SIZE="664639076"
2019-08-30 03:53:48 [WARN] ID#229 - 下载链接过期或系统时间不正确，请删除任务重新下载(-5) FILE="D:/下载/03.2020强化班-张宇/01.2020高数强化班-张宇（完）/02.第二讲/03.第二讲 02导数的计算02.mp4" SIZE="343587404"
2019-08-30 03:53:48 [WARN] ID#230 - 下载链接过期或系统时间不正确，请删除任务重新下载(-5) FILE="D:/下载/03.2020强化班-张宇/01.2020高数强化班-张宇（完）/02.第二讲/02.第二讲 02导数的计算01.mp4" SIZE="488615426"
2019-08-30 03:53:49 [WARN] ID#231 - 下载链接过期或系统时间不正确，请删除任务重新下载(-5) FILE="D:/下载/03.2020强化班-张宇/01.2020高数强化班-张宇（完）/02.第二讲/01.第二讲 01导数的定义.mp4" SIZE="554890320"
2019-08-30 03:53:49 [WARN] ID#232 - 下载链接过期或系统时间不正确，请删除任务重新下载(-5) FILE="D:/下载/03.2020强化班-张宇/01.2020高数强化班-张宇（完）/01.第一讲/12.第一讲 06 数列极限的存在性与计算04.mp4" SIZE="521351159"
2019-08-30 03:53:49 [WARN] ID#233 - 下载链接过期或系统时间不正确，请删除任务重新下载(-5) FILE="D:/下载/03.2020强化班-张宇/01.2020高数强化班-张宇（完）/01.第一讲/11.第一讲 06 数列极限的存在性与计算03.mp4" SIZE="303326497"
2019-08-30 03:53:49 [WARN] ID#234 - 下载链接过期或系统时间不正确，请删除任务重新下载(-5) FILE="D:/下载/03.2020强化班-张宇/01.2020高数强化班-张宇（完）/01.第一讲/10.第一讲 06 数列极限的存在性与计算02.mp4" SIZE="477866536"
2019-08-30 03:53:50 [WARN] ID#235 - 下载链接过期或系统时间不正确，请删除任务重新下载(-5) FILE="D:/下载/03.2020强化班-张宇/01.2020高数强化班-张宇（完）/01.第一讲/09.第一讲 06 数列极限的存在性与计算01.mp4" SIZE="686792286"
2019-08-30 03:53:50 [WARN] ID#236 - 下载链接过期或系统时间不正确，请删除任务重新下载(-5) FILE="D:/下载/03.2020强化班-张宇/01.2020高数强化班-张宇（完）/01.第一讲/08.第一讲05数列极限的定义及使用.mp4" SIZE="74335096"
2019-08-30 03:53:50 [WARN] ID#237 - 下载链接过期或系统时间不正确，请删除任务重新下载(-5) FILE="D:/下载/03.2020强化班-张宇/01.2020高数强化班-张宇（完）/01.第一讲/07.第一讲04 函数极限的应用.mp4" SIZE="176022215"
2019-08-30 03:53:51 [WARN] ID#238 - 下载链接过期或系统时间不正确，请删除任务重新下载(-5) FILE="D:/下载/03.2020强化班-张宇/01.2020高数强化班-张宇（完）/01.第一讲/06.第一讲 03函数极限的存在性.mp4" SIZE="503908500"
2019-08-30 03:53:51 [WARN] ID#239 - 下载链接过期或系统时间不正确，请删除任务重新下载(-5) FILE="D:/下载/03.2020强化班-张宇/01.2020高数强化班-张宇（完）/01.第一讲/05.第一讲 02函数极限的计算03.mp4" SIZE="431006510"
2019-08-30 03:53:51 [WARN] ID#240 - 下载链接过期或系统时间不正确，请删除任务重新下载(-5) FILE="D:/下载/03.2020强化班-张宇/01.2020高数强化班-张宇（完）/01.第一讲/04.第一讲 02函数极限的计算02.mp4" SIZE="451048021"
2019-08-30 03:53:52 [WARN] ID#241 - 下载链接过期或系统时间不正确，请删除任务重新下载(-5) FILE="D:/下载/03.2020强化班-张宇/01.2020高数强化班-张宇（完）/01.第一讲/03.第一讲 02函数极限的计算01.mp4" SIZE="248495080"
2019-08-30 03:53:52 [WARN] ID#242 - 下载链接过期或系统时间不正确，请删除任务重新下载(-5) FILE="D:/下载/03.2020强化班-张宇/01.2020高数强化班-张宇（完）/01.第一讲/02.第一讲 01 函数极限的定义及使用02.mp4" SIZE="293592541"
2019-08-30 03:53:52 [WARN] ID#243 - 下载链接过期或系统时间不正确，请删除任务重新下载(-5) FILE="D:/下载/03.2020强化班-张宇/01.2020高数强化班-张宇（完）/01.第一讲/01.第一讲 01 函数极限的定义及使用01.mp4" SIZE="314469732"
2019-08-30 03:53:52 [WARN] ID#244 - 下载链接过期或系统时间不正确，请删除任务重新下载(-5) FILE="D:/下载/03.2020强化班-张宇/01.2020高数强化班-张宇（完）/00.综述/综述.mp4" SIZE="140239657"
2019-08-30 03:53:53 [WARN] ID#245 - 下载链接过期或系统时间不正确，请删除任务重新下载(-5) FILE="D:/下载/03.2020强化班-张宇/官网说明.jpg" SIZE="16776"
2019-08-30 03:53:53 [WARN] ID#246 - 下载链接过期或系统时间不正确，请删除任务重新下载(-5) FILE="D:/下载/03.2020强化班-张宇/2020张宇闭关修炼-试题分册（即2020强化班讲义）.pdf" SIZE="129552256"
2019-08-30 03:53:53 [WARN] ID#247 - 下载链接过期或系统时间不正确，请删除任务重新下载(-5) FILE="D:/下载/03.2020强化班-张宇/2020张宇闭关修炼-解析分册（即2020强化班讲义）.pdf" SIZE="188933496"
2019-08-30 03:53:53 [WARN] ID#250 - 下载链接过期或系统时间不正确，请删除任务重新下载(-5) FILE="D:/下载/2020考研数学高等数学强化讲义2答案解析【2020考研资料免费更新  关注微信公众号 快乐考研人 免费获取】.pdf" SIZE="4747741"
2019-08-30 03:53:54 [WARN] ID#251 - 下载链接过期或系统时间不正确，请删除任务重新下载(-5) FILE="D:/下载/2020考研数学高等数学强化讲义2【2020考研资料免费更新  关注微信公众号 快乐考研人 免费获取】.pdf" SIZE="3405188"
2019-08-30 03:53:54 [WARN] ID#252 - 下载链接过期或系统时间不正确，请删除任务重新下载(-5) FILE="D:/下载/2020考研数学高等数学强化讲义1答案解析【2020考研资料免费更新  关注微信公众号 快乐考研人 免费获取】.pdf" SIZE="3483541"
2019-08-30 03:53:54 [WARN] ID#253 - 下载链接过期或系统时间不正确，请删除任务重新下载(-5) FILE="D:/下载/2020考研数学高等数学强化讲义1【2020考研资料免费更新  关注微信公众号 快乐考研人 免费获取】.pdf" SIZE="1737015"
2019-08-30 03:53:55 [WARN] ID#254 - 下载链接过期或系统时间不正确，请删除任务重新下载(-5) FILE="D:/下载/2020考研数学闭关修炼习题分册-张Yu【2020考研资料免费更新  关注微信公众号 快乐考研人 免费获取】.pdf" SIZE="52437806"
2019-08-30 03:53:55 [WARN] ID#255 - 下载链接过期或系统时间不正确，请删除任务重新下载(-5) FILE="D:/下载/2020考研数学闭关修炼解析分册-张Yu【2020考研资料免费更新  关注微信公众号 快乐考研人 免费获取】.pdf" SIZE="60475306"
2019-08-30 03:53:55 [WARN] ID#121 - 下载链接过期或系统时间不正确，请删除任务重新下载(-5) FILE="D:/下载/03.2020强化班-张宇/03.2020概率强化班-张宇/04.第四讲/四、数字特征 04.mp4" SIZE="510204725"
2019-08-30 03:53:56 [WARN] ID#250 - 下载链接过期或系统时间不正确，请删除任务重新下载(-5) FILE="D:/下载/2020考研数学高等数学强化讲义2答案解析【2020考研资料免费更新  关注微信公众号 快乐考研人 免费获取】.pdf" SIZE="4747741"
2019-08-30 03:53:56 [WARN] ID#251 - 下载链接过期或系统时间不正确，请删除任务重新下载(-5) FILE="D:/下载/2020考研数学高等数学强化讲义2【2020考研资料免费更新  关注微信公众号 快乐考研人 免费获取】.pdf" SIZE="3405188"
2019-08-30 03:53:56 [WARN] ID#252 - 下载链接过期或系统时间不正确，请删除任务重新下载(-5) FILE="D:/下载/2020考研数学高等数学强化讲义1答案解析【2020考研资料免费更新  关注微信公众号 快乐考研人 免费获取】.pdf" SIZE="3483541"
2019-08-30 03:53:56 [WARN] ID#253 - 下载链接过期或系统时间不正确，请删除任务重新下载(-5) FILE="D:/下载/2020考研数学高等数学强化讲义1【2020考研资料免费更新  关注微信公众号 快乐考研人 免费获取】.pdf" SIZE="1737015"
2019-08-30 03:53:57 [WARN] ID#254 - 下载链接过期或系统时间不正确，请删除任务重新下载(-5) FILE="D:/下载/2020考研数学闭关修炼习题分册-张Yu【2020考研资料免费更新  关注微信公众号 快乐考研人 免费获取】.pdf" SIZE="52437806"
2019-08-30 03:53:58 [WARN] ID#255 - 下载链接过期或系统时间不正确，请删除任务重新下载(-5) FILE="D:/下载/2020考研数学闭关修炼解析分册-张Yu【2020考研资料免费更新  关注微信公众号 快乐考研人 免费获取】.pdf" SIZE="60475306"
2019-08-30 03:53:58 [WARN] ID#250 - 下载链接过期或系统时间不正确，请删除任务重新下载(-5) FILE="D:/下载/2020考研数学高等数学强化讲义2答案解析【2020考研资料免费更新  关注微信公众号 快乐考研人 免费获取】.pdf" SIZE="4747741"
2019-08-30 03:53:58 [WARN] ID#251 - 下载链接过期或系统时间不正确，请删除任务重新下载(-5) FILE="D:/下载/2020考研数学高等数学强化讲义2【2020考研资料免费更新  关注微信公众号 快乐考研人 免费获取】.pdf" SIZE="3405188"
2019-08-30 03:53:59 [WARN] ID#252 - 下载链接过期或系统时间不正确，请删除任务重新下载(-5) FILE="D:/下载/2020考研数学高等数学强化讲义1答案解析【2020考研资料免费更新  关注微信公众号 快乐考研人 免费获取】.pdf" SIZE="3483541"
2019-08-30 03:53:59 [WARN] ID#253 - 下载链接过期或系统时间不正确，请删除任务重新下载(-5) FILE="D:/下载/2020考研数学高等数学强化讲义1【2020考研资料免费更新  关注微信公众号 快乐考研人 免费获取】.pdf" SIZE="1737015"
2019-08-30 03:53:59 [WARN] ID#254 - 下载链接过期或系统时间不正确，请删除任务重新下载(-5) FILE="D:/下载/2020考研数学闭关修炼习题分册-张Yu【2020考研资料免费更新  关注微信公众号 快乐考研人 免费获取】.pdf" SIZE="52437806"
2019-08-30 03:53:59 [WARN] ID#255 - 下载链接过期或系统时间不正确，请删除任务重新下载(-5) FILE="D:/下载/2020考研数学闭关修炼解析分册-张Yu【2020考研资料免费更新  关注微信公众号 快乐考研人 免费获取】.pdf" SIZE="60475306"
2019-08-30 04:16:35 [WARN] ID#119 - 下载链接过期或系统时间不正确，请删除任务重新下载(-5) FILE="D:/下载/03.2020强化班-张宇/03.2020概率强化班-张宇/04.第四讲/四、数字特征02.mp4" SIZE="473881183"
2019-08-30 04:16:36 [WARN] ID#119 - 下载链接过期或系统时间不正确，请删除任务重新下载(-5) FILE="D:/下载/03.2020强化班-张宇/03.2020概率强化班-张宇/04.第四讲/四、数字特征02.mp4" SIZE="473881183"
2019-08-30 04:16:36 [WARN] ID#119 - 下载链接过期或系统时间不正确，请删除任务重新下载(-5) FILE="D:/下载/03.2020强化班-张宇/03.2020概率强化班-张宇/04.第四讲/四、数字特征02.mp4" SIZE="473881183"
2019-08-30 04:16:38 [WARN] ID#119 - 下载链接过期或系统时间不正确，请删除任务重新下载(-5) FILE="D:/下载/03.2020强化班-张宇/03.2020概率强化班-张宇/04.第四讲/四、数字特征02.mp4" SIZE="473881183"
2019-08-30 04:16:38 [WARN] ID#119 - 下载链接过期或系统时间不正确，请删除任务重新下载(-5) FILE="D:/下载/03.2020强化班-张宇/03.2020概率强化班-张宇/04.第四讲/四、数字特征02.mp4" SIZE="473881183"
2019-08-30 04:16:39 [WARN] ID#119 - 下载链接过期或系统时间不正确，请删除任务重新下载(-5) FILE="D:/下载/03.2020强化班-张宇/03.2020概率强化班-张宇/04.第四讲/四、数字特征02.mp4" SIZE="473881183"
2019-08-30 04:36:09 [INFO] close main window
2019-08-30 04:36:09 [WARN] aria2 websocket connection closed (127.0.0.1:36835), code: 1000 (Normal close), reason: aria2 shutdown
2019-08-30 04:36:10 [INFO] websocket client stop
2019-08-30 04:36:10 [INFO] exit
