2019-08-30 09:18:01 [INFO] pandownload version: 2.1.3
2019-08-30 09:18:02 [INFO] aria2 websocket connection opened (127.0.0.1:36933)
2019-08-30 09:18:02 [INFO] aria2 version: 1.34.0
2019-08-30 09:18:02 [INFO] aria2 json-rpc path: http://token:pandownload@127.0.0.1:36933/jsonrpc
2019-08-30 09:18:02 [INFO] create main window
2019-08-30 09:18:02 [INFO] verify cookie (615)
2019-08-30 09:18:04 [INFO] user login success (3145349758): 无名倒人
2019-08-30 09:18:12 [WARN] ID#98 - Download aborted.(1) FILE="D:/下载/03.2020强化班-张宇/01.2020高数强化班-张宇（完）/03.第三讲/12.第三讲 06几何应用03.mp4" SIZE="364990158"
2019-08-30 09:18:13 [WARN] ID#101 - Download aborted.(1) FILE="D:/下载/03.2020强化班-张宇/01.2020高数强化班-张宇（完）/03.第三讲/09.第三讲&05积分等式与不等式02.mp4" SIZE="315502369"
2019-08-30 09:18:13 [WARN] ID#103 - Download aborted.(1) FILE="D:/下载/03.2020强化班-张宇/01.2020高数强化班-张宇（完）/03.第三讲/07.第三讲 04变限积分的计算.mp4" SIZE="306841857"
2019-08-30 09:18:13 [WARN] ID#104 - Download aborted.(1) FILE="D:/下载/03.2020强化班-张宇/01.2020高数强化班-张宇（完）/03.第三讲/06.第三讲 03定积分的计算02.mp4" SIZE="226607071"
2019-08-30 09:18:13 [WARN] ID#105 - Download aborted.(1) FILE="D:/下载/03.2020强化班-张宇/01.2020高数强化班-张宇（完）/03.第三讲/05.第三讲 03定积分的计算01.mp4" SIZE="387499859"
2019-08-30 09:18:17 [WARN] ID#89 - Write disk cache flush failure index=189(9) FILE="D:/下载/03.2020强化班-张宇/01.2020高数强化班-张宇（完）/04.第四讲/07.第四讲 05偏微分方程.mp4" SIZE="332486000"
2019-08-30 09:18:17 [WARN] ID#102 - Write disk cache flush failure index=259(9) FILE="D:/下载/03.2020强化班-张宇/01.2020高数强化班-张宇（完）/03.第三讲/08.第三讲 05积分等式与不等式01.mp4" SIZE="316290471"
2019-08-30 09:18:23 [WARN] aria2 websocket connection closed (127.0.0.1:36933), code: 1006 (Abnormal close), reason: 
2019-08-30 09:18:24 [WARN] rpc error (0): connection closed
2019-08-30 09:18:24 [WARN] ID#98 - connection closed(0) FILE="D:/下载/03.2020强化班-张宇/01.2020高数强化班-张宇（完）/03.第三讲/12.第三讲 06几何应用03.mp4" SIZE="364990158"
2019-08-30 09:18:24 [WARN] rpc error (0): connection closed
2019-08-30 09:18:24 [WARN] ID#101 - connection closed(0) FILE="D:/下载/03.2020强化班-张宇/01.2020高数强化班-张宇（完）/03.第三讲/09.第三讲&05积分等式与不等式02.mp4" SIZE="315502369"
2019-08-30 09:18:25 [WARN] aria2 websocket connection failed (127.0.0.1:36933), state: 3 (websocketpp.transport:2 - Underlying Transport Error)
	local close code: 1006 (Abnormal close), local close reason: Underlying Transport Error
	remote close code: 1006 (Abnormal close), remote close reason: 
2019-08-30 09:18:25 [WARN] rpc error (0): connection failed
2019-08-30 09:18:25 [WARN] ID#105 - connection failed(0) FILE="D:/下载/03.2020强化班-张宇/01.2020高数强化班-张宇（完）/03.第三讲/05.第三讲 03定积分的计算01.mp4" SIZE="387499859"
2019-08-30 09:18:25 [WARN] rpc error (0): connection failed
2019-08-30 09:18:25 [WARN] ID#89 - connection failed(0) FILE="D:/下载/03.2020强化班-张宇/01.2020高数强化班-张宇（完）/04.第四讲/07.第四讲 05偏微分方程.mp4" SIZE="332486000"
2019-08-30 09:18:25 [WARN] rpc error (0): connection failed
2019-08-30 09:18:25 [WARN] ID#102 - connection failed(0) FILE="D:/下载/03.2020强化班-张宇/01.2020高数强化班-张宇（完）/03.第三讲/08.第三讲 05积分等式与不等式01.mp4" SIZE="316290471"
2019-08-30 09:18:25 [WARN] rpc error (0): connection failed
2019-08-30 09:18:25 [WARN] ID#103 - connection failed(0) FILE="D:/下载/03.2020强化班-张宇/01.2020高数强化班-张宇（完）/03.第三讲/07.第三讲 04变限积分的计算.mp4" SIZE="306841857"
2019-08-30 09:18:25 [WARN] rpc error (0): connection failed
2019-08-30 09:18:25 [WARN] ID#107 - connection failed(0) FILE="D:/下载/03.2020强化班-张宇/01.2020高数强化班-张宇（完）/03.第三讲/03.第三讲 02不定积分的计算01.mp4" SIZE="276178267"
2019-08-30 09:18:25 [WARN] rpc error (0): connection failed
2019-08-30 09:18:25 [WARN] ID#106 - connection failed(0) FILE="D:/下载/03.2020强化班-张宇/01.2020高数强化班-张宇（完）/03.第三讲/04.第三讲 02不定积分的计算02.mp4" SIZE="293604052"
2019-08-30 09:18:27 [WARN] aria2 websocket connection failed (127.0.0.1:36933), state: 3 (websocketpp.transport:2 - Underlying Transport Error)
	local close code: 1006 (Abnormal close), local close reason: Underlying Transport Error
	remote close code: 1006 (Abnormal close), remote close reason: 
2019-08-30 09:18:27 [WARN] rpc error (0): connection failed
2019-08-30 09:18:27 [WARN] ID#108 - connection failed(0) FILE="D:/下载/03.2020强化班-张宇/01.2020高数强化班-张宇（完）/03.第三讲/02.第三讲 01概念与性质02.mp4" SIZE="612740730"
2019-08-30 09:18:27 [WARN] rpc error (0): connection failed
2019-08-30 09:18:27 [WARN] ID#98 - connection failed(0) FILE="D:/下载/03.2020强化班-张宇/01.2020高数强化班-张宇（完）/03.第三讲/12.第三讲 06几何应用03.mp4" SIZE="364990158"
2019-08-30 09:18:27 [WARN] rpc error (0): connection failed
2019-08-30 09:18:27 [WARN] ID#105 - connection failed(0) FILE="D:/下载/03.2020强化班-张宇/01.2020高数强化班-张宇（完）/03.第三讲/05.第三讲 03定积分的计算01.mp4" SIZE="387499859"
2019-08-30 09:18:27 [WARN] rpc error (0): connection failed
2019-08-30 09:18:27 [WARN] ID#107 - connection failed(0) FILE="D:/下载/03.2020强化班-张宇/01.2020高数强化班-张宇（完）/03.第三讲/03.第三讲 02不定积分的计算01.mp4" SIZE="276178267"
2019-08-30 09:18:27 [WARN] rpc error (0): connection failed
2019-08-30 09:18:27 [WARN] ID#109 - connection failed(0) FILE="D:/下载/03.2020强化班-张宇/01.2020高数强化班-张宇（完）/03.第三讲/01.第三讲 01概念与性质01.mp4" SIZE="543174215"
2019-08-30 09:18:27 [WARN] rpc error (0): connection failed
2019-08-30 09:18:27 [WARN] ID#110 - connection failed(0) FILE="D:/下载/03.2020强化班-张宇/01.2020高数强化班-张宇（完）/02.第二讲/11.第二讲 05物理应用（仅数一数二）.mp4" SIZE="94362238"
2019-08-30 09:18:29 [WARN] aria2 websocket connection failed (127.0.0.1:36933), state: 3 (websocketpp.transport:2 - Underlying Transport Error)
	local close code: 1006 (Abnormal close), local close reason: Underlying Transport Error
	remote close code: 1006 (Abnormal close), remote close reason: 
2019-08-30 09:18:29 [WARN] rpc error (0): connection failed
2019-08-30 09:18:29 [WARN] ID#111 - connection failed(0) FILE="D:/下载/03.2020强化班-张宇/01.2020高数强化班-张宇（完）/02.第二讲/10.第二讲 05经济应用（仅数三）.mp4" SIZE="147230020"
2019-08-30 09:18:29 [WARN] rpc error (0): connection failed
2019-08-30 09:18:29 [WARN] ID#101 - connection failed(0) FILE="D:/下载/03.2020强化班-张宇/01.2020高数强化班-张宇（完）/03.第三讲/09.第三讲&05积分等式与不等式02.mp4" SIZE="315502369"
2019-08-30 09:18:29 [WARN] rpc error (0): connection failed
2019-08-30 09:18:29 [WARN] ID#106 - connection failed(0) FILE="D:/下载/03.2020强化班-张宇/01.2020高数强化班-张宇（完）/03.第三讲/04.第三讲 02不定积分的计算02.mp4" SIZE="293604052"
2019-08-30 09:18:29 [WARN] rpc error (0): connection failed
2019-08-30 09:18:29 [WARN] ID#112 - connection failed(0) FILE="D:/下载/03.2020强化班-张宇/01.2020高数强化班-张宇（完）/02.第二讲/09.第二讲 04中值定理02.mp4" SIZE="799538874"
2019-08-30 09:18:29 [WARN] rpc error (0): connection failed
2019-08-30 09:18:29 [WARN] ID#113 - connection failed(0) FILE="D:/下载/03.2020强化班-张宇/01.2020高数强化班-张宇（完）/02.第二讲/08.第二讲 04中值定理01.mp4" SIZE="324362789"
2019-08-30 09:18:29 [WARN] rpc error (0): connection failed
2019-08-30 09:18:29 [WARN] ID#104 - connection failed(0) FILE="D:/下载/03.2020强化班-张宇/01.2020高数强化班-张宇（完）/03.第三讲/06.第三讲 03定积分的计算02.mp4" SIZE="226607071"
2019-08-30 09:18:30 [WARN] rpc error (0): connection failed
2019-08-30 09:18:30 [WARN] ID#102 - connection failed(0) FILE="D:/下载/03.2020强化班-张宇/01.2020高数强化班-张宇（完）/03.第三讲/08.第三讲 05积分等式与不等式01.mp4" SIZE="316290471"
2019-08-30 09:18:30 [WARN] rpc error (0): connection failed
2019-08-30 09:18:30 [WARN] ID#107 - connection failed(0) FILE="D:/下载/03.2020强化班-张宇/01.2020高数强化班-张宇（完）/03.第三讲/03.第三讲 02不定积分的计算01.mp4" SIZE="276178267"
2019-08-30 09:18:30 [WARN] rpc error (0): connection failed
2019-08-30 09:18:30 [WARN] ID#108 - connection failed(0) FILE="D:/下载/03.2020强化班-张宇/01.2020高数强化班-张宇（完）/03.第三讲/02.第三讲 01概念与性质02.mp4" SIZE="612740730"
2019-08-30 09:18:30 [WARN] rpc error (0): connection failed
2019-08-30 09:18:30 [WARN] ID#114 - connection failed(0) FILE="D:/下载/03.2020强化班-张宇/01.2020高数强化班-张宇（完）/02.第二讲/07.第二讲 04等式问题.mp4" SIZE="119696969"
2019-08-30 09:18:30 [WARN] rpc error (0): connection failed
2019-08-30 09:18:30 [WARN] ID#116 - connection failed(0) FILE="D:/下载/03.2020强化班-张宇/01.2020高数强化班-张宇（完）/02.第二讲/05.第二讲 03导数的几何应用02.mp4" SIZE="350729548"
2019-08-30 09:18:30 [WARN] rpc error (0): connection failed
2019-08-30 09:18:30 [WARN] ID#115 - connection failed(0) FILE="D:/下载/03.2020强化班-张宇/01.2020高数强化班-张宇（完）/02.第二讲/06.第二讲 04不等式问题.mp4" SIZE="444395975"
2019-08-30 09:18:31 [WARN] rpc error (0): connection failed
2019-08-30 09:18:31 [WARN] ID#105 - connection failed(0) FILE="D:/下载/03.2020强化班-张宇/01.2020高数强化班-张宇（完）/03.第三讲/05.第三讲 03定积分的计算01.mp4" SIZE="387499859"
2019-08-30 09:18:31 [WARN] rpc error (0): connection failed
2019-08-30 09:18:31 [WARN] ID#109 - connection failed(0) FILE="D:/下载/03.2020强化班-张宇/01.2020高数强化班-张宇（完）/03.第三讲/01.第三讲 01概念与性质01.mp4" SIZE="543174215"
2019-08-30 09:18:31 [WARN] rpc error (0): connection failed
2019-08-30 09:18:31 [WARN] ID#110 - connection failed(0) FILE="D:/下载/03.2020强化班-张宇/01.2020高数强化班-张宇（完）/02.第二讲/11.第二讲 05物理应用（仅数一数二）.mp4" SIZE="94362238"
2019-08-30 09:18:31 [WARN] rpc error (0): connection failed
2019-08-30 09:18:31 [WARN] ID#103 - connection failed(0) FILE="D:/下载/03.2020强化班-张宇/01.2020高数强化班-张宇（完）/03.第三讲/07.第三讲 04变限积分的计算.mp4" SIZE="306841857"
2019-08-30 09:18:32 [WARN] rpc error (0): connection failed
2019-08-30 09:18:32 [WARN] ID#116 - connection failed(0) FILE="D:/下载/03.2020强化班-张宇/01.2020高数强化班-张宇（完）/02.第二讲/05.第二讲 03导数的几何应用02.mp4" SIZE="350729548"
2019-08-30 09:18:32 [WARN] rpc error (0): connection failed
2019-08-30 09:18:32 [WARN] ID#118 - connection failed(0) FILE="D:/下载/03.2020强化班-张宇/01.2020高数强化班-张宇（完）/02.第二讲/03.第二讲 02导数的计算02.mp4" SIZE="343587404"
2019-08-30 09:18:32 [WARN] rpc error (0): connection failed
2019-08-30 09:18:32 [WARN] ID#117 - connection failed(0) FILE="D:/下载/03.2020强化班-张宇/01.2020高数强化班-张宇（完）/02.第二讲/04.第二讲 03导数的几何应用01.mp4" SIZE="664639076"
2019-08-30 09:18:32 [WARN] rpc error (0): connection failed
2019-08-30 09:18:32 [WARN] ID#106 - connection failed(0) FILE="D:/下载/03.2020强化班-张宇/01.2020高数强化班-张宇（完）/03.第三讲/04.第三讲 02不定积分的计算02.mp4" SIZE="293604052"
2019-08-30 09:18:32 [WARN] rpc error (0): connection failed
2019-08-30 09:18:32 [WARN] ID#112 - connection failed(0) FILE="D:/下载/03.2020强化班-张宇/01.2020高数强化班-张宇（完）/02.第二讲/09.第二讲 04中值定理02.mp4" SIZE="799538874"
2019-08-30 09:18:33 [WARN] rpc error (0): connection failed
2019-08-30 09:18:33 [WARN] ID#111 - connection failed(0) FILE="D:/下载/03.2020强化班-张宇/01.2020高数强化班-张宇（完）/02.第二讲/10.第二讲 05经济应用（仅数三）.mp4" SIZE="147230020"
2019-08-30 09:18:33 [WARN] rpc error (0): connection failed
2019-08-30 09:18:33 [WARN] ID#119 - connection failed(0) FILE="D:/下载/03.2020强化班-张宇/01.2020高数强化班-张宇（完）/02.第二讲/02.第二讲 02导数的计算01.mp4" SIZE="488615426"
2019-08-30 09:18:33 [WARN] rpc error (0): connection failed
2019-08-30 09:18:33 [WARN] ID#120 - connection failed(0) FILE="D:/下载/03.2020强化班-张宇/01.2020高数强化班-张宇（完）/02.第二讲/01.第二讲 01导数的定义.mp4" SIZE="554890320"
2019-08-30 09:18:33 [WARN] rpc error (0): connection failed
2019-08-30 09:18:33 [WARN] ID#118 - connection failed(0) FILE="D:/下载/03.2020强化班-张宇/01.2020高数强化班-张宇（完）/02.第二讲/03.第二讲 02导数的计算02.mp4" SIZE="343587404"
2019-08-30 09:18:33 [WARN] rpc error (0): connection failed
2019-08-30 09:18:33 [WARN] ID#104 - connection failed(0) FILE="D:/下载/03.2020强化班-张宇/01.2020高数强化班-张宇（完）/03.第三讲/06.第三讲 03定积分的计算02.mp4" SIZE="226607071"
2019-08-30 09:18:33 [WARN] rpc error (0): connection failed
2019-08-30 09:18:33 [WARN] ID#107 - connection failed(0) FILE="D:/下载/03.2020强化班-张宇/01.2020高数强化班-张宇（完）/03.第三讲/03.第三讲 02不定积分的计算01.mp4" SIZE="276178267"
2019-08-30 09:18:34 [WARN] rpc error (0): connection failed
2019-08-30 09:18:34 [WARN] ID#113 - connection failed(0) FILE="D:/下载/03.2020强化班-张宇/01.2020高数强化班-张宇（完）/02.第二讲/08.第二讲 04中值定理01.mp4" SIZE="324362789"
2019-08-30 09:18:34 [WARN] rpc error (0): connection failed
2019-08-30 09:18:34 [WARN] ID#112 - connection failed(0) FILE="D:/下载/03.2020强化班-张宇/01.2020高数强化班-张宇（完）/02.第二讲/09.第二讲 04中值定理02.mp4" SIZE="799538874"
2019-08-30 09:18:34 [WARN] rpc error (0): connection failed
2019-08-30 09:18:34 [WARN] ID#119 - connection failed(0) FILE="D:/下载/03.2020强化班-张宇/01.2020高数强化班-张宇（完）/02.第二讲/02.第二讲 02导数的计算01.mp4" SIZE="488615426"
2019-08-30 09:18:34 [WARN] rpc error (0): connection failed
2019-08-30 09:18:34 [WARN] ID#121 - connection failed(0) FILE="D:/下载/03.2020强化班-张宇/01.2020高数强化班-张宇（完）/01.第一讲/12.第一讲 06 数列极限的存在性与计算04.mp4" SIZE="521351159"
2019-08-30 09:18:34 [WARN] rpc error (0): connection failed
2019-08-30 09:18:34 [WARN] ID#122 - connection failed(0) FILE="D:/下载/03.2020强化班-张宇/01.2020高数强化班-张宇（完）/01.第一讲/11.第一讲 06 数列极限的存在性与计算03.mp4" SIZE="303326497"
2019-08-30 09:18:35 [WARN] rpc error (0): connection failed
2019-08-30 09:18:35 [WARN] ID#105 - connection failed(0) FILE="D:/下载/03.2020强化班-张宇/01.2020高数强化班-张宇（完）/03.第三讲/05.第三讲 03定积分的计算01.mp4" SIZE="387499859"
2019-08-30 09:18:35 [WARN] rpc error (0): connection failed
2019-08-30 09:18:35 [WARN] ID#108 - connection failed(0) FILE="D:/下载/03.2020强化班-张宇/01.2020高数强化班-张宇（完）/03.第三讲/02.第三讲 01概念与性质02.mp4" SIZE="612740730"
2019-08-30 09:18:35 [WARN] rpc error (0): connection failed
2019-08-30 09:18:35 [WARN] ID#114 - connection failed(0) FILE="D:/下载/03.2020强化班-张宇/01.2020高数强化班-张宇（完）/02.第二讲/07.第二讲 04等式问题.mp4" SIZE="119696969"
2019-08-30 09:18:35 [WARN] rpc error (0): connection failed
2019-08-30 09:18:35 [WARN] ID#113 - connection failed(0) FILE="D:/下载/03.2020强化班-张宇/01.2020高数强化班-张宇（完）/02.第二讲/08.第二讲 04中值定理01.mp4" SIZE="324362789"
2019-08-30 09:18:35 [WARN] rpc error (0): connection failed
2019-08-30 09:18:35 [WARN] ID#120 - connection failed(0) FILE="D:/下载/03.2020强化班-张宇/01.2020高数强化班-张宇（完）/02.第二讲/01.第二讲 01导数的定义.mp4" SIZE="554890320"
2019-08-30 09:18:35 [WARN] rpc error (0): connection failed
2019-08-30 09:18:35 [WARN] ID#124 - connection failed(0) FILE="D:/下载/03.2020强化班-张宇/01.2020高数强化班-张宇（完）/01.第一讲/09.第一讲 06 数列极限的存在性与计算01.mp4" SIZE="686792286"
2019-08-30 09:18:36 [WARN] rpc error (0): connection failed
2019-08-30 09:18:36 [WARN] ID#123 - connection failed(0) FILE="D:/下载/03.2020强化班-张宇/01.2020高数强化班-张宇（完）/01.第一讲/10.第一讲 06 数列极限的存在性与计算02.mp4" SIZE="477866536"
2019-08-30 09:18:36 [WARN] rpc error (0): connection failed
2019-08-30 09:18:36 [WARN] ID#106 - connection failed(0) FILE="D:/下载/03.2020强化班-张宇/01.2020高数强化班-张宇（完）/03.第三讲/04.第三讲 02不定积分的计算02.mp4" SIZE="293604052"
2019-08-30 09:18:36 [WARN] rpc error (0): connection failed
2019-08-30 09:18:36 [WARN] ID#109 - connection failed(0) FILE="D:/下载/03.2020强化班-张宇/01.2020高数强化班-张宇（完）/03.第三讲/01.第三讲 01概念与性质01.mp4" SIZE="543174215"
2019-08-30 09:18:36 [WARN] rpc error (0): connection failed
2019-08-30 09:18:36 [WARN] ID#115 - connection failed(0) FILE="D:/下载/03.2020强化班-张宇/01.2020高数强化班-张宇（完）/02.第二讲/06.第二讲 04不等式问题.mp4" SIZE="444395975"
2019-08-30 09:18:36 [WARN] rpc error (0): connection failed
2019-08-30 09:18:36 [WARN] ID#114 - connection failed(0) FILE="D:/下载/03.2020强化班-张宇/01.2020高数强化班-张宇（完）/02.第二讲/07.第二讲 04等式问题.mp4" SIZE="119696969"
2019-08-30 09:18:37 [WARN] rpc error (0): connection failed
2019-08-30 09:18:37 [WARN] ID#125 - connection failed(0) FILE="D:/下载/03.2020强化班-张宇/01.2020高数强化班-张宇（完）/01.第一讲/08.第一讲05数列极限的定义及使用.mp4" SIZE="74335096"
2019-08-30 09:18:37 [WARN] rpc error (0): connection failed
2019-08-30 09:18:37 [WARN] ID#121 - connection failed(0) FILE="D:/下载/03.2020强化班-张宇/01.2020高数强化班-张宇（完）/01.第一讲/12.第一讲 06 数列极限的存在性与计算04.mp4" SIZE="521351159"
2019-08-30 09:18:37 [WARN] rpc error (0): connection failed
2019-08-30 09:18:37 [WARN] ID#107 - connection failed(0) FILE="D:/下载/03.2020强化班-张宇/01.2020高数强化班-张宇（完）/03.第三讲/03.第三讲 02不定积分的计算01.mp4" SIZE="276178267"
2019-08-30 09:18:37 [WARN] rpc error (0): connection failed
2019-08-30 09:18:37 [WARN] ID#124 - connection failed(0) FILE="D:/下载/03.2020强化班-张宇/01.2020高数强化班-张宇（完）/01.第一讲/09.第一讲 06 数列极限的存在性与计算01.mp4" SIZE="686792286"
2019-08-30 09:18:37 [WARN] rpc error (0): connection failed
2019-08-30 09:18:37 [WARN] ID#116 - connection failed(0) FILE="D:/下载/03.2020强化班-张宇/01.2020高数强化班-张宇（完）/02.第二讲/05.第二讲 03导数的几何应用02.mp4" SIZE="350729548"
2019-08-30 09:18:38 [WARN] rpc error (0): connection failed
2019-08-30 09:18:38 [WARN] ID#110 - connection failed(0) FILE="D:/下载/03.2020强化班-张宇/01.2020高数强化班-张宇（完）/02.第二讲/11.第二讲 05物理应用（仅数一数二）.mp4" SIZE="94362238"
2019-08-30 09:18:38 [WARN] rpc error (0): connection failed
2019-08-30 09:18:38 [WARN] ID#115 - connection failed(0) FILE="D:/下载/03.2020强化班-张宇/01.2020高数强化班-张宇（完）/02.第二讲/06.第二讲 04不等式问题.mp4" SIZE="444395975"
2019-08-30 09:18:38 [WARN] rpc error (0): connection failed
2019-08-30 09:18:38 [WARN] ID#122 - connection failed(0) FILE="D:/下载/03.2020强化班-张宇/01.2020高数强化班-张宇（完）/01.第一讲/11.第一讲 06 数列极限的存在性与计算03.mp4" SIZE="303326497"
2019-08-30 09:18:38 [WARN] rpc error (0): connection failed
2019-08-30 09:18:38 [WARN] ID#126 - connection failed(0) FILE="D:/下载/03.2020强化班-张宇/01.2020高数强化班-张宇（完）/01.第一讲/07.第一讲04 函数极限的应用.mp4" SIZE="176022215"
2019-08-30 09:18:39 [WARN] rpc error (0): connection failed
2019-08-30 09:18:39 [WARN] ID#108 - connection failed(0) FILE="D:/下载/03.2020强化班-张宇/01.2020高数强化班-张宇（完）/03.第三讲/02.第三讲 01概念与性质02.mp4" SIZE="612740730"
2019-08-30 09:18:39 [WARN] rpc error (0): connection failed
2019-08-30 09:18:39 [WARN] ID#125 - connection failed(0) FILE="D:/下载/03.2020强化班-张宇/01.2020高数强化班-张宇（完）/01.第一讲/08.第一讲05数列极限的定义及使用.mp4" SIZE="74335096"
2019-08-30 09:18:39 [WARN] rpc error (0): connection failed
2019-08-30 09:18:39 [WARN] ID#111 - connection failed(0) FILE="D:/下载/03.2020强化班-张宇/01.2020高数强化班-张宇（完）/02.第二讲/10.第二讲 05经济应用（仅数三）.mp4" SIZE="147230020"
2019-08-30 09:18:39 [WARN] rpc error (0): connection failed
2019-08-30 09:18:39 [WARN] ID#116 - connection failed(0) FILE="D:/下载/03.2020强化班-张宇/01.2020高数强化班-张宇（完）/02.第二讲/05.第二讲 03导数的几何应用02.mp4" SIZE="350729548"
2019-08-30 09:18:39 [WARN] rpc error (0): connection failed
2019-08-30 09:18:39 [WARN] ID#117 - connection failed(0) FILE="D:/下载/03.2020强化班-张宇/01.2020高数强化班-张宇（完）/02.第二讲/04.第二讲 03导数的几何应用01.mp4" SIZE="664639076"
2019-08-30 09:18:39 [WARN] rpc error (0): connection failed
2019-08-30 09:18:39 [WARN] ID#123 - connection failed(0) FILE="D:/下载/03.2020强化班-张宇/01.2020高数强化班-张宇（完）/01.第一讲/10.第一讲 06 数列极限的存在性与计算02.mp4" SIZE="477866536"
2019-08-30 09:18:39 [WARN] rpc error (0): connection failed
2019-08-30 09:18:39 [WARN] ID#127 - connection failed(0) FILE="D:/下载/03.2020强化班-张宇/01.2020高数强化班-张宇（完）/01.第一讲/06.第一讲 03函数极限的存在性.mp4" SIZE="503908500"
2019-08-30 09:18:40 [WARN] rpc error (0): connection failed
2019-08-30 09:18:40 [WARN] ID#109 - connection failed(0) FILE="D:/下载/03.2020强化班-张宇/01.2020高数强化班-张宇（完）/03.第三讲/01.第三讲 01概念与性质01.mp4" SIZE="543174215"
2019-08-30 09:18:40 [WARN] rpc error (0): connection failed
2019-08-30 09:18:40 [WARN] ID#112 - connection failed(0) FILE="D:/下载/03.2020强化班-张宇/01.2020高数强化班-张宇（完）/02.第二讲/09.第二讲 04中值定理02.mp4" SIZE="799538874"
2019-08-30 09:18:40 [WARN] rpc error (0): connection failed
2019-08-30 09:18:40 [WARN] ID#118 - connection failed(0) FILE="D:/下载/03.2020强化班-张宇/01.2020高数强化班-张宇（完）/02.第二讲/03.第二讲 02导数的计算02.mp4" SIZE="343587404"
2019-08-30 09:18:40 [WARN] rpc error (0): connection failed
2019-08-30 09:18:40 [WARN] ID#119 - connection failed(0) FILE="D:/下载/03.2020强化班-张宇/01.2020高数强化班-张宇（完）/02.第二讲/02.第二讲 02导数的计算01.mp4" SIZE="488615426"
2019-08-30 09:18:40 [WARN] rpc error (0): connection failed
2019-08-30 09:18:40 [WARN] ID#126 - connection failed(0) FILE="D:/下载/03.2020强化班-张宇/01.2020高数强化班-张宇（完）/01.第一讲/07.第一讲04 函数极限的应用.mp4" SIZE="176022215"
2019-08-30 09:18:41 [WARN] rpc error (0): connection failed
2019-08-30 09:18:41 [WARN] ID#110 - connection failed(0) FILE="D:/下载/03.2020强化班-张宇/01.2020高数强化班-张宇（完）/02.第二讲/11.第二讲 05物理应用（仅数一数二）.mp4" SIZE="94362238"
2019-08-30 09:18:41 [WARN] rpc error (0): connection failed
2019-08-30 09:18:41 [WARN] ID#124 - connection failed(0) FILE="D:/下载/03.2020强化班-张宇/01.2020高数强化班-张宇（完）/01.第一讲/09.第一讲 06 数列极限的存在性与计算01.mp4" SIZE="686792286"
2019-08-30 09:18:41 [WARN] rpc error (0): connection failed
2019-08-30 09:18:41 [WARN] ID#128 - connection failed(0) FILE="D:/下载/03.2020强化班-张宇/01.2020高数强化班-张宇（完）/01.第一讲/05.第一讲 02函数极限的计算03.mp4" SIZE="431006510"
2019-08-30 09:18:41 [WARN] rpc error (0): connection failed
2019-08-30 09:18:41 [WARN] ID#113 - connection failed(0) FILE="D:/下载/03.2020强化班-张宇/01.2020高数强化班-张宇（完）/02.第二讲/08.第二讲 04中值定理01.mp4" SIZE="324362789"
2019-08-30 09:18:41 [WARN] rpc error (0): connection failed
2019-08-30 09:18:41 [WARN] ID#127 - connection failed(0) FILE="D:/下载/03.2020强化班-张宇/01.2020高数强化班-张宇（完）/01.第一讲/06.第一讲 03函数极限的存在性.mp4" SIZE="503908500"
2019-08-30 09:18:42 [WARN] rpc error (0): connection failed
2019-08-30 09:18:42 [WARN] ID#120 - connection failed(0) FILE="D:/下载/03.2020强化班-张宇/01.2020高数强化班-张宇（完）/02.第二讲/01.第二讲 01导数的定义.mp4" SIZE="554890320"
2019-08-30 09:18:42 [WARN] rpc error (0): connection failed
2019-08-30 09:18:42 [WARN] ID#121 - connection failed(0) FILE="D:/下载/03.2020强化班-张宇/01.2020高数强化班-张宇（完）/01.第一讲/12.第一讲 06 数列极限的存在性与计算04.mp4" SIZE="521351159"
2019-08-30 09:18:42 [WARN] rpc error (0): connection failed
2019-08-30 09:18:42 [WARN] ID#111 - connection failed(0) FILE="D:/下载/03.2020强化班-张宇/01.2020高数强化班-张宇（完）/02.第二讲/10.第二讲 05经济应用（仅数三）.mp4" SIZE="147230020"
2019-08-30 09:18:42 [WARN] rpc error (0): connection failed
2019-08-30 09:18:42 [WARN] ID#125 - connection failed(0) FILE="D:/下载/03.2020强化班-张宇/01.2020高数强化班-张宇（完）/01.第一讲/08.第一讲05数列极限的定义及使用.mp4" SIZE="74335096"
2019-08-30 09:18:43 [WARN] rpc error (0): connection failed
2019-08-30 09:18:43 [WARN] ID#129 - connection failed(0) FILE="D:/下载/03.2020强化班-张宇/01.2020高数强化班-张宇（完）/01.第一讲/04.第一讲 02函数极限的计算02.mp4" SIZE="451048021"
2019-08-30 09:18:43 [WARN] rpc error (0): connection failed
2019-08-30 09:18:43 [WARN] ID#114 - connection failed(0) FILE="D:/下载/03.2020强化班-张宇/01.2020高数强化班-张宇（完）/02.第二讲/07.第二讲 04等式问题.mp4" SIZE="119696969"
2019-08-30 09:18:43 [WARN] rpc error (0): connection failed
2019-08-30 09:18:43 [WARN] ID#123 - connection failed(0) FILE="D:/下载/03.2020强化班-张宇/01.2020高数强化班-张宇（完）/01.第一讲/10.第一讲 06 数列极限的存在性与计算02.mp4" SIZE="477866536"
2019-08-30 09:18:43 [WARN] rpc error (0): connection failed
2019-08-30 09:18:43 [WARN] ID#128 - connection failed(0) FILE="D:/下载/03.2020强化班-张宇/01.2020高数强化班-张宇（完）/01.第一讲/05.第一讲 02函数极限的计算03.mp4" SIZE="431006510"
2019-08-30 09:18:43 [WARN] rpc error (0): connection failed
2019-08-30 09:18:43 [WARN] ID#112 - connection failed(0) FILE="D:/下载/03.2020强化班-张宇/01.2020高数强化班-张宇（完）/02.第二讲/09.第二讲 04中值定理02.mp4" SIZE="799538874"
2019-08-30 09:18:43 [WARN] rpc error (0): connection failed
2019-08-30 09:18:43 [WARN] ID#122 - connection failed(0) FILE="D:/下载/03.2020强化班-张宇/01.2020高数强化班-张宇（完）/01.第一讲/11.第一讲 06 数列极限的存在性与计算03.mp4" SIZE="303326497"
2019-08-30 09:18:44 [WARN] rpc error (0): connection failed
2019-08-30 09:18:44 [WARN] ID#126 - connection failed(0) FILE="D:/下载/03.2020强化班-张宇/01.2020高数强化班-张宇（完）/01.第一讲/07.第一讲04 函数极限的应用.mp4" SIZE="176022215"
2019-08-30 09:18:44 [WARN] rpc error (0): connection failed
2019-08-30 09:18:44 [WARN] ID#115 - connection failed(0) FILE="D:/下载/03.2020强化班-张宇/01.2020高数强化班-张宇（完）/02.第二讲/06.第二讲 04不等式问题.mp4" SIZE="444395975"
2019-08-30 09:18:44 [WARN] rpc error (0): connection failed
2019-08-30 09:18:44 [WARN] ID#124 - connection failed(0) FILE="D:/下载/03.2020强化班-张宇/01.2020高数强化班-张宇（完）/01.第一讲/09.第一讲 06 数列极限的存在性与计算01.mp4" SIZE="686792286"
2019-08-30 09:18:44 [WARN] rpc error (0): connection failed
2019-08-30 09:18:44 [WARN] ID#130 - connection failed(0) FILE="D:/下载/03.2020强化班-张宇/01.2020高数强化班-张宇（完）/01.第一讲/03.第一讲 02函数极限的计算01.mp4" SIZE="248495080"
2019-08-30 09:18:44 [WARN] rpc error (0): connection failed
2019-08-30 09:18:44 [WARN] ID#113 - connection failed(0) FILE="D:/下载/03.2020强化班-张宇/01.2020高数强化班-张宇（完）/02.第二讲/08.第二讲 04中值定理01.mp4" SIZE="324362789"
2019-08-30 09:18:44 [WARN] rpc error (0): connection failed
2019-08-30 09:18:44 [WARN] ID#129 - connection failed(0) FILE="D:/下载/03.2020强化班-张宇/01.2020高数强化班-张宇（完）/01.第一讲/04.第一讲 02函数极限的计算02.mp4" SIZE="451048021"
2019-08-30 09:18:45 [WARN] rpc error (0): connection failed
2019-08-30 09:18:45 [WARN] ID#123 - connection failed(0) FILE="D:/下载/03.2020强化班-张宇/01.2020高数强化班-张宇（完）/01.第一讲/10.第一讲 06 数列极限的存在性与计算02.mp4" SIZE="477866536"
2019-08-30 09:18:45 [WARN] rpc error (0): connection failed
2019-08-30 09:18:45 [WARN] ID#125 - connection failed(0) FILE="D:/下载/03.2020强化班-张宇/01.2020高数强化班-张宇（完）/01.第一讲/08.第一讲05数列极限的定义及使用.mp4" SIZE="74335096"
2019-08-30 09:18:45 [WARN] rpc error (0): connection failed
2019-08-30 09:18:45 [WARN] ID#127 - connection failed(0) FILE="D:/下载/03.2020强化班-张宇/01.2020高数强化班-张宇（完）/01.第一讲/06.第一讲 03函数极限的存在性.mp4" SIZE="503908500"
2019-08-30 09:18:45 [WARN] rpc error (0): connection failed
2019-08-30 09:18:45 [WARN] ID#131 - connection failed(0) FILE="D:/下载/03.2020强化班-张宇/01.2020高数强化班-张宇（完）/01.第一讲/02.第一讲 01 函数极限的定义及使用02.mp4" SIZE="293592541"
2019-08-30 09:18:46 [WARN] rpc error (0): connection failed
2019-08-30 09:18:46 [WARN] ID#114 - connection failed(0) FILE="D:/下载/03.2020强化班-张宇/01.2020高数强化班-张宇（完）/02.第二讲/07.第二讲 04等式问题.mp4" SIZE="119696969"
2019-08-30 09:18:46 [WARN] rpc error (0): connection failed
2019-08-30 09:18:46 [WARN] ID#130 - connection failed(0) FILE="D:/下载/03.2020强化班-张宇/01.2020高数强化班-张宇（完）/01.第一讲/03.第一讲 02函数极限的计算01.mp4" SIZE="248495080"
2019-08-30 09:18:46 [WARN] rpc error (0): connection failed
2019-08-30 09:18:46 [WARN] ID#116 - connection failed(0) FILE="D:/下载/03.2020强化班-张宇/01.2020高数强化班-张宇（完）/02.第二讲/05.第二讲 03导数的几何应用02.mp4" SIZE="350729548"
2019-08-30 09:18:46 [WARN] rpc error (0): connection failed
2019-08-30 09:18:46 [WARN] ID#124 - connection failed(0) FILE="D:/下载/03.2020强化班-张宇/01.2020高数强化班-张宇（完）/01.第一讲/09.第一讲 06 数列极限的存在性与计算01.mp4" SIZE="686792286"
2019-08-30 09:18:46 [WARN] rpc error (0): connection failed
2019-08-30 09:18:46 [WARN] ID#126 - connection failed(0) FILE="D:/下载/03.2020强化班-张宇/01.2020高数强化班-张宇（完）/01.第一讲/07.第一讲04 函数极限的应用.mp4" SIZE="176022215"
2019-08-30 09:18:47 [WARN] rpc error (0): connection failed
2019-08-30 09:18:47 [WARN] ID#115 - connection failed(0) FILE="D:/下载/03.2020强化班-张宇/01.2020高数强化班-张宇（完）/02.第二讲/06.第二讲 04不等式问题.mp4" SIZE="444395975"
2019-08-30 09:18:47 [WARN] rpc error (0): connection failed
2019-08-30 09:18:47 [WARN] ID#128 - connection failed(0) FILE="D:/下载/03.2020强化班-张宇/01.2020高数强化班-张宇（完）/01.第一讲/05.第一讲 02函数极限的计算03.mp4" SIZE="431006510"
2019-08-30 09:18:47 [WARN] rpc error (0): connection failed
2019-08-30 09:18:47 [WARN] ID#131 - connection failed(0) FILE="D:/下载/03.2020强化班-张宇/01.2020高数强化班-张宇（完）/01.第一讲/02.第一讲 01 函数极限的定义及使用02.mp4" SIZE="293592541"
2019-08-30 09:18:47 [WARN] rpc error (0): connection failed
2019-08-30 09:18:47 [WARN] ID#117 - connection failed(0) FILE="D:/下载/03.2020强化班-张宇/01.2020高数强化班-张宇（完）/02.第二讲/04.第二讲 03导数的几何应用01.mp4" SIZE="664639076"
2019-08-30 09:18:47 [WARN] rpc error (0): connection failed
2019-08-30 09:18:47 [WARN] ID#125 - connection failed(0) FILE="D:/下载/03.2020强化班-张宇/01.2020高数强化班-张宇（完）/01.第一讲/08.第一讲05数列极限的定义及使用.mp4" SIZE="74335096"
2019-08-30 09:18:47 [WARN] rpc error (0): connection failed
2019-08-30 09:18:47 [WARN] ID#132 - connection failed(0) FILE="D:/下载/03.2020强化班-张宇/01.2020高数强化班-张宇（完）/01.第一讲/01.第一讲 01 函数极限的定义及使用01.mp4" SIZE="314469732"
2019-08-30 09:18:48 [WARN] rpc error (0): connection failed
2019-08-30 09:18:48 [WARN] ID#116 - connection failed(0) FILE="D:/下载/03.2020强化班-张宇/01.2020高数强化班-张宇（完）/02.第二讲/05.第二讲 03导数的几何应用02.mp4" SIZE="350729548"
2019-08-30 09:18:48 [WARN] rpc error (0): connection failed
2019-08-30 09:18:48 [WARN] ID#127 - connection failed(0) FILE="D:/下载/03.2020强化班-张宇/01.2020高数强化班-张宇（完）/01.第一讲/06.第一讲 03函数极限的存在性.mp4" SIZE="503908500"
2019-08-30 09:18:48 [WARN] rpc error (0): connection failed
2019-08-30 09:18:48 [WARN] ID#118 - connection failed(0) FILE="D:/下载/03.2020强化班-张宇/01.2020高数强化班-张宇（完）/02.第二讲/03.第二讲 02导数的计算02.mp4" SIZE="343587404"
2019-08-30 09:18:48 [WARN] rpc error (0): connection failed
2019-08-30 09:18:48 [WARN] ID#126 - connection failed(0) FILE="D:/下载/03.2020强化班-张宇/01.2020高数强化班-张宇（完）/01.第一讲/07.第一讲04 函数极限的应用.mp4" SIZE="176022215"
2019-08-30 09:18:48 [WARN] rpc error (0): connection failed
2019-08-30 09:18:48 [WARN] ID#129 - connection failed(0) FILE="D:/下载/03.2020强化班-张宇/01.2020高数强化班-张宇（完）/01.第一讲/04.第一讲 02函数极限的计算02.mp4" SIZE="451048021"
2019-08-30 09:18:48 [WARN] rpc error (0): connection failed
2019-08-30 09:18:48 [WARN] ID#133 - connection failed(0) FILE="D:/下载/03.2020强化班-张宇/01.2020高数强化班-张宇（完）/00.综述/综述.mp4" SIZE="140239657"
2019-08-30 09:18:48 [WARN] rpc error (0): connection failed
2019-08-30 09:18:48 [WARN] ID#134 - connection failed(0) FILE="D:/下载/03.2020强化班-张宇/官网说明.jpg" SIZE="16776"
2019-08-30 09:18:49 [WARN] rpc error (0): connection failed
2019-08-30 09:18:49 [WARN] ID#117 - connection failed(0) FILE="D:/下载/03.2020强化班-张宇/01.2020高数强化班-张宇（完）/02.第二讲/04.第二讲 03导数的几何应用01.mp4" SIZE="664639076"
2019-08-30 09:18:49 [WARN] rpc error (0): connection failed
2019-08-30 09:18:49 [WARN] ID#128 - connection failed(0) FILE="D:/下载/03.2020强化班-张宇/01.2020高数强化班-张宇（完）/01.第一讲/05.第一讲 02函数极限的计算03.mp4" SIZE="431006510"
2019-08-30 09:18:50 [WARN] rpc error (0): connection failed
2019-08-30 09:18:50 [WARN] ID#119 - connection failed(0) FILE="D:/下载/03.2020强化班-张宇/01.2020高数强化班-张宇（完）/02.第二讲/02.第二讲 02导数的计算01.mp4" SIZE="488615426"
2019-08-30 09:18:50 [WARN] rpc error (0): connection failed
2019-08-30 09:18:50 [WARN] ID#127 - connection failed(0) FILE="D:/下载/03.2020强化班-张宇/01.2020高数强化班-张宇（完）/01.第一讲/06.第一讲 03函数极限的存在性.mp4" SIZE="503908500"
2019-08-30 09:18:50 [WARN] rpc error (0): connection failed
2019-08-30 09:18:50 [WARN] ID#130 - connection failed(0) FILE="D:/下载/03.2020强化班-张宇/01.2020高数强化班-张宇（完）/01.第一讲/03.第一讲 02函数极限的计算01.mp4" SIZE="248495080"
2019-08-30 09:18:50 [WARN] rpc error (0): connection failed
2019-08-30 09:18:50 [WARN] ID#135 - connection failed(0) FILE="D:/下载/03.2020强化班-张宇/2020张宇闭关修炼-试题分册（即2020强化班讲义）.pdf" SIZE="129552256"
2019-08-30 09:18:50 [WARN] rpc error (0): connection failed
2019-08-30 09:18:50 [WARN] ID#136 - connection failed(0) FILE="D:/下载/03.2020强化班-张宇/2020张宇闭关修炼-解析分册（即2020强化班讲义）.pdf" SIZE="188933496"
2019-08-30 09:18:50 [WARN] rpc error (0): connection failed
2019-08-30 09:18:50 [WARN] ID#118 - connection failed(0) FILE="D:/下载/03.2020强化班-张宇/01.2020高数强化班-张宇（完）/02.第二讲/03.第二讲 02导数的计算02.mp4" SIZE="343587404"
2019-08-30 09:18:51 [WARN] rpc error (0): connection failed
2019-08-30 09:18:51 [WARN] ID#128 - connection failed(0) FILE="D:/下载/03.2020强化班-张宇/01.2020高数强化班-张宇（完）/01.第一讲/05.第一讲 02函数极限的计算03.mp4" SIZE="431006510"
2019-08-30 09:18:51 [WARN] rpc error (0): connection failed
2019-08-30 09:18:51 [WARN] ID#129 - connection failed(0) FILE="D:/下载/03.2020强化班-张宇/01.2020高数强化班-张宇（完）/01.第一讲/04.第一讲 02函数极限的计算02.mp4" SIZE="451048021"
2019-08-30 09:18:51 [WARN] rpc error (0): connection failed
2019-08-30 09:18:51 [WARN] ID#131 - connection failed(0) FILE="D:/下载/03.2020强化班-张宇/01.2020高数强化班-张宇（完）/01.第一讲/02.第一讲 01 函数极限的定义及使用02.mp4" SIZE="293592541"
2019-08-30 09:18:51 [WARN] rpc error (0): connection failed
2019-08-30 09:18:51 [WARN] ID#120 - connection failed(0) FILE="D:/下载/03.2020强化班-张宇/01.2020高数强化班-张宇（完）/02.第二讲/01.第二讲 01导数的定义.mp4" SIZE="554890320"
2019-08-30 09:18:51 [WARN] rpc error (0): connection failed
2019-08-30 09:18:51 [WARN] ID#89 - connection failed(0) FILE="D:/下载/03.2020强化班-张宇/01.2020高数强化班-张宇（完）/04.第四讲/07.第四讲 05偏微分方程.mp4" SIZE="332486000"
2019-08-30 09:18:52 [WARN] rpc error (0): connection failed
2019-08-30 09:18:52 [WARN] ID#98 - connection failed(0) FILE="D:/下载/03.2020强化班-张宇/01.2020高数强化班-张宇（完）/03.第三讲/12.第三讲 06几何应用03.mp4" SIZE="364990158"
2019-08-30 09:18:52 [WARN] rpc error (0): connection failed
2019-08-30 09:18:52 [WARN] ID#119 - connection failed(0) FILE="D:/下载/03.2020强化班-张宇/01.2020高数强化班-张宇（完）/02.第二讲/02.第二讲 02导数的计算01.mp4" SIZE="488615426"
2019-08-30 09:18:52 [WARN] rpc error (0): connection failed
2019-08-30 09:18:52 [WARN] ID#130 - connection failed(0) FILE="D:/下载/03.2020强化班-张宇/01.2020高数强化班-张宇（完）/01.第一讲/03.第一讲 02函数极限的计算01.mp4" SIZE="248495080"
2019-08-30 09:18:52 [WARN] rpc error (0): connection failed
2019-08-30 09:18:52 [WARN] ID#133 - connection failed(0) FILE="D:/下载/03.2020强化班-张宇/01.2020高数强化班-张宇（完）/00.综述/综述.mp4" SIZE="140239657"
2019-08-30 09:18:52 [WARN] rpc error (0): connection failed
2019-08-30 09:18:52 [WARN] ID#121 - connection failed(0) FILE="D:/下载/03.2020强化班-张宇/01.2020高数强化班-张宇（完）/01.第一讲/12.第一讲 06 数列极限的存在性与计算04.mp4" SIZE="521351159"
2019-08-30 09:18:52 [WARN] rpc error (0): connection failed
2019-08-30 09:18:52 [WARN] ID#101 - connection failed(0) FILE="D:/下载/03.2020强化班-张宇/01.2020高数强化班-张宇（完）/03.第三讲/09.第三讲&05积分等式与不等式02.mp4" SIZE="315502369"
2019-08-30 09:18:53 [WARN] rpc error (0): connection failed
2019-08-30 09:18:53 [WARN] ID#132 - connection failed(0) FILE="D:/下载/03.2020强化班-张宇/01.2020高数强化班-张宇（完）/01.第一讲/01.第一讲 01 函数极限的定义及使用01.mp4" SIZE="314469732"
2019-08-30 09:18:53 [WARN] rpc error (0): connection failed
2019-08-30 09:18:53 [WARN] ID#102 - connection failed(0) FILE="D:/下载/03.2020强化班-张宇/01.2020高数强化班-张宇（完）/03.第三讲/08.第三讲 05积分等式与不等式01.mp4" SIZE="316290471"
2019-08-30 09:18:53 [WARN] rpc error (0): connection failed
2019-08-30 09:18:53 [WARN] ID#134 - connection failed(0) FILE="D:/下载/03.2020强化班-张宇/官网说明.jpg" SIZE="16776"
2019-08-30 09:18:53 [WARN] rpc error (0): connection failed
2019-08-30 09:18:53 [WARN] ID#120 - connection failed(0) FILE="D:/下载/03.2020强化班-张宇/01.2020高数强化班-张宇（完）/02.第二讲/01.第二讲 01导数的定义.mp4" SIZE="554890320"
2019-08-30 09:18:54 [WARN] rpc error (0): connection failed
2019-08-30 09:18:54 [WARN] ID#103 - connection failed(0) FILE="D:/下载/03.2020强化班-张宇/01.2020高数强化班-张宇（完）/03.第三讲/07.第三讲 04变限积分的计算.mp4" SIZE="306841857"
2019-08-30 09:18:54 [WARN] rpc error (0): connection failed
2019-08-30 09:18:54 [WARN] ID#122 - connection failed(0) FILE="D:/下载/03.2020强化班-张宇/01.2020高数强化班-张宇（完）/01.第一讲/11.第一讲 06 数列极限的存在性与计算03.mp4" SIZE="303326497"
2019-08-30 09:18:54 [WARN] rpc error (0): connection failed
2019-08-30 09:18:54 [WARN] ID#131 - connection failed(0) FILE="D:/下载/03.2020强化班-张宇/01.2020高数强化班-张宇（完）/01.第一讲/02.第一讲 01 函数极限的定义及使用02.mp4" SIZE="293592541"
2019-08-30 09:18:54 [WARN] rpc error (0): connection failed
2019-08-30 09:18:54 [WARN] ID#133 - connection failed(0) FILE="D:/下载/03.2020强化班-张宇/01.2020高数强化班-张宇（完）/00.综述/综述.mp4" SIZE="140239657"
2019-08-30 09:18:55 [WARN] rpc error (0): connection failed
2019-08-30 09:18:55 [WARN] ID#104 - connection failed(0) FILE="D:/下载/03.2020强化班-张宇/01.2020高数强化班-张宇（完）/03.第三讲/06.第三讲 03定积分的计算02.mp4" SIZE="226607071"
2019-08-30 09:18:55 [WARN] rpc error (0): connection failed
2019-08-30 09:18:55 [WARN] ID#121 - connection failed(0) FILE="D:/下载/03.2020强化班-张宇/01.2020高数强化班-张宇（完）/01.第一讲/12.第一讲 06 数列极限的存在性与计算04.mp4" SIZE="521351159"
2019-08-30 09:18:55 [WARN] rpc error (0): connection failed
2019-08-30 09:18:55 [WARN] ID#135 - connection failed(0) FILE="D:/下载/03.2020强化班-张宇/2020张宇闭关修炼-试题分册（即2020强化班讲义）.pdf" SIZE="129552256"
2019-08-30 09:18:55 [WARN] rpc error (0): connection failed
2019-08-30 09:18:55 [WARN] ID#105 - connection failed(0) FILE="D:/下载/03.2020强化班-张宇/01.2020高数强化班-张宇（完）/03.第三讲/05.第三讲 03定积分的计算01.mp4" SIZE="387499859"
2019-08-30 09:18:55 [WARN] rpc error (0): connection failed
2019-08-30 09:18:55 [WARN] ID#134 - connection failed(0) FILE="D:/下载/03.2020强化班-张宇/官网说明.jpg" SIZE="16776"
2019-08-30 09:18:55 [WARN] rpc error (0): connection failed
2019-08-30 09:18:55 [WARN] ID#123 - connection failed(0) FILE="D:/下载/03.2020强化班-张宇/01.2020高数强化班-张宇（完）/01.第一讲/10.第一讲 06 数列极限的存在性与计算02.mp4" SIZE="477866536"
2019-08-30 09:18:55 [WARN] rpc error (0): connection failed
2019-08-30 09:18:55 [WARN] ID#132 - connection failed(0) FILE="D:/下载/03.2020强化班-张宇/01.2020高数强化班-张宇（完）/01.第一讲/01.第一讲 01 函数极限的定义及使用01.mp4" SIZE="314469732"
2019-08-30 09:18:56 [WARN] rpc error (0): connection failed
2019-08-30 09:18:56 [WARN] ID#106 - connection failed(0) FILE="D:/下载/03.2020强化班-张宇/01.2020高数强化班-张宇（完）/03.第三讲/04.第三讲 02不定积分的计算02.mp4" SIZE="293604052"
2019-08-30 09:18:56 [WARN] rpc error (0): connection failed
2019-08-30 09:18:56 [WARN] ID#122 - connection failed(0) FILE="D:/下载/03.2020强化班-张宇/01.2020高数强化班-张宇（完）/01.第一讲/11.第一讲 06 数列极限的存在性与计算03.mp4" SIZE="303326497"
2019-08-30 09:18:56 [WARN] rpc error (0): connection failed
2019-08-30 09:18:56 [WARN] ID#136 - connection failed(0) FILE="D:/下载/03.2020强化班-张宇/2020张宇闭关修炼-解析分册（即2020强化班讲义）.pdf" SIZE="188933496"
2019-08-30 09:18:56 [WARN] rpc error (0): connection failed
2019-08-30 09:18:56 [WARN] ID#135 - connection failed(0) FILE="D:/下载/03.2020强化班-张宇/2020张宇闭关修炼-试题分册（即2020强化班讲义）.pdf" SIZE="129552256"
2019-08-30 09:18:56 [WARN] rpc error (0): connection failed
2019-08-30 09:18:56 [WARN] ID#107 - connection failed(0) FILE="D:/下载/03.2020强化班-张宇/01.2020高数强化班-张宇（完）/03.第三讲/03.第三讲 02不定积分的计算01.mp4" SIZE="276178267"
2019-08-30 09:18:56 [WARN] rpc error (0): connection failed
2019-08-30 09:18:56 [WARN] ID#124 - connection failed(0) FILE="D:/下载/03.2020强化班-张宇/01.2020高数强化班-张宇（完）/01.第一讲/09.第一讲 06 数列极限的存在性与计算01.mp4" SIZE="686792286"
2019-08-30 09:18:57 [WARN] rpc error (0): connection failed
2019-08-30 09:18:57 [WARN] ID#133 - connection failed(0) FILE="D:/下载/03.2020强化班-张宇/01.2020高数强化班-张宇（完）/00.综述/综述.mp4" SIZE="140239657"
2019-08-30 09:18:57 [WARN] rpc error (0): connection failed
2019-08-30 09:18:57 [WARN] ID#123 - connection failed(0) FILE="D:/下载/03.2020强化班-张宇/01.2020高数强化班-张宇（完）/01.第一讲/10.第一讲 06 数列极限的存在性与计算02.mp4" SIZE="477866536"
2019-08-30 09:18:57 [WARN] rpc error (0): connection failed
2019-08-30 09:18:57 [WARN] ID#89 - connection failed(0) FILE="D:/下载/03.2020强化班-张宇/01.2020高数强化班-张宇（完）/04.第四讲/07.第四讲 05偏微分方程.mp4" SIZE="332486000"
2019-08-30 09:18:57 [WARN] rpc error (0): connection failed
2019-08-30 09:18:57 [WARN] ID#108 - connection failed(0) FILE="D:/下载/03.2020强化班-张宇/01.2020高数强化班-张宇（完）/03.第三讲/02.第三讲 01概念与性质02.mp4" SIZE="612740730"
2019-08-30 09:18:57 [WARN] rpc error (0): connection failed
2019-08-30 09:18:57 [WARN] ID#109 - connection failed(0) FILE="D:/下载/03.2020强化班-张宇/01.2020高数强化班-张宇（完）/03.第三讲/01.第三讲 01概念与性质01.mp4" SIZE="543174215"
2019-08-30 09:18:57 [WARN] rpc error (0): connection failed
2019-08-30 09:18:57 [WARN] ID#125 - connection failed(0) FILE="D:/下载/03.2020强化班-张宇/01.2020高数强化班-张宇（完）/01.第一讲/08.第一讲05数列极限的定义及使用.mp4" SIZE="74335096"
2019-08-30 09:18:57 [WARN] rpc error (0): connection failed
2019-08-30 09:18:57 [WARN] ID#136 - connection failed(0) FILE="D:/下载/03.2020强化班-张宇/2020张宇闭关修炼-解析分册（即2020强化班讲义）.pdf" SIZE="188933496"
2019-08-30 09:18:58 [WARN] rpc error (0): connection failed
2019-08-30 09:18:58 [WARN] ID#134 - connection failed(0) FILE="D:/下载/03.2020强化班-张宇/官网说明.jpg" SIZE="16776"
2019-08-30 09:18:58 [WARN] rpc error (0): connection failed
2019-08-30 09:18:58 [WARN] ID#126 - connection failed(0) FILE="D:/下载/03.2020强化班-张宇/01.2020高数强化班-张宇（完）/01.第一讲/07.第一讲04 函数极限的应用.mp4" SIZE="176022215"
2019-08-30 09:18:58 [WARN] rpc error (0): connection failed
2019-08-30 09:18:58 [WARN] ID#98 - connection failed(0) FILE="D:/下载/03.2020强化班-张宇/01.2020高数强化班-张宇（完）/03.第三讲/12.第三讲 06几何应用03.mp4" SIZE="364990158"
2019-08-30 09:18:59 [WARN] rpc error (0): connection failed
2019-08-30 09:18:59 [WARN] ID#110 - connection failed(0) FILE="D:/下载/03.2020强化班-张宇/01.2020高数强化班-张宇（完）/02.第二讲/11.第二讲 05物理应用（仅数一数二）.mp4" SIZE="94362238"
2019-08-30 09:18:59 [WARN] rpc error (0): connection failed
2019-08-30 09:18:59 [WARN] ID#111 - connection failed(0) FILE="D:/下载/03.2020强化班-张宇/01.2020高数强化班-张宇（完）/02.第二讲/10.第二讲 05经济应用（仅数三）.mp4" SIZE="147230020"
2019-08-30 09:18:59 [WARN] rpc error (0): connection failed
2019-08-30 09:18:59 [WARN] ID#127 - connection failed(0) FILE="D:/下载/03.2020强化班-张宇/01.2020高数强化班-张宇（完）/01.第一讲/06.第一讲 03函数极限的存在性.mp4" SIZE="503908500"
2019-08-30 09:18:59 [WARN] rpc error (0): connection failed
2019-08-30 09:18:59 [WARN] ID#89 - connection failed(0) FILE="D:/下载/03.2020强化班-张宇/01.2020高数强化班-张宇（完）/04.第四讲/07.第四讲 05偏微分方程.mp4" SIZE="332486000"
2019-08-30 09:18:59 [WARN] rpc error (0): connection failed
2019-08-30 09:18:59 [WARN] ID#135 - connection failed(0) FILE="D:/下载/03.2020强化班-张宇/2020张宇闭关修炼-试题分册（即2020强化班讲义）.pdf" SIZE="129552256"
2019-08-30 09:19:01 [WARN] rpc error (0): connection failed
2019-08-30 09:19:01 [WARN] ID#128 - connection failed(0) FILE="D:/下载/03.2020强化班-张宇/01.2020高数强化班-张宇（完）/01.第一讲/05.第一讲 02函数极限的计算03.mp4" SIZE="431006510"
2019-08-30 09:19:02 [WARN] rpc error (0): connection failed
2019-08-30 09:19:02 [WARN] ID#101 - connection failed(0) FILE="D:/下载/03.2020强化班-张宇/01.2020高数强化班-张宇（完）/03.第三讲/09.第三讲&05积分等式与不等式02.mp4" SIZE="315502369"
2019-08-30 09:19:02 [WARN] rpc error (0): connection failed
2019-08-30 09:19:02 [WARN] ID#112 - connection failed(0) FILE="D:/下载/03.2020强化班-张宇/01.2020高数强化班-张宇（完）/02.第二讲/09.第二讲 04中值定理02.mp4" SIZE="799538874"
2019-08-30 09:19:02 [WARN] rpc error (0): connection failed
2019-08-30 09:19:02 [WARN] ID#113 - connection failed(0) FILE="D:/下载/03.2020强化班-张宇/01.2020高数强化班-张宇（完）/02.第二讲/08.第二讲 04中值定理01.mp4" SIZE="324362789"
2019-08-30 09:19:02 [WARN] rpc error (0): connection failed
2019-08-30 09:19:02 [WARN] ID#129 - connection failed(0) FILE="D:/下载/03.2020强化班-张宇/01.2020高数强化班-张宇（完）/01.第一讲/04.第一讲 02函数极限的计算02.mp4" SIZE="451048021"
2019-08-30 09:19:03 [WARN] rpc error (0): connection failed
2019-08-30 09:19:03 [WARN] ID#130 - connection failed(0) FILE="D:/下载/03.2020强化班-张宇/01.2020高数强化班-张宇（完）/01.第一讲/03.第一讲 02函数极限的计算01.mp4" SIZE="248495080"
2019-08-30 09:19:03 [WARN] rpc error (0): connection failed
2019-08-30 09:19:03 [WARN] ID#136 - connection failed(0) FILE="D:/下载/03.2020强化班-张宇/2020张宇闭关修炼-解析分册（即2020强化班讲义）.pdf" SIZE="188933496"
2019-08-30 09:19:03 [WARN] rpc error (0): connection failed
2019-08-30 09:19:03 [WARN] ID#102 - connection failed(0) FILE="D:/下载/03.2020强化班-张宇/01.2020高数强化班-张宇（完）/03.第三讲/08.第三讲 05积分等式与不等式01.mp4" SIZE="316290471"
2019-08-30 09:19:03 [WARN] rpc error (0): connection failed
2019-08-30 09:19:03 [WARN] ID#114 - connection failed(0) FILE="D:/下载/03.2020强化班-张宇/01.2020高数强化班-张宇（完）/02.第二讲/07.第二讲 04等式问题.mp4" SIZE="119696969"
2019-08-30 09:19:03 [WARN] rpc error (0): connection failed
2019-08-30 09:19:03 [WARN] ID#115 - connection failed(0) FILE="D:/下载/03.2020强化班-张宇/01.2020高数强化班-张宇（完）/02.第二讲/06.第二讲 04不等式问题.mp4" SIZE="444395975"
2019-08-30 09:19:03 [WARN] rpc error (0): connection failed
2019-08-30 09:19:03 [WARN] ID#131 - connection failed(0) FILE="D:/下载/03.2020强化班-张宇/01.2020高数强化班-张宇（完）/01.第一讲/02.第一讲 01 函数极限的定义及使用02.mp4" SIZE="293592541"
2019-08-30 09:19:04 [WARN] rpc error (0): connection failed
2019-08-30 09:19:04 [WARN] ID#89 - connection failed(0) FILE="D:/下载/03.2020强化班-张宇/01.2020高数强化班-张宇（完）/04.第四讲/07.第四讲 05偏微分方程.mp4" SIZE="332486000"
2019-08-30 09:19:04 [WARN] rpc error (0): connection failed
2019-08-30 09:19:04 [WARN] ID#98 - connection failed(0) FILE="D:/下载/03.2020强化班-张宇/01.2020高数强化班-张宇（完）/03.第三讲/12.第三讲 06几何应用03.mp4" SIZE="364990158"
2019-08-30 09:19:04 [WARN] rpc error (0): connection failed
2019-08-30 09:19:04 [WARN] ID#103 - connection failed(0) FILE="D:/下载/03.2020强化班-张宇/01.2020高数强化班-张宇（完）/03.第三讲/07.第三讲 04变限积分的计算.mp4" SIZE="306841857"
2019-08-30 09:19:04 [WARN] rpc error (0): connection failed
2019-08-30 09:19:04 [WARN] ID#132 - connection failed(0) FILE="D:/下载/03.2020强化班-张宇/01.2020高数强化班-张宇（完）/01.第一讲/01.第一讲 01 函数极限的定义及使用01.mp4" SIZE="314469732"
2019-08-30 09:19:04 [WARN] rpc error (0): connection failed
2019-08-30 09:19:04 [WARN] ID#118 - connection failed(0) FILE="D:/下载/03.2020强化班-张宇/01.2020高数强化班-张宇（完）/02.第二讲/03.第二讲 02导数的计算02.mp4" SIZE="343587404"
2019-08-30 09:19:04 [WARN] rpc error (0): connection failed
2019-08-30 09:19:04 [WARN] ID#133 - connection failed(0) FILE="D:/下载/03.2020强化班-张宇/01.2020高数强化班-张宇（完）/00.综述/综述.mp4" SIZE="140239657"
2019-08-30 09:19:05 [WARN] rpc error (0): connection failed
2019-08-30 09:19:05 [WARN] ID#117 - connection failed(0) FILE="D:/下载/03.2020强化班-张宇/01.2020高数强化班-张宇（完）/02.第二讲/04.第二讲 03导数的几何应用01.mp4" SIZE="664639076"
2019-08-30 09:19:05 [WARN] rpc error (0): connection failed
2019-08-30 09:19:05 [WARN] ID#101 - connection failed(0) FILE="D:/下载/03.2020强化班-张宇/01.2020高数强化班-张宇（完）/03.第三讲/09.第三讲&05积分等式与不等式02.mp4" SIZE="315502369"
2019-08-30 09:19:05 [WARN] rpc error (0): connection failed
2019-08-30 09:19:05 [WARN] ID#102 - connection failed(0) FILE="D:/下载/03.2020强化班-张宇/01.2020高数强化班-张宇（完）/03.第三讲/08.第三讲 05积分等式与不等式01.mp4" SIZE="316290471"
2019-08-30 09:19:05 [WARN] rpc error (0): connection failed
2019-08-30 09:19:05 [WARN] ID#104 - connection failed(0) FILE="D:/下载/03.2020强化班-张宇/01.2020高数强化班-张宇（完）/03.第三讲/06.第三讲 03定积分的计算02.mp4" SIZE="226607071"
2019-08-30 09:19:05 [WARN] rpc error (0): connection failed
2019-08-30 09:19:05 [WARN] ID#134 - connection failed(0) FILE="D:/下载/03.2020强化班-张宇/官网说明.jpg" SIZE="16776"
2019-08-30 09:19:14 [WARN] rpc error (0): connection failed
2019-08-30 09:19:14 [WARN] ID#119 - connection failed(0) FILE="D:/下载/03.2020强化班-张宇/01.2020高数强化班-张宇（完）/02.第二讲/02.第二讲 02导数的计算01.mp4" SIZE="488615426"
2019-08-30 09:19:14 [WARN] rpc error (0): connection failed
2019-08-30 09:19:14 [WARN] ID#120 - connection failed(0) FILE="D:/下载/03.2020强化班-张宇/01.2020高数强化班-张宇（完）/02.第二讲/01.第二讲 01导数的定义.mp4" SIZE="554890320"
2019-08-30 09:19:14 [WARN] rpc error (0): connection failed
2019-08-30 09:19:14 [WARN] ID#135 - connection failed(0) FILE="D:/下载/03.2020强化班-张宇/2020张宇闭关修炼-试题分册（即2020强化班讲义）.pdf" SIZE="129552256"
2019-08-30 09:19:14 [WARN] rpc error (0): connection failed
2019-08-30 09:19:14 [WARN] ID#103 - connection failed(0) FILE="D:/下载/03.2020强化班-张宇/01.2020高数强化班-张宇（完）/03.第三讲/07.第三讲 04变限积分的计算.mp4" SIZE="306841857"
2019-08-30 09:19:14 [WARN] rpc error (0): connection failed
2019-08-30 09:19:14 [WARN] ID#136 - connection failed(0) FILE="D:/下载/03.2020强化班-张宇/2020张宇闭关修炼-解析分册（即2020强化班讲义）.pdf" SIZE="188933496"
2019-08-30 09:19:15 [WARN] rpc error (0): connection failed
2019-08-30 09:19:15 [WARN] ID#121 - connection failed(0) FILE="D:/下载/03.2020强化班-张宇/01.2020高数强化班-张宇（完）/01.第一讲/12.第一讲 06 数列极限的存在性与计算04.mp4" SIZE="521351159"
2019-08-30 09:19:15 [WARN] rpc error (0): connection failed
2019-08-30 09:19:15 [WARN] ID#122 - connection failed(0) FILE="D:/下载/03.2020强化班-张宇/01.2020高数强化班-张宇（完）/01.第一讲/11.第一讲 06 数列极限的存在性与计算03.mp4" SIZE="303326497"
2019-08-30 09:19:15 [WARN] rpc error (0): connection failed
2019-08-30 09:19:15 [WARN] ID#104 - connection failed(0) FILE="D:/下载/03.2020强化班-张宇/01.2020高数强化班-张宇（完）/03.第三讲/06.第三讲 03定积分的计算02.mp4" SIZE="226607071"
2019-08-30 09:19:16 [WARN] rpc error (0): connection failed
2019-08-30 09:19:16 [WARN] ID#109 - connection failed(0) FILE="D:/下载/03.2020强化班-张宇/01.2020高数强化班-张宇（完）/03.第三讲/01.第三讲 01概念与性质01.mp4" SIZE="543174215"
2019-08-30 09:19:16 [WARN] rpc error (0): connection failed
2019-08-30 09:19:16 [WARN] ID#108 - connection failed(0) FILE="D:/下载/03.2020强化班-张宇/01.2020高数强化班-张宇（完）/03.第三讲/02.第三讲 01概念与性质02.mp4" SIZE="612740730"
2019-08-30 09:19:16 [WARN] rpc error (0): connection failed
2019-08-30 09:19:16 [WARN] ID#89 - connection failed(0) FILE="D:/下载/03.2020强化班-张宇/01.2020高数强化班-张宇（完）/04.第四讲/07.第四讲 05偏微分方程.mp4" SIZE="332486000"
2019-08-30 09:19:17 [WARN] rpc error (0): connection failed
2019-08-30 09:19:17 [WARN] ID#123 - connection failed(0) FILE="D:/下载/03.2020强化班-张宇/01.2020高数强化班-张宇（完）/01.第一讲/10.第一讲 06 数列极限的存在性与计算02.mp4" SIZE="477866536"
2019-08-30 09:19:17 [WARN] rpc error (0): connection failed
2019-08-30 09:19:17 [WARN] ID#124 - connection failed(0) FILE="D:/下载/03.2020强化班-张宇/01.2020高数强化班-张宇（完）/01.第一讲/09.第一讲 06 数列极限的存在性与计算01.mp4" SIZE="686792286"
2019-08-30 09:19:17 [WARN] rpc error (0): connection failed
2019-08-30 09:19:17 [WARN] ID#105 - connection failed(0) FILE="D:/下载/03.2020强化班-张宇/01.2020高数强化班-张宇（完）/03.第三讲/05.第三讲 03定积分的计算01.mp4" SIZE="387499859"
2019-08-30 09:19:17 [WARN] rpc error (0): connection failed
2019-08-30 09:19:17 [WARN] ID#110 - connection failed(0) FILE="D:/下载/03.2020强化班-张宇/01.2020高数强化班-张宇（完）/02.第二讲/11.第二讲 05物理应用（仅数一数二）.mp4" SIZE="94362238"
2019-08-30 09:19:17 [WARN] rpc error (0): connection failed
2019-08-30 09:19:17 [WARN] ID#111 - connection failed(0) FILE="D:/下载/03.2020强化班-张宇/01.2020高数强化班-张宇（完）/02.第二讲/10.第二讲 05经济应用（仅数三）.mp4" SIZE="147230020"
2019-08-30 09:19:18 [WARN] rpc error (0): connection failed
2019-08-30 09:19:18 [WARN] ID#98 - connection failed(0) FILE="D:/下载/03.2020强化班-张宇/01.2020高数强化班-张宇（完）/03.第三讲/12.第三讲 06几何应用03.mp4" SIZE="364990158"
2019-08-30 09:19:18 [WARN] rpc error (0): connection failed
2019-08-30 09:19:18 [WARN] ID#126 - connection failed(0) FILE="D:/下载/03.2020强化班-张宇/01.2020高数强化班-张宇（完）/01.第一讲/07.第一讲04 函数极限的应用.mp4" SIZE="176022215"
2019-08-30 09:19:18 [WARN] rpc error (0): connection failed
2019-08-30 09:19:18 [WARN] ID#112 - connection failed(0) FILE="D:/下载/03.2020强化班-张宇/01.2020高数强化班-张宇（完）/02.第二讲/09.第二讲 04中值定理02.mp4" SIZE="799538874"
2019-08-30 09:19:18 [WARN] rpc error (0): connection failed
2019-08-30 09:19:18 [WARN] ID#107 - connection failed(0) FILE="D:/下载/03.2020强化班-张宇/01.2020高数强化班-张宇（完）/03.第三讲/03.第三讲 02不定积分的计算01.mp4" SIZE="276178267"
2019-08-30 09:19:18 [WARN] rpc error (0): connection failed
2019-08-30 09:19:18 [WARN] ID#125 - connection failed(0) FILE="D:/下载/03.2020强化班-张宇/01.2020高数强化班-张宇（完）/01.第一讲/08.第一讲05数列极限的定义及使用.mp4" SIZE="74335096"
2019-08-30 09:19:19 [WARN] rpc error (0): connection failed
2019-08-30 09:19:19 [WARN] ID#113 - connection failed(0) FILE="D:/下载/03.2020强化班-张宇/01.2020高数强化班-张宇（完）/02.第二讲/08.第二讲 04中值定理01.mp4" SIZE="324362789"
2019-08-30 09:19:19 [WARN] rpc error (0): connection failed
2019-08-30 09:19:19 [WARN] ID#101 - connection failed(0) FILE="D:/下载/03.2020强化班-张宇/01.2020高数强化班-张宇（完）/03.第三讲/09.第三讲&05积分等式与不等式02.mp4" SIZE="315502369"
2019-08-30 09:19:19 [WARN] rpc error (0): connection failed
2019-08-30 09:19:19 [WARN] ID#112 - connection failed(0) FILE="D:/下载/03.2020强化班-张宇/01.2020高数强化班-张宇（完）/02.第二讲/09.第二讲 04中值定理02.mp4" SIZE="799538874"
2019-08-30 09:19:19 [WARN] rpc error (0): connection failed
2019-08-30 09:19:19 [WARN] ID#114 - connection failed(0) FILE="D:/下载/03.2020强化班-张宇/01.2020高数强化班-张宇（完）/02.第二讲/07.第二讲 04等式问题.mp4" SIZE="119696969"
2019-08-30 09:19:19 [WARN] rpc error (0): connection failed
2019-08-30 09:19:19 [WARN] ID#126 - connection failed(0) FILE="D:/下载/03.2020强化班-张宇/01.2020高数强化班-张宇（完）/01.第一讲/07.第一讲04 函数极限的应用.mp4" SIZE="176022215"
2019-08-30 09:19:19 [WARN] rpc error (0): connection failed
2019-08-30 09:19:19 [WARN] ID#127 - connection failed(0) FILE="D:/下载/03.2020强化班-张宇/01.2020高数强化班-张宇（完）/01.第一讲/06.第一讲 03函数极限的存在性.mp4" SIZE="503908500"
2019-08-30 09:19:20 [WARN] rpc error (0): connection failed
2019-08-30 09:19:20 [WARN] ID#115 - connection failed(0) FILE="D:/下载/03.2020强化班-张宇/01.2020高数强化班-张宇（完）/02.第二讲/06.第二讲 04不等式问题.mp4" SIZE="444395975"
2019-08-30 09:19:23 [WARN] rpc error (0): connection failed
2019-08-30 09:19:23 [WARN] ID#102 - connection failed(0) FILE="D:/下载/03.2020强化班-张宇/01.2020高数强化班-张宇（完）/03.第三讲/08.第三讲 05积分等式与不等式01.mp4" SIZE="316290471"
2019-08-30 09:19:26 [WARN] rpc error (0): connection failed
2019-08-30 09:19:26 [WARN] ID#106 - connection failed(0) FILE="D:/下载/03.2020强化班-张宇/01.2020高数强化班-张宇（完）/03.第三讲/04.第三讲 02不定积分的计算02.mp4" SIZE="293604052"
2019-08-30 09:19:30 [WARN] rpc error (0): connection failed
2019-08-30 09:19:30 [WARN] ID#103 - connection failed(0) FILE="D:/下载/03.2020强化班-张宇/01.2020高数强化班-张宇（完）/03.第三讲/07.第三讲 04变限积分的计算.mp4" SIZE="306841857"
2019-08-30 09:19:35 [WARN] rpc error (0): connection failed
2019-08-30 09:19:35 [WARN] ID#113 - connection failed(0) FILE="D:/下载/03.2020强化班-张宇/01.2020高数强化班-张宇（完）/02.第二讲/08.第二讲 04中值定理01.mp4" SIZE="324362789"
2019-08-30 09:19:35 [WARN] rpc error (0): connection failed
2019-08-30 09:19:35 [WARN] ID#128 - connection failed(0) FILE="D:/下载/03.2020强化班-张宇/01.2020高数强化班-张宇（完）/01.第一讲/05.第一讲 02函数极限的计算03.mp4" SIZE="431006510"
2019-08-30 09:19:37 [WARN] rpc error (0): connection failed
2019-08-30 09:19:37 [WARN] ID#116 - connection failed(0) FILE="D:/下载/03.2020强化班-张宇/01.2020高数强化班-张宇（完）/02.第二讲/05.第二讲 03导数的几何应用02.mp4" SIZE="350729548"
2019-08-30 09:19:38 [WARN] rpc error (0): connection failed
2019-08-30 09:19:38 [WARN] ID#117 - connection failed(0) FILE="D:/下载/03.2020强化班-张宇/01.2020高数强化班-张宇（完）/02.第二讲/04.第二讲 03导数的几何应用01.mp4" SIZE="664639076"
2019-08-30 09:19:41 [WARN] rpc error (0): connection failed
2019-08-30 09:19:41 [WARN] ID#118 - connection failed(0) FILE="D:/下载/03.2020强化班-张宇/01.2020高数强化班-张宇（完）/02.第二讲/03.第二讲 02导数的计算02.mp4" SIZE="343587404"
2019-08-30 09:19:44 [WARN] rpc error (0): connection failed
2019-08-30 09:19:44 [WARN] ID#129 - connection failed(0) FILE="D:/下载/03.2020强化班-张宇/01.2020高数强化班-张宇（完）/01.第一讲/04.第一讲 02函数极限的计算02.mp4" SIZE="451048021"
2019-08-30 09:19:44 [WARN] rpc error (0): connection failed
2019-08-30 09:19:44 [WARN] ID#131 - connection failed(0) FILE="D:/下载/03.2020强化班-张宇/01.2020高数强化班-张宇（完）/01.第一讲/02.第一讲 01 函数极限的定义及使用02.mp4" SIZE="293592541"
2019-08-30 09:19:45 [WARN] rpc error (0): connection failed
2019-08-30 09:19:45 [WARN] ID#107 - connection failed(0) FILE="D:/下载/03.2020强化班-张宇/01.2020高数强化班-张宇（完）/03.第三讲/03.第三讲 02不定积分的计算01.mp4" SIZE="276178267"
2019-08-30 09:19:45 [WARN] rpc error (0): connection failed
2019-08-30 09:19:45 [WARN] ID#132 - connection failed(0) FILE="D:/下载/03.2020强化班-张宇/01.2020高数强化班-张宇（完）/01.第一讲/01.第一讲 01 函数极限的定义及使用01.mp4" SIZE="314469732"
2019-08-30 09:19:45 [WARN] rpc error (0): connection failed
2019-08-30 09:19:45 [WARN] ID#105 - connection failed(0) FILE="D:/下载/03.2020强化班-张宇/01.2020高数强化班-张宇（完）/03.第三讲/05.第三讲 03定积分的计算01.mp4" SIZE="387499859"
2019-08-30 09:19:45 [WARN] rpc error (0): connection failed
2019-08-30 09:19:45 [WARN] ID#112 - connection failed(0) FILE="D:/下载/03.2020强化班-张宇/01.2020高数强化班-张宇（完）/02.第二讲/09.第二讲 04中值定理02.mp4" SIZE="799538874"
2019-08-30 09:19:45 [WARN] rpc error (0): connection failed
2019-08-30 09:19:45 [WARN] ID#133 - connection failed(0) FILE="D:/下载/03.2020强化班-张宇/01.2020高数强化班-张宇（完）/00.综述/综述.mp4" SIZE="140239657"
2019-08-30 09:19:45 [WARN] rpc error (0): connection failed
2019-08-30 09:19:45 [WARN] ID#107 - connection failed(0) FILE="D:/下载/03.2020强化班-张宇/01.2020高数强化班-张宇（完）/03.第三讲/03.第三讲 02不定积分的计算01.mp4" SIZE="276178267"
2019-08-30 09:19:45 [WARN] rpc error (0): connection failed
2019-08-30 09:19:45 [WARN] ID#113 - connection failed(0) FILE="D:/下载/03.2020强化班-张宇/01.2020高数强化班-张宇（完）/02.第二讲/08.第二讲 04中值定理01.mp4" SIZE="324362789"
2019-08-30 09:19:45 [WARN] rpc error (0): connection failed
2019-08-30 09:19:45 [WARN] ID#134 - connection failed(0) FILE="D:/下载/03.2020强化班-张宇/官网说明.jpg" SIZE="16776"
2019-08-30 09:19:46 [WARN] rpc error (0): connection failed
2019-08-30 09:19:46 [WARN] ID#112 - connection failed(0) FILE="D:/下载/03.2020强化班-张宇/01.2020高数强化班-张宇（完）/02.第二讲/09.第二讲 04中值定理02.mp4" SIZE="799538874"
2019-08-30 09:19:46 [WARN] rpc error (0): connection failed
2019-08-30 09:19:46 [WARN] ID#115 - connection failed(0) FILE="D:/下载/03.2020强化班-张宇/01.2020高数强化班-张宇（完）/02.第二讲/06.第二讲 04不等式问题.mp4" SIZE="444395975"
2019-08-30 09:19:46 [WARN] rpc error (0): connection failed
2019-08-30 09:19:46 [WARN] ID#135 - connection failed(0) FILE="D:/下载/03.2020强化班-张宇/2020张宇闭关修炼-试题分册（即2020强化班讲义）.pdf" SIZE="129552256"
2019-08-30 09:19:46 [WARN] rpc error (0): connection failed
2019-08-30 09:19:46 [WARN] ID#113 - connection failed(0) FILE="D:/下载/03.2020强化班-张宇/01.2020高数强化班-张宇（完）/02.第二讲/08.第二讲 04中值定理01.mp4" SIZE="324362789"
2019-08-30 09:19:46 [WARN] rpc error (0): connection failed
2019-08-30 09:19:46 [WARN] ID#116 - connection failed(0) FILE="D:/下载/03.2020强化班-张宇/01.2020高数强化班-张宇（完）/02.第二讲/05.第二讲 03导数的几何应用02.mp4" SIZE="350729548"
2019-08-30 09:19:46 [WARN] rpc error (0): connection failed
2019-08-30 09:19:46 [WARN] ID#136 - connection failed(0) FILE="D:/下载/03.2020强化班-张宇/2020张宇闭关修炼-解析分册（即2020强化班讲义）.pdf" SIZE="188933496"
2019-08-30 09:19:46 [WARN] rpc error (0): connection failed
2019-08-30 09:19:46 [WARN] ID#115 - connection failed(0) FILE="D:/下载/03.2020强化班-张宇/01.2020高数强化班-张宇（完）/02.第二讲/06.第二讲 04不等式问题.mp4" SIZE="444395975"
2019-08-30 09:19:46 [WARN] rpc error (0): connection failed
2019-08-30 09:19:46 [WARN] ID#118 - connection failed(0) FILE="D:/下载/03.2020强化班-张宇/01.2020高数强化班-张宇（完）/02.第二讲/03.第二讲 02导数的计算02.mp4" SIZE="343587404"
2019-08-30 09:19:46 [WARN] rpc error (0): connection failed
2019-08-30 09:19:46 [WARN] ID#89 - connection failed(0) FILE="D:/下载/03.2020强化班-张宇/01.2020高数强化班-张宇（完）/04.第四讲/07.第四讲 05偏微分方程.mp4" SIZE="332486000"
2019-08-30 09:19:46 [WARN] rpc error (0): connection failed
2019-08-30 09:19:46 [WARN] ID#116 - connection failed(0) FILE="D:/下载/03.2020强化班-张宇/01.2020高数强化班-张宇（完）/02.第二讲/05.第二讲 03导数的几何应用02.mp4" SIZE="350729548"
2019-08-30 09:19:46 [WARN] rpc error (0): connection failed
2019-08-30 09:19:46 [WARN] ID#123 - connection failed(0) FILE="D:/下载/03.2020强化班-张宇/01.2020高数强化班-张宇（完）/01.第一讲/10.第一讲 06 数列极限的存在性与计算02.mp4" SIZE="477866536"
2019-08-30 09:19:47 [WARN] rpc error (0): connection failed
2019-08-30 09:19:47 [WARN] ID#98 - connection failed(0) FILE="D:/下载/03.2020强化班-张宇/01.2020高数强化班-张宇（完）/03.第三讲/12.第三讲 06几何应用03.mp4" SIZE="364990158"
2019-08-30 09:19:47 [WARN] rpc error (0): connection failed
2019-08-30 09:19:47 [WARN] ID#118 - connection failed(0) FILE="D:/下载/03.2020强化班-张宇/01.2020高数强化班-张宇（完）/02.第二讲/03.第二讲 02导数的计算02.mp4" SIZE="343587404"
2019-08-30 09:19:47 [WARN] rpc error (0): connection failed
2019-08-30 09:19:47 [WARN] ID#124 - connection failed(0) FILE="D:/下载/03.2020强化班-张宇/01.2020高数强化班-张宇（完）/01.第一讲/09.第一讲 06 数列极限的存在性与计算01.mp4" SIZE="686792286"
2019-08-30 09:19:47 [WARN] request error (0x100000023): https://pan.baidu.com/api/quota 
2019-08-30 09:19:47 [WARN] rpc error (0): connection failed
2019-08-30 09:19:47 [WARN] ID#101 - connection failed(0) FILE="D:/下载/03.2020强化班-张宇/01.2020高数强化班-张宇（完）/03.第三讲/09.第三讲&05积分等式与不等式02.mp4" SIZE="315502369"
2019-08-30 09:19:47 [WARN] rpc error (0): connection failed
2019-08-30 09:19:47 [WARN] ID#123 - connection failed(0) FILE="D:/下载/03.2020强化班-张宇/01.2020高数强化班-张宇（完）/01.第一讲/10.第一讲 06 数列极限的存在性与计算02.mp4" SIZE="477866536"
2019-08-30 09:19:47 [WARN] rpc error (0): connection failed
2019-08-30 09:19:47 [WARN] ID#125 - connection failed(0) FILE="D:/下载/03.2020强化班-张宇/01.2020高数强化班-张宇（完）/01.第一讲/08.第一讲05数列极限的定义及使用.mp4" SIZE="74335096"
2019-08-30 09:19:47 [WARN] rpc error (0): connection failed
2019-08-30 09:19:47 [WARN] ID#102 - connection failed(0) FILE="D:/下载/03.2020强化班-张宇/01.2020高数强化班-张宇（完）/03.第三讲/08.第三讲 05积分等式与不等式01.mp4" SIZE="316290471"
2019-08-30 09:19:47 [WARN] rpc error (0): connection failed
2019-08-30 09:19:47 [WARN] ID#119 - connection failed(0) FILE="D:/下载/03.2020强化班-张宇/01.2020高数强化班-张宇（完）/02.第二讲/02.第二讲 02导数的计算01.mp4" SIZE="488615426"
2019-08-30 09:19:47 [WARN] rpc error (0): connection failed
2019-08-30 09:19:47 [WARN] ID#120 - connection failed(0) FILE="D:/下载/03.2020强化班-张宇/01.2020高数强化班-张宇（完）/02.第二讲/01.第二讲 01导数的定义.mp4" SIZE="554890320"
2019-08-30 09:19:47 [WARN] rpc error (0): connection failed
2019-08-30 09:19:47 [WARN] ID#124 - connection failed(0) FILE="D:/下载/03.2020强化班-张宇/01.2020高数强化班-张宇（完）/01.第一讲/09.第一讲 06 数列极限的存在性与计算01.mp4" SIZE="686792286"
2019-08-30 09:19:47 [WARN] rpc error (0): connection failed
2019-08-30 09:19:47 [WARN] ID#126 - connection failed(0) FILE="D:/下载/03.2020强化班-张宇/01.2020高数强化班-张宇（完）/01.第一讲/07.第一讲04 函数极限的应用.mp4" SIZE="176022215"
2019-08-30 09:19:47 [WARN] rpc error (0): connection failed
2019-08-30 09:19:47 [WARN] ID#130 - connection failed(0) FILE="D:/下载/03.2020强化班-张宇/01.2020高数强化班-张宇（完）/01.第一讲/03.第一讲 02函数极限的计算01.mp4" SIZE="248495080"
2019-08-30 09:19:48 [WARN] rpc error (0): connection failed
2019-08-30 09:19:48 [WARN] ID#114 - connection failed(0) FILE="D:/下载/03.2020强化班-张宇/01.2020高数强化班-张宇（完）/02.第二讲/07.第二讲 04等式问题.mp4" SIZE="119696969"
2019-08-30 09:20:02 [WARN] rpc error (0): connection failed
2019-08-30 09:20:02 [WARN] ID#103 - connection failed(0) FILE="D:/下载/03.2020强化班-张宇/01.2020高数强化班-张宇（完）/03.第三讲/07.第三讲 04变限积分的计算.mp4" SIZE="306841857"
2019-08-30 09:20:02 [WARN] rpc error (0): connection failed
2019-08-30 09:20:02 [WARN] ID#115 - connection failed(0) FILE="D:/下载/03.2020强化班-张宇/01.2020高数强化班-张宇（完）/02.第二讲/06.第二讲 04不等式问题.mp4" SIZE="444395975"
2019-08-30 09:20:02 [WARN] rpc error (0): connection failed
2019-08-30 09:20:02 [WARN] ID#123 - connection failed(0) FILE="D:/下载/03.2020强化班-张宇/01.2020高数强化班-张宇（完）/01.第一讲/10.第一讲 06 数列极限的存在性与计算02.mp4" SIZE="477866536"
2019-08-30 09:20:02 [WARN] rpc error (0): connection failed
2019-08-30 09:20:02 [WARN] ID#125 - connection failed(0) FILE="D:/下载/03.2020强化班-张宇/01.2020高数强化班-张宇（完）/01.第一讲/08.第一讲05数列极限的定义及使用.mp4" SIZE="74335096"
2019-08-30 09:20:02 [WARN] rpc error (0): connection failed
2019-08-30 09:20:02 [WARN] ID#127 - connection failed(0) FILE="D:/下载/03.2020强化班-张宇/01.2020高数强化班-张宇（完）/01.第一讲/06.第一讲 03函数极限的存在性.mp4" SIZE="503908500"
2019-08-30 09:20:02 [WARN] rpc error (0): connection failed
2019-08-30 09:20:02 [WARN] ID#128 - connection failed(0) FILE="D:/下载/03.2020强化班-张宇/01.2020高数强化班-张宇（完）/01.第一讲/05.第一讲 02函数极限的计算03.mp4" SIZE="431006510"
2019-08-30 09:20:02 [WARN] rpc error (0): connection failed
2019-08-30 09:20:02 [WARN] ID#132 - connection failed(0) FILE="D:/下载/03.2020强化班-张宇/01.2020高数强化班-张宇（完）/01.第一讲/01.第一讲 01 函数极限的定义及使用01.mp4" SIZE="314469732"
2019-08-30 09:20:04 [WARN] rpc error (0): connection failed
2019-08-30 09:20:04 [WARN] ID#116 - connection failed(0) FILE="D:/下载/03.2020强化班-张宇/01.2020高数强化班-张宇（完）/02.第二讲/05.第二讲 03导数的几何应用02.mp4" SIZE="350729548"
2019-08-30 09:20:04 [WARN] rpc error (0): connection failed
2019-08-30 09:20:04 [WARN] ID#124 - connection failed(0) FILE="D:/下载/03.2020强化班-张宇/01.2020高数强化班-张宇（完）/01.第一讲/09.第一讲 06 数列极限的存在性与计算01.mp4" SIZE="686792286"
2019-08-30 09:20:04 [WARN] rpc error (0): connection failed
2019-08-30 09:20:04 [WARN] ID#130 - connection failed(0) FILE="D:/下载/03.2020强化班-张宇/01.2020高数强化班-张宇（完）/01.第一讲/03.第一讲 02函数极限的计算01.mp4" SIZE="248495080"
2019-08-30 09:20:04 [WARN] rpc error (0): connection failed
2019-08-30 09:20:04 [WARN] ID#133 - connection failed(0) FILE="D:/下载/03.2020强化班-张宇/01.2020高数强化班-张宇（完）/00.综述/综述.mp4" SIZE="140239657"
2019-08-30 09:20:04 [WARN] rpc error (0): connection failed
2019-08-30 09:20:04 [WARN] ID#104 - connection failed(0) FILE="D:/下载/03.2020强化班-张宇/01.2020高数强化班-张宇（完）/03.第三讲/06.第三讲 03定积分的计算02.mp4" SIZE="226607071"
2019-08-30 09:20:04 [WARN] rpc error (0): connection failed
2019-08-30 09:20:04 [WARN] ID#126 - connection failed(0) FILE="D:/下载/03.2020强化班-张宇/01.2020高数强化班-张宇（完）/01.第一讲/07.第一讲04 函数极限的应用.mp4" SIZE="176022215"
2019-08-30 09:20:04 [WARN] rpc error (0): connection failed
2019-08-30 09:20:04 [WARN] ID#129 - connection failed(0) FILE="D:/下载/03.2020强化班-张宇/01.2020高数强化班-张宇（完）/01.第一讲/04.第一讲 02函数极限的计算02.mp4" SIZE="451048021"
2019-08-30 09:20:05 [WARN] rpc error (0): connection failed
2019-08-30 09:20:05 [WARN] ID#131 - connection failed(0) FILE="D:/下载/03.2020强化班-张宇/01.2020高数强化班-张宇（完）/01.第一讲/02.第一讲 01 函数极限的定义及使用02.mp4" SIZE="293592541"
2019-08-30 09:20:05 [WARN] rpc error (0): connection failed
2019-08-30 09:20:05 [WARN] ID#117 - connection failed(0) FILE="D:/下载/03.2020强化班-张宇/01.2020高数强化班-张宇（完）/02.第二讲/04.第二讲 03导数的几何应用01.mp4" SIZE="664639076"
2019-08-30 09:20:05 [WARN] rpc error (0): connection failed
2019-08-30 09:20:05 [WARN] ID#125 - connection failed(0) FILE="D:/下载/03.2020强化班-张宇/01.2020高数强化班-张宇（完）/01.第一讲/08.第一讲05数列极限的定义及使用.mp4" SIZE="74335096"
2019-08-30 09:20:05 [WARN] rpc error (0): connection failed
2019-08-30 09:20:05 [WARN] ID#127 - connection failed(0) FILE="D:/下载/03.2020强化班-张宇/01.2020高数强化班-张宇（完）/01.第一讲/06.第一讲 03函数极限的存在性.mp4" SIZE="503908500"
2019-08-30 09:20:05 [WARN] rpc error (0): connection failed
2019-08-30 09:20:05 [WARN] ID#130 - connection failed(0) FILE="D:/下载/03.2020强化班-张宇/01.2020高数强化班-张宇（完）/01.第一讲/03.第一讲 02函数极限的计算01.mp4" SIZE="248495080"
2019-08-30 09:20:05 [WARN] rpc error (0): connection failed
2019-08-30 09:20:05 [WARN] ID#134 - connection failed(0) FILE="D:/下载/03.2020强化班-张宇/官网说明.jpg" SIZE="16776"
2019-08-30 09:20:06 [WARN] rpc error (0): connection failed
2019-08-30 09:20:06 [WARN] ID#105 - connection failed(0) FILE="D:/下载/03.2020强化班-张宇/01.2020高数强化班-张宇（完）/03.第三讲/05.第三讲 03定积分的计算01.mp4" SIZE="387499859"
2019-08-30 09:20:07 [WARN] rpc error (0): connection failed
2019-08-30 09:20:07 [WARN] ID#133 - connection failed(0) FILE="D:/下载/03.2020强化班-张宇/01.2020高数强化班-张宇（完）/00.综述/综述.mp4" SIZE="140239657"
2019-08-30 09:20:07 [WARN] rpc error (0): connection failed
2019-08-30 09:20:07 [WARN] ID#118 - connection failed(0) FILE="D:/下载/03.2020强化班-张宇/01.2020高数强化班-张宇（完）/02.第二讲/03.第二讲 02导数的计算02.mp4" SIZE="343587404"
2019-08-30 09:20:07 [WARN] rpc error (0): connection failed
2019-08-30 09:20:07 [WARN] ID#128 - connection failed(0) FILE="D:/下载/03.2020强化班-张宇/01.2020高数强化班-张宇（完）/01.第一讲/05.第一讲 02函数极限的计算03.mp4" SIZE="431006510"
2019-08-30 09:20:07 [WARN] rpc error (0): connection failed
2019-08-30 09:20:07 [WARN] ID#131 - connection failed(0) FILE="D:/下载/03.2020强化班-张宇/01.2020高数强化班-张宇（完）/01.第一讲/02.第一讲 01 函数极限的定义及使用02.mp4" SIZE="293592541"
2019-08-30 09:20:07 [WARN] rpc error (0): connection failed
2019-08-30 09:20:07 [WARN] ID#135 - connection failed(0) FILE="D:/下载/03.2020强化班-张宇/2020张宇闭关修炼-试题分册（即2020强化班讲义）.pdf" SIZE="129552256"
2019-08-30 09:20:07 [WARN] rpc error (0): connection failed
2019-08-30 09:20:07 [WARN] ID#106 - connection failed(0) FILE="D:/下载/03.2020强化班-张宇/01.2020高数强化班-张宇（完）/03.第三讲/04.第三讲 02不定积分的计算02.mp4" SIZE="293604052"
2019-08-30 09:20:07 [WARN] rpc error (0): connection failed
2019-08-30 09:20:07 [WARN] ID#126 - connection failed(0) FILE="D:/下载/03.2020强化班-张宇/01.2020高数强化班-张宇（完）/01.第一讲/07.第一讲04 函数极限的应用.mp4" SIZE="176022215"
2019-08-30 09:20:08 [WARN] rpc error (0): connection failed
2019-08-30 09:20:08 [WARN] ID#134 - connection failed(0) FILE="D:/下载/03.2020强化班-张宇/官网说明.jpg" SIZE="16776"
2019-08-30 09:20:09 [WARN] rpc error (0): connection failed
2019-08-30 09:20:09 [WARN] ID#129 - connection failed(0) FILE="D:/下载/03.2020强化班-张宇/01.2020高数强化班-张宇（完）/01.第一讲/04.第一讲 02函数极限的计算02.mp4" SIZE="451048021"
2019-08-30 09:20:09 [WARN] rpc error (0): connection failed
2019-08-30 09:20:09 [WARN] ID#136 - connection failed(0) FILE="D:/下载/03.2020强化班-张宇/2020张宇闭关修炼-解析分册（即2020强化班讲义）.pdf" SIZE="188933496"
2019-08-30 09:20:09 [WARN] rpc error (0): connection failed
2019-08-30 09:20:09 [WARN] ID#119 - connection failed(0) FILE="D:/下载/03.2020强化班-张宇/01.2020高数强化班-张宇（完）/02.第二讲/02.第二讲 02导数的计算01.mp4" SIZE="488615426"
2019-08-30 09:20:09 [WARN] rpc error (0): connection failed
2019-08-30 09:20:09 [WARN] ID#107 - connection failed(0) FILE="D:/下载/03.2020强化班-张宇/01.2020高数强化班-张宇（完）/03.第三讲/03.第三讲 02不定积分的计算01.mp4" SIZE="276178267"
2019-08-30 09:20:09 [WARN] rpc error (0): connection failed
2019-08-30 09:20:09 [WARN] ID#127 - connection failed(0) FILE="D:/下载/03.2020强化班-张宇/01.2020高数强化班-张宇（完）/01.第一讲/06.第一讲 03函数极限的存在性.mp4" SIZE="503908500"
2019-08-30 09:20:09 [WARN] rpc error (0): connection failed
2019-08-30 09:20:09 [WARN] ID#133 - connection failed(0) FILE="D:/下载/03.2020强化班-张宇/01.2020高数强化班-张宇（完）/00.综述/综述.mp4" SIZE="140239657"
2019-08-30 09:20:10 [WARN] rpc error (0): connection failed
2019-08-30 09:20:10 [WARN] ID#135 - connection failed(0) FILE="D:/下载/03.2020强化班-张宇/2020张宇闭关修炼-试题分册（即2020强化班讲义）.pdf" SIZE="129552256"
2019-08-30 09:20:10 [WARN] rpc error (0): connection failed
2019-08-30 09:20:10 [WARN] ID#120 - connection failed(0) FILE="D:/下载/03.2020强化班-张宇/01.2020高数强化班-张宇（完）/02.第二讲/01.第二讲 01导数的定义.mp4" SIZE="554890320"
2019-08-30 09:20:10 [WARN] rpc error (0): connection failed
2019-08-30 09:20:10 [WARN] ID#130 - connection failed(0) FILE="D:/下载/03.2020强化班-张宇/01.2020高数强化班-张宇（完）/01.第一讲/03.第一讲 02函数极限的计算01.mp4" SIZE="248495080"
2019-08-30 09:20:11 [WARN] rpc error (0): connection failed
2019-08-30 09:20:11 [WARN] ID#89 - connection failed(0) FILE="D:/下载/03.2020强化班-张宇/01.2020高数强化班-张宇（完）/04.第四讲/07.第四讲 05偏微分方程.mp4" SIZE="332486000"
2019-08-30 09:20:11 [WARN] rpc error (0): connection failed
2019-08-30 09:20:11 [WARN] ID#128 - connection failed(0) FILE="D:/下载/03.2020强化班-张宇/01.2020高数强化班-张宇（完）/01.第一讲/05.第一讲 02函数极限的计算03.mp4" SIZE="431006510"
2019-08-30 09:20:11 [WARN] rpc error (0): connection failed
2019-08-30 09:20:11 [WARN] ID#134 - connection failed(0) FILE="D:/下载/03.2020强化班-张宇/官网说明.jpg" SIZE="16776"
2019-08-30 09:20:11 [WARN] rpc error (0): connection failed
2019-08-30 09:20:11 [WARN] ID#108 - connection failed(0) FILE="D:/下载/03.2020强化班-张宇/01.2020高数强化班-张宇（完）/03.第三讲/02.第三讲 01概念与性质02.mp4" SIZE="612740730"
2019-08-30 09:20:12 [WARN] rpc error (0): connection failed
2019-08-30 09:20:12 [WARN] ID#136 - connection failed(0) FILE="D:/下载/03.2020强化班-张宇/2020张宇闭关修炼-解析分册（即2020强化班讲义）.pdf" SIZE="188933496"
2019-08-30 09:20:12 [WARN] rpc error (0): connection failed
2019-08-30 09:20:12 [WARN] ID#98 - connection failed(0) FILE="D:/下载/03.2020强化班-张宇/01.2020高数强化班-张宇（完）/03.第三讲/12.第三讲 06几何应用03.mp4" SIZE="364990158"
2019-08-30 09:20:12 [WARN] rpc error (0): connection failed
2019-08-30 09:20:12 [WARN] ID#121 - connection failed(0) FILE="D:/下载/03.2020强化班-张宇/01.2020高数强化班-张宇（完）/01.第一讲/12.第一讲 06 数列极限的存在性与计算04.mp4" SIZE="521351159"
2019-08-30 09:20:12 [WARN] rpc error (0): connection failed
2019-08-30 09:20:12 [WARN] ID#131 - connection failed(0) FILE="D:/下载/03.2020强化班-张宇/01.2020高数强化班-张宇（完）/01.第一讲/02.第一讲 01 函数极限的定义及使用02.mp4" SIZE="293592541"
2019-08-30 09:20:13 [WARN] rpc error (0): connection failed
2019-08-30 09:20:13 [WARN] ID#129 - connection failed(0) FILE="D:/下载/03.2020强化班-张宇/01.2020高数强化班-张宇（完）/01.第一讲/04.第一讲 02函数极限的计算02.mp4" SIZE="451048021"
2019-08-30 09:20:13 [WARN] rpc error (0): connection failed
2019-08-30 09:20:13 [WARN] ID#135 - connection failed(0) FILE="D:/下载/03.2020强化班-张宇/2020张宇闭关修炼-试题分册（即2020强化班讲义）.pdf" SIZE="129552256"
2019-08-30 09:20:13 [WARN] rpc error (0): connection failed
2019-08-30 09:20:13 [WARN] ID#109 - connection failed(0) FILE="D:/下载/03.2020强化班-张宇/01.2020高数强化班-张宇（完）/03.第三讲/01.第三讲 01概念与性质01.mp4" SIZE="543174215"
2019-08-30 09:20:14 [WARN] rpc error (0): connection failed
2019-08-30 09:20:14 [WARN] ID#89 - connection failed(0) FILE="D:/下载/03.2020强化班-张宇/01.2020高数强化班-张宇（完）/04.第四讲/07.第四讲 05偏微分方程.mp4" SIZE="332486000"
2019-08-30 09:20:14 [WARN] rpc error (0): connection failed
2019-08-30 09:20:14 [WARN] ID#101 - connection failed(0) FILE="D:/下载/03.2020强化班-张宇/01.2020高数强化班-张宇（完）/03.第三讲/09.第三讲&05积分等式与不等式02.mp4" SIZE="315502369"
2019-08-30 09:20:14 [WARN] rpc error (0): connection failed
2019-08-30 09:20:14 [WARN] ID#122 - connection failed(0) FILE="D:/下载/03.2020强化班-张宇/01.2020高数强化班-张宇（完）/01.第一讲/11.第一讲 06 数列极限的存在性与计算03.mp4" SIZE="303326497"
2019-08-30 09:20:14 [WARN] rpc error (0): connection failed
2019-08-30 09:20:14 [WARN] ID#130 - connection failed(0) FILE="D:/下载/03.2020强化班-张宇/01.2020高数强化班-张宇（完）/01.第一讲/03.第一讲 02函数极限的计算01.mp4" SIZE="248495080"
2019-08-30 09:20:14 [WARN] rpc error (0): connection failed
2019-08-30 09:20:14 [WARN] ID#133 - connection failed(0) FILE="D:/下载/03.2020强化班-张宇/01.2020高数强化班-张宇（完）/00.综述/综述.mp4" SIZE="140239657"
2019-08-30 09:20:15 [WARN] rpc error (0): connection failed
2019-08-30 09:20:15 [WARN] ID#136 - connection failed(0) FILE="D:/下载/03.2020强化班-张宇/2020张宇闭关修炼-解析分册（即2020强化班讲义）.pdf" SIZE="188933496"
2019-08-30 09:20:15 [WARN] rpc error (0): connection failed
2019-08-30 09:20:15 [WARN] ID#98 - connection failed(0) FILE="D:/下载/03.2020强化班-张宇/01.2020高数强化班-张宇（完）/03.第三讲/12.第三讲 06几何应用03.mp4" SIZE="364990158"
2019-08-30 09:20:16 [WARN] rpc error (0): connection failed
2019-08-30 09:20:16 [WARN] ID#134 - connection failed(0) FILE="D:/下载/03.2020强化班-张宇/官网说明.jpg" SIZE="16776"
2019-08-30 09:20:16 [WARN] rpc error (0): connection failed
2019-08-30 09:20:16 [WARN] ID#102 - connection failed(0) FILE="D:/下载/03.2020强化班-张宇/01.2020高数强化班-张宇（完）/03.第三讲/08.第三讲 05积分等式与不等式01.mp4" SIZE="316290471"
2019-08-30 09:20:16 [WARN] rpc error (0): connection failed
2019-08-30 09:20:16 [WARN] ID#123 - connection failed(0) FILE="D:/下载/03.2020强化班-张宇/01.2020高数强化班-张宇（完）/01.第一讲/10.第一讲 06 数列极限的存在性与计算02.mp4" SIZE="477866536"
2019-08-30 09:20:16 [WARN] rpc error (0): connection failed
2019-08-30 09:20:16 [WARN] ID#131 - connection failed(0) FILE="D:/下载/03.2020强化班-张宇/01.2020高数强化班-张宇（完）/01.第一讲/02.第一讲 01 函数极限的定义及使用02.mp4" SIZE="293592541"
2019-08-30 09:20:17 [WARN] rpc error (0): connection failed
2019-08-30 09:20:17 [WARN] ID#89 - connection failed(0) FILE="D:/下载/03.2020强化班-张宇/01.2020高数强化班-张宇（完）/04.第四讲/07.第四讲 05偏微分方程.mp4" SIZE="332486000"
2019-08-30 09:20:17 [WARN] rpc error (0): connection failed
2019-08-30 09:20:17 [WARN] ID#101 - connection failed(0) FILE="D:/下载/03.2020强化班-张宇/01.2020高数强化班-张宇（完）/03.第三讲/09.第三讲&05积分等式与不等式02.mp4" SIZE="315502369"
2019-08-30 09:20:17 [WARN] rpc error (0): connection failed
2019-08-30 09:20:17 [WARN] ID#110 - connection failed(0) FILE="D:/下载/03.2020强化班-张宇/01.2020高数强化班-张宇（完）/02.第二讲/11.第二讲 05物理应用（仅数一数二）.mp4" SIZE="94362238"
2019-08-30 09:20:18 [WARN] rpc error (0): connection failed
2019-08-30 09:20:18 [WARN] ID#135 - connection failed(0) FILE="D:/下载/03.2020强化班-张宇/2020张宇闭关修炼-试题分册（即2020强化班讲义）.pdf" SIZE="129552256"
2019-08-30 09:20:18 [WARN] rpc error (0): connection failed
2019-08-30 09:20:18 [WARN] ID#103 - connection failed(0) FILE="D:/下载/03.2020强化班-张宇/01.2020高数强化班-张宇（完）/03.第三讲/07.第三讲 04变限积分的计算.mp4" SIZE="306841857"
2019-08-30 09:20:18 [WARN] rpc error (0): connection failed
2019-08-30 09:20:18 [WARN] ID#124 - connection failed(0) FILE="D:/下载/03.2020强化班-张宇/01.2020高数强化班-张宇（完）/01.第一讲/09.第一讲 06 数列极限的存在性与计算01.mp4" SIZE="686792286"
2019-08-30 09:20:18 [WARN] rpc error (0): connection failed
2019-08-30 09:20:18 [WARN] ID#98 - connection failed(0) FILE="D:/下载/03.2020强化班-张宇/01.2020高数强化班-张宇（完）/03.第三讲/12.第三讲 06几何应用03.mp4" SIZE="364990158"
2019-08-30 09:20:18 [WARN] rpc error (0): connection failed
2019-08-30 09:20:18 [WARN] ID#102 - connection failed(0) FILE="D:/下载/03.2020强化班-张宇/01.2020高数强化班-张宇（完）/03.第三讲/08.第三讲 05积分等式与不等式01.mp4" SIZE="316290471"
2019-08-30 09:20:18 [WARN] rpc error (0): connection failed
2019-08-30 09:20:18 [WARN] ID#111 - connection failed(0) FILE="D:/下载/03.2020强化班-张宇/01.2020高数强化班-张宇（完）/02.第二讲/10.第二讲 05经济应用（仅数三）.mp4" SIZE="147230020"
2019-08-30 09:20:18 [WARN] rpc error (0): connection failed
2019-08-30 09:20:18 [WARN] ID#132 - connection failed(0) FILE="D:/下载/03.2020强化班-张宇/01.2020高数强化班-张宇（完）/01.第一讲/01.第一讲 01 函数极限的定义及使用01.mp4" SIZE="314469732"
2019-08-30 09:20:19 [WARN] rpc error (0): connection failed
2019-08-30 09:20:19 [WARN] ID#104 - connection failed(0) FILE="D:/下载/03.2020强化班-张宇/01.2020高数强化班-张宇（完）/03.第三讲/06.第三讲 03定积分的计算02.mp4" SIZE="226607071"
2019-08-30 09:20:19 [WARN] rpc error (0): connection failed
2019-08-30 09:20:19 [WARN] ID#125 - connection failed(0) FILE="D:/下载/03.2020强化班-张宇/01.2020高数强化班-张宇（完）/01.第一讲/08.第一讲05数列极限的定义及使用.mp4" SIZE="74335096"
2019-08-30 09:20:19 [WARN] rpc error (0): connection failed
2019-08-30 09:20:19 [WARN] ID#136 - connection failed(0) FILE="D:/下载/03.2020强化班-张宇/2020张宇闭关修炼-解析分册（即2020强化班讲义）.pdf" SIZE="188933496"
2019-08-30 09:20:20 [WARN] rpc error (0): connection failed
2019-08-30 09:20:20 [WARN] ID#101 - connection failed(0) FILE="D:/下载/03.2020强化班-张宇/01.2020高数强化班-张宇（完）/03.第三讲/09.第三讲&05积分等式与不等式02.mp4" SIZE="315502369"
2019-08-30 09:20:20 [WARN] rpc error (0): connection failed
2019-08-30 09:20:20 [WARN] ID#103 - connection failed(0) FILE="D:/下载/03.2020强化班-张宇/01.2020高数强化班-张宇（完）/03.第三讲/07.第三讲 04变限积分的计算.mp4" SIZE="306841857"
2019-08-30 09:20:20 [WARN] rpc error (0): connection failed
2019-08-30 09:20:20 [WARN] ID#133 - connection failed(0) FILE="D:/下载/03.2020强化班-张宇/01.2020高数强化班-张宇（完）/00.综述/综述.mp4" SIZE="140239657"
2019-08-30 09:20:20 [WARN] rpc error (0): connection failed
2019-08-30 09:20:20 [WARN] ID#112 - connection failed(0) FILE="D:/下载/03.2020强化班-张宇/01.2020高数强化班-张宇（完）/02.第二讲/09.第二讲 04中值定理02.mp4" SIZE="799538874"
2019-08-30 09:20:21 [WARN] rpc error (0): connection failed
2019-08-30 09:20:21 [WARN] ID#105 - connection failed(0) FILE="D:/下载/03.2020强化班-张宇/01.2020高数强化班-张宇（完）/03.第三讲/05.第三讲 03定积分的计算01.mp4" SIZE="387499859"
2019-08-30 09:20:21 [WARN] rpc error (0): connection failed
2019-08-30 09:20:21 [WARN] ID#89 - connection failed(0) FILE="D:/下载/03.2020强化班-张宇/01.2020高数强化班-张宇（完）/04.第四讲/07.第四讲 05偏微分方程.mp4" SIZE="332486000"
2019-08-30 09:20:21 [WARN] rpc error (0): connection failed
2019-08-30 09:20:21 [WARN] ID#102 - connection failed(0) FILE="D:/下载/03.2020强化班-张宇/01.2020高数强化班-张宇（完）/03.第三讲/08.第三讲 05积分等式与不等式01.mp4" SIZE="316290471"
2019-08-30 09:20:21 [WARN] rpc error (0): connection failed
2019-08-30 09:20:21 [WARN] ID#104 - connection failed(0) FILE="D:/下载/03.2020强化班-张宇/01.2020高数强化班-张宇（完）/03.第三讲/06.第三讲 03定积分的计算02.mp4" SIZE="226607071"
2019-08-30 09:20:21 [WARN] rpc error (0): connection failed
2019-08-30 09:20:21 [WARN] ID#126 - connection failed(0) FILE="D:/下载/03.2020强化班-张宇/01.2020高数强化班-张宇（完）/01.第一讲/07.第一讲04 函数极限的应用.mp4" SIZE="176022215"
2019-08-30 09:20:21 [WARN] rpc error (0): connection failed
2019-08-30 09:20:21 [WARN] ID#134 - connection failed(0) FILE="D:/下载/03.2020强化班-张宇/官网说明.jpg" SIZE="16776"
2019-08-30 09:20:21 [INFO] close main window
2019-08-30 09:20:21 [WARN] rpc error (0): connection failed
2019-08-30 09:20:21 [WARN] rpc error (0): connection failed
2019-08-30 09:20:21 [WARN] rpc error (0): connection failed
2019-08-30 09:20:21 [WARN] rpc error (0): connection failed
2019-08-30 09:20:22 [INFO] websocket client stop
2019-08-30 09:20:22 [INFO] exit
