2019-08-30 05:05:15 [INFO] pandownload version: 2.1.3
2019-08-30 05:05:17 [INFO] aria2 websocket connection opened (127.0.0.1:36829)
2019-08-30 05:05:17 [INFO] aria2 version: 1.34.0
2019-08-30 05:05:17 [INFO] aria2 json-rpc path: http://token:pandownload@127.0.0.1:36829/jsonrpc
2019-08-30 05:05:17 [INFO] create main window
2019-08-30 05:05:17 [INFO] verify cookie (615)
2019-08-30 05:05:19 [INFO] user login success (3145349758): 无名倒人
2019-08-30 05:54:22 [WARN] ID#6 - Timeout.(2) FILE="D:/下载/03.2020强化班-张宇/03.2020概率强化班-张宇/05.第五讲/五、大数定律与中心极限定理.mp4" SIZE="376411192"
2019-08-30 05:54:50 [WARN] request error (0x10000001c): https://pan.baidu.com/api/quota 
2019-08-30 06:09:32 [WARN] request error (0x10000001c): https://pan.baidu.com/api/quota 
2019-08-30 06:11:15 [WARN] request error (0x10000001c): https://pan.baidu.com/api/quota 
2019-08-30 06:18:24 [WARN] ID#17 - No URI available.(2) FILE="D:/下载/03.2020强化班-张宇/03.2020概率强化班-张宇/03.第三讲/三、01判分布（多维随机变量）.mp4" SIZE="274131177"
2019-08-30 06:22:12 [WARN] request error (0x10000001c): https://pan.baidu.com/api/quota 
2019-08-30 06:24:12 [WARN] ID#6 - No URI available.(2) FILE="D:/下载/03.2020强化班-张宇/03.2020概率强化班-张宇/05.第五讲/五、大数定律与中心极限定理.mp4" SIZE="376411192"
2019-08-30 06:34:49 [WARN] request error (0x100000038): https://pan.baidu.com/api/quota 
2019-08-30 06:37:22 [WARN] request error (0x10000001c): https://pan.baidu.com/api/quota 
2019-08-30 06:42:41 [WARN] ID#29 - Timeout.(2) FILE="D:/下载/03.2020强化班-张宇/03.2020概率强化班-张宇/01.第一讲/一、03重要公式求概率02.mp4" SIZE="405103840"
2019-08-30 06:50:39 [WARN] request error (0x10000001c): https://pan.baidu.com/rest/2.0/membership/speeds/freqctrl?method=get 
2019-08-30 06:55:12 [WARN] ID#34 - Timeout.(2) FILE="D:/下载/03.2020强化班-张宇/02.2020线代强化班-张宇（完）/06.第六讲/第六讲 04正定二次型.mp4" SIZE="144371031"
2019-08-30 06:55:47 [WARN] request error (0x10000001c): https://pan.baidu.com/api/quota 
2019-08-30 06:57:19 [WARN] ID#34 - Timeout.(2) FILE="D:/下载/03.2020强化班-张宇/02.2020线代强化班-张宇（完）/06.第六讲/第六讲 04正定二次型.mp4" SIZE="144371031"
2019-08-30 06:57:26 [WARN] ID#37 - Timeout.(2) FILE="D:/下载/03.2020强化班-张宇/02.2020线代强化班-张宇（完）/06.第六讲/第六讲 01配方法.mp4" SIZE="317806333"
2019-08-30 06:59:29 [WARN] ID#34 - Timeout.(2) FILE="D:/下载/03.2020强化班-张宇/02.2020线代强化班-张宇（完）/06.第六讲/第六讲 04正定二次型.mp4" SIZE="144371031"
2019-08-30 06:59:41 [WARN] ID#37 - Timeout.(2) FILE="D:/下载/03.2020强化班-张宇/02.2020线代强化班-张宇（完）/06.第六讲/第六讲 01配方法.mp4" SIZE="317806333"
2019-08-30 07:01:14 [WARN] ID#38 - No URI available.(2) FILE="D:/下载/03.2020强化班-张宇/02.2020线代强化班-张宇（完）/05.第五讲/第五讲 04实对称矩阵与正交矩阵.mp4" SIZE="332329468"
2019-08-30 07:01:44 [WARN] ID#37 - Timeout.(2) FILE="D:/下载/03.2020强化班-张宇/02.2020线代强化班-张宇（完）/06.第六讲/第六讲 01配方法.mp4" SIZE="317806333"
2019-08-30 07:02:37 [WARN] ID#40 - Timeout.(2) FILE="D:/下载/03.2020强化班-张宇/02.2020线代强化班-张宇（完）/05.第五讲/第五讲 02 A的相似对角化.mp4" SIZE="400405723"
2019-08-30 07:03:19 [WARN] ID#38 - Timeout.(2) FILE="D:/下载/03.2020强化班-张宇/02.2020线代强化班-张宇（完）/05.第五讲/第五讲 04实对称矩阵与正交矩阵.mp4" SIZE="332329468"
2019-08-30 07:05:39 [WARN] ID#38 - Timeout.(2) FILE="D:/下载/03.2020强化班-张宇/02.2020线代强化班-张宇（完）/05.第五讲/第五讲 04实对称矩阵与正交矩阵.mp4" SIZE="332329468"
2019-08-30 07:05:54 [WARN] ID#28 - Timeout.(2) FILE="D:/下载/03.2020强化班-张宇/03.2020概率强化班-张宇/01.第一讲/一、03重要公式求概率03.mp4" SIZE="246164355"
2019-08-30 07:06:52 [WARN] request error (0x10000001c): https://pan.baidu.com/api/quota 
2019-08-30 07:07:42 [WARN] request error (0x10000001c): https://pan.baidu.com/api/quota 
2019-08-30 07:09:33 [WARN] ID#28 - No URI available.(2) FILE="D:/下载/03.2020强化班-张宇/03.2020概率强化班-张宇/01.第一讲/一、03重要公式求概率03.mp4" SIZE="246164355"
2019-08-30 07:14:13 [WARN] ID#28 - No URI available.(2) FILE="D:/下载/03.2020强化班-张宇/03.2020概率强化班-张宇/01.第一讲/一、03重要公式求概率03.mp4" SIZE="246164355"
2019-08-30 07:24:06 [WARN] ID#35 - No URI available.(2) FILE="D:/下载/03.2020强化班-张宇/02.2020线代强化班-张宇（完）/06.第六讲/第六讲 03实对称矩阵的合同.mp4" SIZE="211757777"
2019-08-30 07:26:29 [WARN] request error (0x10000001c): https://pan.baidu.com/api/quota 
2019-08-30 07:26:30 [WARN] ID#44 - No URI available.(2) FILE="D:/下载/03.2020强化班-张宇/02.2020线代强化班-张宇（完）/04.第四讲/第四讲01具体型向量关系.mp4" SIZE="513261389"
2019-08-30 07:28:19 [WARN] ID#35 - Timeout.(2) FILE="D:/下载/03.2020强化班-张宇/02.2020线代强化班-张宇（完）/06.第六讲/第六讲 03实对称矩阵的合同.mp4" SIZE="211757777"
2019-08-30 07:28:41 [WARN] request error (0x10000001c): https://pan.baidu.com/api/quota 
2019-08-30 07:29:31 [WARN] request error (0x10000001c): https://pan.baidu.com/api/quota 
2019-08-30 07:31:03 [WARN] ID#41 - Timeout.(2) FILE="D:/下载/03.2020强化班-张宇/02.2020线代强化班-张宇（完）/05.第五讲/第五讲 01 A的特征值与特征向量02.mp4" SIZE="396489219"
2019-08-30 07:31:21 [WARN] request error (0x10000001c): https://pan.baidu.com/api/quota 
2019-08-30 07:35:37 [WARN] ID#28 - Timeout.(2) FILE="D:/下载/03.2020强化班-张宇/03.2020概率强化班-张宇/01.第一讲/一、03重要公式求概率03.mp4" SIZE="246164355"
2019-08-30 07:36:50 [WARN] ID#41 - Timeout.(2) FILE="D:/下载/03.2020强化班-张宇/02.2020线代强化班-张宇（完）/05.第五讲/第五讲 01 A的特征值与特征向量02.mp4" SIZE="396489219"
2019-08-30 07:40:46 [WARN] ID#38 - No URI available.(2) FILE="D:/下载/03.2020强化班-张宇/02.2020线代强化班-张宇（完）/05.第五讲/第五讲 04实对称矩阵与正交矩阵.mp4" SIZE="332329468"
2019-08-30 07:41:58 [WARN] ID#50 - No URI available.(2) FILE="D:/下载/03.2020强化班-张宇/02.2020线代强化班-张宇（完）/03.第三讲/第三讲 01具体型方程组02.mp4" SIZE="478766199"
2019-08-30 07:43:48 [WARN] request error (0x10000001c): https://pan.baidu.com/api/quota 
2019-08-30 07:43:58 [WARN] ID#44 - Timeout.(2) FILE="D:/下载/03.2020强化班-张宇/02.2020线代强化班-张宇（完）/04.第四讲/第四讲01具体型向量关系.mp4" SIZE="513261389"
2019-08-30 07:44:38 [WARN] request error (0x10000001c): https://pan.baidu.com/api/quota 
2019-08-30 07:48:42 [WARN] ID#44 - Timeout.(2) FILE="D:/下载/03.2020强化班-张宇/02.2020线代强化班-张宇（完）/04.第四讲/第四讲01具体型向量关系.mp4" SIZE="513261389"
2019-08-30 07:49:13 [WARN] request error (0x10000001c): https://pan.baidu.com/rest/2.0/membership/speeds/freqctrl?method=get 
2019-08-30 07:49:38 [WARN] request error (0x10000001c): https://pan.baidu.com/api/quota 
2019-08-30 07:49:45 [WARN] ID#49 - Timeout.(2) FILE="D:/下载/03.2020强化班-张宇/02.2020线代强化班-张宇（完）/03.第三讲/第三讲 01具体型方程组03.mp4" SIZE="527046414"
2019-08-30 07:50:52 [WARN] request error (0x10000001c): https://pan.baidu.com/api/quota 
2019-08-30 07:52:38 [WARN] request error (0x10000001c): https://pan.baidu.com/api/quota 
2019-08-30 07:53:28 [WARN] request error (0x10000001c): https://pan.baidu.com/api/quota 
2019-08-30 07:53:33 [WARN] ID#49 - Timeout.(2) FILE="D:/下载/03.2020强化班-张宇/02.2020线代强化班-张宇（完）/03.第三讲/第三讲 01具体型方程组03.mp4" SIZE="527046414"
2019-08-30 07:55:02 [WARN] request error (0x10000001c): https://pan.baidu.com/api/quota 
2019-08-30 07:56:41 [WARN] ID#54 - No URI available.(2) FILE="D:/下载/03.2020强化班-张宇/02.2020线代强化班-张宇（完）/02.第二讲/第二讲 03 矩阵方程.mp4" SIZE="223240368"
2019-08-30 07:57:30 [WARN] ID#49 - Timeout.(2) FILE="D:/下载/03.2020强化班-张宇/02.2020线代强化班-张宇（完）/03.第三讲/第三讲 01具体型方程组03.mp4" SIZE="527046414"
2019-08-30 07:57:41 [WARN] ID#60 - Timeout.(2) FILE="D:/下载/03.2020强化班-张宇/02.2020线代强化班-张宇（完）/01.第一讲/第一讲 行列式04.mp4" SIZE="355647640"
2019-08-30 07:58:12 [WARN] ID#59 - Timeout.(2) FILE="D:/下载/03.2020强化班-张宇/02.2020线代强化班-张宇（完）/01.第一讲/第一讲 行列式05.mp4" SIZE="493626607"
2019-08-30 07:59:08 [WARN] request error (0x10000001c): https://pan.baidu.com/api/quota 
2019-08-30 08:00:20 [WARN] ID#57 - Timeout.(2) FILE="D:/下载/03.2020强化班-张宇/02.2020线代强化班-张宇（完）/02.第二讲/第二讲 02 初等矩阵03.mp4" SIZE="389070094"
2019-08-30 08:02:20 [WARN] ID#44 - No URI available.(2) FILE="D:/下载/03.2020强化班-张宇/02.2020线代强化班-张宇（完）/04.第四讲/第四讲01具体型向量关系.mp4" SIZE="513261389"
2019-08-30 08:02:24 [WARN] request error (0x10000001c): https://pan.baidu.com/api/quota 
2019-08-30 08:02:29 [WARN] ID#59 - Timeout.(2) FILE="D:/下载/03.2020强化班-张宇/02.2020线代强化班-张宇（完）/01.第一讲/第一讲 行列式05.mp4" SIZE="493626607"
2019-08-30 08:02:43 [WARN] ID#62 - Timeout.(2) FILE="D:/下载/03.2020强化班-张宇/02.2020线代强化班-张宇（完）/01.第一讲/第一讲 行列式02.mp4" SIZE="298318320"
2019-08-30 08:03:14 [WARN] request error (0x10000001c): https://pan.baidu.com/api/quota 
2019-08-30 08:03:17 [WARN] ID#49 - No URI available.(2) FILE="D:/下载/03.2020强化班-张宇/02.2020线代强化班-张宇（完）/03.第三讲/第三讲 01具体型方程组03.mp4" SIZE="527046414"
2019-08-30 08:04:58 [WARN] request error (0x10000001c): https://pan.baidu.com/api/quota 
2019-08-30 08:05:34 [WARN] ID#54 - No URI available.(2) FILE="D:/下载/03.2020强化班-张宇/02.2020线代强化班-张宇（完）/02.第二讲/第二讲 03 矩阵方程.mp4" SIZE="223240368"
2019-08-30 08:05:48 [WARN] request error (0x10000001c): https://pan.baidu.com/api/quota 
2019-08-30 08:06:13 [WARN] ID#48 - No URI available.(2) FILE="D:/下载/03.2020强化班-张宇/02.2020线代强化班-张宇（完）/03.第三讲/第三讲 02抽象型方程组.mp4" SIZE="515513170"
2019-08-30 08:13:13 [WARN] ID#63 - Timeout.(2) FILE="D:/下载/03.2020强化班-张宇/02.2020线代强化班-张宇（完）/01.第一讲/第一讲 行列式01.mp4" SIZE="495158452"
2019-08-30 08:18:34 [WARN] ID#63 - Timeout.(2) FILE="D:/下载/03.2020强化班-张宇/02.2020线代强化班-张宇（完）/01.第一讲/第一讲 行列式01.mp4" SIZE="495158452"
2019-08-30 08:18:41 [WARN] request error (0x10000001c): https://pan.baidu.com/rest/2.0/membership/speeds/freqctrl?method=get 
2019-08-30 08:21:46 [WARN] ID#66 - Timeout.(2) FILE="D:/下载/03.2020强化班-张宇/01.2020高数强化班-张宇（完）/08.第八讲/第八讲 04第二型曲线积分02（仅数一）.mp4" SIZE="287443480"
2019-08-30 08:23:01 [WARN] ID#59 - Timeout.(2) FILE="D:/下载/03.2020强化班-张宇/02.2020线代强化班-张宇（完）/01.第一讲/第一讲 行列式05.mp4" SIZE="493626607"
2019-08-30 08:24:53 [WARN] ID#68 - Timeout.(2) FILE="D:/下载/03.2020强化班-张宇/01.2020高数强化班-张宇（完）/08.第八讲/第八讲 03第一型曲线、曲面积分（仅数一）.mp4" SIZE="347522251"
2019-08-30 08:25:50 [WARN] request error (0x100000038): https://pan.baidu.com/api/quota 
2019-08-30 08:26:01 [WARN] ID#78 - Timeout.(2) FILE="D:/下载/03.2020强化班-张宇/01.2020高数强化班-张宇（完）/07.第七讲/02.第七讲&01数项级数02（仅数一数三）.mp4" SIZE="273185162"
2019-08-30 08:27:01 [WARN] ID#66 - Timeout.(2) FILE="D:/下载/03.2020强化班-张宇/01.2020高数强化班-张宇（完）/08.第八讲/第八讲 04第二型曲线积分02（仅数一）.mp4" SIZE="287443480"
2019-08-30 08:27:07 [WARN] request error (0x10000001c): https://pan.baidu.com/api/quota 
2019-08-30 08:28:38 [WARN] ID#69 - No URI available.(2) FILE="D:/下载/03.2020强化班-张宇/01.2020高数强化班-张宇（完）/08.第八讲/第八讲 02三重积分02（仅数一）  .mp4" SIZE="350543440"
2019-08-30 08:28:39 [WARN] request error (0x10000001c): https://pan.baidu.com/api/quota 
2019-08-30 08:29:07 [WARN] ID#68 - Timeout.(2) FILE="D:/下载/03.2020强化班-张宇/01.2020高数强化班-张宇（完）/08.第八讲/第八讲 03第一型曲线、曲面积分（仅数一）.mp4" SIZE="347522251"
2019-08-30 08:29:14 [WARN] ID#74 - No URI available.(2) FILE="D:/下载/03.2020强化班-张宇/01.2020高数强化班-张宇（完）/07.第七讲/06.第七讲 04求和问题（仅数一数三）.mp4" SIZE="472134702"
2019-08-30 08:30:12 [WARN] request error (0x10000001c): https://pan.baidu.com/api/quota 
2019-08-30 08:31:02 [WARN] request error (0x10000001c): https://pan.baidu.com/api/quota 
2019-08-30 08:31:24 [WARN] ID#66 - No URI available.(2) FILE="D:/下载/03.2020强化班-张宇/01.2020高数强化班-张宇（完）/08.第八讲/第八讲 04第二型曲线积分02（仅数一）.mp4" SIZE="287443480"
2019-08-30 08:32:43 [WARN] request error (0x10000001c): https://pan.baidu.com/api/quota 
2019-08-30 08:33:33 [WARN] request error (0x10000001c): https://pan.baidu.com/api/quota 
2019-08-30 08:36:42 [WARN] ID#68 - Timeout.(2) FILE="D:/下载/03.2020强化班-张宇/01.2020高数强化班-张宇（完）/08.第八讲/第八讲 03第一型曲线、曲面积分（仅数一）.mp4" SIZE="347522251"
2019-08-30 08:36:54 [WARN] ID#75 - No URI available.(2) FILE="D:/下载/03.2020强化班-张宇/01.2020高数强化班-张宇（完）/07.第七讲/05.第七讲 03展开问题（仅数一数三）.mp4" SIZE="248769523"
2019-08-30 08:37:13 [WARN] request error (0x10000001c): https://pan.baidu.com/rest/2.0/membership/speeds/freqctrl?method=get 
2019-08-30 08:37:16 [WARN] ID#63 - Timeout.(2) FILE="D:/下载/03.2020强化班-张宇/02.2020线代强化班-张宇（完）/01.第一讲/第一讲 行列式01.mp4" SIZE="495158452"
2019-08-30 08:38:43 [WARN] ID#69 - No URI available.(2) FILE="D:/下载/03.2020强化班-张宇/01.2020高数强化班-张宇（完）/08.第八讲/第八讲 02三重积分02（仅数一）  .mp4" SIZE="350543440"
2019-08-30 08:42:18 [WARN] ID#68 - Timeout.(2) FILE="D:/下载/03.2020强化班-张宇/01.2020高数强化班-张宇（完）/08.第八讲/第八讲 03第一型曲线、曲面积分（仅数一）.mp4" SIZE="347522251"
2019-08-30 08:44:00 [WARN] request error (0x10000001c): https://pan.baidu.com/api/quota 
2019-08-30 08:45:30 [WARN] ID#80 - No URI available.(2) FILE="D:/下载/03.2020强化班-张宇/01.2020高数强化班-张宇（完）/06.第六讲/06.第六讲 05差分方程（仅数三）.mp4" SIZE="196735399"
2019-08-30 08:46:29 [WARN] ID#74 - No URI available.(2) FILE="D:/下载/03.2020强化班-张宇/01.2020高数强化班-张宇（完）/07.第七讲/06.第七讲 04求和问题（仅数一数三）.mp4" SIZE="472134702"
2019-08-30 08:49:53 [WARN] request error (0x10000001c): https://pan.baidu.com/api/quota 
2019-08-30 08:51:46 [WARN] ID#89 - Timeout.(2) FILE="D:/下载/03.2020强化班-张宇/01.2020高数强化班-张宇（完）/04.第四讲/07.第四讲 05偏微分方程.mp4" SIZE="332486000"
2019-08-30 08:51:53 [WARN] request error (0x10000001c): https://pan.baidu.com/api/quota 
2019-08-30 08:55:16 [WARN] ID#94 - Timeout.(2) FILE="D:/下载/03.2020强化班-张宇/01.2020高数强化班-张宇（完）/04.第四讲/02.第四讲 01概念02.mp4" SIZE="480054370"
2019-08-30 08:58:19 [WARN] request error (0x10000001c): https://pan.baidu.com/api/quota 
2019-08-30 09:00:05 [WARN] ID#88 - Timeout.(2) FILE="D:/下载/03.2020强化班-张宇/01.2020高数强化班-张宇（完）/05.第五讲/01.第五讲 01二重积分概念.mp4" SIZE="518149425"
2019-08-30 09:02:58 [WARN] ID#87 - No URI available.(2) FILE="D:/下载/03.2020强化班-张宇/01.2020高数强化班-张宇（完）/05.第五讲/02.第五讲 02二重积分计算01.mp4" SIZE="479772925"
2019-08-30 09:03:01 [WARN] ID#91 - Timeout.(2) FILE="D:/下载/03.2020强化班-张宇/01.2020高数强化班-张宇（完）/04.第四讲/05.第四讲 04多元函数的极、最值01.mp4" SIZE="314686846"
2019-08-30 09:07:58 [WARN] ID#98 - Timeout.(2) FILE="D:/下载/03.2020强化班-张宇/01.2020高数强化班-张宇（完）/03.第三讲/12.第三讲 06几何应用03.mp4" SIZE="364990158"
2019-08-30 09:08:27 [WARN] ID#99 - Timeout.(2) FILE="D:/下载/03.2020强化班-张宇/01.2020高数强化班-张宇（完）/03.第三讲/11.第三讲 06几何应用02.mp4" SIZE="380706433"
2019-08-30 09:10:50 [WARN] ID#98 - Write disk cache flush failure index=71(9) FILE="D:/下载/03.2020强化班-张宇/01.2020高数强化班-张宇（完）/03.第三讲/12.第三讲 06几何应用03.mp4" SIZE="364990158"
2019-08-30 09:10:50 [WARN] ID#101 - Write disk cache flush failure index=217(9) FILE="D:/下载/03.2020强化班-张宇/01.2020高数强化班-张宇（完）/03.第三讲/09.第三讲&05积分等式与不等式02.mp4" SIZE="315502369"
2019-08-30 09:10:51 [WARN] ID#104 - Write disk cache flush failure index=8(9) FILE="D:/下载/03.2020强化班-张宇/01.2020高数强化班-张宇（完）/03.第三讲/06.第三讲 03定积分的计算02.mp4" SIZE="226607071"
2019-08-30 09:10:52 [WARN] ID#103 - Write disk cache flush failure index=137(9) FILE="D:/下载/03.2020强化班-张宇/01.2020高数强化班-张宇（完）/03.第三讲/07.第三讲 04变限积分的计算.mp4" SIZE="306841857"
2019-08-30 09:10:54 [WARN] ID#105 - Write disk cache flush failure index=358(9) FILE="D:/下载/03.2020强化班-张宇/01.2020高数强化班-张宇（完）/03.第三讲/05.第三讲 03定积分的计算01.mp4" SIZE="387499859"
2019-08-30 09:10:54 [WARN] ID#98 - Download aborted.(1) FILE="D:/下载/03.2020强化班-张宇/01.2020高数强化班-张宇（完）/03.第三讲/12.第三讲 06几何应用03.mp4" SIZE="364990158"
2019-08-30 09:10:54 [WARN] ID#101 - Download aborted.(1) FILE="D:/下载/03.2020强化班-张宇/01.2020高数强化班-张宇（完）/03.第三讲/09.第三讲&05积分等式与不等式02.mp4" SIZE="315502369"
2019-08-30 09:10:54 [WARN] ID#100 - Write disk cache flush failure index=25(9) FILE="D:/下载/03.2020强化班-张宇/01.2020高数强化班-张宇（完）/03.第三讲/10.第三讲 06 几何应用01.mp4" SIZE="167572916"
2019-08-30 09:10:56 [WARN] ID#102 - Write disk cache flush failure index=237(9) FILE="D:/下载/03.2020强化班-张宇/01.2020高数强化班-张宇（完）/03.第三讲/08.第三讲 05积分等式与不等式01.mp4" SIZE="316290471"
2019-08-30 09:10:56 [WARN] ID#104 - Download aborted.(1) FILE="D:/下载/03.2020强化班-张宇/01.2020高数强化班-张宇（完）/03.第三讲/06.第三讲 03定积分的计算02.mp4" SIZE="226607071"
2019-08-30 09:10:56 [WARN] ID#103 - Download aborted.(1) FILE="D:/下载/03.2020强化班-张宇/01.2020高数强化班-张宇（完）/03.第三讲/07.第三讲 04变限积分的计算.mp4" SIZE="306841857"
2019-08-30 09:10:56 [WARN] ID#91 - Write disk cache flush failure index=54(9) FILE="D:/下载/03.2020强化班-张宇/01.2020高数强化班-张宇（完）/04.第四讲/05.第四讲 04多元函数的极、最值01.mp4" SIZE="314686846"
2019-08-30 09:10:57 [WARN] ID#105 - Download aborted.(1) FILE="D:/下载/03.2020强化班-张宇/01.2020高数强化班-张宇（完）/03.第三讲/05.第三讲 03定积分的计算01.mp4" SIZE="387499859"
2019-08-30 09:10:57 [WARN] ID#98 - Download aborted.(1) FILE="D:/下载/03.2020强化班-张宇/01.2020高数强化班-张宇（完）/03.第三讲/12.第三讲 06几何应用03.mp4" SIZE="364990158"
2019-08-30 09:10:57 [WARN] ID#101 - Download aborted.(1) FILE="D:/下载/03.2020强化班-张宇/01.2020高数强化班-张宇（完）/03.第三讲/09.第三讲&05积分等式与不等式02.mp4" SIZE="315502369"
2019-08-30 09:10:59 [WARN] ID#104 - Download aborted.(1) FILE="D:/下载/03.2020强化班-张宇/01.2020高数强化班-张宇（完）/03.第三讲/06.第三讲 03定积分的计算02.mp4" SIZE="226607071"
2019-08-30 09:11:05 [WARN] aria2 websocket connection closed (127.0.0.1:36829), code: 1006 (Abnormal close), reason: 
2019-08-30 09:11:07 [WARN] aria2 websocket connection failed (127.0.0.1:36829), state: 3 (websocketpp.transport:2 - Underlying Transport Error)
	local close code: 1006 (Abnormal close), local close reason: Underlying Transport Error
	remote close code: 1006 (Abnormal close), remote close reason: 
2019-08-30 09:11:07 [WARN] rpc error (0): connection failed
2019-08-30 09:11:07 [WARN] ID#105 - connection failed(0) FILE="D:/下载/03.2020强化班-张宇/01.2020高数强化班-张宇（完）/03.第三讲/05.第三讲 03定积分的计算01.mp4" SIZE="387499859"
2019-08-30 09:11:07 [WARN] rpc error (0): connection failed
2019-08-30 09:11:07 [WARN] ID#104 - connection failed(0) FILE="D:/下载/03.2020强化班-张宇/01.2020高数强化班-张宇（完）/03.第三讲/06.第三讲 03定积分的计算02.mp4" SIZE="226607071"
2019-08-30 09:11:08 [WARN] rpc error (0): connection failed
2019-08-30 09:11:08 [WARN] ID#98 - connection failed(0) FILE="D:/下载/03.2020强化班-张宇/01.2020高数强化班-张宇（完）/03.第三讲/12.第三讲 06几何应用03.mp4" SIZE="364990158"
2019-08-30 09:11:08 [WARN] rpc error (0): connection failed
2019-08-30 09:11:08 [WARN] ID#101 - connection failed(0) FILE="D:/下载/03.2020强化班-张宇/01.2020高数强化班-张宇（完）/03.第三讲/09.第三讲&05积分等式与不等式02.mp4" SIZE="315502369"
2019-08-30 09:11:09 [WARN] aria2 websocket connection failed (127.0.0.1:36829), state: 3 (websocketpp.transport:2 - Underlying Transport Error)
	local close code: 1006 (Abnormal close), local close reason: Underlying Transport Error
	remote close code: 1006 (Abnormal close), remote close reason: 
2019-08-30 09:11:09 [WARN] rpc error (0): connection failed
2019-08-30 09:11:09 [WARN] ID#106 - connection failed(0) FILE="D:/下载/03.2020强化班-张宇/01.2020高数强化班-张宇（完）/03.第三讲/04.第三讲 02不定积分的计算02.mp4" SIZE="293604052"
2019-08-30 09:11:09 [WARN] rpc error (0): connection failed
2019-08-30 09:11:09 [WARN] ID#104 - connection failed(0) FILE="D:/下载/03.2020强化班-张宇/01.2020高数强化班-张宇（完）/03.第三讲/06.第三讲 03定积分的计算02.mp4" SIZE="226607071"
2019-08-30 09:11:09 [WARN] rpc error (0): connection failed
2019-08-30 09:11:09 [WARN] ID#105 - connection failed(0) FILE="D:/下载/03.2020强化班-张宇/01.2020高数强化班-张宇（完）/03.第三讲/05.第三讲 03定积分的计算01.mp4" SIZE="387499859"
2019-08-30 09:11:09 [WARN] rpc error (0): connection failed
2019-08-30 09:11:09 [WARN] ID#107 - connection failed(0) FILE="D:/下载/03.2020强化班-张宇/01.2020高数强化班-张宇（完）/03.第三讲/03.第三讲 02不定积分的计算01.mp4" SIZE="276178267"
2019-08-30 09:11:11 [WARN] aria2 websocket connection failed (127.0.0.1:36829), state: 3 (websocketpp.transport:2 - Underlying Transport Error)
	local close code: 1006 (Abnormal close), local close reason: Underlying Transport Error
	remote close code: 1006 (Abnormal close), remote close reason: 
2019-08-30 09:11:11 [WARN] rpc error (0): connection failed
2019-08-30 09:11:11 [WARN] ID#106 - connection failed(0) FILE="D:/下载/03.2020强化班-张宇/01.2020高数强化班-张宇（完）/03.第三讲/04.第三讲 02不定积分的计算02.mp4" SIZE="293604052"
2019-08-30 09:11:11 [WARN] rpc error (0): connection failed
2019-08-30 09:11:11 [WARN] ID#108 - connection failed(0) FILE="D:/下载/03.2020强化班-张宇/01.2020高数强化班-张宇（完）/03.第三讲/02.第三讲 01概念与性质02.mp4" SIZE="612740730"
2019-08-30 09:11:11 [WARN] rpc error (0): connection failed
2019-08-30 09:11:11 [WARN] ID#109 - connection failed(0) FILE="D:/下载/03.2020强化班-张宇/01.2020高数强化班-张宇（完）/03.第三讲/01.第三讲 01概念与性质01.mp4" SIZE="543174215"
2019-08-30 09:11:11 [WARN] rpc error (0): connection failed
2019-08-30 09:11:11 [WARN] ID#110 - connection failed(0) FILE="D:/下载/03.2020强化班-张宇/01.2020高数强化班-张宇（完）/02.第二讲/11.第二讲 05物理应用（仅数一数二）.mp4" SIZE="94362238"
2019-08-30 09:11:12 [WARN] rpc error (0): connection failed
2019-08-30 09:11:12 [WARN] ID#107 - connection failed(0) FILE="D:/下载/03.2020强化班-张宇/01.2020高数强化班-张宇（完）/03.第三讲/03.第三讲 02不定积分的计算01.mp4" SIZE="276178267"
2019-08-30 09:11:12 [WARN] rpc error (0): connection failed
2019-08-30 09:11:12 [WARN] ID#111 - connection failed(0) FILE="D:/下载/03.2020强化班-张宇/01.2020高数强化班-张宇（完）/02.第二讲/10.第二讲 05经济应用（仅数三）.mp4" SIZE="147230020"
2019-08-30 09:11:13 [WARN] rpc error (0): connection failed
2019-08-30 09:11:13 [WARN] ID#112 - connection failed(0) FILE="D:/下载/03.2020强化班-张宇/01.2020高数强化班-张宇（完）/02.第二讲/09.第二讲 04中值定理02.mp4" SIZE="799538874"
2019-08-30 09:11:13 [WARN] rpc error (0): connection failed
2019-08-30 09:11:13 [WARN] ID#113 - connection failed(0) FILE="D:/下载/03.2020强化班-张宇/01.2020高数强化班-张宇（完）/02.第二讲/08.第二讲 04中值定理01.mp4" SIZE="324362789"
2019-08-30 09:11:13 [WARN] rpc error (0): connection failed
2019-08-30 09:11:13 [WARN] ID#108 - connection failed(0) FILE="D:/下载/03.2020强化班-张宇/01.2020高数强化班-张宇（完）/03.第三讲/02.第三讲 01概念与性质02.mp4" SIZE="612740730"
2019-08-30 09:11:14 [WARN] rpc error (0): connection failed
2019-08-30 09:11:14 [WARN] ID#114 - connection failed(0) FILE="D:/下载/03.2020强化班-张宇/01.2020高数强化班-张宇（完）/02.第二讲/07.第二讲 04等式问题.mp4" SIZE="119696969"
2019-08-30 09:11:14 [WARN] rpc error (0): connection failed
2019-08-30 09:11:14 [WARN] ID#109 - connection failed(0) FILE="D:/下载/03.2020强化班-张宇/01.2020高数强化班-张宇（完）/03.第三讲/01.第三讲 01概念与性质01.mp4" SIZE="543174215"
2019-08-30 09:11:14 [WARN] rpc error (0): connection failed
2019-08-30 09:11:14 [WARN] ID#115 - connection failed(0) FILE="D:/下载/03.2020强化班-张宇/01.2020高数强化班-张宇（完）/02.第二讲/06.第二讲 04不等式问题.mp4" SIZE="444395975"
2019-08-30 09:11:14 [WARN] rpc error (0): connection failed
2019-08-30 09:11:14 [WARN] ID#116 - connection failed(0) FILE="D:/下载/03.2020强化班-张宇/01.2020高数强化班-张宇（完）/02.第二讲/05.第二讲 03导数的几何应用02.mp4" SIZE="350729548"
2019-08-30 09:11:15 [WARN] rpc error (0): connection failed
2019-08-30 09:11:15 [WARN] ID#117 - connection failed(0) FILE="D:/下载/03.2020强化班-张宇/01.2020高数强化班-张宇（完）/02.第二讲/04.第二讲 03导数的几何应用01.mp4" SIZE="664639076"
2019-08-30 09:11:15 [WARN] rpc error (0): connection failed
2019-08-30 09:11:15 [WARN] ID#110 - connection failed(0) FILE="D:/下载/03.2020强化班-张宇/01.2020高数强化班-张宇（完）/02.第二讲/11.第二讲 05物理应用（仅数一数二）.mp4" SIZE="94362238"
2019-08-30 09:11:15 [WARN] rpc error (0): connection failed
2019-08-30 09:11:15 [WARN] ID#119 - connection failed(0) FILE="D:/下载/03.2020强化班-张宇/01.2020高数强化班-张宇（完）/02.第二讲/02.第二讲 02导数的计算01.mp4" SIZE="488615426"
2019-08-30 09:11:16 [WARN] rpc error (0): connection failed
2019-08-30 09:11:16 [WARN] ID#118 - connection failed(0) FILE="D:/下载/03.2020强化班-张宇/01.2020高数强化班-张宇（完）/02.第二讲/03.第二讲 02导数的计算02.mp4" SIZE="343587404"
2019-08-30 09:11:16 [WARN] rpc error (0): connection failed
2019-08-30 09:11:16 [WARN] ID#120 - connection failed(0) FILE="D:/下载/03.2020强化班-张宇/01.2020高数强化班-张宇（完）/02.第二讲/01.第二讲 01导数的定义.mp4" SIZE="554890320"
2019-08-30 09:11:16 [WARN] rpc error (0): connection failed
2019-08-30 09:11:16 [WARN] ID#111 - connection failed(0) FILE="D:/下载/03.2020强化班-张宇/01.2020高数强化班-张宇（完）/02.第二讲/10.第二讲 05经济应用（仅数三）.mp4" SIZE="147230020"
2019-08-30 09:11:17 [WARN] rpc error (0): connection failed
2019-08-30 09:11:17 [WARN] ID#121 - connection failed(0) FILE="D:/下载/03.2020强化班-张宇/01.2020高数强化班-张宇（完）/01.第一讲/12.第一讲 06 数列极限的存在性与计算04.mp4" SIZE="521351159"
2019-08-30 09:11:17 [WARN] rpc error (0): connection failed
2019-08-30 09:11:17 [WARN] ID#119 - connection failed(0) FILE="D:/下载/03.2020强化班-张宇/01.2020高数强化班-张宇（完）/02.第二讲/02.第二讲 02导数的计算01.mp4" SIZE="488615426"
2019-08-30 09:11:17 [WARN] rpc error (0): connection failed
2019-08-30 09:11:17 [WARN] ID#122 - connection failed(0) FILE="D:/下载/03.2020强化班-张宇/01.2020高数强化班-张宇（完）/01.第一讲/11.第一讲 06 数列极限的存在性与计算03.mp4" SIZE="303326497"
2019-08-30 09:11:18 [WARN] rpc error (0): connection failed
2019-08-30 09:11:18 [WARN] ID#112 - connection failed(0) FILE="D:/下载/03.2020强化班-张宇/01.2020高数强化班-张宇（完）/02.第二讲/09.第二讲 04中值定理02.mp4" SIZE="799538874"
2019-08-30 09:11:18 [WARN] rpc error (0): connection failed
2019-08-30 09:11:18 [WARN] ID#123 - connection failed(0) FILE="D:/下载/03.2020强化班-张宇/01.2020高数强化班-张宇（完）/01.第一讲/10.第一讲 06 数列极限的存在性与计算02.mp4" SIZE="477866536"
2019-08-30 09:11:18 [WARN] rpc error (0): connection failed
2019-08-30 09:11:18 [WARN] ID#120 - connection failed(0) FILE="D:/下载/03.2020强化班-张宇/01.2020高数强化班-张宇（完）/02.第二讲/01.第二讲 01导数的定义.mp4" SIZE="554890320"
2019-08-30 09:11:19 [WARN] rpc error (0): connection failed
2019-08-30 09:11:19 [WARN] ID#124 - connection failed(0) FILE="D:/下载/03.2020强化班-张宇/01.2020高数强化班-张宇（完）/01.第一讲/09.第一讲 06 数列极限的存在性与计算01.mp4" SIZE="686792286"
2019-08-30 09:11:19 [WARN] rpc error (0): connection failed
2019-08-30 09:11:19 [WARN] ID#113 - connection failed(0) FILE="D:/下载/03.2020强化班-张宇/01.2020高数强化班-张宇（完）/02.第二讲/08.第二讲 04中值定理01.mp4" SIZE="324362789"
2019-08-30 09:11:19 [WARN] rpc error (0): connection failed
2019-08-30 09:11:19 [WARN] ID#125 - connection failed(0) FILE="D:/下载/03.2020强化班-张宇/01.2020高数强化班-张宇（完）/01.第一讲/08.第一讲05数列极限的定义及使用.mp4" SIZE="74335096"
2019-08-30 09:11:20 [WARN] rpc error (0): connection failed
2019-08-30 09:11:20 [WARN] ID#121 - connection failed(0) FILE="D:/下载/03.2020强化班-张宇/01.2020高数强化班-张宇（完）/01.第一讲/12.第一讲 06 数列极限的存在性与计算04.mp4" SIZE="521351159"
2019-08-30 09:11:20 [WARN] rpc error (0): connection failed
2019-08-30 09:11:20 [WARN] ID#126 - connection failed(0) FILE="D:/下载/03.2020强化班-张宇/01.2020高数强化班-张宇（完）/01.第一讲/07.第一讲04 函数极限的应用.mp4" SIZE="176022215"
2019-08-30 09:11:20 [WARN] rpc error (0): connection failed
2019-08-30 09:11:20 [WARN] ID#114 - connection failed(0) FILE="D:/下载/03.2020强化班-张宇/01.2020高数强化班-张宇（完）/02.第二讲/07.第二讲 04等式问题.mp4" SIZE="119696969"
2019-08-30 09:11:21 [WARN] rpc error (0): connection failed
2019-08-30 09:11:21 [WARN] ID#127 - connection failed(0) FILE="D:/下载/03.2020强化班-张宇/01.2020高数强化班-张宇（完）/01.第一讲/06.第一讲 03函数极限的存在性.mp4" SIZE="503908500"
2019-08-30 09:11:21 [WARN] rpc error (0): connection failed
2019-08-30 09:11:21 [WARN] ID#122 - connection failed(0) FILE="D:/下载/03.2020强化班-张宇/01.2020高数强化班-张宇（完）/01.第一讲/11.第一讲 06 数列极限的存在性与计算03.mp4" SIZE="303326497"
2019-08-30 09:11:21 [WARN] rpc error (0): connection failed
2019-08-30 09:11:21 [WARN] ID#128 - connection failed(0) FILE="D:/下载/03.2020强化班-张宇/01.2020高数强化班-张宇（完）/01.第一讲/05.第一讲 02函数极限的计算03.mp4" SIZE="431006510"
2019-08-30 09:11:22 [WARN] rpc error (0): connection failed
2019-08-30 09:11:22 [WARN] ID#115 - connection failed(0) FILE="D:/下载/03.2020强化班-张宇/01.2020高数强化班-张宇（完）/02.第二讲/06.第二讲 04不等式问题.mp4" SIZE="444395975"
2019-08-30 09:11:22 [WARN] rpc error (0): connection failed
2019-08-30 09:11:22 [WARN] ID#129 - connection failed(0) FILE="D:/下载/03.2020强化班-张宇/01.2020高数强化班-张宇（完）/01.第一讲/04.第一讲 02函数极限的计算02.mp4" SIZE="451048021"
2019-08-30 09:11:22 [WARN] rpc error (0): connection failed
2019-08-30 09:11:22 [WARN] ID#123 - connection failed(0) FILE="D:/下载/03.2020强化班-张宇/01.2020高数强化班-张宇（完）/01.第一讲/10.第一讲 06 数列极限的存在性与计算02.mp4" SIZE="477866536"
2019-08-30 09:11:23 [WARN] rpc error (0): connection failed
2019-08-30 09:11:23 [WARN] ID#116 - connection failed(0) FILE="D:/下载/03.2020强化班-张宇/01.2020高数强化班-张宇（完）/02.第二讲/05.第二讲 03导数的几何应用02.mp4" SIZE="350729548"
2019-08-30 09:11:23 [WARN] rpc error (0): connection failed
2019-08-30 09:11:23 [WARN] ID#130 - connection failed(0) FILE="D:/下载/03.2020强化班-张宇/01.2020高数强化班-张宇（完）/01.第一讲/03.第一讲 02函数极限的计算01.mp4" SIZE="248495080"
2019-08-30 09:11:23 [WARN] rpc error (0): connection failed
2019-08-30 09:11:23 [WARN] ID#131 - connection failed(0) FILE="D:/下载/03.2020强化班-张宇/01.2020高数强化班-张宇（完）/01.第一讲/02.第一讲 01 函数极限的定义及使用02.mp4" SIZE="293592541"
2019-08-30 09:11:24 [WARN] rpc error (0): connection failed
2019-08-30 09:11:24 [WARN] ID#117 - connection failed(0) FILE="D:/下载/03.2020强化班-张宇/01.2020高数强化班-张宇（完）/02.第二讲/04.第二讲 03导数的几何应用01.mp4" SIZE="664639076"
2019-08-30 09:11:24 [WARN] rpc error (0): connection failed
2019-08-30 09:11:24 [WARN] ID#124 - connection failed(0) FILE="D:/下载/03.2020强化班-张宇/01.2020高数强化班-张宇（完）/01.第一讲/09.第一讲 06 数列极限的存在性与计算01.mp4" SIZE="686792286"
2019-08-30 09:11:24 [WARN] rpc error (0): connection failed
2019-08-30 09:11:24 [WARN] ID#132 - connection failed(0) FILE="D:/下载/03.2020强化班-张宇/01.2020高数强化班-张宇（完）/01.第一讲/01.第一讲 01 函数极限的定义及使用01.mp4" SIZE="314469732"
2019-08-30 09:11:25 [WARN] rpc error (0): connection failed
2019-08-30 09:11:25 [WARN] ID#133 - connection failed(0) FILE="D:/下载/03.2020强化班-张宇/01.2020高数强化班-张宇（完）/00.综述/综述.mp4" SIZE="140239657"
2019-08-30 09:11:25 [WARN] rpc error (0): connection failed
2019-08-30 09:11:25 [WARN] ID#118 - connection failed(0) FILE="D:/下载/03.2020强化班-张宇/01.2020高数强化班-张宇（完）/02.第二讲/03.第二讲 02导数的计算02.mp4" SIZE="343587404"
2019-08-30 09:11:25 [WARN] rpc error (0): connection failed
2019-08-30 09:11:25 [WARN] ID#134 - connection failed(0) FILE="D:/下载/03.2020强化班-张宇/官网说明.jpg" SIZE="16776"
2019-08-30 09:11:26 [WARN] rpc error (0): connection failed
2019-08-30 09:11:26 [WARN] ID#135 - connection failed(0) FILE="D:/下载/03.2020强化班-张宇/2020张宇闭关修炼-试题分册（即2020强化班讲义）.pdf" SIZE="129552256"
2019-08-30 09:11:26 [WARN] rpc error (0): connection failed
2019-08-30 09:11:26 [WARN] ID#125 - connection failed(0) FILE="D:/下载/03.2020强化班-张宇/01.2020高数强化班-张宇（完）/01.第一讲/08.第一讲05数列极限的定义及使用.mp4" SIZE="74335096"
2019-08-30 09:11:26 [WARN] rpc error (0): connection failed
2019-08-30 09:11:26 [WARN] ID#119 - connection failed(0) FILE="D:/下载/03.2020强化班-张宇/01.2020高数强化班-张宇（完）/02.第二讲/02.第二讲 02导数的计算01.mp4" SIZE="488615426"
2019-08-30 09:11:26 [WARN] rpc error (0): connection failed
2019-08-30 09:11:26 [WARN] ID#136 - connection failed(0) FILE="D:/下载/03.2020强化班-张宇/2020张宇闭关修炼-解析分册（即2020强化班讲义）.pdf" SIZE="188933496"
2019-08-30 09:11:27 [WARN] rpc error (0): connection failed
2019-08-30 09:11:27 [WARN] ID#126 - connection failed(0) FILE="D:/下载/03.2020强化班-张宇/01.2020高数强化班-张宇（完）/01.第一讲/07.第一讲04 函数极限的应用.mp4" SIZE="176022215"
2019-08-30 09:11:27 [WARN] rpc error (0): connection failed
2019-08-30 09:11:27 [WARN] ID#98 - connection failed(0) FILE="D:/下载/03.2020强化班-张宇/01.2020高数强化班-张宇（完）/03.第三讲/12.第三讲 06几何应用03.mp4" SIZE="364990158"
2019-08-30 09:11:28 [WARN] rpc error (0): connection failed
2019-08-30 09:11:28 [WARN] ID#120 - connection failed(0) FILE="D:/下载/03.2020强化班-张宇/01.2020高数强化班-张宇（完）/02.第二讲/01.第二讲 01导数的定义.mp4" SIZE="554890320"
2019-08-30 09:11:28 [WARN] rpc error (0): connection failed
2019-08-30 09:11:28 [WARN] ID#101 - connection failed(0) FILE="D:/下载/03.2020强化班-张宇/01.2020高数强化班-张宇（完）/03.第三讲/09.第三讲&05积分等式与不等式02.mp4" SIZE="315502369"
2019-08-30 09:11:28 [WARN] rpc error (0): connection failed
2019-08-30 09:11:28 [WARN] ID#104 - connection failed(0) FILE="D:/下载/03.2020强化班-张宇/01.2020高数强化班-张宇（完）/03.第三讲/06.第三讲 03定积分的计算02.mp4" SIZE="226607071"
2019-08-30 09:11:29 [WARN] rpc error (0): connection failed
2019-08-30 09:11:29 [WARN] ID#121 - connection failed(0) FILE="D:/下载/03.2020强化班-张宇/01.2020高数强化班-张宇（完）/01.第一讲/12.第一讲 06 数列极限的存在性与计算04.mp4" SIZE="521351159"
2019-08-30 09:11:29 [WARN] rpc error (0): connection failed
2019-08-30 09:11:29 [WARN] ID#127 - connection failed(0) FILE="D:/下载/03.2020强化班-张宇/01.2020高数强化班-张宇（完）/01.第一讲/06.第一讲 03函数极限的存在性.mp4" SIZE="503908500"
2019-08-30 09:11:29 [WARN] rpc error (0): connection failed
2019-08-30 09:11:29 [WARN] ID#105 - connection failed(0) FILE="D:/下载/03.2020强化班-张宇/01.2020高数强化班-张宇（完）/03.第三讲/05.第三讲 03定积分的计算01.mp4" SIZE="387499859"
2019-08-30 09:11:30 [WARN] rpc error (0): connection failed
2019-08-30 09:11:30 [WARN] ID#106 - connection failed(0) FILE="D:/下载/03.2020强化班-张宇/01.2020高数强化班-张宇（完）/03.第三讲/04.第三讲 02不定积分的计算02.mp4" SIZE="293604052"
2019-08-30 09:11:31 [WARN] rpc error (0): connection failed
2019-08-30 09:11:31 [WARN] ID#122 - connection failed(0) FILE="D:/下载/03.2020强化班-张宇/01.2020高数强化班-张宇（完）/01.第一讲/11.第一讲 06 数列极限的存在性与计算03.mp4" SIZE="303326497"
2019-08-30 09:11:31 [WARN] rpc error (0): connection failed
2019-08-30 09:11:31 [WARN] ID#128 - connection failed(0) FILE="D:/下载/03.2020强化班-张宇/01.2020高数强化班-张宇（完）/01.第一讲/05.第一讲 02函数极限的计算03.mp4" SIZE="431006510"
2019-08-30 09:11:31 [WARN] rpc error (0): connection failed
2019-08-30 09:11:31 [WARN] ID#107 - connection failed(0) FILE="D:/下载/03.2020强化班-张宇/01.2020高数强化班-张宇（完）/03.第三讲/03.第三讲 02不定积分的计算01.mp4" SIZE="276178267"
2019-08-30 09:11:31 [WARN] rpc error (0): connection failed
2019-08-30 09:11:31 [WARN] ID#108 - connection failed(0) FILE="D:/下载/03.2020强化班-张宇/01.2020高数强化班-张宇（完）/03.第三讲/02.第三讲 01概念与性质02.mp4" SIZE="612740730"
2019-08-30 09:11:32 [WARN] rpc error (0): connection failed
2019-08-30 09:11:32 [WARN] ID#123 - connection failed(0) FILE="D:/下载/03.2020强化班-张宇/01.2020高数强化班-张宇（完）/01.第一讲/10.第一讲 06 数列极限的存在性与计算02.mp4" SIZE="477866536"
2019-08-30 09:11:32 [WARN] rpc error (0): connection failed
2019-08-30 09:11:32 [WARN] ID#129 - connection failed(0) FILE="D:/下载/03.2020强化班-张宇/01.2020高数强化班-张宇（完）/01.第一讲/04.第一讲 02函数极限的计算02.mp4" SIZE="451048021"
2019-08-30 09:11:32 [WARN] rpc error (0): connection failed
2019-08-30 09:11:32 [WARN] ID#109 - connection failed(0) FILE="D:/下载/03.2020强化班-张宇/01.2020高数强化班-张宇（完）/03.第三讲/01.第三讲 01概念与性质01.mp4" SIZE="543174215"
2019-08-30 09:11:32 [WARN] rpc error (0): connection failed
2019-08-30 09:11:32 [WARN] ID#110 - connection failed(0) FILE="D:/下载/03.2020强化班-张宇/01.2020高数强化班-张宇（完）/02.第二讲/11.第二讲 05物理应用（仅数一数二）.mp4" SIZE="94362238"
2019-08-30 09:11:33 [WARN] rpc error (0): connection failed
2019-08-30 09:11:33 [WARN] ID#124 - connection failed(0) FILE="D:/下载/03.2020强化班-张宇/01.2020高数强化班-张宇（完）/01.第一讲/09.第一讲 06 数列极限的存在性与计算01.mp4" SIZE="686792286"
2019-08-30 09:11:33 [WARN] rpc error (0): connection failed
2019-08-30 09:11:33 [WARN] ID#130 - connection failed(0) FILE="D:/下载/03.2020强化班-张宇/01.2020高数强化班-张宇（完）/01.第一讲/03.第一讲 02函数极限的计算01.mp4" SIZE="248495080"
2019-08-30 09:11:34 [WARN] rpc error (0): connection failed
2019-08-30 09:11:34 [WARN] ID#111 - connection failed(0) FILE="D:/下载/03.2020强化班-张宇/01.2020高数强化班-张宇（完）/02.第二讲/10.第二讲 05经济应用（仅数三）.mp4" SIZE="147230020"
2019-08-30 09:11:34 [WARN] rpc error (0): connection failed
2019-08-30 09:11:34 [WARN] ID#112 - connection failed(0) FILE="D:/下载/03.2020强化班-张宇/01.2020高数强化班-张宇（完）/02.第二讲/09.第二讲 04中值定理02.mp4" SIZE="799538874"
2019-08-30 09:11:34 [WARN] rpc error (0): connection failed
2019-08-30 09:11:34 [WARN] ID#131 - connection failed(0) FILE="D:/下载/03.2020强化班-张宇/01.2020高数强化班-张宇（完）/01.第一讲/02.第一讲 01 函数极限的定义及使用02.mp4" SIZE="293592541"
2019-08-30 09:11:35 [WARN] rpc error (0): connection failed
2019-08-30 09:11:35 [WARN] ID#113 - connection failed(0) FILE="D:/下载/03.2020强化班-张宇/01.2020高数强化班-张宇（完）/02.第二讲/08.第二讲 04中值定理01.mp4" SIZE="324362789"
2019-08-30 09:11:36 [WARN] rpc error (0): connection failed
2019-08-30 09:11:36 [WARN] ID#125 - connection failed(0) FILE="D:/下载/03.2020强化班-张宇/01.2020高数强化班-张宇（完）/01.第一讲/08.第一讲05数列极限的定义及使用.mp4" SIZE="74335096"
2019-08-30 09:11:36 [WARN] rpc error (0): connection failed
2019-08-30 09:11:36 [WARN] ID#132 - connection failed(0) FILE="D:/下载/03.2020强化班-张宇/01.2020高数强化班-张宇（完）/01.第一讲/01.第一讲 01 函数极限的定义及使用01.mp4" SIZE="314469732"
2019-08-30 09:11:36 [WARN] rpc error (0): connection failed
2019-08-30 09:11:36 [WARN] ID#115 - connection failed(0) FILE="D:/下载/03.2020强化班-张宇/01.2020高数强化班-张宇（完）/02.第二讲/06.第二讲 04不等式问题.mp4" SIZE="444395975"
2019-08-30 09:11:37 [WARN] rpc error (0): connection failed
2019-08-30 09:11:37 [WARN] ID#126 - connection failed(0) FILE="D:/下载/03.2020强化班-张宇/01.2020高数强化班-张宇（完）/01.第一讲/07.第一讲04 函数极限的应用.mp4" SIZE="176022215"
2019-08-30 09:11:37 [WARN] rpc error (0): connection failed
2019-08-30 09:11:37 [WARN] ID#133 - connection failed(0) FILE="D:/下载/03.2020强化班-张宇/01.2020高数强化班-张宇（完）/00.综述/综述.mp4" SIZE="140239657"
2019-08-30 09:11:37 [WARN] rpc error (0): connection failed
2019-08-30 09:11:37 [WARN] ID#114 - connection failed(0) FILE="D:/下载/03.2020强化班-张宇/01.2020高数强化班-张宇（完）/02.第二讲/07.第二讲 04等式问题.mp4" SIZE="119696969"
2019-08-30 09:11:38 [WARN] rpc error (0): connection failed
2019-08-30 09:11:38 [WARN] ID#116 - connection failed(0) FILE="D:/下载/03.2020强化班-张宇/01.2020高数强化班-张宇（完）/02.第二讲/05.第二讲 03导数的几何应用02.mp4" SIZE="350729548"
2019-08-30 09:11:38 [WARN] rpc error (0): connection failed
2019-08-30 09:11:38 [WARN] ID#127 - connection failed(0) FILE="D:/下载/03.2020强化班-张宇/01.2020高数强化班-张宇（完）/01.第一讲/06.第一讲 03函数极限的存在性.mp4" SIZE="503908500"
2019-08-30 09:11:38 [WARN] rpc error (0): connection failed
2019-08-30 09:11:38 [WARN] ID#134 - connection failed(0) FILE="D:/下载/03.2020强化班-张宇/官网说明.jpg" SIZE="16776"
2019-08-30 09:11:39 [WARN] rpc error (0): connection failed
2019-08-30 09:11:39 [WARN] ID#115 - connection failed(0) FILE="D:/下载/03.2020强化班-张宇/01.2020高数强化班-张宇（完）/02.第二讲/06.第二讲 04不等式问题.mp4" SIZE="444395975"
2019-08-30 09:11:39 [WARN] rpc error (0): connection failed
2019-08-30 09:11:39 [WARN] ID#117 - connection failed(0) FILE="D:/下载/03.2020强化班-张宇/01.2020高数强化班-张宇（完）/02.第二讲/04.第二讲 03导数的几何应用01.mp4" SIZE="664639076"
2019-08-30 09:11:40 [WARN] rpc error (0): connection failed
2019-08-30 09:11:40 [WARN] ID#128 - connection failed(0) FILE="D:/下载/03.2020强化班-张宇/01.2020高数强化班-张宇（完）/01.第一讲/05.第一讲 02函数极限的计算03.mp4" SIZE="431006510"
2019-08-30 09:11:40 [WARN] rpc error (0): connection failed
2019-08-30 09:11:40 [WARN] ID#135 - connection failed(0) FILE="D:/下载/03.2020强化班-张宇/2020张宇闭关修炼-试题分册（即2020强化班讲义）.pdf" SIZE="129552256"
2019-08-30 09:11:40 [WARN] rpc error (0): connection failed
2019-08-30 09:11:40 [WARN] ID#116 - connection failed(0) FILE="D:/下载/03.2020强化班-张宇/01.2020高数强化班-张宇（完）/02.第二讲/05.第二讲 03导数的几何应用02.mp4" SIZE="350729548"
2019-08-30 09:11:41 [WARN] rpc error (0): connection failed
2019-08-30 09:11:41 [WARN] ID#118 - connection failed(0) FILE="D:/下载/03.2020强化班-张宇/01.2020高数强化班-张宇（完）/02.第二讲/03.第二讲 02导数的计算02.mp4" SIZE="343587404"
2019-08-30 09:11:41 [WARN] rpc error (0): connection failed
2019-08-30 09:11:41 [WARN] ID#129 - connection failed(0) FILE="D:/下载/03.2020强化班-张宇/01.2020高数强化班-张宇（完）/01.第一讲/04.第一讲 02函数极限的计算02.mp4" SIZE="451048021"
2019-08-30 09:11:41 [WARN] rpc error (0): connection failed
2019-08-30 09:11:41 [WARN] ID#136 - connection failed(0) FILE="D:/下载/03.2020强化班-张宇/2020张宇闭关修炼-解析分册（即2020强化班讲义）.pdf" SIZE="188933496"
2019-08-30 09:11:42 [WARN] rpc error (0): connection failed
2019-08-30 09:11:42 [WARN] ID#117 - connection failed(0) FILE="D:/下载/03.2020强化班-张宇/01.2020高数强化班-张宇（完）/02.第二讲/04.第二讲 03导数的几何应用01.mp4" SIZE="664639076"
2019-08-30 09:11:42 [WARN] rpc error (0): connection failed
2019-08-30 09:11:42 [WARN] ID#119 - connection failed(0) FILE="D:/下载/03.2020强化班-张宇/01.2020高数强化班-张宇（完）/02.第二讲/02.第二讲 02导数的计算01.mp4" SIZE="488615426"
2019-08-30 09:11:43 [WARN] rpc error (0): connection failed
2019-08-30 09:11:43 [WARN] ID#101 - connection failed(0) FILE="D:/下载/03.2020强化班-张宇/01.2020高数强化班-张宇（完）/03.第三讲/09.第三讲&05积分等式与不等式02.mp4" SIZE="315502369"
2019-08-30 09:11:43 [WARN] rpc error (0): connection failed
2019-08-30 09:11:43 [WARN] ID#120 - connection failed(0) FILE="D:/下载/03.2020强化班-张宇/01.2020高数强化班-张宇（完）/02.第二讲/01.第二讲 01导数的定义.mp4" SIZE="554890320"
2019-08-30 09:11:43 [WARN] rpc error (0): connection failed
2019-08-30 09:11:43 [WARN] ID#118 - connection failed(0) FILE="D:/下载/03.2020强化班-张宇/01.2020高数强化班-张宇（完）/02.第二讲/03.第二讲 02导数的计算02.mp4" SIZE="343587404"
2019-08-30 09:11:43 [WARN] rpc error (0): connection failed
2019-08-30 09:11:43 [WARN] ID#130 - connection failed(0) FILE="D:/下载/03.2020强化班-张宇/01.2020高数强化班-张宇（完）/01.第一讲/03.第一讲 02函数极限的计算01.mp4" SIZE="248495080"
2019-08-30 09:11:44 [WARN] rpc error (0): connection failed
2019-08-30 09:11:44 [WARN] ID#105 - connection failed(0) FILE="D:/下载/03.2020强化班-张宇/01.2020高数强化班-张宇（完）/03.第三讲/05.第三讲 03定积分的计算01.mp4" SIZE="387499859"
2019-08-30 09:11:44 [WARN] rpc error (0): connection failed
2019-08-30 09:11:44 [WARN] ID#119 - connection failed(0) FILE="D:/下载/03.2020强化班-张宇/01.2020高数强化班-张宇（完）/02.第二讲/02.第二讲 02导数的计算01.mp4" SIZE="488615426"
2019-08-30 09:11:44 [WARN] rpc error (0): connection failed
2019-08-30 09:11:44 [WARN] ID#131 - connection failed(0) FILE="D:/下载/03.2020强化班-张宇/01.2020高数强化班-张宇（完）/01.第一讲/02.第一讲 01 函数极限的定义及使用02.mp4" SIZE="293592541"
2019-08-30 09:11:45 [WARN] rpc error (0): connection failed
2019-08-30 09:11:45 [WARN] ID#121 - connection failed(0) FILE="D:/下载/03.2020强化班-张宇/01.2020高数强化班-张宇（完）/01.第一讲/12.第一讲 06 数列极限的存在性与计算04.mp4" SIZE="521351159"
2019-08-30 09:11:45 [WARN] rpc error (0): connection failed
2019-08-30 09:11:45 [WARN] ID#106 - connection failed(0) FILE="D:/下载/03.2020强化班-张宇/01.2020高数强化班-张宇（完）/03.第三讲/04.第三讲 02不定积分的计算02.mp4" SIZE="293604052"
2019-08-30 09:11:45 [WARN] rpc error (0): connection failed
2019-08-30 09:11:45 [WARN] ID#120 - connection failed(0) FILE="D:/下载/03.2020强化班-张宇/01.2020高数强化班-张宇（完）/02.第二讲/01.第二讲 01导数的定义.mp4" SIZE="554890320"
2019-08-30 09:11:46 [WARN] rpc error (0): connection failed
2019-08-30 09:11:46 [WARN] ID#132 - connection failed(0) FILE="D:/下载/03.2020强化班-张宇/01.2020高数强化班-张宇（完）/01.第一讲/01.第一讲 01 函数极限的定义及使用01.mp4" SIZE="314469732"
2019-08-30 09:11:46 [WARN] rpc error (0): connection failed
2019-08-30 09:11:46 [WARN] ID#122 - connection failed(0) FILE="D:/下载/03.2020强化班-张宇/01.2020高数强化班-张宇（完）/01.第一讲/11.第一讲 06 数列极限的存在性与计算03.mp4" SIZE="303326497"
2019-08-30 09:11:46 [WARN] rpc error (0): connection failed
2019-08-30 09:11:46 [WARN] ID#121 - connection failed(0) FILE="D:/下载/03.2020强化班-张宇/01.2020高数强化班-张宇（完）/01.第一讲/12.第一讲 06 数列极限的存在性与计算04.mp4" SIZE="521351159"
2019-08-30 09:11:46 [WARN] rpc error (0): connection failed
2019-08-30 09:11:46 [WARN] ID#107 - connection failed(0) FILE="D:/下载/03.2020强化班-张宇/01.2020高数强化班-张宇（完）/03.第三讲/03.第三讲 02不定积分的计算01.mp4" SIZE="276178267"
2019-08-30 09:11:47 [WARN] rpc error (0): connection failed
2019-08-30 09:11:47 [WARN] ID#133 - connection failed(0) FILE="D:/下载/03.2020强化班-张宇/01.2020高数强化班-张宇（完）/00.综述/综述.mp4" SIZE="140239657"
2019-08-30 09:11:47 [WARN] rpc error (0): connection failed
2019-08-30 09:11:47 [WARN] ID#122 - connection failed(0) FILE="D:/下载/03.2020强化班-张宇/01.2020高数强化班-张宇（完）/01.第一讲/11.第一讲 06 数列极限的存在性与计算03.mp4" SIZE="303326497"
2019-08-30 09:11:48 [WARN] rpc error (0): connection failed
2019-08-30 09:11:48 [WARN] ID#108 - connection failed(0) FILE="D:/下载/03.2020强化班-张宇/01.2020高数强化班-张宇（完）/03.第三讲/02.第三讲 01概念与性质02.mp4" SIZE="612740730"
2019-08-30 09:11:48 [WARN] rpc error (0): connection failed
2019-08-30 09:11:48 [WARN] ID#123 - connection failed(0) FILE="D:/下载/03.2020强化班-张宇/01.2020高数强化班-张宇（完）/01.第一讲/10.第一讲 06 数列极限的存在性与计算02.mp4" SIZE="477866536"
2019-08-30 09:11:48 [WARN] rpc error (0): connection failed
2019-08-30 09:11:48 [WARN] ID#134 - connection failed(0) FILE="D:/下载/03.2020强化班-张宇/官网说明.jpg" SIZE="16776"
2019-08-30 09:11:49 [WARN] rpc error (0): connection failed
2019-08-30 09:11:49 [WARN] ID#109 - connection failed(0) FILE="D:/下载/03.2020强化班-张宇/01.2020高数强化班-张宇（完）/03.第三讲/01.第三讲 01概念与性质01.mp4" SIZE="543174215"
2019-08-30 09:11:49 [WARN] rpc error (0): connection failed
2019-08-30 09:11:49 [WARN] ID#124 - connection failed(0) FILE="D:/下载/03.2020强化班-张宇/01.2020高数强化班-张宇（完）/01.第一讲/09.第一讲 06 数列极限的存在性与计算01.mp4" SIZE="686792286"
2019-08-30 09:11:49 [WARN] rpc error (0): connection failed
2019-08-30 09:11:49 [WARN] ID#125 - connection failed(0) FILE="D:/下载/03.2020强化班-张宇/01.2020高数强化班-张宇（完）/01.第一讲/08.第一讲05数列极限的定义及使用.mp4" SIZE="74335096"
2019-08-30 09:11:49 [WARN] rpc error (0): connection failed
2019-08-30 09:11:49 [WARN] ID#135 - connection failed(0) FILE="D:/下载/03.2020强化班-张宇/2020张宇闭关修炼-试题分册（即2020强化班讲义）.pdf" SIZE="129552256"
2019-08-30 09:11:50 [WARN] rpc error (0): connection failed
2019-08-30 09:11:50 [WARN] ID#110 - connection failed(0) FILE="D:/下载/03.2020强化班-张宇/01.2020高数强化班-张宇（完）/02.第二讲/11.第二讲 05物理应用（仅数一数二）.mp4" SIZE="94362238"
2019-08-30 09:11:50 [WARN] rpc error (0): connection failed
2019-08-30 09:11:50 [WARN] ID#126 - connection failed(0) FILE="D:/下载/03.2020强化班-张宇/01.2020高数强化班-张宇（完）/01.第一讲/07.第一讲04 函数极限的应用.mp4" SIZE="176022215"
2019-08-30 09:11:51 [WARN] rpc error (0): connection failed
2019-08-30 09:11:51 [WARN] ID#127 - connection failed(0) FILE="D:/下载/03.2020强化班-张宇/01.2020高数强化班-张宇（完）/01.第一讲/06.第一讲 03函数极限的存在性.mp4" SIZE="503908500"
2019-08-30 09:11:51 [WARN] rpc error (0): connection failed
2019-08-30 09:11:51 [WARN] ID#136 - connection failed(0) FILE="D:/下载/03.2020强化班-张宇/2020张宇闭关修炼-解析分册（即2020强化班讲义）.pdf" SIZE="188933496"
2019-08-30 09:11:52 [WARN] rpc error (0): connection failed
2019-08-30 09:11:52 [WARN] ID#111 - connection failed(0) FILE="D:/下载/03.2020强化班-张宇/01.2020高数强化班-张宇（完）/02.第二讲/10.第二讲 05经济应用（仅数三）.mp4" SIZE="147230020"
2019-08-30 09:11:52 [WARN] rpc error (0): connection failed
2019-08-30 09:11:52 [WARN] ID#128 - connection failed(0) FILE="D:/下载/03.2020强化班-张宇/01.2020高数强化班-张宇（完）/01.第一讲/05.第一讲 02函数极限的计算03.mp4" SIZE="431006510"
2019-08-30 09:11:52 [WARN] rpc error (0): connection failed
2019-08-30 09:11:52 [WARN] ID#129 - connection failed(0) FILE="D:/下载/03.2020强化班-张宇/01.2020高数强化班-张宇（完）/01.第一讲/04.第一讲 02函数极限的计算02.mp4" SIZE="451048021"
2019-08-30 09:11:53 [WARN] rpc error (0): connection failed
2019-08-30 09:11:53 [WARN] ID#106 - connection failed(0) FILE="D:/下载/03.2020强化班-张宇/01.2020高数强化班-张宇（完）/03.第三讲/04.第三讲 02不定积分的计算02.mp4" SIZE="293604052"
2019-08-30 09:11:53 [WARN] rpc error (0): connection failed
2019-08-30 09:11:53 [WARN] ID#112 - connection failed(0) FILE="D:/下载/03.2020强化班-张宇/01.2020高数强化班-张宇（完）/02.第二讲/09.第二讲 04中值定理02.mp4" SIZE="799538874"
2019-08-30 09:11:53 [WARN] rpc error (0): connection failed
2019-08-30 09:11:53 [WARN] ID#131 - connection failed(0) FILE="D:/下载/03.2020强化班-张宇/01.2020高数强化班-张宇（完）/01.第一讲/02.第一讲 01 函数极限的定义及使用02.mp4" SIZE="293592541"
2019-08-30 09:11:53 [WARN] rpc error (0): connection failed
2019-08-30 09:11:53 [WARN] ID#130 - connection failed(0) FILE="D:/下载/03.2020强化班-张宇/01.2020高数强化班-张宇（完）/01.第一讲/03.第一讲 02函数极限的计算01.mp4" SIZE="248495080"
2019-08-30 09:11:54 [WARN] rpc error (0): connection failed
2019-08-30 09:11:54 [WARN] ID#107 - connection failed(0) FILE="D:/下载/03.2020强化班-张宇/01.2020高数强化班-张宇（完）/03.第三讲/03.第三讲 02不定积分的计算01.mp4" SIZE="276178267"
2019-08-30 09:11:54 [WARN] rpc error (0): connection failed
2019-08-30 09:11:54 [WARN] ID#113 - connection failed(0) FILE="D:/下载/03.2020强化班-张宇/01.2020高数强化班-张宇（完）/02.第二讲/08.第二讲 04中值定理01.mp4" SIZE="324362789"
2019-08-30 09:11:54 [WARN] rpc error (0): connection failed
2019-08-30 09:11:54 [WARN] ID#132 - connection failed(0) FILE="D:/下载/03.2020强化班-张宇/01.2020高数强化班-张宇（完）/01.第一讲/01.第一讲 01 函数极限的定义及使用01.mp4" SIZE="314469732"
2019-08-30 09:11:55 [WARN] rpc error (0): connection failed
2019-08-30 09:11:55 [WARN] ID#131 - connection failed(0) FILE="D:/下载/03.2020强化班-张宇/01.2020高数强化班-张宇（完）/01.第一讲/02.第一讲 01 函数极限的定义及使用02.mp4" SIZE="293592541"
2019-08-30 09:11:55 [WARN] rpc error (0): connection failed
2019-08-30 09:11:55 [WARN] ID#114 - connection failed(0) FILE="D:/下载/03.2020强化班-张宇/01.2020高数强化班-张宇（完）/02.第二讲/07.第二讲 04等式问题.mp4" SIZE="119696969"
2019-08-30 09:11:55 [WARN] rpc error (0): connection failed
2019-08-30 09:11:55 [WARN] ID#133 - connection failed(0) FILE="D:/下载/03.2020强化班-张宇/01.2020高数强化班-张宇（完）/00.综述/综述.mp4" SIZE="140239657"
2019-08-30 09:11:56 [WARN] rpc error (0): connection failed
2019-08-30 09:11:56 [WARN] ID#108 - connection failed(0) FILE="D:/下载/03.2020强化班-张宇/01.2020高数强化班-张宇（完）/03.第三讲/02.第三讲 01概念与性质02.mp4" SIZE="612740730"
2019-08-30 09:11:56 [WARN] rpc error (0): connection failed
2019-08-30 09:11:56 [WARN] ID#132 - connection failed(0) FILE="D:/下载/03.2020强化班-张宇/01.2020高数强化班-张宇（完）/01.第一讲/01.第一讲 01 函数极限的定义及使用01.mp4" SIZE="314469732"
2019-08-30 09:11:56 [WARN] rpc error (0): connection failed
2019-08-30 09:11:56 [WARN] ID#134 - connection failed(0) FILE="D:/下载/03.2020强化班-张宇/官网说明.jpg" SIZE="16776"
2019-08-30 09:11:57 [WARN] rpc error (0): connection failed
2019-08-30 09:11:57 [WARN] ID#115 - connection failed(0) FILE="D:/下载/03.2020强化班-张宇/01.2020高数强化班-张宇（完）/02.第二讲/06.第二讲 04不等式问题.mp4" SIZE="444395975"
2019-08-30 09:11:57 [WARN] rpc error (0): connection failed
2019-08-30 09:11:57 [WARN] ID#109 - connection failed(0) FILE="D:/下载/03.2020强化班-张宇/01.2020高数强化班-张宇（完）/03.第三讲/01.第三讲 01概念与性质01.mp4" SIZE="543174215"
2019-08-30 09:11:57 [WARN] rpc error (0): connection failed
2019-08-30 09:11:57 [WARN] ID#133 - connection failed(0) FILE="D:/下载/03.2020强化班-张宇/01.2020高数强化班-张宇（完）/00.综述/综述.mp4" SIZE="140239657"
2019-08-30 09:11:58 [WARN] rpc error (0): connection failed
2019-08-30 09:11:58 [WARN] ID#116 - connection failed(0) FILE="D:/下载/03.2020强化班-张宇/01.2020高数强化班-张宇（完）/02.第二讲/05.第二讲 03导数的几何应用02.mp4" SIZE="350729548"
2019-08-30 09:11:58 [WARN] rpc error (0): connection failed
2019-08-30 09:11:58 [WARN] ID#135 - connection failed(0) FILE="D:/下载/03.2020强化班-张宇/2020张宇闭关修炼-试题分册（即2020强化班讲义）.pdf" SIZE="129552256"
2019-08-30 09:11:58 [WARN] rpc error (0): connection failed
2019-08-30 09:11:58 [WARN] ID#110 - connection failed(0) FILE="D:/下载/03.2020强化班-张宇/01.2020高数强化班-张宇（完）/02.第二讲/11.第二讲 05物理应用（仅数一数二）.mp4" SIZE="94362238"
2019-08-30 09:11:58 [WARN] rpc error (0): connection failed
2019-08-30 09:11:58 [WARN] ID#134 - connection failed(0) FILE="D:/下载/03.2020强化班-张宇/官网说明.jpg" SIZE="16776"
2019-08-30 09:11:59 [WARN] rpc error (0): connection failed
2019-08-30 09:11:59 [WARN] ID#136 - connection failed(0) FILE="D:/下载/03.2020强化班-张宇/2020张宇闭关修炼-解析分册（即2020强化班讲义）.pdf" SIZE="188933496"
2019-08-30 09:11:59 [WARN] rpc error (0): connection failed
2019-08-30 09:11:59 [WARN] ID#117 - connection failed(0) FILE="D:/下载/03.2020强化班-张宇/01.2020高数强化班-张宇（完）/02.第二讲/04.第二讲 03导数的几何应用01.mp4" SIZE="664639076"
2019-08-30 09:12:00 [WARN] rpc error (0): connection failed
2019-08-30 09:12:00 [WARN] ID#111 - connection failed(0) FILE="D:/下载/03.2020强化班-张宇/01.2020高数强化班-张宇（完）/02.第二讲/10.第二讲 05经济应用（仅数三）.mp4" SIZE="147230020"
2019-08-30 09:12:00 [WARN] rpc error (0): connection failed
2019-08-30 09:12:00 [WARN] ID#135 - connection failed(0) FILE="D:/下载/03.2020强化班-张宇/2020张宇闭关修炼-试题分册（即2020强化班讲义）.pdf" SIZE="129552256"
2019-08-30 09:12:01 [WARN] rpc error (0): connection failed
2019-08-30 09:12:01 [WARN] ID#106 - connection failed(0) FILE="D:/下载/03.2020强化班-张宇/01.2020高数强化班-张宇（完）/03.第三讲/04.第三讲 02不定积分的计算02.mp4" SIZE="293604052"
2019-08-30 09:12:01 [WARN] rpc error (0): connection failed
2019-08-30 09:12:01 [WARN] ID#118 - connection failed(0) FILE="D:/下载/03.2020强化班-张宇/01.2020高数强化班-张宇（完）/02.第二讲/03.第二讲 02导数的计算02.mp4" SIZE="343587404"
2019-08-30 09:12:01 [WARN] rpc error (0): connection failed
2019-08-30 09:12:01 [WARN] ID#136 - connection failed(0) FILE="D:/下载/03.2020强化班-张宇/2020张宇闭关修炼-解析分册（即2020强化班讲义）.pdf" SIZE="188933496"
2019-08-30 09:12:01 [WARN] rpc error (0): connection failed
2019-08-30 09:12:01 [WARN] ID#112 - connection failed(0) FILE="D:/下载/03.2020强化班-张宇/01.2020高数强化班-张宇（完）/02.第二讲/09.第二讲 04中值定理02.mp4" SIZE="799538874"
2019-08-30 09:12:02 [WARN] rpc error (0): connection failed
2019-08-30 09:12:02 [WARN] ID#107 - connection failed(0) FILE="D:/下载/03.2020强化班-张宇/01.2020高数强化班-张宇（完）/03.第三讲/03.第三讲 02不定积分的计算01.mp4" SIZE="276178267"
2019-08-30 09:12:02 [WARN] rpc error (0): connection failed
2019-08-30 09:12:02 [WARN] ID#119 - connection failed(0) FILE="D:/下载/03.2020强化班-张宇/01.2020高数强化班-张宇（完）/02.第二讲/02.第二讲 02导数的计算01.mp4" SIZE="488615426"
2019-08-30 09:12:03 [WARN] rpc error (0): connection failed
2019-08-30 09:12:03 [WARN] ID#113 - connection failed(0) FILE="D:/下载/03.2020强化班-张宇/01.2020高数强化班-张宇（完）/02.第二讲/08.第二讲 04中值定理01.mp4" SIZE="324362789"
2019-08-30 09:12:03 [WARN] rpc error (0): connection failed
2019-08-30 09:12:03 [WARN] ID#108 - connection failed(0) FILE="D:/下载/03.2020强化班-张宇/01.2020高数强化班-张宇（完）/03.第三讲/02.第三讲 01概念与性质02.mp4" SIZE="612740730"
2019-08-30 09:12:03 [WARN] rpc error (0): connection failed
2019-08-30 09:12:03 [WARN] ID#109 - connection failed(0) FILE="D:/下载/03.2020强化班-张宇/01.2020高数强化班-张宇（完）/03.第三讲/01.第三讲 01概念与性质01.mp4" SIZE="543174215"
2019-08-30 09:12:04 [WARN] rpc error (0): connection failed
2019-08-30 09:12:04 [WARN] ID#120 - connection failed(0) FILE="D:/下载/03.2020强化班-张宇/01.2020高数强化班-张宇（完）/02.第二讲/01.第二讲 01导数的定义.mp4" SIZE="554890320"
2019-08-30 09:12:04 [WARN] rpc error (0): connection failed
2019-08-30 09:12:04 [WARN] ID#114 - connection failed(0) FILE="D:/下载/03.2020强化班-张宇/01.2020高数强化班-张宇（完）/02.第二讲/07.第二讲 04等式问题.mp4" SIZE="119696969"
2019-08-30 09:12:05 [WARN] rpc error (0): connection failed
2019-08-30 09:12:05 [WARN] ID#110 - connection failed(0) FILE="D:/下载/03.2020强化班-张宇/01.2020高数强化班-张宇（完）/02.第二讲/11.第二讲 05物理应用（仅数一数二）.mp4" SIZE="94362238"
2019-08-30 09:12:05 [WARN] rpc error (0): connection failed
2019-08-30 09:12:05 [WARN] ID#111 - connection failed(0) FILE="D:/下载/03.2020强化班-张宇/01.2020高数强化班-张宇（完）/02.第二讲/10.第二讲 05经济应用（仅数三）.mp4" SIZE="147230020"
2019-08-30 09:12:05 [WARN] rpc error (0): connection failed
2019-08-30 09:12:05 [WARN] ID#121 - connection failed(0) FILE="D:/下载/03.2020强化班-张宇/01.2020高数强化班-张宇（完）/01.第一讲/12.第一讲 06 数列极限的存在性与计算04.mp4" SIZE="521351159"
2019-08-30 09:12:06 [WARN] rpc error (0): connection failed
2019-08-30 09:12:06 [WARN] ID#115 - connection failed(0) FILE="D:/下载/03.2020强化班-张宇/01.2020高数强化班-张宇（完）/02.第二讲/06.第二讲 04不等式问题.mp4" SIZE="444395975"
2019-08-30 09:12:06 [WARN] rpc error (0): connection failed
2019-08-30 09:12:06 [WARN] ID#112 - connection failed(0) FILE="D:/下载/03.2020强化班-张宇/01.2020高数强化班-张宇（完）/02.第二讲/09.第二讲 04中值定理02.mp4" SIZE="799538874"
2019-08-30 09:12:06 [WARN] rpc error (0): connection failed
2019-08-30 09:12:06 [WARN] ID#113 - connection failed(0) FILE="D:/下载/03.2020强化班-张宇/01.2020高数强化班-张宇（完）/02.第二讲/08.第二讲 04中值定理01.mp4" SIZE="324362789"
2019-08-30 09:12:06 [WARN] rpc error (0): connection failed
2019-08-30 09:12:06 [WARN] ID#122 - connection failed(0) FILE="D:/下载/03.2020强化班-张宇/01.2020高数强化班-张宇（完）/01.第一讲/11.第一讲 06 数列极限的存在性与计算03.mp4" SIZE="303326497"
2019-08-30 09:12:07 [WARN] rpc error (0): connection failed
2019-08-30 09:12:07 [WARN] ID#116 - connection failed(0) FILE="D:/下载/03.2020强化班-张宇/01.2020高数强化班-张宇（完）/02.第二讲/05.第二讲 03导数的几何应用02.mp4" SIZE="350729548"
2019-08-30 09:12:07 [WARN] rpc error (0): connection failed
2019-08-30 09:12:07 [WARN] ID#114 - connection failed(0) FILE="D:/下载/03.2020强化班-张宇/01.2020高数强化班-张宇（完）/02.第二讲/07.第二讲 04等式问题.mp4" SIZE="119696969"
2019-08-30 09:12:08 [WARN] rpc error (0): connection failed
2019-08-30 09:12:08 [WARN] ID#117 - connection failed(0) FILE="D:/下载/03.2020强化班-张宇/01.2020高数强化班-张宇（完）/02.第二讲/04.第二讲 03导数的几何应用01.mp4" SIZE="664639076"
2019-08-30 09:12:08 [WARN] rpc error (0): connection failed
2019-08-30 09:12:08 [WARN] ID#123 - connection failed(0) FILE="D:/下载/03.2020强化班-张宇/01.2020高数强化班-张宇（完）/01.第一讲/10.第一讲 06 数列极限的存在性与计算02.mp4" SIZE="477866536"
2019-08-30 09:12:09 [WARN] rpc error (0): connection failed
2019-08-30 09:12:09 [WARN] ID#118 - connection failed(0) FILE="D:/下载/03.2020强化班-张宇/01.2020高数强化班-张宇（完）/02.第二讲/03.第二讲 02导数的计算02.mp4" SIZE="343587404"
2019-08-30 09:12:09 [WARN] rpc error (0): connection failed
2019-08-30 09:12:09 [WARN] ID#125 - connection failed(0) FILE="D:/下载/03.2020强化班-张宇/01.2020高数强化班-张宇（完）/01.第一讲/08.第一讲05数列极限的定义及使用.mp4" SIZE="74335096"
2019-08-30 09:12:09 [WARN] rpc error (0): connection failed
2019-08-30 09:12:09 [WARN] ID#124 - connection failed(0) FILE="D:/下载/03.2020强化班-张宇/01.2020高数强化班-张宇（完）/01.第一讲/09.第一讲 06 数列极限的存在性与计算01.mp4" SIZE="686792286"
2019-08-30 09:12:10 [WARN] rpc error (0): connection failed
2019-08-30 09:12:10 [WARN] ID#126 - connection failed(0) FILE="D:/下载/03.2020强化班-张宇/01.2020高数强化班-张宇（完）/01.第一讲/07.第一讲04 函数极限的应用.mp4" SIZE="176022215"
2019-08-30 09:12:10 [WARN] rpc error (0): connection failed
2019-08-30 09:12:10 [WARN] ID#123 - connection failed(0) FILE="D:/下载/03.2020强化班-张宇/01.2020高数强化班-张宇（完）/01.第一讲/10.第一讲 06 数列极限的存在性与计算02.mp4" SIZE="477866536"
2019-08-30 09:12:10 [WARN] rpc error (0): connection failed
2019-08-30 09:12:10 [WARN] ID#127 - connection failed(0) FILE="D:/下载/03.2020强化班-张宇/01.2020高数强化班-张宇（完）/01.第一讲/06.第一讲 03函数极限的存在性.mp4" SIZE="503908500"
2019-08-30 09:12:11 [WARN] rpc error (0): connection failed
2019-08-30 09:12:11 [WARN] ID#128 - connection failed(0) FILE="D:/下载/03.2020强化班-张宇/01.2020高数强化班-张宇（完）/01.第一讲/05.第一讲 02函数极限的计算03.mp4" SIZE="431006510"
2019-08-30 09:12:11 [WARN] rpc error (0): connection failed
2019-08-30 09:12:11 [WARN] ID#124 - connection failed(0) FILE="D:/下载/03.2020强化班-张宇/01.2020高数强化班-张宇（完）/01.第一讲/09.第一讲 06 数列极限的存在性与计算01.mp4" SIZE="686792286"
2019-08-30 09:12:12 [WARN] rpc error (0): connection failed
2019-08-30 09:12:12 [WARN] ID#129 - connection failed(0) FILE="D:/下载/03.2020强化班-张宇/01.2020高数强化班-张宇（完）/01.第一讲/04.第一讲 02函数极限的计算02.mp4" SIZE="451048021"
2019-08-30 09:12:12 [WARN] rpc error (0): connection failed
2019-08-30 09:12:12 [WARN] ID#125 - connection failed(0) FILE="D:/下载/03.2020强化班-张宇/01.2020高数强化班-张宇（完）/01.第一讲/08.第一讲05数列极限的定义及使用.mp4" SIZE="74335096"
2019-08-30 09:12:12 [WARN] rpc error (0): connection failed
2019-08-30 09:12:12 [WARN] ID#130 - connection failed(0) FILE="D:/下载/03.2020强化班-张宇/01.2020高数强化班-张宇（完）/01.第一讲/03.第一讲 02函数极限的计算01.mp4" SIZE="248495080"
2019-08-30 09:12:13 [WARN] rpc error (0): connection failed
2019-08-30 09:12:13 [WARN] ID#126 - connection failed(0) FILE="D:/下载/03.2020强化班-张宇/01.2020高数强化班-张宇（完）/01.第一讲/07.第一讲04 函数极限的应用.mp4" SIZE="176022215"
2019-08-30 09:12:13 [WARN] rpc error (0): connection failed
2019-08-30 09:12:13 [WARN] ID#131 - connection failed(0) FILE="D:/下载/03.2020强化班-张宇/01.2020高数强化班-张宇（完）/01.第一讲/02.第一讲 01 函数极限的定义及使用02.mp4" SIZE="293592541"
2019-08-30 09:12:13 [WARN] rpc error (0): connection failed
2019-08-30 09:12:13 [WARN] ID#127 - connection failed(0) FILE="D:/下载/03.2020强化班-张宇/01.2020高数强化班-张宇（完）/01.第一讲/06.第一讲 03函数极限的存在性.mp4" SIZE="503908500"
2019-08-30 09:12:14 [WARN] rpc error (0): connection failed
2019-08-30 09:12:14 [WARN] ID#132 - connection failed(0) FILE="D:/下载/03.2020强化班-张宇/01.2020高数强化班-张宇（完）/01.第一讲/01.第一讲 01 函数极限的定义及使用01.mp4" SIZE="314469732"
2019-08-30 09:12:14 [WARN] rpc error (0): connection failed
2019-08-30 09:12:14 [WARN] ID#128 - connection failed(0) FILE="D:/下载/03.2020强化班-张宇/01.2020高数强化班-张宇（完）/01.第一讲/05.第一讲 02函数极限的计算03.mp4" SIZE="431006510"
2019-08-30 09:12:14 [WARN] rpc error (0): connection failed
2019-08-30 09:12:14 [WARN] ID#133 - connection failed(0) FILE="D:/下载/03.2020强化班-张宇/01.2020高数强化班-张宇（完）/00.综述/综述.mp4" SIZE="140239657"
2019-08-30 09:12:15 [WARN] rpc error (0): connection failed
2019-08-30 09:12:15 [WARN] ID#129 - connection failed(0) FILE="D:/下载/03.2020强化班-张宇/01.2020高数强化班-张宇（完）/01.第一讲/04.第一讲 02函数极限的计算02.mp4" SIZE="451048021"
2019-08-30 09:12:15 [WARN] rpc error (0): connection failed
2019-08-30 09:12:15 [WARN] ID#134 - connection failed(0) FILE="D:/下载/03.2020强化班-张宇/官网说明.jpg" SIZE="16776"
2019-08-30 09:12:16 [WARN] rpc error (0): connection failed
2019-08-30 09:12:16 [WARN] ID#130 - connection failed(0) FILE="D:/下载/03.2020强化班-张宇/01.2020高数强化班-张宇（完）/01.第一讲/03.第一讲 02函数极限的计算01.mp4" SIZE="248495080"
2019-08-30 09:12:16 [WARN] rpc error (0): connection failed
2019-08-30 09:12:16 [WARN] ID#135 - connection failed(0) FILE="D:/下载/03.2020强化班-张宇/2020张宇闭关修炼-试题分册（即2020强化班讲义）.pdf" SIZE="129552256"
2019-08-30 09:12:16 [WARN] rpc error (0): connection failed
2019-08-30 09:12:16 [WARN] ID#136 - connection failed(0) FILE="D:/下载/03.2020强化班-张宇/2020张宇闭关修炼-解析分册（即2020强化班讲义）.pdf" SIZE="188933496"
2019-08-30 09:17:22 [WARN] rpc error (0): connection failed
2019-08-30 09:17:22 [WARN] ID#98 - connection failed(0) FILE="D:/下载/03.2020强化班-张宇/01.2020高数强化班-张宇（完）/03.第三讲/12.第三讲 06几何应用03.mp4" SIZE="364990158"
2019-08-30 09:17:22 [WARN] rpc error (0): connection failed
2019-08-30 09:17:22 [WARN] ID#101 - connection failed(0) FILE="D:/下载/03.2020强化班-张宇/01.2020高数强化班-张宇（完）/03.第三讲/09.第三讲&05积分等式与不等式02.mp4" SIZE="315502369"
2019-08-30 09:17:22 [WARN] rpc error (0): connection failed
2019-08-30 09:17:22 [WARN] ID#104 - connection failed(0) FILE="D:/下载/03.2020强化班-张宇/01.2020高数强化班-张宇（完）/03.第三讲/06.第三讲 03定积分的计算02.mp4" SIZE="226607071"
2019-08-30 09:17:22 [WARN] rpc error (0): connection failed
2019-08-30 09:17:22 [WARN] ID#105 - connection failed(0) FILE="D:/下载/03.2020强化班-张宇/01.2020高数强化班-张宇（完）/03.第三讲/05.第三讲 03定积分的计算01.mp4" SIZE="387499859"
2019-08-30 09:17:23 [WARN] rpc error (0): connection failed
2019-08-30 09:17:23 [WARN] ID#106 - connection failed(0) FILE="D:/下载/03.2020强化班-张宇/01.2020高数强化班-张宇（完）/03.第三讲/04.第三讲 02不定积分的计算02.mp4" SIZE="293604052"
2019-08-30 09:17:23 [WARN] rpc error (0): connection failed
2019-08-30 09:17:23 [WARN] ID#107 - connection failed(0) FILE="D:/下载/03.2020强化班-张宇/01.2020高数强化班-张宇（完）/03.第三讲/03.第三讲 02不定积分的计算01.mp4" SIZE="276178267"
2019-08-30 09:17:23 [WARN] rpc error (0): connection failed
2019-08-30 09:17:23 [WARN] ID#108 - connection failed(0) FILE="D:/下载/03.2020强化班-张宇/01.2020高数强化班-张宇（完）/03.第三讲/02.第三讲 01概念与性质02.mp4" SIZE="612740730"
2019-08-30 09:17:23 [WARN] rpc error (0): connection failed
2019-08-30 09:17:23 [WARN] ID#109 - connection failed(0) FILE="D:/下载/03.2020强化班-张宇/01.2020高数强化班-张宇（完）/03.第三讲/01.第三讲 01概念与性质01.mp4" SIZE="543174215"
2019-08-30 09:17:24 [WARN] rpc error (0): connection failed
2019-08-30 09:17:24 [WARN] ID#112 - connection failed(0) FILE="D:/下载/03.2020强化班-张宇/01.2020高数强化班-张宇（完）/02.第二讲/09.第二讲 04中值定理02.mp4" SIZE="799538874"
2019-08-30 09:17:25 [WARN] rpc error (0): connection failed
2019-08-30 09:17:25 [WARN] ID#111 - connection failed(0) FILE="D:/下载/03.2020强化班-张宇/01.2020高数强化班-张宇（完）/02.第二讲/10.第二讲 05经济应用（仅数三）.mp4" SIZE="147230020"
2019-08-30 09:17:25 [WARN] rpc error (0): connection failed
2019-08-30 09:17:25 [WARN] ID#113 - connection failed(0) FILE="D:/下载/03.2020强化班-张宇/01.2020高数强化班-张宇（完）/02.第二讲/08.第二讲 04中值定理01.mp4" SIZE="324362789"
2019-08-30 09:17:25 [WARN] rpc error (0): connection failed
2019-08-30 09:17:25 [WARN] ID#110 - connection failed(0) FILE="D:/下载/03.2020强化班-张宇/01.2020高数强化班-张宇（完）/02.第二讲/11.第二讲 05物理应用（仅数一数二）.mp4" SIZE="94362238"
2019-08-30 09:17:26 [WARN] rpc error (0): connection failed
2019-08-30 09:17:26 [WARN] ID#114 - connection failed(0) FILE="D:/下载/03.2020强化班-张宇/01.2020高数强化班-张宇（完）/02.第二讲/07.第二讲 04等式问题.mp4" SIZE="119696969"
2019-08-30 09:17:26 [WARN] rpc error (0): connection failed
2019-08-30 09:17:26 [WARN] ID#115 - connection failed(0) FILE="D:/下载/03.2020强化班-张宇/01.2020高数强化班-张宇（完）/02.第二讲/06.第二讲 04不等式问题.mp4" SIZE="444395975"
2019-08-30 09:17:26 [WARN] rpc error (0): connection failed
2019-08-30 09:17:26 [WARN] ID#111 - connection failed(0) FILE="D:/下载/03.2020强化班-张宇/01.2020高数强化班-张宇（完）/02.第二讲/10.第二讲 05经济应用（仅数三）.mp4" SIZE="147230020"
2019-08-30 09:17:26 [WARN] rpc error (0): connection failed
2019-08-30 09:17:26 [WARN] ID#112 - connection failed(0) FILE="D:/下载/03.2020强化班-张宇/01.2020高数强化班-张宇（完）/02.第二讲/09.第二讲 04中值定理02.mp4" SIZE="799538874"
2019-08-30 09:17:27 [WARN] rpc error (0): connection failed
2019-08-30 09:17:27 [WARN] ID#116 - connection failed(0) FILE="D:/下载/03.2020强化班-张宇/01.2020高数强化班-张宇（完）/02.第二讲/05.第二讲 03导数的几何应用02.mp4" SIZE="350729548"
2019-08-30 09:17:28 [WARN] rpc error (0): connection failed
2019-08-30 09:17:28 [WARN] ID#114 - connection failed(0) FILE="D:/下载/03.2020强化班-张宇/01.2020高数强化班-张宇（完）/02.第二讲/07.第二讲 04等式问题.mp4" SIZE="119696969"
2019-08-30 09:17:28 [WARN] rpc error (0): connection failed
2019-08-30 09:17:28 [WARN] ID#117 - connection failed(0) FILE="D:/下载/03.2020强化班-张宇/01.2020高数强化班-张宇（完）/02.第二讲/04.第二讲 03导数的几何应用01.mp4" SIZE="664639076"
2019-08-30 09:17:28 [WARN] rpc error (0): connection failed
2019-08-30 09:17:28 [WARN] ID#118 - connection failed(0) FILE="D:/下载/03.2020强化班-张宇/01.2020高数强化班-张宇（完）/02.第二讲/03.第二讲 02导数的计算02.mp4" SIZE="343587404"
2019-08-30 09:17:29 [WARN] rpc error (0): connection failed
2019-08-30 09:17:29 [WARN] ID#115 - connection failed(0) FILE="D:/下载/03.2020强化班-张宇/01.2020高数强化班-张宇（完）/02.第二讲/06.第二讲 04不等式问题.mp4" SIZE="444395975"
2019-08-30 09:17:29 [WARN] rpc error (0): connection failed
2019-08-30 09:17:29 [WARN] ID#119 - connection failed(0) FILE="D:/下载/03.2020强化班-张宇/01.2020高数强化班-张宇（完）/02.第二讲/02.第二讲 02导数的计算01.mp4" SIZE="488615426"
2019-08-30 09:17:29 [WARN] rpc error (0): connection failed
2019-08-30 09:17:29 [WARN] ID#113 - connection failed(0) FILE="D:/下载/03.2020强化班-张宇/01.2020高数强化班-张宇（完）/02.第二讲/08.第二讲 04中值定理01.mp4" SIZE="324362789"
2019-08-30 09:17:30 [WARN] rpc error (0): connection failed
2019-08-30 09:17:30 [WARN] ID#120 - connection failed(0) FILE="D:/下载/03.2020强化班-张宇/01.2020高数强化班-张宇（完）/02.第二讲/01.第二讲 01导数的定义.mp4" SIZE="554890320"
2019-08-30 09:17:30 [WARN] rpc error (0): connection failed
2019-08-30 09:17:30 [WARN] ID#116 - connection failed(0) FILE="D:/下载/03.2020强化班-张宇/01.2020高数强化班-张宇（完）/02.第二讲/05.第二讲 03导数的几何应用02.mp4" SIZE="350729548"
2019-08-30 09:17:30 [WARN] rpc error (0): connection failed
2019-08-30 09:17:30 [WARN] ID#121 - connection failed(0) FILE="D:/下载/03.2020强化班-张宇/01.2020高数强化班-张宇（完）/01.第一讲/12.第一讲 06 数列极限的存在性与计算04.mp4" SIZE="521351159"
2019-08-30 09:17:30 [WARN] rpc error (0): connection failed
2019-08-30 09:17:30 [WARN] ID#114 - connection failed(0) FILE="D:/下载/03.2020强化班-张宇/01.2020高数强化班-张宇（完）/02.第二讲/07.第二讲 04等式问题.mp4" SIZE="119696969"
2019-08-30 09:17:31 [WARN] rpc error (0): connection failed
2019-08-30 09:17:31 [WARN] ID#122 - connection failed(0) FILE="D:/下载/03.2020强化班-张宇/01.2020高数强化班-张宇（完）/01.第一讲/11.第一讲 06 数列极限的存在性与计算03.mp4" SIZE="303326497"
2019-08-30 09:17:31 [WARN] rpc error (0): connection failed
2019-08-30 09:17:31 [WARN] ID#117 - connection failed(0) FILE="D:/下载/03.2020强化班-张宇/01.2020高数强化班-张宇（完）/02.第二讲/04.第二讲 03导数的几何应用01.mp4" SIZE="664639076"
2019-08-30 09:17:31 [WARN] rpc error (0): connection failed
2019-08-30 09:17:31 [WARN] ID#123 - connection failed(0) FILE="D:/下载/03.2020强化班-张宇/01.2020高数强化班-张宇（完）/01.第一讲/10.第一讲 06 数列极限的存在性与计算02.mp4" SIZE="477866536"
2019-08-30 09:17:32 [WARN] rpc error (0): connection failed
2019-08-30 09:17:32 [WARN] ID#115 - connection failed(0) FILE="D:/下载/03.2020强化班-张宇/01.2020高数强化班-张宇（完）/02.第二讲/06.第二讲 04不等式问题.mp4" SIZE="444395975"
2019-08-30 09:17:33 [WARN] rpc error (0): connection failed
2019-08-30 09:17:33 [WARN] ID#118 - connection failed(0) FILE="D:/下载/03.2020强化班-张宇/01.2020高数强化班-张宇（完）/02.第二讲/03.第二讲 02导数的计算02.mp4" SIZE="343587404"
2019-08-30 09:17:33 [WARN] rpc error (0): connection failed
2019-08-30 09:17:33 [WARN] ID#125 - connection failed(0) FILE="D:/下载/03.2020强化班-张宇/01.2020高数强化班-张宇（完）/01.第一讲/08.第一讲05数列极限的定义及使用.mp4" SIZE="74335096"
2019-08-30 09:17:33 [WARN] rpc error (0): connection failed
2019-08-30 09:17:33 [WARN] ID#116 - connection failed(0) FILE="D:/下载/03.2020强化班-张宇/01.2020高数强化班-张宇（完）/02.第二讲/05.第二讲 03导数的几何应用02.mp4" SIZE="350729548"
2019-08-30 09:17:33 [WARN] rpc error (0): connection failed
2019-08-30 09:17:33 [WARN] ID#124 - connection failed(0) FILE="D:/下载/03.2020强化班-张宇/01.2020高数强化班-张宇（完）/01.第一讲/09.第一讲 06 数列极限的存在性与计算01.mp4" SIZE="686792286"
2019-08-30 09:17:34 [WARN] rpc error (0): connection failed
2019-08-30 09:17:34 [WARN] ID#119 - connection failed(0) FILE="D:/下载/03.2020强化班-张宇/01.2020高数强化班-张宇（完）/02.第二讲/02.第二讲 02导数的计算01.mp4" SIZE="488615426"
2019-08-30 09:17:34 [WARN] rpc error (0): connection failed
2019-08-30 09:17:34 [WARN] ID#126 - connection failed(0) FILE="D:/下载/03.2020强化班-张宇/01.2020高数强化班-张宇（完）/01.第一讲/07.第一讲04 函数极限的应用.mp4" SIZE="176022215"
2019-08-30 09:17:34 [WARN] rpc error (0): connection failed
2019-08-30 09:17:34 [WARN] ID#117 - connection failed(0) FILE="D:/下载/03.2020强化班-张宇/01.2020高数强化班-张宇（完）/02.第二讲/04.第二讲 03导数的几何应用01.mp4" SIZE="664639076"
2019-08-30 09:17:34 [WARN] rpc error (0): connection failed
2019-08-30 09:17:34 [WARN] ID#125 - connection failed(0) FILE="D:/下载/03.2020强化班-张宇/01.2020高数强化班-张宇（完）/01.第一讲/08.第一讲05数列极限的定义及使用.mp4" SIZE="74335096"
2019-08-30 09:17:35 [WARN] rpc error (0): connection failed
2019-08-30 09:17:35 [WARN] ID#120 - connection failed(0) FILE="D:/下载/03.2020强化班-张宇/01.2020高数强化班-张宇（完）/02.第二讲/01.第二讲 01导数的定义.mp4" SIZE="554890320"
2019-08-30 09:17:36 [WARN] rpc error (0): connection failed
2019-08-30 09:17:36 [WARN] ID#118 - connection failed(0) FILE="D:/下载/03.2020强化班-张宇/01.2020高数强化班-张宇（完）/02.第二讲/03.第二讲 02导数的计算02.mp4" SIZE="343587404"
2019-08-30 09:17:36 [WARN] rpc error (0): connection failed
2019-08-30 09:17:36 [WARN] ID#127 - connection failed(0) FILE="D:/下载/03.2020强化班-张宇/01.2020高数强化班-张宇（完）/01.第一讲/06.第一讲 03函数极限的存在性.mp4" SIZE="503908500"
2019-08-30 09:17:36 [WARN] rpc error (0): connection failed
2019-08-30 09:17:36 [WARN] ID#126 - connection failed(0) FILE="D:/下载/03.2020强化班-张宇/01.2020高数强化班-张宇（完）/01.第一讲/07.第一讲04 函数极限的应用.mp4" SIZE="176022215"
2019-08-30 09:17:37 [WARN] rpc error (0): connection failed
2019-08-30 09:17:37 [WARN] ID#119 - connection failed(0) FILE="D:/下载/03.2020强化班-张宇/01.2020高数强化班-张宇（完）/02.第二讲/02.第二讲 02导数的计算01.mp4" SIZE="488615426"
2019-08-30 09:17:37 [WARN] rpc error (0): connection failed
2019-08-30 09:17:37 [WARN] ID#121 - connection failed(0) FILE="D:/下载/03.2020强化班-张宇/01.2020高数强化班-张宇（完）/01.第一讲/12.第一讲 06 数列极限的存在性与计算04.mp4" SIZE="521351159"
2019-08-30 09:17:37 [WARN] rpc error (0): connection failed
2019-08-30 09:17:37 [WARN] ID#127 - connection failed(0) FILE="D:/下载/03.2020强化班-张宇/01.2020高数强化班-张宇（完）/01.第一讲/06.第一讲 03函数极限的存在性.mp4" SIZE="503908500"
2019-08-30 09:17:37 [WARN] rpc error (0): connection failed
2019-08-30 09:17:37 [WARN] ID#128 - connection failed(0) FILE="D:/下载/03.2020强化班-张宇/01.2020高数强化班-张宇（完）/01.第一讲/05.第一讲 02函数极限的计算03.mp4" SIZE="431006510"
2019-08-30 09:17:37 [WARN] rpc error (0): connection failed
2019-08-30 09:17:38 [WARN] rpc error (0): connection failed
2019-08-30 09:17:38 [WARN] ID#122 - connection failed(0) FILE="D:/下载/03.2020强化班-张宇/01.2020高数强化班-张宇（完）/01.第一讲/11.第一讲 06 数列极限的存在性与计算03.mp4" SIZE="303326497"
2019-08-30 09:17:38 [WARN] rpc error (0): connection failed
2019-08-30 09:17:38 [WARN] ID#129 - connection failed(0) FILE="D:/下载/03.2020强化班-张宇/01.2020高数强化班-张宇（完）/01.第一讲/04.第一讲 02函数极限的计算02.mp4" SIZE="451048021"
2019-08-30 09:17:38 [WARN] rpc error (0): connection failed
2019-08-30 09:17:38 [WARN] ID#130 - connection failed(0) FILE="D:/下载/03.2020强化班-张宇/01.2020高数强化班-张宇（完）/01.第一讲/03.第一讲 02函数极限的计算01.mp4" SIZE="248495080"
2019-08-30 09:17:39 [WARN] rpc error (0): connection failed
2019-08-30 09:17:39 [WARN] ID#120 - connection failed(0) FILE="D:/下载/03.2020强化班-张宇/01.2020高数强化班-张宇（完）/02.第二讲/01.第二讲 01导数的定义.mp4" SIZE="554890320"
2019-08-30 09:17:39 [WARN] rpc error (0): connection failed
2019-08-30 09:17:39 [WARN] ID#132 - connection failed(0) FILE="D:/下载/03.2020强化班-张宇/01.2020高数强化班-张宇（完）/01.第一讲/01.第一讲 01 函数极限的定义及使用01.mp4" SIZE="314469732"
2019-08-30 09:17:40 [WARN] rpc error (0): connection failed
2019-08-30 09:17:40 [WARN] ID#131 - connection failed(0) FILE="D:/下载/03.2020强化班-张宇/01.2020高数强化班-张宇（完）/01.第一讲/02.第一讲 01 函数极限的定义及使用02.mp4" SIZE="293592541"
2019-08-30 09:17:40 [WARN] rpc error (0): connection failed
2019-08-30 09:17:40 [WARN] ID#121 - connection failed(0) FILE="D:/下载/03.2020强化班-张宇/01.2020高数强化班-张宇（完）/01.第一讲/12.第一讲 06 数列极限的存在性与计算04.mp4" SIZE="521351159"
2019-08-30 09:17:40 [WARN] rpc error (0): connection failed
2019-08-30 09:17:40 [WARN] ID#123 - connection failed(0) FILE="D:/下载/03.2020强化班-张宇/01.2020高数强化班-张宇（完）/01.第一讲/10.第一讲 06 数列极限的存在性与计算02.mp4" SIZE="477866536"
2019-08-30 09:17:41 [WARN] rpc error (0): connection failed
2019-08-30 09:17:41 [WARN] ID#133 - connection failed(0) FILE="D:/下载/03.2020强化班-张宇/01.2020高数强化班-张宇（完）/00.综述/综述.mp4" SIZE="140239657"
2019-08-30 09:17:41 [WARN] rpc error (0): connection failed
2019-08-30 09:17:41 [WARN] ID#122 - connection failed(0) FILE="D:/下载/03.2020强化班-张宇/01.2020高数强化班-张宇（完）/01.第一讲/11.第一讲 06 数列极限的存在性与计算03.mp4" SIZE="303326497"
2019-08-30 09:17:41 [WARN] rpc error (0): connection failed
2019-08-30 09:17:41 [WARN] ID#124 - connection failed(0) FILE="D:/下载/03.2020强化班-张宇/01.2020高数强化班-张宇（完）/01.第一讲/09.第一讲 06 数列极限的存在性与计算01.mp4" SIZE="686792286"
2019-08-30 09:17:42 [WARN] rpc error (0): connection failed
2019-08-30 09:17:42 [WARN] ID#123 - connection failed(0) FILE="D:/下载/03.2020强化班-张宇/01.2020高数强化班-张宇（完）/01.第一讲/10.第一讲 06 数列极限的存在性与计算02.mp4" SIZE="477866536"
2019-08-30 09:17:42 [WARN] rpc error (0): connection failed
2019-08-30 09:17:42 [WARN] ID#125 - connection failed(0) FILE="D:/下载/03.2020强化班-张宇/01.2020高数强化班-张宇（完）/01.第一讲/08.第一讲05数列极限的定义及使用.mp4" SIZE="74335096"
2019-08-30 09:17:42 [WARN] rpc error (0): connection failed
2019-08-30 09:17:42 [WARN] ID#132 - connection failed(0) FILE="D:/下载/03.2020强化班-张宇/01.2020高数强化班-张宇（完）/01.第一讲/01.第一讲 01 函数极限的定义及使用01.mp4" SIZE="314469732"
2019-08-30 09:17:43 [WARN] rpc error (0): connection failed
2019-08-30 09:17:43 [WARN] ID#134 - connection failed(0) FILE="D:/下载/03.2020强化班-张宇/官网说明.jpg" SIZE="16776"
2019-08-30 09:17:43 [WARN] rpc error (0): connection failed
2019-08-30 09:17:43 [WARN] ID#124 - connection failed(0) FILE="D:/下载/03.2020强化班-张宇/01.2020高数强化班-张宇（完）/01.第一讲/09.第一讲 06 数列极限的存在性与计算01.mp4" SIZE="686792286"
2019-08-30 09:17:44 [WARN] rpc error (0): connection failed
2019-08-30 09:17:44 [WARN] ID#126 - connection failed(0) FILE="D:/下载/03.2020强化班-张宇/01.2020高数强化班-张宇（完）/01.第一讲/07.第一讲04 函数极限的应用.mp4" SIZE="176022215"
2019-08-30 09:17:44 [WARN] rpc error (0): connection failed
2019-08-30 09:17:44 [WARN] ID#133 - connection failed(0) FILE="D:/下载/03.2020强化班-张宇/01.2020高数强化班-张宇（完）/00.综述/综述.mp4" SIZE="140239657"
2019-08-30 09:17:44 [WARN] rpc error (0): connection failed
2019-08-30 09:17:44 [WARN] ID#135 - connection failed(0) FILE="D:/下载/03.2020强化班-张宇/2020张宇闭关修炼-试题分册（即2020强化班讲义）.pdf" SIZE="129552256"
2019-08-30 09:17:45 [WARN] rpc error (0): connection failed
2019-08-30 09:17:45 [WARN] ID#127 - connection failed(0) FILE="D:/下载/03.2020强化班-张宇/01.2020高数强化班-张宇（完）/01.第一讲/06.第一讲 03函数极限的存在性.mp4" SIZE="503908500"
2019-08-30 09:17:45 [WARN] rpc error (0): connection failed
2019-08-30 09:17:45 [WARN] ID#125 - connection failed(0) FILE="D:/下载/03.2020强化班-张宇/01.2020高数强化班-张宇（完）/01.第一讲/08.第一讲05数列极限的定义及使用.mp4" SIZE="74335096"
2019-08-30 09:17:45 [WARN] rpc error (0): connection failed
2019-08-30 09:17:45 [WARN] ID#134 - connection failed(0) FILE="D:/下载/03.2020强化班-张宇/官网说明.jpg" SIZE="16776"
2019-08-30 09:17:45 [WARN] rpc error (0): connection failed
2019-08-30 09:17:45 [WARN] ID#136 - connection failed(0) FILE="D:/下载/03.2020强化班-张宇/2020张宇闭关修炼-解析分册（即2020强化班讲义）.pdf" SIZE="188933496"
2019-08-30 09:17:45 [WARN] rpc error (0): connection failed
2019-08-30 09:17:45 [WARN] rpc error (0): connection failed
2019-08-30 09:17:45 [WARN] rpc error (0): connection failed
2019-08-30 09:17:45 [WARN] rpc error (0): connection failed
2019-08-30 09:17:45 [WARN] rpc error (0): connection failed
2019-08-30 09:17:45 [WARN] rpc error (0): connection failed
2019-08-30 09:17:59 [INFO] close main window
2019-08-30 09:17:59 [WARN] rpc error (0): connection failed
2019-08-30 09:17:59 [WARN] rpc error (0): connection failed
2019-08-30 09:17:59 [WARN] rpc error (0): connection failed
2019-08-30 09:17:59 [WARN] rpc error (0): connection failed
2019-08-30 09:17:59 [WARN] rpc error (0): connection failed
2019-08-30 09:17:59 [WARN] rpc error (0): connection failed
2019-08-30 09:17:59 [WARN] rpc error (0): connection failed
2019-08-30 09:18:00 [INFO] websocket client stop
2019-08-30 09:18:00 [INFO] exit
