2019-08-23 15:27:00 [INFO] pandownload version: 2.1.3
2019-08-23 15:27:01 [INFO] aria2 websocket connection opened (127.0.0.1:36983)
2019-08-23 15:27:01 [INFO] aria2 version: 1.34.0
2019-08-23 15:27:01 [INFO] aria2 json-rpc path: http://token:pandownload@127.0.0.1:36983/jsonrpc
2019-08-23 15:27:02 [INFO] create main window
2019-08-23 15:27:02 [INFO] verify cookie (615)
2019-08-23 15:27:04 [INFO] user login success (3145349758): 无名倒人
2019-08-23 19:11:44 [WARN] request error (0x200000001): https://pan.baidu.com/api/quota {"errno":1,"request_id":5445670979931738807}
2019-08-23 20:11:01 [WARN] request error (0x200000001): https://pan.baidu.com/api/quota {"errno":1,"request_id":5446625740503080803}
2019-08-23 20:45:41 [WARN] request error (0x10000001c): https://pan.baidu.com/api/quota 
2019-08-23 20:46:31 [WARN] request error (0x10000001c): https://pan.baidu.com/api/quota 
2019-08-23 20:47:10 [WARN] request error (0x100000023): https://pan.baidu.com/api/quota 
2019-08-23 20:47:50 [WARN] request error (0x10000001c): https://pan.baidu.com/api/quota 
2019-08-23 20:49:18 [WARN] request error (0x10000001c): https://pan.baidu.com/api/quota 
2019-08-24 00:32:53 [WARN] request error (0x200000001): https://pan.baidu.com/api/quota {"errno":1,"request_id":5450843570428963024}
2019-08-24 02:11:50 [WARN] request error (0x100000023): https://pan.baidu.com/api/quota 
2019-08-24 11:00:49 [WARN] request error (0x200000001): https://pan.baidu.com/api/quota {"errno":1,"request_id":5460957178230334288}
2019-08-24 12:00:52 [WARN] request error (0x100000006): https://pan.baidu.com/api/quota 
2019-08-24 14:00:02 [WARN] request error (0x200000001): https://pan.baidu.com/api/quota {"errno":1,"request_id":5463843652083792797}
2019-08-24 15:28:01 [WARN] request error (0x200000001): https://pan.baidu.com/api/quota {"errno":1,"request_id":5465260715336638647}
2019-08-24 18:06:51 [WARN] request error (0x200000001): https://pan.baidu.com/api/quota {"errno":1,"request_id":5467819021422162784}
2019-08-24 18:59:27 [WARN] request error (0x200000001): https://pan.baidu.com/api/quota {"errno":1,"request_id":5468666184401698666}
2019-08-24 19:56:09 [WARN] request error (0x200000001): https://pan.baidu.com/api/quota {"errno":1,"request_id":5469579284222457087}
2019-08-24 21:31:52 [WARN] request error (0x200000001): https://pan.baidu.com/api/quota {"errno":1,"request_id":5471121052377505289}
2019-08-25 01:10:50 [WARN] request error (0x200000001): https://pan.baidu.com/api/quota {"errno":1,"request_id":5474647787556254028}
2019-08-25 13:06:58 [WARN] request error (0x10000001c): https://pan.baidu.com/api/quota 
2019-08-25 13:11:26 [WARN] request error (0x100000038): https://pan.baidu.com/api/quota 
2019-08-25 13:12:16 [WARN] request error (0x10000001c): https://pan.baidu.com/api/quota 
2019-08-25 13:13:06 [WARN] request error (0x10000001c): https://pan.baidu.com/api/quota 
2019-08-25 13:13:52 [WARN] request error (0x10000001c): https://pan.baidu.com/api/quota 
2019-08-25 13:14:47 [WARN] ID#110 - No URI available.(2) FILE="C:/Users/Administrator/Downloads/S15/The.Simpsons.S15E19.SPS.mp4" SIZE="76725603"
2019-08-25 13:17:40 [WARN] ID#110 - No URI available.(2) FILE="C:/Users/Administrator/Downloads/S15/The.Simpsons.S15E19.SPS.mp4" SIZE="76725603"
2019-08-25 13:21:44 [WARN] request error (0x10000001c): https://pan.baidu.com/share/autoincre 
2019-08-25 13:23:42 [WARN] request error (0x10000001c): https://pan.baidu.com/api/quota 
2019-08-25 13:30:19 [WARN] request error (0x10000001c): https://pan.baidu.com/api/quota 
2019-08-25 13:33:07 [WARN] request error (0x100000038): https://pan.baidu.com/share/list 
2019-08-25 13:34:05 [WARN] ID#148 - No URI available.(2) FILE="C:/Users/Administrator/Downloads/S14/The.Simpsons.S14E03.SPS.mp4" SIZE="73820939"
2019-08-25 13:38:50 [WARN] request error (0x10000001c): https://pan.baidu.com/api/report/user 
2019-08-25 13:59:30 [WARN] request error (0x10000001c): https://pan.baidu.com/api/quota 
2019-08-25 14:09:06 [WARN] request error (0x10000001c): https://pan.baidu.com/api/quota 
2019-08-25 14:17:22 [WARN] ID#205 - No URI available.(1) FILE="C:/Users/Administrator/Downloads/EXTRA/The.Simpsons.Movie.2007.1080p.BluRay.H264.AAC-RARBG.mp4" SIZE="1777640282"
2019-08-25 18:46:03 [WARN] request error (0x200000001): https://pan.baidu.com/api/quota {"errno":1,"request_id":5491643369612205967}
2019-08-25 18:49:31 [WARN] request error (0x200000001): https://pan.baidu.com/api/quota {"errno":1,"request_id":5491699415087782270}
2019-08-25 19:45:51 [WARN] request error (0x200000001): https://pan.baidu.com/api/quota {"errno":1,"request_id":5492606543862324509}
2019-08-25 22:51:52 [WARN] request error (0x200000001): https://pan.baidu.com/api/quota {"errno":1,"request_id":5495602700515759702}
2019-08-26 01:49:40 [WARN] request error (0x100000006): https://pan.baidu.com/api/quota 
2019-08-26 01:50:00 [WARN] request error (0x100000006): https://pan.baidu.com/api/quota 
2019-08-26 01:50:20 [WARN] request error (0x100000006): https://pan.baidu.com/api/quota 
2019-08-26 01:50:41 [WARN] request error (0x100000006): https://pan.baidu.com/api/quota 
2019-08-26 01:51:26 [WARN] request error (0x100000006): https://pan.baidu.com/api/quota 
2019-08-26 01:55:24 [WARN] request error (0x10000001c): https://pan.baidu.com/api/quota 
2019-08-26 01:56:08 [WARN] request error (0x100000006): https://pan.baidu.com/api/quota 
2019-08-26 01:56:29 [WARN] request error (0x100000006): https://pan.baidu.com/api/quota 
2019-08-26 01:56:49 [WARN] request error (0x100000006): https://pan.baidu.com/api/quota 
2019-08-26 01:57:33 [WARN] request error (0x100000006): https://pan.baidu.com/api/quota 
2019-08-26 01:57:53 [WARN] request error (0x100000006): https://pan.baidu.com/api/quota 
2019-08-26 01:58:13 [WARN] request error (0x100000006): https://pan.baidu.com/api/quota 
2019-08-26 01:58:33 [WARN] request error (0x100000006): https://pan.baidu.com/api/quota 
2019-08-26 01:58:53 [WARN] request error (0x100000006): https://pan.baidu.com/api/quota 
2019-08-26 01:59:13 [WARN] request error (0x100000006): https://pan.baidu.com/api/quota 
2019-08-26 01:59:33 [WARN] request error (0x100000006): https://pan.baidu.com/api/quota 
2019-08-26 01:59:53 [WARN] request error (0x100000006): https://pan.baidu.com/api/quota 
2019-08-26 02:00:13 [WARN] request error (0x100000006): https://pan.baidu.com/api/quota 
2019-08-26 02:00:33 [WARN] request error (0x100000006): https://pan.baidu.com/api/quota 
2019-08-26 02:00:53 [WARN] request error (0x100000006): https://pan.baidu.com/api/quota 
2019-08-26 02:01:13 [WARN] request error (0x100000006): https://pan.baidu.com/api/quota 
2019-08-26 02:01:33 [WARN] request error (0x100000006): https://pan.baidu.com/api/quota 
2019-08-26 02:01:53 [WARN] request error (0x100000006): https://pan.baidu.com/api/quota 
2019-08-26 02:02:13 [WARN] request error (0x100000006): https://pan.baidu.com/api/quota 
2019-08-26 02:02:33 [WARN] request error (0x100000006): https://pan.baidu.com/api/quota 
2019-08-26 02:02:53 [WARN] request error (0x100000006): https://pan.baidu.com/api/quota 
2019-08-26 02:03:13 [WARN] request error (0x100000006): https://pan.baidu.com/api/quota 
2019-08-26 02:03:33 [WARN] request error (0x100000006): https://pan.baidu.com/api/quota 
2019-08-26 02:03:53 [WARN] request error (0x100000006): https://pan.baidu.com/api/quota 
2019-08-26 02:04:13 [WARN] request error (0x100000006): https://pan.baidu.com/api/quota 
2019-08-26 02:04:33 [WARN] request error (0x100000006): https://pan.baidu.com/api/quota 
2019-08-26 02:04:53 [WARN] request error (0x100000006): https://pan.baidu.com/api/quota 
2019-08-26 02:05:13 [WARN] request error (0x100000006): https://pan.baidu.com/api/quota 
2019-08-26 02:05:33 [WARN] request error (0x100000006): https://pan.baidu.com/api/quota 
2019-08-26 02:05:53 [WARN] request error (0x100000006): https://pan.baidu.com/api/quota 
2019-08-26 02:06:13 [WARN] request error (0x100000006): https://pan.baidu.com/api/quota 
2019-08-26 02:06:33 [WARN] request error (0x100000006): https://pan.baidu.com/api/quota 
2019-08-26 02:06:53 [WARN] request error (0x100000006): https://pan.baidu.com/api/quota 
2019-08-26 02:07:13 [WARN] request error (0x100000006): https://pan.baidu.com/api/quota 
2019-08-26 02:07:33 [WARN] request error (0x100000006): https://pan.baidu.com/api/quota 
2019-08-26 02:07:53 [WARN] request error (0x100000006): https://pan.baidu.com/api/quota 
2019-08-26 02:08:13 [WARN] request error (0x100000006): https://pan.baidu.com/api/quota 
2019-08-26 02:08:33 [WARN] request error (0x100000006): https://pan.baidu.com/api/quota 
2019-08-26 02:08:53 [WARN] request error (0x100000006): https://pan.baidu.com/api/quota 
2019-08-26 02:09:13 [WARN] request error (0x100000006): https://pan.baidu.com/api/quota 
2019-08-26 02:09:33 [WARN] request error (0x100000006): https://pan.baidu.com/api/quota 
2019-08-26 02:09:53 [WARN] request error (0x100000006): https://pan.baidu.com/api/quota 
2019-08-26 02:10:13 [WARN] request error (0x100000006): https://pan.baidu.com/api/quota 
2019-08-26 02:10:33 [WARN] request error (0x100000006): https://pan.baidu.com/api/quota 
2019-08-26 02:10:53 [WARN] request error (0x100000006): https://pan.baidu.com/api/quota 
2019-08-26 02:11:13 [WARN] request error (0x100000006): https://pan.baidu.com/api/quota 
2019-08-26 02:11:33 [WARN] request error (0x100000006): https://pan.baidu.com/api/quota 
2019-08-26 02:11:53 [WARN] request error (0x100000006): https://pan.baidu.com/api/quota 
2019-08-26 02:12:13 [WARN] request error (0x100000006): https://pan.baidu.com/api/quota 
2019-08-26 02:12:33 [WARN] request error (0x100000006): https://pan.baidu.com/api/quota 
2019-08-26 02:12:53 [WARN] request error (0x100000006): https://pan.baidu.com/api/quota 
2019-08-26 02:13:13 [WARN] request error (0x100000006): https://pan.baidu.com/api/quota 
2019-08-26 02:13:33 [WARN] request error (0x100000006): https://pan.baidu.com/api/quota 
2019-08-26 02:13:53 [WARN] request error (0x100000006): https://pan.baidu.com/api/quota 
2019-08-26 02:14:13 [WARN] request error (0x100000006): https://pan.baidu.com/api/quota 
2019-08-26 02:14:33 [WARN] request error (0x100000006): https://pan.baidu.com/api/quota 
2019-08-26 02:14:53 [WARN] request error (0x100000006): https://pan.baidu.com/api/quota 
2019-08-26 02:15:13 [WARN] request error (0x100000006): https://pan.baidu.com/api/quota 
2019-08-26 02:15:33 [WARN] request error (0x100000006): https://pan.baidu.com/api/quota 
2019-08-26 02:15:53 [WARN] request error (0x100000006): https://pan.baidu.com/api/quota 
2019-08-26 02:16:13 [WARN] request error (0x100000006): https://pan.baidu.com/api/quota 
2019-08-26 02:16:33 [WARN] request error (0x100000006): https://pan.baidu.com/api/quota 
2019-08-26 02:16:53 [WARN] request error (0x100000006): https://pan.baidu.com/api/quota 
2019-08-26 02:17:13 [WARN] request error (0x100000006): https://pan.baidu.com/api/quota 
2019-08-26 02:17:34 [WARN] request error (0x100000006): https://pan.baidu.com/api/quota 
2019-08-26 02:17:54 [WARN] request error (0x100000006): https://pan.baidu.com/api/quota 
2019-08-26 02:18:14 [WARN] request error (0x100000006): https://pan.baidu.com/api/quota 
2019-08-26 02:18:34 [WARN] request error (0x100000006): https://pan.baidu.com/api/quota 
2019-08-26 02:18:54 [WARN] request error (0x100000006): https://pan.baidu.com/api/quota 
2019-08-26 02:19:14 [WARN] request error (0x100000006): https://pan.baidu.com/api/quota 
2019-08-26 02:19:34 [WARN] request error (0x100000006): https://pan.baidu.com/api/quota 
2019-08-26 02:19:54 [WARN] request error (0x100000006): https://pan.baidu.com/api/quota 
2019-08-26 02:20:14 [WARN] request error (0x100000006): https://pan.baidu.com/api/quota 
2019-08-26 02:20:34 [WARN] request error (0x100000006): https://pan.baidu.com/api/quota 
2019-08-26 02:20:54 [WARN] request error (0x100000006): https://pan.baidu.com/api/quota 
2019-08-26 02:21:14 [WARN] request error (0x100000006): https://pan.baidu.com/api/quota 
2019-08-26 02:21:34 [WARN] request error (0x100000006): https://pan.baidu.com/api/quota 
2019-08-26 02:21:54 [WARN] request error (0x100000006): https://pan.baidu.com/api/quota 
2019-08-26 02:22:14 [WARN] request error (0x100000006): https://pan.baidu.com/api/quota 
2019-08-26 02:22:34 [WARN] request error (0x100000006): https://pan.baidu.com/api/quota 
2019-08-26 02:22:54 [WARN] request error (0x100000006): https://pan.baidu.com/api/quota 
2019-08-26 02:23:14 [WARN] request error (0x100000006): https://pan.baidu.com/api/quota 
2019-08-26 02:23:34 [WARN] request error (0x100000006): https://pan.baidu.com/api/quota 
2019-08-26 02:23:54 [WARN] request error (0x100000006): https://pan.baidu.com/api/quota 
2019-08-26 02:24:14 [WARN] request error (0x100000006): https://pan.baidu.com/api/quota 
2019-08-26 02:24:34 [WARN] request error (0x100000006): https://pan.baidu.com/api/quota 
2019-08-26 02:24:54 [WARN] request error (0x100000006): https://pan.baidu.com/api/quota 
2019-08-26 02:25:14 [WARN] request error (0x100000006): https://pan.baidu.com/api/quota 
2019-08-26 02:25:34 [WARN] request error (0x100000006): https://pan.baidu.com/api/quota 
2019-08-26 02:25:54 [WARN] request error (0x100000006): https://pan.baidu.com/api/quota 
2019-08-26 02:26:14 [WARN] request error (0x100000006): https://pan.baidu.com/api/quota 
2019-08-26 02:26:34 [WARN] request error (0x100000006): https://pan.baidu.com/api/quota 
2019-08-26 02:26:54 [WARN] request error (0x100000006): https://pan.baidu.com/api/quota 
2019-08-26 02:27:14 [WARN] request error (0x100000006): https://pan.baidu.com/api/quota 
2019-08-26 02:27:34 [WARN] request error (0x100000006): https://pan.baidu.com/api/quota 
2019-08-26 02:27:54 [WARN] request error (0x100000006): https://pan.baidu.com/api/quota 
2019-08-26 02:28:14 [WARN] request error (0x100000006): https://pan.baidu.com/api/quota 
2019-08-26 02:28:34 [WARN] request error (0x100000006): https://pan.baidu.com/api/quota 
2019-08-26 02:28:54 [WARN] request error (0x100000006): https://pan.baidu.com/api/quota 
2019-08-26 02:29:14 [WARN] request error (0x100000006): https://pan.baidu.com/api/quota 
2019-08-26 02:29:34 [WARN] request error (0x100000006): https://pan.baidu.com/api/quota 
2019-08-26 02:29:54 [WARN] request error (0x100000006): https://pan.baidu.com/api/quota 
2019-08-26 02:30:14 [WARN] request error (0x100000006): https://pan.baidu.com/api/quota 
2019-08-26 02:30:34 [WARN] request error (0x100000006): https://pan.baidu.com/api/quota 
2019-08-26 02:30:54 [WARN] request error (0x100000006): https://pan.baidu.com/api/quota 
2019-08-26 02:31:14 [WARN] request error (0x100000006): https://pan.baidu.com/api/quota 
2019-08-26 02:31:34 [WARN] request error (0x100000006): https://pan.baidu.com/api/quota 
2019-08-26 02:31:54 [WARN] request error (0x100000006): https://pan.baidu.com/api/quota 
2019-08-26 02:32:14 [WARN] request error (0x100000006): https://pan.baidu.com/api/quota 
2019-08-26 02:32:34 [WARN] request error (0x100000006): https://pan.baidu.com/api/quota 
2019-08-26 02:32:54 [WARN] request error (0x100000006): https://pan.baidu.com/api/quota 
2019-08-26 02:33:14 [WARN] request error (0x100000006): https://pan.baidu.com/api/quota 
2019-08-26 02:33:34 [WARN] request error (0x100000006): https://pan.baidu.com/api/quota 
2019-08-26 02:33:54 [WARN] request error (0x100000006): https://pan.baidu.com/api/quota 
2019-08-26 02:34:14 [WARN] request error (0x100000006): https://pan.baidu.com/api/quota 
2019-08-26 02:34:34 [WARN] request error (0x100000006): https://pan.baidu.com/api/quota 
2019-08-26 02:34:54 [WARN] request error (0x100000006): https://pan.baidu.com/api/quota 
2019-08-26 02:35:14 [WARN] request error (0x100000006): https://pan.baidu.com/api/quota 
2019-08-26 02:35:34 [WARN] request error (0x100000006): https://pan.baidu.com/api/quota 
2019-08-26 02:35:54 [WARN] request error (0x100000006): https://pan.baidu.com/api/quota 
2019-08-26 02:36:14 [WARN] request error (0x100000006): https://pan.baidu.com/api/quota 
2019-08-26 02:36:34 [WARN] request error (0x100000006): https://pan.baidu.com/api/quota 
2019-08-26 02:36:54 [WARN] request error (0x100000006): https://pan.baidu.com/api/quota 
2019-08-26 02:37:14 [WARN] request error (0x100000006): https://pan.baidu.com/api/quota 
2019-08-26 02:37:34 [WARN] request error (0x100000006): https://pan.baidu.com/api/quota 
2019-08-26 02:37:54 [WARN] request error (0x100000006): https://pan.baidu.com/api/quota 
2019-08-26 02:38:14 [WARN] request error (0x100000006): https://pan.baidu.com/api/quota 
2019-08-26 02:38:34 [WARN] request error (0x100000006): https://pan.baidu.com/api/quota 
2019-08-26 02:38:54 [WARN] request error (0x100000006): https://pan.baidu.com/api/quota 
2019-08-26 02:39:14 [WARN] request error (0x100000006): https://pan.baidu.com/api/quota 
2019-08-26 02:39:34 [WARN] request error (0x100000006): https://pan.baidu.com/api/quota 
2019-08-26 02:39:54 [WARN] request error (0x100000006): https://pan.baidu.com/api/quota 
2019-08-26 02:40:14 [WARN] request error (0x100000006): https://pan.baidu.com/api/quota 
2019-08-26 02:40:34 [WARN] request error (0x100000006): https://pan.baidu.com/api/quota 
2019-08-26 02:40:54 [WARN] request error (0x100000006): https://pan.baidu.com/api/quota 
2019-08-26 02:41:14 [WARN] request error (0x100000006): https://pan.baidu.com/api/quota 
2019-08-26 02:41:34 [WARN] request error (0x100000006): https://pan.baidu.com/api/quota 
2019-08-26 02:41:54 [WARN] request error (0x100000006): https://pan.baidu.com/api/quota 
2019-08-26 02:42:14 [WARN] request error (0x100000006): https://pan.baidu.com/api/quota 
2019-08-26 02:42:34 [WARN] request error (0x100000006): https://pan.baidu.com/api/quota 
2019-08-26 02:42:54 [WARN] request error (0x100000006): https://pan.baidu.com/api/quota 
2019-08-26 02:43:14 [WARN] request error (0x100000006): https://pan.baidu.com/api/quota 
2019-08-26 02:43:34 [WARN] request error (0x100000006): https://pan.baidu.com/api/quota 
2019-08-26 02:43:54 [WARN] request error (0x100000006): https://pan.baidu.com/api/quota 
2019-08-26 02:44:14 [WARN] request error (0x100000006): https://pan.baidu.com/api/quota 
2019-08-26 02:44:34 [WARN] request error (0x100000006): https://pan.baidu.com/api/quota 
2019-08-26 02:44:54 [WARN] request error (0x100000006): https://pan.baidu.com/api/quota 
2019-08-26 02:45:14 [WARN] request error (0x100000006): https://pan.baidu.com/api/quota 
2019-08-26 02:45:34 [WARN] request error (0x100000006): https://pan.baidu.com/api/quota 
2019-08-26 02:45:54 [WARN] request error (0x100000006): https://pan.baidu.com/api/quota 
2019-08-26 02:46:14 [WARN] request error (0x100000006): https://pan.baidu.com/api/quota 
2019-08-26 02:46:34 [WARN] request error (0x100000006): https://pan.baidu.com/api/quota 
2019-08-26 02:46:54 [WARN] request error (0x100000006): https://pan.baidu.com/api/quota 
2019-08-26 02:47:14 [WARN] request error (0x100000006): https://pan.baidu.com/api/quota 
2019-08-26 02:47:34 [WARN] request error (0x100000006): https://pan.baidu.com/api/quota 
2019-08-26 02:47:54 [WARN] request error (0x100000006): https://pan.baidu.com/api/quota 
2019-08-26 02:48:14 [WARN] request error (0x100000006): https://pan.baidu.com/api/quota 
2019-08-26 02:48:34 [WARN] request error (0x100000006): https://pan.baidu.com/api/quota 
2019-08-26 02:48:54 [WARN] request error (0x100000006): https://pan.baidu.com/api/quota 
2019-08-26 02:49:14 [WARN] request error (0x100000006): https://pan.baidu.com/api/quota 
2019-08-26 02:49:34 [WARN] request error (0x100000006): https://pan.baidu.com/api/quota 
2019-08-26 02:49:54 [WARN] request error (0x100000006): https://pan.baidu.com/api/quota 
2019-08-26 02:50:14 [WARN] request error (0x100000006): https://pan.baidu.com/api/quota 
2019-08-26 02:50:35 [WARN] request error (0x100000006): https://pan.baidu.com/api/quota 
2019-08-26 02:50:55 [WARN] request error (0x100000006): https://pan.baidu.com/api/quota 
2019-08-26 02:51:15 [WARN] request error (0x100000006): https://pan.baidu.com/api/quota 
2019-08-26 02:51:35 [WARN] request error (0x100000006): https://pan.baidu.com/api/quota 
2019-08-26 02:51:55 [WARN] request error (0x100000006): https://pan.baidu.com/api/quota 
2019-08-26 02:52:15 [WARN] request error (0x100000006): https://pan.baidu.com/api/quota 
2019-08-26 02:52:35 [WARN] request error (0x100000006): https://pan.baidu.com/api/quota 
2019-08-26 02:52:55 [WARN] request error (0x100000006): https://pan.baidu.com/api/quota 
2019-08-26 02:53:15 [WARN] request error (0x100000006): https://pan.baidu.com/api/quota 
2019-08-26 02:53:35 [WARN] request error (0x100000006): https://pan.baidu.com/api/quota 
2019-08-26 02:53:55 [WARN] request error (0x100000006): https://pan.baidu.com/api/quota 
2019-08-26 02:54:15 [WARN] request error (0x100000006): https://pan.baidu.com/api/quota 
2019-08-26 02:54:35 [WARN] request error (0x100000006): https://pan.baidu.com/api/quota 
2019-08-26 02:54:55 [WARN] request error (0x100000006): https://pan.baidu.com/api/quota 
2019-08-26 02:55:15 [WARN] request error (0x100000006): https://pan.baidu.com/api/quota 
2019-08-26 02:55:35 [WARN] request error (0x100000006): https://pan.baidu.com/api/quota 
2019-08-26 02:55:55 [WARN] request error (0x100000006): https://pan.baidu.com/api/quota 
2019-08-26 02:56:15 [WARN] request error (0x100000006): https://pan.baidu.com/api/quota 
2019-08-26 02:56:35 [WARN] request error (0x100000006): https://pan.baidu.com/api/quota 
2019-08-26 02:56:55 [WARN] request error (0x100000006): https://pan.baidu.com/api/quota 
2019-08-26 02:57:15 [WARN] request error (0x100000006): https://pan.baidu.com/api/quota 
2019-08-26 02:57:35 [WARN] request error (0x100000006): https://pan.baidu.com/api/quota 
2019-08-26 02:57:55 [WARN] request error (0x100000006): https://pan.baidu.com/api/quota 
2019-08-26 02:58:15 [WARN] request error (0x100000006): https://pan.baidu.com/api/quota 
2019-08-26 02:58:35 [WARN] request error (0x100000006): https://pan.baidu.com/api/quota 
2019-08-26 02:58:55 [WARN] request error (0x100000006): https://pan.baidu.com/api/quota 
2019-08-26 02:59:15 [WARN] request error (0x100000006): https://pan.baidu.com/api/quota 
2019-08-26 02:59:35 [WARN] request error (0x100000006): https://pan.baidu.com/api/quota 
2019-08-26 02:59:55 [WARN] request error (0x100000006): https://pan.baidu.com/api/quota 
2019-08-26 03:00:15 [WARN] request error (0x100000006): https://pan.baidu.com/api/quota 
2019-08-26 03:00:35 [WARN] request error (0x100000006): https://pan.baidu.com/api/quota 
2019-08-26 03:00:55 [WARN] request error (0x100000006): https://pan.baidu.com/api/quota 
2019-08-26 03:01:15 [WARN] request error (0x100000006): https://pan.baidu.com/api/quota 
2019-08-26 03:01:35 [WARN] request error (0x100000006): https://pan.baidu.com/api/quota 
2019-08-26 03:01:55 [WARN] request error (0x100000006): https://pan.baidu.com/api/quota 
2019-08-26 03:02:15 [WARN] request error (0x100000006): https://pan.baidu.com/api/quota 
2019-08-26 03:02:35 [WARN] request error (0x100000006): https://pan.baidu.com/api/quota 
2019-08-26 03:02:55 [WARN] request error (0x100000006): https://pan.baidu.com/api/quota 
2019-08-26 03:03:15 [WARN] request error (0x100000006): https://pan.baidu.com/api/quota 
2019-08-26 03:03:35 [WARN] request error (0x100000006): https://pan.baidu.com/api/quota 
2019-08-26 03:03:55 [WARN] request error (0x100000006): https://pan.baidu.com/api/quota 
2019-08-26 03:04:15 [WARN] request error (0x100000006): https://pan.baidu.com/api/quota 
2019-08-26 03:04:35 [WARN] request error (0x100000006): https://pan.baidu.com/api/quota 
2019-08-26 03:04:55 [WARN] request error (0x100000006): https://pan.baidu.com/api/quota 
2019-08-26 03:05:15 [WARN] request error (0x100000006): https://pan.baidu.com/api/quota 
2019-08-26 03:05:35 [WARN] request error (0x100000006): https://pan.baidu.com/api/quota 
2019-08-26 03:05:55 [WARN] request error (0x100000006): https://pan.baidu.com/api/quota 
2019-08-26 03:06:15 [WARN] request error (0x100000006): https://pan.baidu.com/api/quota 
2019-08-26 03:06:35 [WARN] request error (0x100000006): https://pan.baidu.com/api/quota 
2019-08-26 03:06:55 [WARN] request error (0x100000006): https://pan.baidu.com/api/quota 
2019-08-26 03:07:15 [WARN] request error (0x100000006): https://pan.baidu.com/api/quota 
2019-08-26 03:07:35 [WARN] request error (0x100000006): https://pan.baidu.com/api/quota 
2019-08-26 03:07:55 [WARN] request error (0x100000006): https://pan.baidu.com/api/quota 
2019-08-26 03:08:15 [WARN] request error (0x100000006): https://pan.baidu.com/api/quota 
2019-08-26 03:08:35 [WARN] request error (0x100000006): https://pan.baidu.com/api/quota 
2019-08-26 03:08:55 [WARN] request error (0x100000006): https://pan.baidu.com/api/quota 
2019-08-26 03:09:15 [WARN] request error (0x100000006): https://pan.baidu.com/api/quota 
2019-08-26 03:09:35 [WARN] request error (0x100000006): https://pan.baidu.com/api/quota 
2019-08-26 03:09:55 [WARN] request error (0x100000006): https://pan.baidu.com/api/quota 
2019-08-26 03:10:15 [WARN] request error (0x100000006): https://pan.baidu.com/api/quota 
2019-08-26 03:10:35 [WARN] request error (0x100000006): https://pan.baidu.com/api/quota 
2019-08-26 03:10:55 [WARN] request error (0x100000006): https://pan.baidu.com/api/quota 
2019-08-26 03:11:15 [WARN] request error (0x100000006): https://pan.baidu.com/api/quota 
2019-08-26 03:11:35 [WARN] request error (0x100000006): https://pan.baidu.com/api/quota 
2019-08-26 03:11:55 [WARN] request error (0x100000006): https://pan.baidu.com/api/quota 
2019-08-26 03:12:15 [WARN] request error (0x100000006): https://pan.baidu.com/api/quota 
2019-08-26 03:12:35 [WARN] request error (0x100000006): https://pan.baidu.com/api/quota 
2019-08-26 03:12:55 [WARN] request error (0x100000006): https://pan.baidu.com/api/quota 
2019-08-26 03:13:15 [WARN] request error (0x100000006): https://pan.baidu.com/api/quota 
2019-08-26 03:13:35 [WARN] request error (0x100000006): https://pan.baidu.com/api/quota 
2019-08-26 03:13:55 [WARN] request error (0x100000006): https://pan.baidu.com/api/quota 
2019-08-26 03:14:15 [WARN] request error (0x100000006): https://pan.baidu.com/api/quota 
2019-08-26 03:14:35 [WARN] request error (0x100000006): https://pan.baidu.com/api/quota 
2019-08-26 03:14:55 [WARN] request error (0x100000006): https://pan.baidu.com/api/quota 
2019-08-26 03:15:15 [WARN] request error (0x100000006): https://pan.baidu.com/api/quota 
2019-08-26 03:15:35 [WARN] request error (0x100000006): https://pan.baidu.com/api/quota 
2019-08-26 03:15:55 [WARN] request error (0x100000006): https://pan.baidu.com/api/quota 
2019-08-26 03:16:15 [WARN] request error (0x100000006): https://pan.baidu.com/api/quota 
2019-08-26 03:16:35 [WARN] request error (0x100000006): https://pan.baidu.com/api/quota 
2019-08-26 03:16:55 [WARN] request error (0x100000006): https://pan.baidu.com/api/quota 
2019-08-26 03:17:15 [WARN] request error (0x100000006): https://pan.baidu.com/api/quota 
2019-08-26 03:17:35 [WARN] request error (0x100000006): https://pan.baidu.com/api/quota 
2019-08-26 03:17:55 [WARN] request error (0x100000006): https://pan.baidu.com/api/quota 
2019-08-26 03:18:15 [WARN] request error (0x100000006): https://pan.baidu.com/api/quota 
2019-08-26 03:18:35 [WARN] request error (0x100000006): https://pan.baidu.com/api/quota 
2019-08-26 03:18:55 [WARN] request error (0x100000006): https://pan.baidu.com/api/quota 
2019-08-26 03:19:15 [WARN] request error (0x100000006): https://pan.baidu.com/api/quota 
2019-08-26 03:19:35 [WARN] request error (0x100000006): https://pan.baidu.com/api/quota 
2019-08-26 03:19:55 [WARN] request error (0x100000006): https://pan.baidu.com/api/quota 
2019-08-26 03:20:15 [WARN] request error (0x100000006): https://pan.baidu.com/api/quota 
2019-08-26 03:20:35 [WARN] request error (0x100000006): https://pan.baidu.com/api/quota 
2019-08-26 03:20:55 [WARN] request error (0x100000006): https://pan.baidu.com/api/quota 
2019-08-26 03:21:15 [WARN] request error (0x100000006): https://pan.baidu.com/api/quota 
2019-08-26 03:21:35 [WARN] request error (0x100000006): https://pan.baidu.com/api/quota 
2019-08-26 03:21:55 [WARN] request error (0x100000006): https://pan.baidu.com/api/quota 
2019-08-26 03:22:15 [WARN] request error (0x100000006): https://pan.baidu.com/api/quota 
2019-08-26 03:22:35 [WARN] request error (0x100000006): https://pan.baidu.com/api/quota 
2019-08-26 03:22:55 [WARN] request error (0x100000006): https://pan.baidu.com/api/quota 
2019-08-26 03:23:16 [WARN] request error (0x100000006): https://pan.baidu.com/api/quota 
2019-08-26 03:23:36 [WARN] request error (0x100000006): https://pan.baidu.com/api/quota 
2019-08-26 03:23:56 [WARN] request error (0x100000006): https://pan.baidu.com/api/quota 
2019-08-26 03:24:16 [WARN] request error (0x100000006): https://pan.baidu.com/api/quota 
2019-08-26 03:24:36 [WARN] request error (0x100000006): https://pan.baidu.com/api/quota 
2019-08-26 03:24:56 [WARN] request error (0x100000006): https://pan.baidu.com/api/quota 
2019-08-26 03:25:16 [WARN] request error (0x100000006): https://pan.baidu.com/api/quota 
2019-08-26 03:25:36 [WARN] request error (0x100000006): https://pan.baidu.com/api/quota 
2019-08-26 03:25:56 [WARN] request error (0x100000006): https://pan.baidu.com/api/quota 
2019-08-26 03:26:16 [WARN] request error (0x100000006): https://pan.baidu.com/api/quota 
2019-08-26 03:26:36 [WARN] request error (0x100000006): https://pan.baidu.com/api/quota 
2019-08-26 03:26:56 [WARN] request error (0x100000006): https://pan.baidu.com/api/quota 
2019-08-26 03:27:16 [WARN] request error (0x100000006): https://pan.baidu.com/api/quota 
2019-08-26 03:27:36 [WARN] request error (0x100000006): https://pan.baidu.com/api/quota 
2019-08-26 03:27:56 [WARN] request error (0x100000006): https://pan.baidu.com/api/quota 
2019-08-26 03:28:16 [WARN] request error (0x100000006): https://pan.baidu.com/api/quota 
2019-08-26 03:28:36 [WARN] request error (0x100000006): https://pan.baidu.com/api/quota 
2019-08-26 03:28:56 [WARN] request error (0x100000006): https://pan.baidu.com/api/quota 
2019-08-26 03:29:16 [WARN] request error (0x100000006): https://pan.baidu.com/api/quota 
2019-08-26 03:29:36 [WARN] request error (0x100000006): https://pan.baidu.com/api/quota 
2019-08-26 03:29:56 [WARN] request error (0x100000006): https://pan.baidu.com/api/quota 
2019-08-26 03:30:16 [WARN] request error (0x100000006): https://pan.baidu.com/api/quota 
2019-08-26 03:30:36 [WARN] request error (0x100000006): https://pan.baidu.com/api/quota 
2019-08-26 03:30:56 [WARN] request error (0x100000006): https://pan.baidu.com/api/quota 
2019-08-26 03:31:16 [WARN] request error (0x100000006): https://pan.baidu.com/api/quota 
2019-08-26 03:31:36 [WARN] request error (0x100000006): https://pan.baidu.com/api/quota 
2019-08-26 03:31:56 [WARN] request error (0x100000006): https://pan.baidu.com/api/quota 
2019-08-26 03:32:16 [WARN] request error (0x100000006): https://pan.baidu.com/api/quota 
2019-08-26 03:32:36 [WARN] request error (0x100000006): https://pan.baidu.com/api/quota 
2019-08-26 03:32:56 [WARN] request error (0x100000006): https://pan.baidu.com/api/quota 
2019-08-26 03:33:16 [WARN] request error (0x100000006): https://pan.baidu.com/api/quota 
2019-08-26 03:33:36 [WARN] request error (0x100000006): https://pan.baidu.com/api/quota 
2019-08-26 03:33:56 [WARN] request error (0x100000006): https://pan.baidu.com/api/quota 
2019-08-26 03:34:16 [WARN] request error (0x100000006): https://pan.baidu.com/api/quota 
2019-08-26 03:34:36 [WARN] request error (0x100000006): https://pan.baidu.com/api/quota 
2019-08-26 03:34:56 [WARN] request error (0x100000006): https://pan.baidu.com/api/quota 
2019-08-26 03:35:16 [WARN] request error (0x100000006): https://pan.baidu.com/api/quota 
2019-08-26 03:35:36 [WARN] request error (0x100000006): https://pan.baidu.com/api/quota 
2019-08-26 03:35:56 [WARN] request error (0x100000006): https://pan.baidu.com/api/quota 
2019-08-26 03:36:16 [WARN] request error (0x100000006): https://pan.baidu.com/api/quota 
2019-08-26 03:36:36 [WARN] request error (0x100000006): https://pan.baidu.com/api/quota 
2019-08-26 03:36:56 [WARN] request error (0x100000006): https://pan.baidu.com/api/quota 
2019-08-26 03:37:16 [WARN] request error (0x100000006): https://pan.baidu.com/api/quota 
2019-08-26 03:37:36 [WARN] request error (0x100000006): https://pan.baidu.com/api/quota 
2019-08-26 03:37:56 [WARN] request error (0x100000006): https://pan.baidu.com/api/quota 
2019-08-26 03:38:16 [WARN] request error (0x100000006): https://pan.baidu.com/api/quota 
2019-08-26 03:38:36 [WARN] request error (0x100000006): https://pan.baidu.com/api/quota 
2019-08-26 03:38:56 [WARN] request error (0x100000006): https://pan.baidu.com/api/quota 
2019-08-26 03:39:16 [WARN] request error (0x100000006): https://pan.baidu.com/api/quota 
2019-08-26 03:39:36 [WARN] request error (0x100000006): https://pan.baidu.com/api/quota 
2019-08-26 03:39:56 [WARN] request error (0x100000006): https://pan.baidu.com/api/quota 
2019-08-26 03:40:16 [WARN] request error (0x100000006): https://pan.baidu.com/api/quota 
2019-08-26 03:40:36 [WARN] request error (0x100000006): https://pan.baidu.com/api/quota 
2019-08-26 03:40:56 [WARN] request error (0x100000006): https://pan.baidu.com/api/quota 
2019-08-26 03:41:16 [WARN] request error (0x100000006): https://pan.baidu.com/api/quota 
2019-08-26 03:41:36 [WARN] request error (0x100000006): https://pan.baidu.com/api/quota 
2019-08-26 03:41:56 [WARN] request error (0x100000006): https://pan.baidu.com/api/quota 
2019-08-26 03:42:16 [WARN] request error (0x100000006): https://pan.baidu.com/api/quota 
2019-08-26 03:42:36 [WARN] request error (0x100000006): https://pan.baidu.com/api/quota 
2019-08-26 03:42:56 [WARN] request error (0x100000006): https://pan.baidu.com/api/quota 
2019-08-26 03:43:16 [WARN] request error (0x100000006): https://pan.baidu.com/api/quota 
2019-08-26 03:43:36 [WARN] request error (0x100000006): https://pan.baidu.com/api/quota 
2019-08-26 03:43:56 [WARN] request error (0x100000006): https://pan.baidu.com/api/quota 
2019-08-26 03:44:16 [WARN] request error (0x100000006): https://pan.baidu.com/api/quota 
2019-08-26 03:44:36 [WARN] request error (0x100000006): https://pan.baidu.com/api/quota 
2019-08-26 03:44:56 [WARN] request error (0x100000006): https://pan.baidu.com/api/quota 
2019-08-26 03:45:16 [WARN] request error (0x100000006): https://pan.baidu.com/api/quota 
2019-08-26 03:45:36 [WARN] request error (0x100000006): https://pan.baidu.com/api/quota 
2019-08-26 03:45:56 [WARN] request error (0x100000006): https://pan.baidu.com/api/quota 
2019-08-26 03:46:16 [WARN] request error (0x100000006): https://pan.baidu.com/api/quota 
2019-08-26 03:46:36 [WARN] request error (0x100000006): https://pan.baidu.com/api/quota 
2019-08-26 03:46:56 [WARN] request error (0x100000006): https://pan.baidu.com/api/quota 
2019-08-26 03:47:16 [WARN] request error (0x100000006): https://pan.baidu.com/api/quota 
2019-08-26 03:47:36 [WARN] request error (0x100000006): https://pan.baidu.com/api/quota 
2019-08-26 03:47:56 [WARN] request error (0x100000006): https://pan.baidu.com/api/quota 
2019-08-26 03:48:16 [WARN] request error (0x100000006): https://pan.baidu.com/api/quota 
2019-08-26 03:48:36 [WARN] request error (0x100000006): https://pan.baidu.com/api/quota 
2019-08-26 03:48:56 [WARN] request error (0x100000006): https://pan.baidu.com/api/quota 
2019-08-26 03:49:16 [WARN] request error (0x100000006): https://pan.baidu.com/api/quota 
2019-08-26 03:49:36 [WARN] request error (0x100000006): https://pan.baidu.com/api/quota 
2019-08-26 03:49:56 [WARN] request error (0x100000006): https://pan.baidu.com/api/quota 
2019-08-26 03:50:16 [WARN] request error (0x100000006): https://pan.baidu.com/api/quota 
2019-08-26 03:50:36 [WARN] request error (0x100000006): https://pan.baidu.com/api/quota 
2019-08-26 03:50:56 [WARN] request error (0x100000006): https://pan.baidu.com/api/quota 
2019-08-26 03:51:16 [WARN] request error (0x100000006): https://pan.baidu.com/api/quota 
2019-08-26 03:51:36 [WARN] request error (0x100000006): https://pan.baidu.com/api/quota 
2019-08-26 03:51:56 [WARN] request error (0x100000006): https://pan.baidu.com/api/quota 
2019-08-26 03:52:16 [WARN] request error (0x100000006): https://pan.baidu.com/api/quota 
2019-08-26 03:52:36 [WARN] request error (0x100000006): https://pan.baidu.com/api/quota 
2019-08-26 03:52:56 [WARN] request error (0x100000006): https://pan.baidu.com/api/quota 
2019-08-26 03:53:16 [WARN] request error (0x100000006): https://pan.baidu.com/api/quota 
2019-08-26 03:53:36 [WARN] request error (0x100000006): https://pan.baidu.com/api/quota 
2019-08-26 03:53:56 [WARN] request error (0x100000006): https://pan.baidu.com/api/quota 
2019-08-26 03:54:16 [WARN] request error (0x100000006): https://pan.baidu.com/api/quota 
2019-08-26 03:54:36 [WARN] request error (0x100000006): https://pan.baidu.com/api/quota 
2019-08-26 03:54:57 [WARN] request error (0x100000006): https://pan.baidu.com/api/quota 
2019-08-26 03:55:17 [WARN] request error (0x100000006): https://pan.baidu.com/api/quota 
2019-08-26 03:55:37 [WARN] request error (0x100000006): https://pan.baidu.com/api/quota 
2019-08-26 03:55:57 [WARN] request error (0x100000006): https://pan.baidu.com/api/quota 
2019-08-26 03:56:17 [WARN] request error (0x100000006): https://pan.baidu.com/api/quota 
2019-08-26 03:56:37 [WARN] request error (0x100000006): https://pan.baidu.com/api/quota 
2019-08-26 03:56:57 [WARN] request error (0x100000006): https://pan.baidu.com/api/quota 
2019-08-26 03:57:17 [WARN] request error (0x100000006): https://pan.baidu.com/api/quota 
2019-08-26 03:57:37 [WARN] request error (0x100000006): https://pan.baidu.com/api/quota 
2019-08-26 03:57:57 [WARN] request error (0x100000006): https://pan.baidu.com/api/quota 
2019-08-26 03:58:17 [WARN] request error (0x100000006): https://pan.baidu.com/api/quota 
2019-08-26 03:58:37 [WARN] request error (0x100000006): https://pan.baidu.com/api/quota 
2019-08-26 03:58:57 [WARN] request error (0x100000006): https://pan.baidu.com/api/quota 
2019-08-26 03:59:17 [WARN] request error (0x100000006): https://pan.baidu.com/api/quota 
2019-08-26 03:59:37 [WARN] request error (0x100000006): https://pan.baidu.com/api/quota 
2019-08-26 03:59:57 [WARN] request error (0x100000006): https://pan.baidu.com/api/quota 
2019-08-26 04:00:17 [WARN] request error (0x100000006): https://pan.baidu.com/api/quota 
2019-08-26 04:00:37 [WARN] request error (0x100000006): https://pan.baidu.com/api/quota 
2019-08-26 04:00:57 [WARN] request error (0x100000006): https://pan.baidu.com/api/quota 
2019-08-26 04:01:17 [WARN] request error (0x100000006): https://pan.baidu.com/api/quota 
2019-08-26 04:01:37 [WARN] request error (0x100000006): https://pan.baidu.com/api/quota 
2019-08-26 04:01:57 [WARN] request error (0x100000006): https://pan.baidu.com/api/quota 
2019-08-26 04:02:17 [WARN] request error (0x100000006): https://pan.baidu.com/api/quota 
2019-08-26 04:02:37 [WARN] request error (0x100000006): https://pan.baidu.com/api/quota 
2019-08-26 04:02:57 [WARN] request error (0x100000006): https://pan.baidu.com/api/quota 
2019-08-26 04:03:17 [WARN] request error (0x100000006): https://pan.baidu.com/api/quota 
2019-08-26 04:03:37 [WARN] request error (0x100000006): https://pan.baidu.com/api/quota 
2019-08-26 04:03:57 [WARN] request error (0x100000006): https://pan.baidu.com/api/quota 
2019-08-26 04:04:17 [WARN] request error (0x100000006): https://pan.baidu.com/api/quota 
2019-08-26 04:04:37 [WARN] request error (0x100000006): https://pan.baidu.com/api/quota 
2019-08-26 04:04:57 [WARN] request error (0x100000006): https://pan.baidu.com/api/quota 
2019-08-26 04:05:17 [WARN] request error (0x100000006): https://pan.baidu.com/api/quota 
2019-08-26 04:05:37 [WARN] request error (0x100000006): https://pan.baidu.com/api/quota 
2019-08-26 04:05:57 [WARN] request error (0x100000006): https://pan.baidu.com/api/quota 
2019-08-26 04:06:17 [WARN] request error (0x100000006): https://pan.baidu.com/api/quota 
2019-08-26 04:06:37 [WARN] request error (0x100000006): https://pan.baidu.com/api/quota 
2019-08-26 04:06:57 [WARN] request error (0x100000006): https://pan.baidu.com/api/quota 
2019-08-26 04:07:17 [WARN] request error (0x100000006): https://pan.baidu.com/api/quota 
2019-08-26 04:07:37 [WARN] request error (0x100000006): https://pan.baidu.com/api/quota 
2019-08-26 04:07:57 [WARN] request error (0x100000006): https://pan.baidu.com/api/quota 
2019-08-26 04:08:17 [WARN] request error (0x100000006): https://pan.baidu.com/api/quota 
2019-08-26 04:08:37 [WARN] request error (0x100000006): https://pan.baidu.com/api/quota 
2019-08-26 04:08:57 [WARN] request error (0x100000006): https://pan.baidu.com/api/quota 
2019-08-26 04:09:17 [WARN] request error (0x100000006): https://pan.baidu.com/api/quota 
2019-08-26 04:09:37 [WARN] request error (0x100000006): https://pan.baidu.com/api/quota 
2019-08-26 04:09:57 [WARN] request error (0x100000006): https://pan.baidu.com/api/quota 
2019-08-26 04:10:17 [WARN] request error (0x100000006): https://pan.baidu.com/api/quota 
2019-08-26 04:10:37 [WARN] request error (0x100000006): https://pan.baidu.com/api/quota 
2019-08-26 04:10:57 [WARN] request error (0x100000006): https://pan.baidu.com/api/quota 
2019-08-26 04:11:17 [WARN] request error (0x100000006): https://pan.baidu.com/api/quota 
2019-08-26 04:11:37 [WARN] request error (0x100000006): https://pan.baidu.com/api/quota 
2019-08-26 04:11:57 [WARN] request error (0x100000006): https://pan.baidu.com/api/quota 
2019-08-26 04:12:17 [WARN] request error (0x100000006): https://pan.baidu.com/api/quota 
2019-08-26 04:12:37 [WARN] request error (0x100000006): https://pan.baidu.com/api/quota 
2019-08-26 04:12:57 [WARN] request error (0x100000006): https://pan.baidu.com/api/quota 
2019-08-26 04:13:17 [WARN] request error (0x100000006): https://pan.baidu.com/api/quota 
2019-08-26 04:13:37 [WARN] request error (0x100000006): https://pan.baidu.com/api/quota 
2019-08-26 04:13:57 [WARN] request error (0x100000006): https://pan.baidu.com/api/quota 
2019-08-26 04:14:17 [WARN] request error (0x100000006): https://pan.baidu.com/api/quota 
2019-08-26 04:14:37 [WARN] request error (0x100000006): https://pan.baidu.com/api/quota 
2019-08-26 04:14:57 [WARN] request error (0x100000006): https://pan.baidu.com/api/quota 
2019-08-26 04:15:17 [WARN] request error (0x100000006): https://pan.baidu.com/api/quota 
2019-08-26 04:15:37 [WARN] request error (0x100000006): https://pan.baidu.com/api/quota 
2019-08-26 04:15:57 [WARN] request error (0x100000006): https://pan.baidu.com/api/quota 
2019-08-26 04:16:17 [WARN] request error (0x100000006): https://pan.baidu.com/api/quota 
2019-08-26 04:16:37 [WARN] request error (0x100000006): https://pan.baidu.com/api/quota 
2019-08-26 04:16:57 [WARN] request error (0x100000006): https://pan.baidu.com/api/quota 
2019-08-26 08:25:07 [WARN] request error (0x200000001): https://pan.baidu.com/api/quota {"errno":1,"request_id":5504835653612700652}
2019-08-26 09:07:19 [WARN] request error (0x200000001): https://pan.baidu.com/api/quota {"errno":1,"request_id":5505515251111619885}
2019-08-26 12:23:58 [WARN] request error (0x200000001): https://pan.baidu.com/api/quota {"errno":1,"request_id":5508682569652291823}
2019-08-26 19:38:44 [WARN] request error (0x200000001): https://pan.baidu.com/api/quota {"errno":1,"request_id":5515683147303845007}
2019-08-26 23:44:12 [WARN] request error (0x200000001): https://pan.baidu.com/api/quota {"errno":1,"request_id":5519636593091750758}
2019-08-27 00:00:55 [WARN] request error (0x100000006): https://pan.baidu.com/api/quota 
2019-08-27 01:58:16 [WARN] request error (0x200000001): https://pan.baidu.com/api/quota {"errno":1,"request_id":5521797901965420210}
2019-08-27 02:49:53 [WARN] request error (0x200000001): https://pan.baidu.com/api/quota {"errno":1,"request_id":5522627393791745482}
2019-08-27 09:22:36 [WARN] request error (0x200000001): https://pan.baidu.com/api/quota {"errno":1,"request_id":5528952681037814050}
2019-08-27 09:53:59 [WARN] request error (0x200000001): https://pan.baidu.com/api/quota {"errno":1,"request_id":5529457967551376703}
2019-08-27 14:33:55 [WARN] request error (0x200000001): https://pan.baidu.com/api/quota {"errno":1,"request_id":5533966836769919312}
2019-08-27 15:48:24 [WARN] request error (0x100000023): https://pan.baidu.com/api/quota 
